<?xml version="1.0" encoding="UTF-8"?>
<testsuites name="successful_login_and_errors" time="225.491" tests="4" failures="1" errors="0">
   <testsuite name="successful_login_and_errors" tests="4" failures="1" errors="0" time="225.491" skipped="0" timestamp="08-02-2024T13:32:07" hostname="Devil - LAPTOP-V2P5S4MK.mshome.net" id="Test Suites/successful_login_and_errors/successful_login_and_errors">
      <properties>
         <property name="deviceName" value=""/>
         <property name="devicePlatform" value=""/>
         <property name="logFolder" value="C:\\Users\\Devil\\git\\SI-GuidedProject-705690-1704903143\\Reports\\20240208_131749\\successful_login_and_errors\\successful_login_and_errors\\20240208_131758"/>
         <property name="logFiles" value="C:\\Users\\Devil\\git\\SI-GuidedProject-705690-1704903143\\Reports\\20240208_131749\\successful_login_and_errors\\successful_login_and_errors\\20240208_131758\\execution0.log"/>
         <property name="attachments" value="C:\\Users\\Devil\\git\\SI-GuidedProject-705690-1704903143\\Reports\\20240208_131749\\successful_login_and_errors\\successful_login_and_errors\\20240208_131758\\1707379388707.png, C:\\Users\\Devil\\git\\SI-GuidedProject-705690-1704903143\\Reports\\20240208_131749\\successful_login_and_errors\\successful_login_and_errors\\20240208_131758\\1707379399777.png, C:\\Users\\Devil\\git\\SI-GuidedProject-705690-1704903143\\Reports\\20240208_131749\\successful_login_and_errors\\successful_login_and_errors\\20240208_131758\\1707379412576.png, C:\\Users\\Devil\\git\\SI-GuidedProject-705690-1704903143\\Reports\\20240208_131749\\successful_login_and_errors\\successful_login_and_errors\\20240208_131758\\1707379424189.png"/>
         <property name="hostName" value="Devil - LAPTOP-V2P5S4MK.mshome.net"/>
         <property name="os" value="Windows 10 64bit"/>
         <property name="katalonVersion" value="9.2.0.212"/>
         <property name="browser" value="Chrome 121.0.0.0"/>
         <property name="hostAddress" value="192.168.137.1"/>
         <property name="sessionId" value="c708749c064f4c63415a8ce737988109"/>
         <property name="seleniumVersion" value="3.141.59"/>
         <property name="proxyInformation" value="ProxyInformation { proxyOption=NO_PROXY, proxyServerType=HTTP, username=, password=********, proxyServerAddress=, proxyServerPort=0, executionList=&quot;&quot;, isApplyToDesiredCapabilities=true }"/>
         <property name="platform" value="Windows 10"/>
      </properties>
      <testcase name="Test Cases/login/login_invalid001" time="11.533" classname="Test Cases/login/login_invalid001" status="FAILED">
         <failure type="FAILED" message="Test Cases/login/login_invalid001 FAILED.&#xa;Reason:&#xa;com.kms.katalon.core.exception.StepFailedException: Unable to click on object 'Object Repository/login/login_invalid001/Page_Online Shopping site in India Shop Onl_10c5f3/span_Sign in'&#xa;	at com.kms.katalon.core.webui.keyword.internal.WebUIKeywordMain.stepFailed(WebUIKeywordMain.groovy:64)&#xa;	at com.kms.katalon.core.webui.keyword.internal.WebUIKeywordMain.runKeyword(WebUIKeywordMain.groovy:26)&#xa;	at com.kms.katalon.core.webui.keyword.builtin.ClickKeyword.click(ClickKeyword.groovy:74)&#xa;	at com.kms.katalon.core.webui.keyword.builtin.ClickKeyword.execute(ClickKeyword.groovy:40)&#xa;	at com.kms.katalon.core.keyword.internal.KeywordExecutor.executeKeywordForPlatform(KeywordExecutor.groovy:74)&#xa;	at com.kms.katalon.core.webui.keyword.WebUiBuiltInKeywords.click(WebUiBuiltInKeywords.groovy:659)&#xa;	at login_invalid001.run(login_invalid001:24)&#xa;	at com.kms.katalon.core.main.ScriptEngine.run(ScriptEngine.java:194)&#xa;	at com.kms.katalon.core.main.ScriptEngine.runScriptAsRawText(ScriptEngine.java:119)&#xa;	at com.kms.katalon.core.main.TestCaseExecutor.runScript(TestCaseExecutor.java:448)&#xa;	at com.kms.katalon.core.main.TestCaseExecutor.doExecute(TestCaseExecutor.java:439)&#xa;	at com.kms.katalon.core.main.TestCaseExecutor.processExecutionPhase(TestCaseExecutor.java:418)&#xa;	at com.kms.katalon.core.main.TestCaseExecutor.accessMainPhase(TestCaseExecutor.java:410)&#xa;	at com.kms.katalon.core.main.TestCaseExecutor.execute(TestCaseExecutor.java:285)&#xa;	at com.kms.katalon.core.main.TestCaseExecutor.execute(TestCaseExecutor.java:369)&#xa;	at com.kms.katalon.core.main.TestCaseExecutor.execute(TestCaseExecutor.java:369)&#xa;	at com.kms.katalon.core.main.TestCaseExecutor.execute(TestCaseExecutor.java:369)&#xa;	at com.kms.katalon.core.common.CommonExecutor.accessTestCaseMainPhase(CommonExecutor.java:65)&#xa;	at com.kms.katalon.core.main.TestSuiteExecutor.accessTestSuiteMainPhase(TestSuiteExecutor.java:148)&#xa;	at com.kms.katalon.core.main.TestSuiteExecutor.execute(TestSuiteExecutor.java:106)&#xa;	at com.kms.katalon.core.main.TestCaseMain.startTestSuite(TestCaseMain.java:180)&#xa;	at TempTestSuite1707378478592.run(TempTestSuite1707378478592.groovy:36)&#xa;	at java.base/jdk.internal.reflect.NativeMethodAccessorImpl.invoke0(Native Method)&#xa;	at java.base/jdk.internal.reflect.NativeMethodAccessorImpl.invoke(NativeMethodAccessorImpl.java:77)&#xa;	at java.base/jdk.internal.reflect.DelegatingMethodAccessorImpl.invoke(DelegatingMethodAccessorImpl.java:43)&#xa;Caused by: org.openqa.selenium.ElementNotInteractableException: element not interactable&#xa;  (Session info: chrome=121.0.6167.160)&#xa;Build info: version: '3.141.59', revision: 'e82be7d358', time: '2018-11-14T08:25:53'&#xa;System info: host: 'LAPTOP-V2P5S4MK', ip: '192.168.137.1', os.name: 'Windows 10', os.arch: 'amd64', os.version: '10.0', java.version: '17.0.7'&#xa;Driver info: com.kms.katalon.selenium.driver.CChromeDriver&#xa;Capabilities {acceptInsecureCerts: false, browserName: chrome, browserVersion: 121.0.6167.160, chrome: {chromedriverVersion: 120.0.6099.71 (9729082fe617..., userDataDir: C:\Users\Devil\AppData\Loca...}, fedcm:accounts: true, goog:chromeOptions: {debuggerAddress: localhost:64478}, javascriptEnabled: true, networkConnectionEnabled: false, pageLoadStrategy: normal, platform: WINDOWS, platformName: WINDOWS, proxy: Proxy(), setWindowRect: true, strictFileInteractability: false, timeouts: {implicit: 0, pageLoad: 300000, script: 30000}, unhandledPromptBehavior: dismiss and notify, webauthn:extension:credBlob: true, webauthn:extension:largeBlob: true, webauthn:extension:minPinLength: true, webauthn:extension:prf: true, webauthn:virtualAuthenticators: true}&#xa;Session ID: 1e349fe1f2696542ea1b6c164d873e03&#xa;	at java.base/jdk.internal.reflect.NativeConstructorAccessorImpl.newInstance0(Native Method)&#xa;	at java.base/jdk.internal.reflect.NativeConstructorAccessorImpl.newInstance(NativeConstructorAccessorImpl.java:77)&#xa;	at java.base/jdk.internal.reflect.DelegatingConstructorAccessorImpl.newInstance(DelegatingConstructorAccessorImpl.java:45)&#xa;	at org.openqa.selenium.remote.http.W3CHttpResponseCodec.createException(W3CHttpResponseCodec.java:187)&#xa;	at org.openqa.selenium.remote.http.W3CHttpResponseCodec.decode(W3CHttpResponseCodec.java:122)&#xa;	at org.openqa.selenium.remote.http.W3CHttpResponseCodec.decode(W3CHttpResponseCodec.java:49)&#xa;	at org.openqa.selenium.remote.HttpCommandExecutor.execute(HttpCommandExecutor.java:158)&#xa;	at org.openqa.selenium.remote.service.DriverCommandExecutor.execute(DriverCommandExecutor.java:83)&#xa;	at org.openqa.selenium.remote.RemoteWebDriver.execute(RemoteWebDriver.java:552)&#xa;	at com.kms.katalon.selenium.driver.CChromeDriver.execute(CChromeDriver.java:19)&#xa;	at org.openqa.selenium.remote.RemoteWebElement.execute(RemoteWebElement.java:285)&#xa;	at org.openqa.selenium.remote.RemoteWebElement.click(RemoteWebElement.java:84)&#xa;	at java.base/jdk.internal.reflect.NativeMethodAccessorImpl.invoke0(Native Method)&#xa;	at java.base/jdk.internal.reflect.NativeMethodAccessorImpl.invoke(NativeMethodAccessorImpl.java:77)&#xa;	at java.base/jdk.internal.reflect.DelegatingMethodAccessorImpl.invoke(DelegatingMethodAccessorImpl.java:43)&#xa;	at org.openqa.selenium.support.events.EventFiringWebDriver$EventFiringWebElement.lambda$new$0(EventFiringWebDriver.java:404)&#xa;	at jdk.proxy2/jdk.proxy2.$Proxy27.click(Unknown Source)&#xa;	at org.openqa.selenium.support.events.EventFiringWebDriver$EventFiringWebElement.click(EventFiringWebDriver.java:417)&#xa;	at org.openqa.selenium.WebElement$click.call(Unknown Source)&#xa;	at com.kms.katalon.core.webui.keyword.builtin.ClickKeyword.clickUntilSuccessWithTimeout(ClickKeyword.groovy:81)&#xa;	at com.kms.katalon.core.webui.keyword.builtin.ClickKeyword.clickUntilSuccessWithTimeout(ClickKeyword.groovy)&#xa;	at java.base/jdk.internal.reflect.NativeMethodAccessorImpl.invoke0(Native Method)&#xa;	at java.base/jdk.internal.reflect.NativeMethodAccessorImpl.invoke(NativeMethodAccessorImpl.java:77)&#xa;	at java.base/jdk.internal.reflect.DelegatingMethodAccessorImpl.invoke(DelegatingMethodAccessorImpl.java:43)&#xa;	at com.kms.katalon.core.webui.keyword.builtin.ClickKeyword$_click_closure1.doCall(ClickKeyword.groovy:67)&#xa;	at com.kms.katalon.core.webui.keyword.builtin.ClickKeyword$_click_closure1.call(ClickKeyword.groovy)&#xa;	at com.kms.katalon.core.webui.keyword.internal.WebUIKeywordMain.runKeyword(WebUIKeywordMain.groovy:20)&#xa;	... 23 more&#xa;"/>
         <system-out><![CDATA[08-02-2024T13:33:33 - [TEST_CASE][FAILED] - Test Cases/login/login_invalid001: Test Cases/login/login_invalid001 FAILED.
Reason:
com.kms.katalon.core.exception.StepFailedException: Unable to click on object 'Object Repository/login/login_invalid001/Page_Online Shopping site in India Shop Onl_10c5f3/span_Sign in'
	at com.kms.katalon.core.webui.keyword.internal.WebUIKeywordMain.stepFailed(WebUIKeywordMain.groovy:64)
	at com.kms.katalon.core.webui.keyword.internal.WebUIKeywordMain.runKeyword(WebUIKeywordMain.groovy:26)
	at com.kms.katalon.core.webui.keyword.builtin.ClickKeyword.click(ClickKeyword.groovy:74)
	at com.kms.katalon.core.webui.keyword.builtin.ClickKeyword.execute(ClickKeyword.groovy:40)
	at com.kms.katalon.core.keyword.internal.KeywordExecutor.executeKeywordForPlatform(KeywordExecutor.groovy:74)
	at com.kms.katalon.core.webui.keyword.WebUiBuiltInKeywords.click(WebUiBuiltInKeywords.groovy:659)
	at login_invalid001.run(login_invalid001:24)
	at com.kms.katalon.core.main.ScriptEngine.run(ScriptEngine.java:194)
	at com.kms.katalon.core.main.ScriptEngine.runScriptAsRawText(ScriptEngine.java:119)
	at com.kms.katalon.core.main.TestCaseExecutor.runScript(TestCaseExecutor.java:448)
	at com.kms.katalon.core.main.TestCaseExecutor.doExecute(TestCaseExecutor.java:439)
	at com.kms.katalon.core.main.TestCaseExecutor.processExecutionPhase(TestCaseExecutor.java:418)
	at com.kms.katalon.core.main.TestCaseExecutor.accessMainPhase(TestCaseExecutor.java:410)
	at com.kms.katalon.core.main.TestCaseExecutor.execute(TestCaseExecutor.java:285)
	at com.kms.katalon.core.main.TestCaseExecutor.execute(TestCaseExecutor.java:369)
	at com.kms.katalon.core.main.TestCaseExecutor.execute(TestCaseExecutor.java:369)
	at com.kms.katalon.core.main.TestCaseExecutor.execute(TestCaseExecutor.java:369)
	at com.kms.katalon.core.common.CommonExecutor.accessTestCaseMainPhase(CommonExecutor.java:65)
	at com.kms.katalon.core.main.TestSuiteExecutor.accessTestSuiteMainPhase(TestSuiteExecutor.java:148)
	at com.kms.katalon.core.main.TestSuiteExecutor.execute(TestSuiteExecutor.java:106)
	at com.kms.katalon.core.main.TestCaseMain.startTestSuite(TestCaseMain.java:180)
	at TempTestSuite1707378478592.run(TempTestSuite1707378478592.groovy:36)
	at java.base/jdk.internal.reflect.NativeMethodAccessorImpl.invoke0(Native Method)
	at java.base/jdk.internal.reflect.NativeMethodAccessorImpl.invoke(NativeMethodAccessorImpl.java:77)
	at java.base/jdk.internal.reflect.DelegatingMethodAccessorImpl.invoke(DelegatingMethodAccessorImpl.java:43)
Caused by: org.openqa.selenium.ElementNotInteractableException: element not interactable
  (Session info: chrome=121.0.6167.160)
Build info: version: '3.141.59', revision: 'e82be7d358', time: '2018-11-14T08:25:53'
System info: host: 'LAPTOP-V2P5S4MK', ip: '192.168.137.1', os.name: 'Windows 10', os.arch: 'amd64', os.version: '10.0', java.version: '17.0.7'
Driver info: com.kms.katalon.selenium.driver.CChromeDriver
Capabilities {acceptInsecureCerts: false, browserName: chrome, browserVersion: 121.0.6167.160, chrome: {chromedriverVersion: 120.0.6099.71 (9729082fe617..., userDataDir: C:\Users\Devil\AppData\Loca...}, fedcm:accounts: true, goog:chromeOptions: {debuggerAddress: localhost:64478}, javascriptEnabled: true, networkConnectionEnabled: false, pageLoadStrategy: normal, platform: WINDOWS, platformName: WINDOWS, proxy: Proxy(), setWindowRect: true, strictFileInteractability: false, timeouts: {implicit: 0, pageLoad: 300000, script: 30000}, unhandledPromptBehavior: dismiss and notify, webauthn:extension:credBlob: true, webauthn:extension:largeBlob: true, webauthn:extension:minPinLength: true, webauthn:extension:prf: true, webauthn:virtualAuthenticators: true}
Session ID: 1e349fe1f2696542ea1b6c164d873e03
	at java.base/jdk.internal.reflect.NativeConstructorAccessorImpl.newInstance0(Native Method)
	at java.base/jdk.internal.reflect.NativeConstructorAccessorImpl.newInstance(NativeConstructorAccessorImpl.java:77)
	at java.base/jdk.internal.reflect.DelegatingConstructorAccessorImpl.newInstance(DelegatingConstructorAccessorImpl.java:45)
	at org.openqa.selenium.remote.http.W3CHttpResponseCodec.createException(W3CHttpResponseCodec.java:187)
	at org.openqa.selenium.remote.http.W3CHttpResponseCodec.decode(W3CHttpResponseCodec.java:122)
	at org.openqa.selenium.remote.http.W3CHttpResponseCodec.decode(W3CHttpResponseCodec.java:49)
	at org.openqa.selenium.remote.HttpCommandExecutor.execute(HttpCommandExecutor.java:158)
	at org.openqa.selenium.remote.service.DriverCommandExecutor.execute(DriverCommandExecutor.java:83)
	at org.openqa.selenium.remote.RemoteWebDriver.execute(RemoteWebDriver.java:552)
	at com.kms.katalon.selenium.driver.CChromeDriver.execute(CChromeDriver.java:19)
	at org.openqa.selenium.remote.RemoteWebElement.execute(RemoteWebElement.java:285)
	at org.openqa.selenium.remote.RemoteWebElement.click(RemoteWebElement.java:84)
	at java.base/jdk.internal.reflect.NativeMethodAccessorImpl.invoke0(Native Method)
	at java.base/jdk.internal.reflect.NativeMethodAccessorImpl.invoke(NativeMethodAccessorImpl.java:77)
	at java.base/jdk.internal.reflect.DelegatingMethodAccessorImpl.invoke(DelegatingMethodAccessorImpl.java:43)
	at org.openqa.selenium.support.events.EventFiringWebDriver$EventFiringWebElement.lambda$new$0(EventFiringWebDriver.java:404)
	at jdk.proxy2/jdk.proxy2.$Proxy27.click(Unknown Source)
	at org.openqa.selenium.support.events.EventFiringWebDriver$EventFiringWebElement.click(EventFiringWebDriver.java:417)
	at org.openqa.selenium.WebElement$click.call(Unknown Source)
	at com.kms.katalon.core.webui.keyword.builtin.ClickKeyword.clickUntilSuccessWithTimeout(ClickKeyword.groovy:81)
	at com.kms.katalon.core.webui.keyword.builtin.ClickKeyword.clickUntilSuccessWithTimeout(ClickKeyword.groovy)
	at java.base/jdk.internal.reflect.NativeMethodAccessorImpl.invoke0(Native Method)
	at java.base/jdk.internal.reflect.NativeMethodAccessorImpl.invoke(NativeMethodAccessorImpl.java:77)
	at java.base/jdk.internal.reflect.DelegatingMethodAccessorImpl.invoke(DelegatingMethodAccessorImpl.java:43)
	at com.kms.katalon.core.webui.keyword.builtin.ClickKeyword$_click_closure1.doCall(ClickKeyword.groovy:67)
	at com.kms.katalon.core.webui.keyword.builtin.ClickKeyword$_click_closure1.call(ClickKeyword.groovy)
	at com.kms.katalon.core.webui.keyword.internal.WebUIKeywordMain.runKeyword(WebUIKeywordMain.groovy:20)
	... 23 more


08-02-2024T13:33:33 - [TEST_STEP][PASSED] - Start listener action : sampleBeforeTestCase: Navigate to 'https://www.amazon.in/' successfully

08-02-2024T13:33:33 - [TEST_STEP][PASSED] - openBrowser(""): Browser is opened with url: ''

08-02-2024T13:33:33 - [MESSAGE][INFO] - Starting 'Chrome' driver

08-02-2024T13:33:33 - [MESSAGE][INFO] - Action delay is set to 0 milliseconds

08-02-2024T13:33:34 - [MESSAGE][PASSED] - Browser is opened with url: ''

08-02-2024T13:33:34 - [TEST_STEP][PASSED] - navigateToUrl("https://www.amazon.in/"): Navigate to 'https://www.amazon.in/' successfully

08-02-2024T13:33:37 - [MESSAGE][PASSED] - Navigate to 'https://www.amazon.in/' successfully

08-02-2024T13:33:37 - [TEST_STEP][PASSED] - openBrowser(""): Browser is opened with url: ''

08-02-2024T13:33:37 - [MESSAGE][WARNING] - A browser is already opened. Closing browser and opening a new one

08-02-2024T13:33:37 - [MESSAGE][INFO] - Starting 'Chrome' driver

08-02-2024T13:33:37 - [MESSAGE][INFO] - Action delay is set to 0 milliseconds

08-02-2024T13:33:39 - [MESSAGE][PASSED] - Browser is opened with url: ''

08-02-2024T13:33:39 - [TEST_STEP][PASSED] - navigateToUrl("https://www.amazon.in/"): Navigate to 'https://www.amazon.in/' successfully

08-02-2024T13:33:43 - [MESSAGE][PASSED] - Navigate to 'https://www.amazon.in/' successfully

08-02-2024T13:33:43 - [TEST_STEP][FAILED] - click(findTestObject("Object Repository/login/login_invalid001/Page_Online Shopping site in India Shop Onl_10c5f3/span_Sign in")): Unable to click on object 'Object Repository/login/login_invalid001/Page_Online Shopping site in India Shop Onl_10c5f3/span_Sign in' (Root cause: com.kms.katalon.core.exception.StepFailedException: Unable to click on object 'Object Repository/login/login_invalid001/Page_Online Shopping site in India Shop Onl_10c5f3/span_Sign in'
	at com.kms.katalon.core.webui.keyword.internal.WebUIKeywordMain.stepFailed(WebUIKeywordMain.groovy:64)
	at com.kms.katalon.core.webui.keyword.internal.WebUIKeywordMain.runKeyword(WebUIKeywordMain.groovy:26)
	at com.kms.katalon.core.webui.keyword.builtin.ClickKeyword.click(ClickKeyword.groovy:74)
	at com.kms.katalon.core.webui.keyword.builtin.ClickKeyword.execute(ClickKeyword.groovy:40)
	at com.kms.katalon.core.keyword.internal.KeywordExecutor.executeKeywordForPlatform(KeywordExecutor.groovy:74)
	at com.kms.katalon.core.webui.keyword.WebUiBuiltInKeywords.click(WebUiBuiltInKeywords.groovy:659)
	at login_invalid001.run(login_invalid001:24)
	at com.kms.katalon.core.main.ScriptEngine.run(ScriptEngine.java:194)
	at com.kms.katalon.core.main.ScriptEngine.runScriptAsRawText(ScriptEngine.java:119)
	at com.kms.katalon.core.main.TestCaseExecutor.runScript(TestCaseExecutor.java:448)
	at com.kms.katalon.core.main.TestCaseExecutor.doExecute(TestCaseExecutor.java:439)
	at com.kms.katalon.core.main.TestCaseExecutor.processExecutionPhase(TestCaseExecutor.java:418)
	at com.kms.katalon.core.main.TestCaseExecutor.accessMainPhase(TestCaseExecutor.java:410)
	at com.kms.katalon.core.main.TestCaseExecutor.execute(TestCaseExecutor.java:285)
	at com.kms.katalon.core.main.TestCaseExecutor.execute(TestCaseExecutor.java:369)
	at com.kms.katalon.core.main.TestCaseExecutor.execute(TestCaseExecutor.java:369)
	at com.kms.katalon.core.main.TestCaseExecutor.execute(TestCaseExecutor.java:369)
	at com.kms.katalon.core.common.CommonExecutor.accessTestCaseMainPhase(CommonExecutor.java:65)
	at com.kms.katalon.core.main.TestSuiteExecutor.accessTestSuiteMainPhase(TestSuiteExecutor.java:148)
	at com.kms.katalon.core.main.TestSuiteExecutor.execute(TestSuiteExecutor.java:106)
	at com.kms.katalon.core.main.TestCaseMain.startTestSuite(TestCaseMain.java:180)
	at TempTestSuite1707378478592.run(TempTestSuite1707378478592.groovy:36)
	at java.base/jdk.internal.reflect.NativeMethodAccessorImpl.invoke0(Native Method)
	at java.base/jdk.internal.reflect.NativeMethodAccessorImpl.invoke(NativeMethodAccessorImpl.java:77)
	at java.base/jdk.internal.reflect.DelegatingMethodAccessorImpl.invoke(DelegatingMethodAccessorImpl.java:43)
Caused by: org.openqa.selenium.ElementNotInteractableException: element not interactable
  (Session info: chrome=121.0.6167.160)
Build info: version: '3.141.59', revision: 'e82be7d358', time: '2018-11-14T08:25:53'
System info: host: 'LAPTOP-V2P5S4MK', ip: '192.168.137.1', os.name: 'Windows 10', os.arch: 'amd64', os.version: '10.0', java.version: '17.0.7'
Driver info: com.kms.katalon.selenium.driver.CChromeDriver
Capabilities {acceptInsecureCerts: false, browserName: chrome, browserVersion: 121.0.6167.160, chrome: {chromedriverVersion: 120.0.6099.71 (9729082fe617..., userDataDir: C:\Users\Devil\AppData\Loca...}, fedcm:accounts: true, goog:chromeOptions: {debuggerAddress: localhost:64478}, javascriptEnabled: true, networkConnectionEnabled: false, pageLoadStrategy: normal, platform: WINDOWS, platformName: WINDOWS, proxy: Proxy(), setWindowRect: true, strictFileInteractability: false, timeouts: {implicit: 0, pageLoad: 300000, script: 30000}, unhandledPromptBehavior: dismiss and notify, webauthn:extension:credBlob: true, webauthn:extension:largeBlob: true, webauthn:extension:minPinLength: true, webauthn:extension:prf: true, webauthn:virtualAuthenticators: true}
Session ID: 1e349fe1f2696542ea1b6c164d873e03
	at java.base/jdk.internal.reflect.NativeConstructorAccessorImpl.newInstance0(Native Method)
	at java.base/jdk.internal.reflect.NativeConstructorAccessorImpl.newInstance(NativeConstructorAccessorImpl.java:77)
	at java.base/jdk.internal.reflect.DelegatingConstructorAccessorImpl.newInstance(DelegatingConstructorAccessorImpl.java:45)
	at org.openqa.selenium.remote.http.W3CHttpResponseCodec.createException(W3CHttpResponseCodec.java:187)
	at org.openqa.selenium.remote.http.W3CHttpResponseCodec.decode(W3CHttpResponseCodec.java:122)
	at org.openqa.selenium.remote.http.W3CHttpResponseCodec.decode(W3CHttpResponseCodec.java:49)
	at org.openqa.selenium.remote.HttpCommandExecutor.execute(HttpCommandExecutor.java:158)
	at org.openqa.selenium.remote.service.DriverCommandExecutor.execute(DriverCommandExecutor.java:83)
	at org.openqa.selenium.remote.RemoteWebDriver.execute(RemoteWebDriver.java:552)
	at com.kms.katalon.selenium.driver.CChromeDriver.execute(CChromeDriver.java:19)
	at org.openqa.selenium.remote.RemoteWebElement.execute(RemoteWebElement.java:285)
	at org.openqa.selenium.remote.RemoteWebElement.click(RemoteWebElement.java:84)
	at java.base/jdk.internal.reflect.NativeMethodAccessorImpl.invoke0(Native Method)
	at java.base/jdk.internal.reflect.NativeMethodAccessorImpl.invoke(NativeMethodAccessorImpl.java:77)
	at java.base/jdk.internal.reflect.DelegatingMethodAccessorImpl.invoke(DelegatingMethodAccessorImpl.java:43)
	at org.openqa.selenium.support.events.EventFiringWebDriver$EventFiringWebElement.lambda$new$0(EventFiringWebDriver.java:404)
	at jdk.proxy2/jdk.proxy2.$Proxy27.click(Unknown Source)
	at org.openqa.selenium.support.events.EventFiringWebDriver$EventFiringWebElement.click(EventFiringWebDriver.java:417)
	at org.openqa.selenium.WebElement$click.call(Unknown Source)
	at com.kms.katalon.core.webui.keyword.builtin.ClickKeyword.clickUntilSuccessWithTimeout(ClickKeyword.groovy:81)
	at com.kms.katalon.core.webui.keyword.builtin.ClickKeyword.clickUntilSuccessWithTimeout(ClickKeyword.groovy)
	at java.base/jdk.internal.reflect.NativeMethodAccessorImpl.invoke0(Native Method)
	at java.base/jdk.internal.reflect.NativeMethodAccessorImpl.invoke(NativeMethodAccessorImpl.java:77)
	at java.base/jdk.internal.reflect.DelegatingMethodAccessorImpl.invoke(DelegatingMethodAccessorImpl.java:43)
	at com.kms.katalon.core.webui.keyword.builtin.ClickKeyword$_click_closure1.doCall(ClickKeyword.groovy:67)
	at com.kms.katalon.core.webui.keyword.builtin.ClickKeyword$_click_closure1.call(ClickKeyword.groovy)
	at com.kms.katalon.core.webui.keyword.internal.WebUIKeywordMain.runKeyword(WebUIKeywordMain.groovy:20)
	at com.kms.katalon.core.webui.keyword.builtin.ClickKeyword.click(ClickKeyword.groovy:74)
	at com.kms.katalon.core.webui.keyword.builtin.ClickKeyword.execute(ClickKeyword.groovy:40)
	at com.kms.katalon.core.keyword.internal.KeywordExecutor.executeKeywordForPlatform(KeywordExecutor.groovy:74)
	at com.kms.katalon.core.webui.keyword.WebUiBuiltInKeywords.click(WebUiBuiltInKeywords.groovy:659)
	at Script1707223814736.run(Script1707223814736.groovy:24)
	... 18 more
)

08-02-2024T13:33:44 - [MESSAGE][FAILED] - Unable to click on object 'Object Repository/login/login_invalid001/Page_Online Shopping site in India Shop Onl_10c5f3/span_Sign in' (Root cause: com.kms.katalon.core.exception.StepFailedException: Unable to click on object 'Object Repository/login/login_invalid001/Page_Online Shopping site in India Shop Onl_10c5f3/span_Sign in'
	at com.kms.katalon.core.webui.keyword.internal.WebUIKeywordMain.stepFailed(WebUIKeywordMain.groovy:64)
	at com.kms.katalon.core.webui.keyword.internal.WebUIKeywordMain.runKeyword(WebUIKeywordMain.groovy:26)
	at com.kms.katalon.core.webui.keyword.builtin.ClickKeyword.click(ClickKeyword.groovy:74)
	at com.kms.katalon.core.webui.keyword.builtin.ClickKeyword.execute(ClickKeyword.groovy:40)
	at com.kms.katalon.core.keyword.internal.KeywordExecutor.executeKeywordForPlatform(KeywordExecutor.groovy:74)
	at com.kms.katalon.core.webui.keyword.WebUiBuiltInKeywords.click(WebUiBuiltInKeywords.groovy:659)
	at login_invalid001.run(login_invalid001:24)
	at com.kms.katalon.core.main.ScriptEngine.run(ScriptEngine.java:194)
	at com.kms.katalon.core.main.ScriptEngine.runScriptAsRawText(ScriptEngine.java:119)
	at com.kms.katalon.core.main.TestCaseExecutor.runScript(TestCaseExecutor.java:448)
	at com.kms.katalon.core.main.TestCaseExecutor.doExecute(TestCaseExecutor.java:439)
	at com.kms.katalon.core.main.TestCaseExecutor.processExecutionPhase(TestCaseExecutor.java:418)
	at com.kms.katalon.core.main.TestCaseExecutor.accessMainPhase(TestCaseExecutor.java:410)
	at com.kms.katalon.core.main.TestCaseExecutor.execute(TestCaseExecutor.java:285)
	at com.kms.katalon.core.main.TestCaseExecutor.execute(TestCaseExecutor.java:369)
	at com.kms.katalon.core.main.TestCaseExecutor.execute(TestCaseExecutor.java:369)
	at com.kms.katalon.core.main.TestCaseExecutor.execute(TestCaseExecutor.java:369)
	at com.kms.katalon.core.common.CommonExecutor.accessTestCaseMainPhase(CommonExecutor.java:65)
	at com.kms.katalon.core.main.TestSuiteExecutor.accessTestSuiteMainPhase(TestSuiteExecutor.java:148)
	at com.kms.katalon.core.main.TestSuiteExecutor.execute(TestSuiteExecutor.java:106)
	at com.kms.katalon.core.main.TestCaseMain.startTestSuite(TestCaseMain.java:180)
	at TempTestSuite1707378478592.run(TempTestSuite1707378478592.groovy:36)
	at java.base/jdk.internal.reflect.NativeMethodAccessorImpl.invoke0(Native Method)
	at java.base/jdk.internal.reflect.NativeMethodAccessorImpl.invoke(NativeMethodAccessorImpl.java:77)
	at java.base/jdk.internal.reflect.DelegatingMethodAccessorImpl.invoke(DelegatingMethodAccessorImpl.java:43)
Caused by: org.openqa.selenium.ElementNotInteractableException: element not interactable
  (Session info: chrome=121.0.6167.160)
Build info: version: '3.141.59', revision: 'e82be7d358', time: '2018-11-14T08:25:53'
System info: host: 'LAPTOP-V2P5S4MK', ip: '192.168.137.1', os.name: 'Windows 10', os.arch: 'amd64', os.version: '10.0', java.version: '17.0.7'
Driver info: com.kms.katalon.selenium.driver.CChromeDriver
Capabilities {acceptInsecureCerts: false, browserName: chrome, browserVersion: 121.0.6167.160, chrome: {chromedriverVersion: 120.0.6099.71 (9729082fe617..., userDataDir: C:\Users\Devil\AppData\Loca...}, fedcm:accounts: true, goog:chromeOptions: {debuggerAddress: localhost:64478}, javascriptEnabled: true, networkConnectionEnabled: false, pageLoadStrategy: normal, platform: WINDOWS, platformName: WINDOWS, proxy: Proxy(), setWindowRect: true, strictFileInteractability: false, timeouts: {implicit: 0, pageLoad: 300000, script: 30000}, unhandledPromptBehavior: dismiss and notify, webauthn:extension:credBlob: true, webauthn:extension:largeBlob: true, webauthn:extension:minPinLength: true, webauthn:extension:prf: true, webauthn:virtualAuthenticators: true}
Session ID: 1e349fe1f2696542ea1b6c164d873e03
	at java.base/jdk.internal.reflect.NativeConstructorAccessorImpl.newInstance0(Native Method)
	at java.base/jdk.internal.reflect.NativeConstructorAccessorImpl.newInstance(NativeConstructorAccessorImpl.java:77)
	at java.base/jdk.internal.reflect.DelegatingConstructorAccessorImpl.newInstance(DelegatingConstructorAccessorImpl.java:45)
	at org.openqa.selenium.remote.http.W3CHttpResponseCodec.createException(W3CHttpResponseCodec.java:187)
	at org.openqa.selenium.remote.http.W3CHttpResponseCodec.decode(W3CHttpResponseCodec.java:122)
	at org.openqa.selenium.remote.http.W3CHttpResponseCodec.decode(W3CHttpResponseCodec.java:49)
	at org.openqa.selenium.remote.HttpCommandExecutor.execute(HttpCommandExecutor.java:158)
	at org.openqa.selenium.remote.service.DriverCommandExecutor.execute(DriverCommandExecutor.java:83)
	at org.openqa.selenium.remote.RemoteWebDriver.execute(RemoteWebDriver.java:552)
	at com.kms.katalon.selenium.driver.CChromeDriver.execute(CChromeDriver.java:19)
	at org.openqa.selenium.remote.RemoteWebElement.execute(RemoteWebElement.java:285)
	at org.openqa.selenium.remote.RemoteWebElement.click(RemoteWebElement.java:84)
	at java.base/jdk.internal.reflect.NativeMethodAccessorImpl.invoke0(Native Method)
	at java.base/jdk.internal.reflect.NativeMethodAccessorImpl.invoke(NativeMethodAccessorImpl.java:77)
	at java.base/jdk.internal.reflect.DelegatingMethodAccessorImpl.invoke(DelegatingMethodAccessorImpl.java:43)
	at org.openqa.selenium.support.events.EventFiringWebDriver$EventFiringWebElement.lambda$new$0(EventFiringWebDriver.java:404)
	at jdk.proxy2/jdk.proxy2.$Proxy27.click(Unknown Source)
	at org.openqa.selenium.support.events.EventFiringWebDriver$EventFiringWebElement.click(EventFiringWebDriver.java:417)
	at org.openqa.selenium.WebElement$click.call(Unknown Source)
	at com.kms.katalon.core.webui.keyword.builtin.ClickKeyword.clickUntilSuccessWithTimeout(ClickKeyword.groovy:81)
	at com.kms.katalon.core.webui.keyword.builtin.ClickKeyword.clickUntilSuccessWithTimeout(ClickKeyword.groovy)
	at java.base/jdk.internal.reflect.NativeMethodAccessorImpl.invoke0(Native Method)
	at java.base/jdk.internal.reflect.NativeMethodAccessorImpl.invoke(NativeMethodAccessorImpl.java:77)
	at java.base/jdk.internal.reflect.DelegatingMethodAccessorImpl.invoke(DelegatingMethodAccessorImpl.java:43)
	at com.kms.katalon.core.webui.keyword.builtin.ClickKeyword$_click_closure1.doCall(ClickKeyword.groovy:67)
	at com.kms.katalon.core.webui.keyword.builtin.ClickKeyword$_click_closure1.call(ClickKeyword.groovy)
	at com.kms.katalon.core.webui.keyword.internal.WebUIKeywordMain.runKeyword(WebUIKeywordMain.groovy:20)
	at com.kms.katalon.core.webui.keyword.builtin.ClickKeyword.click(ClickKeyword.groovy:74)
	at com.kms.katalon.core.webui.keyword.builtin.ClickKeyword.execute(ClickKeyword.groovy:40)
	at com.kms.katalon.core.keyword.internal.KeywordExecutor.executeKeywordForPlatform(KeywordExecutor.groovy:74)
	at com.kms.katalon.core.webui.keyword.WebUiBuiltInKeywords.click(WebUiBuiltInKeywords.groovy:659)
	at Script1707223814736.run(Script1707223814736.groovy:24)
	... 18 more
)
[[ATTACHMENT|C:\\Users\\Devil\\git\\SI-GuidedProject-705690-1704903143\\Reports\\20240208_131749\\successful_login_and_errors\\successful_login_and_errors\\20240208_131758\\1707379424189.png]]

08-02-2024T13:33:44 - [TEST_STEP][PASSED] - Start listener action : sampleAfterTestCase: Browser is closed

08-02-2024T13:33:44 - [TEST_STEP][PASSED] - closeBrowser(): Browser is closed

08-02-2024T13:33:44 - [MESSAGE][PASSED] - Browser is closed]]></system-out>
         <system-err><![CDATA[08-02-2024T13:33:33 - [TEST_CASE][FAILED] - Test Cases/login/login_invalid001: Test Cases/login/login_invalid001 FAILED.
Reason:
com.kms.katalon.core.exception.StepFailedException: Unable to click on object 'Object Repository/login/login_invalid001/Page_Online Shopping site in India Shop Onl_10c5f3/span_Sign in'
	at com.kms.katalon.core.webui.keyword.internal.WebUIKeywordMain.stepFailed(WebUIKeywordMain.groovy:64)
	at com.kms.katalon.core.webui.keyword.internal.WebUIKeywordMain.runKeyword(WebUIKeywordMain.groovy:26)
	at com.kms.katalon.core.webui.keyword.builtin.ClickKeyword.click(ClickKeyword.groovy:74)
	at com.kms.katalon.core.webui.keyword.builtin.ClickKeyword.execute(ClickKeyword.groovy:40)
	at com.kms.katalon.core.keyword.internal.KeywordExecutor.executeKeywordForPlatform(KeywordExecutor.groovy:74)
	at com.kms.katalon.core.webui.keyword.WebUiBuiltInKeywords.click(WebUiBuiltInKeywords.groovy:659)
	at login_invalid001.run(login_invalid001:24)
	at com.kms.katalon.core.main.ScriptEngine.run(ScriptEngine.java:194)
	at com.kms.katalon.core.main.ScriptEngine.runScriptAsRawText(ScriptEngine.java:119)
	at com.kms.katalon.core.main.TestCaseExecutor.runScript(TestCaseExecutor.java:448)
	at com.kms.katalon.core.main.TestCaseExecutor.doExecute(TestCaseExecutor.java:439)
	at com.kms.katalon.core.main.TestCaseExecutor.processExecutionPhase(TestCaseExecutor.java:418)
	at com.kms.katalon.core.main.TestCaseExecutor.accessMainPhase(TestCaseExecutor.java:410)
	at com.kms.katalon.core.main.TestCaseExecutor.execute(TestCaseExecutor.java:285)
	at com.kms.katalon.core.main.TestCaseExecutor.execute(TestCaseExecutor.java:369)
	at com.kms.katalon.core.main.TestCaseExecutor.execute(TestCaseExecutor.java:369)
	at com.kms.katalon.core.main.TestCaseExecutor.execute(TestCaseExecutor.java:369)
	at com.kms.katalon.core.common.CommonExecutor.accessTestCaseMainPhase(CommonExecutor.java:65)
	at com.kms.katalon.core.main.TestSuiteExecutor.accessTestSuiteMainPhase(TestSuiteExecutor.java:148)
	at com.kms.katalon.core.main.TestSuiteExecutor.execute(TestSuiteExecutor.java:106)
	at com.kms.katalon.core.main.TestCaseMain.startTestSuite(TestCaseMain.java:180)
	at TempTestSuite1707378478592.run(TempTestSuite1707378478592.groovy:36)
	at java.base/jdk.internal.reflect.NativeMethodAccessorImpl.invoke0(Native Method)
	at java.base/jdk.internal.reflect.NativeMethodAccessorImpl.invoke(NativeMethodAccessorImpl.java:77)
	at java.base/jdk.internal.reflect.DelegatingMethodAccessorImpl.invoke(DelegatingMethodAccessorImpl.java:43)
Caused by: org.openqa.selenium.ElementNotInteractableException: element not interactable
  (Session info: chrome=121.0.6167.160)
Build info: version: '3.141.59', revision: 'e82be7d358', time: '2018-11-14T08:25:53'
System info: host: 'LAPTOP-V2P5S4MK', ip: '192.168.137.1', os.name: 'Windows 10', os.arch: 'amd64', os.version: '10.0', java.version: '17.0.7'
Driver info: com.kms.katalon.selenium.driver.CChromeDriver
Capabilities {acceptInsecureCerts: false, browserName: chrome, browserVersion: 121.0.6167.160, chrome: {chromedriverVersion: 120.0.6099.71 (9729082fe617..., userDataDir: C:\Users\Devil\AppData\Loca...}, fedcm:accounts: true, goog:chromeOptions: {debuggerAddress: localhost:64478}, javascriptEnabled: true, networkConnectionEnabled: false, pageLoadStrategy: normal, platform: WINDOWS, platformName: WINDOWS, proxy: Proxy(), setWindowRect: true, strictFileInteractability: false, timeouts: {implicit: 0, pageLoad: 300000, script: 30000}, unhandledPromptBehavior: dismiss and notify, webauthn:extension:credBlob: true, webauthn:extension:largeBlob: true, webauthn:extension:minPinLength: true, webauthn:extension:prf: true, webauthn:virtualAuthenticators: true}
Session ID: 1e349fe1f2696542ea1b6c164d873e03
	at java.base/jdk.internal.reflect.NativeConstructorAccessorImpl.newInstance0(Native Method)
	at java.base/jdk.internal.reflect.NativeConstructorAccessorImpl.newInstance(NativeConstructorAccessorImpl.java:77)
	at java.base/jdk.internal.reflect.DelegatingConstructorAccessorImpl.newInstance(DelegatingConstructorAccessorImpl.java:45)
	at org.openqa.selenium.remote.http.W3CHttpResponseCodec.createException(W3CHttpResponseCodec.java:187)
	at org.openqa.selenium.remote.http.W3CHttpResponseCodec.decode(W3CHttpResponseCodec.java:122)
	at org.openqa.selenium.remote.http.W3CHttpResponseCodec.decode(W3CHttpResponseCodec.java:49)
	at org.openqa.selenium.remote.HttpCommandExecutor.execute(HttpCommandExecutor.java:158)
	at org.openqa.selenium.remote.service.DriverCommandExecutor.execute(DriverCommandExecutor.java:83)
	at org.openqa.selenium.remote.RemoteWebDriver.execute(RemoteWebDriver.java:552)
	at com.kms.katalon.selenium.driver.CChromeDriver.execute(CChromeDriver.java:19)
	at org.openqa.selenium.remote.RemoteWebElement.execute(RemoteWebElement.java:285)
	at org.openqa.selenium.remote.RemoteWebElement.click(RemoteWebElement.java:84)
	at java.base/jdk.internal.reflect.NativeMethodAccessorImpl.invoke0(Native Method)
	at java.base/jdk.internal.reflect.NativeMethodAccessorImpl.invoke(NativeMethodAccessorImpl.java:77)
	at java.base/jdk.internal.reflect.DelegatingMethodAccessorImpl.invoke(DelegatingMethodAccessorImpl.java:43)
	at org.openqa.selenium.support.events.EventFiringWebDriver$EventFiringWebElement.lambda$new$0(EventFiringWebDriver.java:404)
	at jdk.proxy2/jdk.proxy2.$Proxy27.click(Unknown Source)
	at org.openqa.selenium.support.events.EventFiringWebDriver$EventFiringWebElement.click(EventFiringWebDriver.java:417)
	at org.openqa.selenium.WebElement$click.call(Unknown Source)
	at com.kms.katalon.core.webui.keyword.builtin.ClickKeyword.clickUntilSuccessWithTimeout(ClickKeyword.groovy:81)
	at com.kms.katalon.core.webui.keyword.builtin.ClickKeyword.clickUntilSuccessWithTimeout(ClickKeyword.groovy)
	at java.base/jdk.internal.reflect.NativeMethodAccessorImpl.invoke0(Native Method)
	at java.base/jdk.internal.reflect.NativeMethodAccessorImpl.invoke(NativeMethodAccessorImpl.java:77)
	at java.base/jdk.internal.reflect.DelegatingMethodAccessorImpl.invoke(DelegatingMethodAccessorImpl.java:43)
	at com.kms.katalon.core.webui.keyword.builtin.ClickKeyword$_click_closure1.doCall(ClickKeyword.groovy:67)
	at com.kms.katalon.core.webui.keyword.builtin.ClickKeyword$_click_closure1.call(ClickKeyword.groovy)
	at com.kms.katalon.core.webui.keyword.internal.WebUIKeywordMain.runKeyword(WebUIKeywordMain.groovy:20)
	... 23 more]]></system-err>
      </testcase>
      <testcase name="Test Cases/login/login_invalid003" time="46.981" classname="Test Cases/login/login_invalid003" status="PASSED">
         <system-out><![CDATA[08-02-2024T13:33:44 - [TEST_CASE][PASSED] - Test Cases/login/login_invalid003: Test Cases/login/login_invalid003

08-02-2024T13:33:44 - [TEST_STEP][PASSED] - Start listener action : sampleBeforeTestCase: Navigate to 'https://www.amazon.in/' successfully

08-02-2024T13:33:44 - [TEST_STEP][PASSED] - openBrowser(""): Browser is opened with url: ''

08-02-2024T13:33:44 - [MESSAGE][INFO] - Starting 'Chrome' driver

08-02-2024T13:33:44 - [MESSAGE][INFO] - Action delay is set to 0 milliseconds

08-02-2024T13:33:45 - [MESSAGE][PASSED] - Browser is opened with url: ''

08-02-2024T13:33:45 - [TEST_STEP][PASSED] - navigateToUrl("https://www.amazon.in/"): Navigate to 'https://www.amazon.in/' successfully

08-02-2024T13:33:50 - [MESSAGE][PASSED] - Navigate to 'https://www.amazon.in/' successfully

08-02-2024T13:33:50 - [TEST_STEP][PASSED] - openBrowser(""): Browser is opened with url: ''

08-02-2024T13:33:50 - [MESSAGE][WARNING] - A browser is already opened. Closing browser and opening a new one

08-02-2024T13:33:50 - [MESSAGE][INFO] - Starting 'Chrome' driver

08-02-2024T13:33:50 - [MESSAGE][INFO] - Action delay is set to 0 milliseconds

08-02-2024T13:33:51 - [MESSAGE][PASSED] - Browser is opened with url: ''

08-02-2024T13:33:51 - [TEST_STEP][PASSED] - navigateToUrl("https://www.amazon.in/"): Navigate to 'https://www.amazon.in/' successfully

08-02-2024T13:33:55 - [MESSAGE][PASSED] - Navigate to 'https://www.amazon.in/' successfully

08-02-2024T13:33:55 - [TEST_STEP][PASSED] - click(findTestObject("Object Repository/login/login_invalid003/Page_Online Shopping site in India Shop Onl_10c5f3/i_hm-icon nav-sprite")): Object: 'Object Repository/login/login_invalid003/Page_Online Shopping site in India Shop Onl_10c5f3/i_hm-icon nav-sprite' is clicked on

08-02-2024T13:34:24 - [MESSAGE][PASSED] - Object: 'Object Repository/login/login_invalid003/Page_Online Shopping site in India Shop Onl_10c5f3/i_hm-icon nav-sprite' is clicked on

08-02-2024T13:34:24 - [TEST_STEP][PASSED] - click(findTestObject("Object Repository/login/login_invalid003/Page_Online Shopping site in India Shop Onl_10c5f3/b_Hello, sign in")): Object: 'Object Repository/login/login_invalid003/Page_Online Shopping site in India Shop Onl_10c5f3/b_Hello, sign in' is clicked on

08-02-2024T13:34:31 - [MESSAGE][PASSED] - Object: 'Object Repository/login/login_invalid003/Page_Online Shopping site in India Shop Onl_10c5f3/b_Hello, sign in' is clicked on

08-02-2024T13:34:31 - [TEST_STEP][PASSED] - click(findTestObject("Object Repository/login/login_invalid003/Page_Amazon Sign In/inputcontinue")): Object: 'Object Repository/login/login_invalid003/Page_Amazon Sign In/inputcontinue' is clicked on

08-02-2024T13:34:31 - [MESSAGE][PASSED] - Object: 'Object Repository/login/login_invalid003/Page_Amazon Sign In/inputcontinue' is clicked on

08-02-2024T13:34:31 - [TEST_STEP][PASSED] - closeBrowser(): Browser is closed

08-02-2024T13:34:31 - [MESSAGE][PASSED] - Browser is closed

08-02-2024T13:34:31 - [TEST_STEP][PASSED] - Start listener action : sampleAfterTestCase: Browser is closed

08-02-2024T13:34:31 - [TEST_STEP][PASSED] - closeBrowser(): Browser is closed

08-02-2024T13:34:31 - [MESSAGE][PASSED] - Browser is closed]]></system-out>
         <system-err><![CDATA[]]></system-err>
      </testcase>
      <testcase name="Test Cases/login/login_normal002" time="29.438" classname="Test Cases/login/login_normal002" status="PASSED">
         <system-out><![CDATA[08-02-2024T13:34:31 - [TEST_CASE][PASSED] - Test Cases/login/login_normal002: Test Cases/login/login_normal002

08-02-2024T13:34:31 - [TEST_STEP][PASSED] - Start listener action : sampleBeforeTestCase: Navigate to 'https://www.amazon.in/' successfully

08-02-2024T13:34:31 - [TEST_STEP][PASSED] - openBrowser(""): Browser is opened with url: ''

08-02-2024T13:34:31 - [MESSAGE][INFO] - Starting 'Chrome' driver

08-02-2024T13:34:31 - [MESSAGE][INFO] - Action delay is set to 0 milliseconds

08-02-2024T13:34:32 - [MESSAGE][PASSED] - Browser is opened with url: ''

08-02-2024T13:34:32 - [TEST_STEP][PASSED] - navigateToUrl("https://www.amazon.in/"): Navigate to 'https://www.amazon.in/' successfully

08-02-2024T13:34:37 - [MESSAGE][PASSED] - Navigate to 'https://www.amazon.in/' successfully

08-02-2024T13:34:37 - [TEST_STEP][PASSED] - openBrowser(""): Browser is opened with url: ''

08-02-2024T13:34:37 - [MESSAGE][WARNING] - A browser is already opened. Closing browser and opening a new one

08-02-2024T13:34:37 - [MESSAGE][INFO] - Starting 'Chrome' driver

08-02-2024T13:34:37 - [MESSAGE][INFO] - Action delay is set to 0 milliseconds

08-02-2024T13:34:38 - [MESSAGE][PASSED] - Browser is opened with url: ''

08-02-2024T13:34:38 - [TEST_STEP][PASSED] - navigateToUrl("https://www.amazon.in/"): Navigate to 'https://www.amazon.in/' successfully

08-02-2024T13:34:42 - [MESSAGE][PASSED] - Navigate to 'https://www.amazon.in/' successfully

08-02-2024T13:34:42 - [TEST_STEP][PASSED] - click(findTestObject("Object Repository/login/login_normal002/Page_Online Shopping site in India Shop Onl_10c5f3/i_hm-icon nav-sprite")): Object: 'Object Repository/login/login_normal002/Page_Online Shopping site in India Shop Onl_10c5f3/i_hm-icon nav-sprite' is clicked on

08-02-2024T13:34:44 - [MESSAGE][PASSED] - Object: 'Object Repository/login/login_normal002/Page_Online Shopping site in India Shop Onl_10c5f3/i_hm-icon nav-sprite' is clicked on

08-02-2024T13:34:44 - [TEST_STEP][PASSED] - click(findTestObject("Object Repository/login/login_normal002/Page_Online Shopping site in India Shop Onl_10c5f3/b_Hello, sign in")): Object: 'Object Repository/login/login_normal002/Page_Online Shopping site in India Shop Onl_10c5f3/b_Hello, sign in' is clicked on

08-02-2024T13:34:46 - [MESSAGE][PASSED] - Object: 'Object Repository/login/login_normal002/Page_Online Shopping site in India Shop Onl_10c5f3/b_Hello, sign in' is clicked on

08-02-2024T13:34:46 - [TEST_STEP][PASSED] - setText(findTestObject("Object Repository/login/login_normal002/Page_Amazon Sign In/input_email"), "7779970102"): Text '7779970102' is set on object 'Object Repository/login/login_normal002/Page_Amazon Sign In/input_email'

08-02-2024T13:34:48 - [MESSAGE][PASSED] - Text '7779970102' is set on object 'Object Repository/login/login_normal002/Page_Amazon Sign In/input_email'

08-02-2024T13:34:48 - [TEST_STEP][PASSED] - click(findTestObject("Object Repository/login/login_normal002/Page_Amazon Sign In/inputcontinue")): Object: 'Object Repository/login/login_normal002/Page_Amazon Sign In/inputcontinue' is clicked on

08-02-2024T13:34:49 - [MESSAGE][PASSED] - Object: 'Object Repository/login/login_normal002/Page_Amazon Sign In/inputcontinue' is clicked on

08-02-2024T13:34:49 - [TEST_STEP][PASSED] - setEncryptedText(findTestObject("Object Repository/login/login_normal002/Page_Amazon Sign In/input_password"), "eSPcD+aU0jcqZChrJx5wLA=="): Text ****** has been set on object 'Object Repository/login/login_normal002/Page_Amazon Sign In/input_password'

08-02-2024T13:34:50 - [MESSAGE][PASSED] - Text ****** has been set on object 'Object Repository/login/login_normal002/Page_Amazon Sign In/input_password'

08-02-2024T13:34:50 - [TEST_STEP][PASSED] - click(findTestObject("Object Repository/login/login_normal002/Page_Amazon Sign In/inputsignInSubmit")): Object: 'Object Repository/login/login_normal002/Page_Amazon Sign In/inputsignInSubmit' is clicked on

08-02-2024T13:34:50 - [MESSAGE][PASSED] - Object: 'Object Repository/login/login_normal002/Page_Amazon Sign In/inputsignInSubmit' is clicked on

08-02-2024T13:34:51 - [TEST_STEP][PASSED] - click(findTestObject("Object Repository/login/login_normal002/Page_Online Shopping site in India Shop Onl_10c5f3/i_hm-icon nav-sprite")): Object: 'Object Repository/login/login_normal002/Page_Online Shopping site in India Shop Onl_10c5f3/i_hm-icon nav-sprite' is clicked on

08-02-2024T13:34:57 - [MESSAGE][PASSED] - Object: 'Object Repository/login/login_normal002/Page_Online Shopping site in India Shop Onl_10c5f3/i_hm-icon nav-sprite' is clicked on

08-02-2024T13:34:57 - [TEST_STEP][PASSED] - click(findTestObject("Object Repository/login/login_normal002/Page_Online Shopping site in India Shop Onl_10c5f3/div_Help  Settings")): Object: 'Object Repository/login/login_normal002/Page_Online Shopping site in India Shop Onl_10c5f3/div_Help  Settings' is clicked on

08-02-2024T13:34:58 - [MESSAGE][PASSED] - Object: 'Object Repository/login/login_normal002/Page_Online Shopping site in India Shop Onl_10c5f3/div_Help  Settings' is clicked on

08-02-2024T13:34:58 - [TEST_STEP][PASSED] - verifyElementText(findTestObject("Object Repository/login/login_normal002/Page_Online Shopping site in India Shop Onl_10c5f3/div_Help  Settings"), "Help & Settings"): Actual text and expected text of test object 'Object Repository/login/login_normal002/Page_Online Shopping site in India Shop Onl_10c5f3/div_Help  Settings' are matched.

08-02-2024T13:34:58 - [MESSAGE][PASSED] - Actual text and expected text of test object 'Object Repository/login/login_normal002/Page_Online Shopping site in India Shop Onl_10c5f3/div_Help  Settings' are matched.

08-02-2024T13:34:58 - [TEST_STEP][PASSED] - click(findTestObject("Object Repository/login/login_normal002/Page_Online Shopping site in India Shop Onl_10c5f3/a_Sign Out")): Object: 'Object Repository/login/login_normal002/Page_Online Shopping site in India Shop Onl_10c5f3/a_Sign Out' is clicked on

08-02-2024T13:35:00 - [MESSAGE][PASSED] - Object: 'Object Repository/login/login_normal002/Page_Online Shopping site in India Shop Onl_10c5f3/a_Sign Out' is clicked on

08-02-2024T13:35:00 - [TEST_STEP][PASSED] - closeBrowser(): Browser is closed

08-02-2024T13:35:01 - [MESSAGE][PASSED] - Browser is closed

08-02-2024T13:35:01 - [TEST_STEP][PASSED] - Start listener action : sampleAfterTestCase: Browser is closed

08-02-2024T13:35:01 - [TEST_STEP][PASSED] - closeBrowser(): Browser is closed

08-02-2024T13:35:01 - [MESSAGE][PASSED] - Browser is closed]]></system-out>
         <system-err><![CDATA[]]></system-err>
      </testcase>
      <testcase name="Test Cases/login/login_normal_with_otp" time="52.242" classname="Test Cases/login/login_normal_with_otp" status="PASSED">
         <system-out><![CDATA[08-02-2024T13:35:01 - [TEST_CASE][PASSED] - Test Cases/login/login_normal_with_otp: Test Cases/login/login_normal_with_otp

08-02-2024T13:35:01 - [TEST_STEP][PASSED] - Start listener action : sampleBeforeTestCase: Navigate to 'https://www.amazon.in/' successfully

08-02-2024T13:35:01 - [TEST_STEP][PASSED] - openBrowser(""): Browser is opened with url: ''

08-02-2024T13:35:01 - [MESSAGE][INFO] - Starting 'Chrome' driver

08-02-2024T13:35:01 - [MESSAGE][INFO] - Action delay is set to 0 milliseconds

08-02-2024T13:35:02 - [MESSAGE][PASSED] - Browser is opened with url: ''

08-02-2024T13:35:02 - [TEST_STEP][PASSED] - navigateToUrl("https://www.amazon.in/"): Navigate to 'https://www.amazon.in/' successfully

08-02-2024T13:35:08 - [MESSAGE][PASSED] - Navigate to 'https://www.amazon.in/' successfully

08-02-2024T13:35:08 - [TEST_STEP][PASSED] - openBrowser(""): Browser is opened with url: ''

08-02-2024T13:35:08 - [MESSAGE][WARNING] - A browser is already opened. Closing browser and opening a new one

08-02-2024T13:35:08 - [MESSAGE][INFO] - Starting 'Chrome' driver

08-02-2024T13:35:08 - [MESSAGE][INFO] - Action delay is set to 0 milliseconds

08-02-2024T13:35:09 - [MESSAGE][PASSED] - Browser is opened with url: ''

08-02-2024T13:35:09 - [TEST_STEP][PASSED] - navigateToUrl("https://www.amazon.in/"): Navigate to 'https://www.amazon.in/' successfully

08-02-2024T13:35:14 - [MESSAGE][PASSED] - Navigate to 'https://www.amazon.in/' successfully

08-02-2024T13:35:14 - [TEST_STEP][PASSED] - click(findTestObject("Object Repository/login/login_normal_with_otp/Page_Online Shopping site in India Shop Onl_10c5f3/i_hm-icon nav-sprite")): Object: 'Object Repository/login/login_normal_with_otp/Page_Online Shopping site in India Shop Onl_10c5f3/i_hm-icon nav-sprite' is clicked on

08-02-2024T13:35:15 - [MESSAGE][PASSED] - Object: 'Object Repository/login/login_normal_with_otp/Page_Online Shopping site in India Shop Onl_10c5f3/i_hm-icon nav-sprite' is clicked on

08-02-2024T13:35:15 - [TEST_STEP][PASSED] - click(findTestObject("Object Repository/login/login_normal_with_otp/Page_Online Shopping site in India Shop Onl_10c5f3/b_Hello, sign in")): Object: 'Object Repository/login/login_normal_with_otp/Page_Online Shopping site in India Shop Onl_10c5f3/b_Hello, sign in' is clicked on

08-02-2024T13:35:19 - [MESSAGE][PASSED] - Object: 'Object Repository/login/login_normal_with_otp/Page_Online Shopping site in India Shop Onl_10c5f3/b_Hello, sign in' is clicked on

08-02-2024T13:35:19 - [TEST_STEP][PASSED] - setText(findTestObject("Object Repository/login/login_normal_with_otp/Page_Amazon Sign In/input_email"), "7779970102"): Text '7779970102' is set on object 'Object Repository/login/login_normal_with_otp/Page_Amazon Sign In/input_email'

08-02-2024T13:35:21 - [MESSAGE][PASSED] - Text '7779970102' is set on object 'Object Repository/login/login_normal_with_otp/Page_Amazon Sign In/input_email'

08-02-2024T13:35:21 - [TEST_STEP][PASSED] - click(findTestObject("Object Repository/login/login_normal_with_otp/Page_Amazon Sign In/inputcontinue")): Object: 'Object Repository/login/login_normal_with_otp/Page_Amazon Sign In/inputcontinue' is clicked on

08-02-2024T13:35:22 - [MESSAGE][PASSED] - Object: 'Object Repository/login/login_normal_with_otp/Page_Amazon Sign In/inputcontinue' is clicked on

08-02-2024T13:35:22 - [TEST_STEP][PASSED] - click(findTestObject("Object Repository/login/login_normal_with_otp/Page_Amazon Sign In/h5_or")): Object: 'Object Repository/login/login_normal_with_otp/Page_Amazon Sign In/h5_or' is clicked on

08-02-2024T13:35:23 - [MESSAGE][PASSED] - Object: 'Object Repository/login/login_normal_with_otp/Page_Amazon Sign In/h5_or' is clicked on

08-02-2024T13:35:23 - [TEST_STEP][PASSED] - verifyElementText(findTestObject("Object Repository/login/login_normal_with_otp/Page_Amazon Sign In/h5_or"), "or"): Actual text and expected text of test object 'Object Repository/login/login_normal_with_otp/Page_Amazon Sign In/h5_or' are matched.

08-02-2024T13:35:24 - [MESSAGE][PASSED] - Actual text and expected text of test object 'Object Repository/login/login_normal_with_otp/Page_Amazon Sign In/h5_or' are matched.

08-02-2024T13:35:24 - [TEST_STEP][PASSED] - click(findTestObject("Object Repository/login/login_normal_with_otp/Page_Amazon Sign In/inputcontinue")): Object: 'Object Repository/login/login_normal_with_otp/Page_Amazon Sign In/inputcontinue' is clicked on

08-02-2024T13:35:26 - [MESSAGE][PASSED] - Object: 'Object Repository/login/login_normal_with_otp/Page_Amazon Sign In/inputcontinue' is clicked on

08-02-2024T13:35:26 - [TEST_STEP][PASSED] - setText(findTestObject("Object Repository/login/login_normal_with_otp/Page_Authentication required/input_code"), ""): Text '' is set on object 'Object Repository/login/login_normal_with_otp/Page_Authentication required/input_code'

08-02-2024T13:35:27 - [MESSAGE][PASSED] - Text '' is set on object 'Object Repository/login/login_normal_with_otp/Page_Authentication required/input_code'

08-02-2024T13:35:27 - [TEST_STEP][PASSED] - click(findTestObject("Object Repository/login/login_normal_with_otp/Page_Authentication required/input_a-button-input")): Object: 'Object Repository/login/login_normal_with_otp/Page_Authentication required/input_a-button-input' is clicked on

08-02-2024T13:35:27 - [MESSAGE][PASSED] - Object: 'Object Repository/login/login_normal_with_otp/Page_Authentication required/input_a-button-input' is clicked on

08-02-2024T13:35:27 - [TEST_STEP][PASSED] - click(findTestObject("Object Repository/login/login_normal_with_otp/Page_Online Shopping site in India Shop Onl_10c5f3/i_hm-icon nav-sprite")): Object: 'Object Repository/login/login_normal_with_otp/Page_Online Shopping site in India Shop Onl_10c5f3/i_hm-icon nav-sprite' is clicked on

08-02-2024T13:35:50 - [MESSAGE][PASSED] - Object: 'Object Repository/login/login_normal_with_otp/Page_Online Shopping site in India Shop Onl_10c5f3/i_hm-icon nav-sprite' is clicked on

08-02-2024T13:35:50 - [TEST_STEP][PASSED] - click(findTestObject("Object Repository/login/login_normal_with_otp/Page_Online Shopping site in India Shop Onl_10c5f3/a_Sign Out")): Object: 'Object Repository/login/login_normal_with_otp/Page_Online Shopping site in India Shop Onl_10c5f3/a_Sign Out' is clicked on

08-02-2024T13:35:53 - [MESSAGE][PASSED] - Object: 'Object Repository/login/login_normal_with_otp/Page_Online Shopping site in India Shop Onl_10c5f3/a_Sign Out' is clicked on

08-02-2024T13:35:53 - [TEST_STEP][PASSED] - closeBrowser(): Browser is closed

08-02-2024T13:35:53 - [MESSAGE][PASSED] - Browser is closed

08-02-2024T13:35:53 - [TEST_STEP][PASSED] - Start listener action : sampleAfterTestCase: Browser is closed

08-02-2024T13:35:53 - [TEST_STEP][PASSED] - closeBrowser(): Browser is closed

08-02-2024T13:35:53 - [MESSAGE][PASSED] - Browser is closed]]></system-out>
         <system-err><![CDATA[]]></system-err>
      </testcase>
      <system-out><![CDATA[08-02-2024T13:32:07 - [TEST_SUITE][FAILED] - successful_login_and_errors: Test Cases/login/login_invalid001 FAILED.
Reason:
com.kms.katalon.core.exception.StepFailedException: Unable to click on object 'Object Repository/login/login_invalid001/Page_Online Shopping site in India Shop Onl_10c5f3/span_Sign in'
	at com.kms.katalon.core.webui.keyword.internal.WebUIKeywordMain.stepFailed(WebUIKeywordMain.groovy:64)
	at com.kms.katalon.core.webui.keyword.internal.WebUIKeywordMain.runKeyword(WebUIKeywordMain.groovy:26)
	at com.kms.katalon.core.webui.keyword.builtin.ClickKeyword.click(ClickKeyword.groovy:74)
	at com.kms.katalon.core.webui.keyword.builtin.ClickKeyword.execute(ClickKeyword.groovy:40)
	at com.kms.katalon.core.keyword.internal.KeywordExecutor.executeKeywordForPlatform(KeywordExecutor.groovy:74)
	at com.kms.katalon.core.webui.keyword.WebUiBuiltInKeywords.click(WebUiBuiltInKeywords.groovy:659)
	at login_invalid001.run(login_invalid001:24)
	at com.kms.katalon.core.main.ScriptEngine.run(ScriptEngine.java:194)
	at com.kms.katalon.core.main.ScriptEngine.runScriptAsRawText(ScriptEngine.java:119)
	at com.kms.katalon.core.main.TestCaseExecutor.runScript(TestCaseExecutor.java:448)
	at com.kms.katalon.core.main.TestCaseExecutor.doExecute(TestCaseExecutor.java:439)
	at com.kms.katalon.core.main.TestCaseExecutor.processExecutionPhase(TestCaseExecutor.java:418)
	at com.kms.katalon.core.main.TestCaseExecutor.accessMainPhase(TestCaseExecutor.java:410)
	at com.kms.katalon.core.main.TestCaseExecutor.execute(TestCaseExecutor.java:285)
	at com.kms.katalon.core.common.CommonExecutor.accessTestCaseMainPhase(CommonExecutor.java:65)
	at com.kms.katalon.core.main.TestSuiteExecutor.accessTestSuiteMainPhase(TestSuiteExecutor.java:148)
	at com.kms.katalon.core.main.TestSuiteExecutor.execute(TestSuiteExecutor.java:106)
	at com.kms.katalon.core.main.TestCaseMain.startTestSuite(TestCaseMain.java:180)
	at TempTestSuite1707378478592.run(TempTestSuite1707378478592.groovy:36)
	at java.base/jdk.internal.reflect.NativeMethodAccessorImpl.invoke0(Native Method)
	at java.base/jdk.internal.reflect.NativeMethodAccessorImpl.invoke(NativeMethodAccessorImpl.java:77)
	at java.base/jdk.internal.reflect.DelegatingMethodAccessorImpl.invoke(DelegatingMethodAccessorImpl.java:43)
Caused by: org.openqa.selenium.ElementNotInteractableException: element not interactable
  (Session info: chrome=121.0.6167.160)
Build info: version: '3.141.59', revision: 'e82be7d358', time: '2018-11-14T08:25:53'
System info: host: 'LAPTOP-V2P5S4MK', ip: '192.168.137.1', os.name: 'Windows 10', os.arch: 'amd64', os.version: '10.0', java.version: '17.0.7'
Driver info: com.kms.katalon.selenium.driver.CChromeDriver
Capabilities {acceptInsecureCerts: false, browserName: chrome, browserVersion: 121.0.6167.160, chrome: {chromedriverVersion: 120.0.6099.71 (9729082fe617..., userDataDir: C:\Users\Devil\AppData\Loca...}, fedcm:accounts: true, goog:chromeOptions: {debuggerAddress: localhost:64242}, javascriptEnabled: true, networkConnectionEnabled: false, pageLoadStrategy: normal, platform: WINDOWS, platformName: WINDOWS, proxy: Proxy(), setWindowRect: true, strictFileInteractability: false, timeouts: {implicit: 0, pageLoad: 300000, script: 30000}, unhandledPromptBehavior: dismiss and notify, webauthn:extension:credBlob: true, webauthn:extension:largeBlob: true, webauthn:extension:minPinLength: true, webauthn:extension:prf: true, webauthn:virtualAuthenticators: true}
Session ID: 809e80a9c377f08187d48d5059e9506a
	at java.base/jdk.internal.reflect.NativeConstructorAccessorImpl.newInstance0(Native Method)
	at java.base/jdk.internal.reflect.NativeConstructorAccessorImpl.newInstance(NativeConstructorAccessorImpl.java:77)
	at java.base/jdk.internal.reflect.DelegatingConstructorAccessorImpl.newInstance(DelegatingConstructorAccessorImpl.java:45)
	at org.openqa.selenium.remote.http.W3CHttpResponseCodec.createException(W3CHttpResponseCodec.java:187)
	at org.openqa.selenium.remote.http.W3CHttpResponseCodec.decode(W3CHttpResponseCodec.java:122)
	at org.openqa.selenium.remote.http.W3CHttpResponseCodec.decode(W3CHttpResponseCodec.java:49)
	at org.openqa.selenium.remote.HttpCommandExecutor.execute(HttpCommandExecutor.java:158)
	at org.openqa.selenium.remote.service.DriverCommandExecutor.execute(DriverCommandExecutor.java:83)
	at org.openqa.selenium.remote.RemoteWebDriver.execute(RemoteWebDriver.java:552)
	at com.kms.katalon.selenium.driver.CChromeDriver.execute(CChromeDriver.java:19)
	at org.openqa.selenium.remote.RemoteWebElement.execute(RemoteWebElement.java:285)
	at org.openqa.selenium.remote.RemoteWebElement.click(RemoteWebElement.java:84)
	at java.base/jdk.internal.reflect.NativeMethodAccessorImpl.invoke0(Native Method)
	at java.base/jdk.internal.reflect.NativeMethodAccessorImpl.invoke(NativeMethodAccessorImpl.java:77)
	at java.base/jdk.internal.reflect.DelegatingMethodAccessorImpl.invoke(DelegatingMethodAccessorImpl.java:43)
	at org.openqa.selenium.support.events.EventFiringWebDriver$EventFiringWebElement.lambda$new$0(EventFiringWebDriver.java:404)
	at jdk.proxy2/jdk.proxy2.$Proxy27.click(Unknown Source)
	at org.openqa.selenium.support.events.EventFiringWebDriver$EventFiringWebElement.click(EventFiringWebDriver.java:417)
	at org.openqa.selenium.WebElement$click.call(Unknown Source)
	at com.kms.katalon.core.webui.keyword.builtin.ClickKeyword.clickUntilSuccessWithTimeout(ClickKeyword.groovy:81)
	at com.kms.katalon.core.webui.keyword.builtin.ClickKeyword.clickUntilSuccessWithTimeout(ClickKeyword.groovy)
	at java.base/jdk.internal.reflect.NativeMethodAccessorImpl.invoke0(Native Method)
	at java.base/jdk.internal.reflect.NativeMethodAccessorImpl.invoke(NativeMethodAccessorImpl.java:77)
	at java.base/jdk.internal.reflect.DelegatingMethodAccessorImpl.invoke(DelegatingMethodAccessorImpl.java:43)
	at com.kms.katalon.core.webui.keyword.builtin.ClickKeyword$_click_closure1.doCall(ClickKeyword.groovy:67)
	at com.kms.katalon.core.webui.keyword.builtin.ClickKeyword$_click_closure1.call(ClickKeyword.groovy)
	at com.kms.katalon.core.webui.keyword.internal.WebUIKeywordMain.runKeyword(WebUIKeywordMain.groovy:20)
	... 20 more]]></system-out>
      <system-err><![CDATA[08-02-2024T13:32:07 - [TEST_SUITE][FAILED] - successful_login_and_errors: Test Cases/login/login_invalid001 FAILED.
Reason:
com.kms.katalon.core.exception.StepFailedException: Unable to click on object 'Object Repository/login/login_invalid001/Page_Online Shopping site in India Shop Onl_10c5f3/span_Sign in'
	at com.kms.katalon.core.webui.keyword.internal.WebUIKeywordMain.stepFailed(WebUIKeywordMain.groovy:64)
	at com.kms.katalon.core.webui.keyword.internal.WebUIKeywordMain.runKeyword(WebUIKeywordMain.groovy:26)
	at com.kms.katalon.core.webui.keyword.builtin.ClickKeyword.click(ClickKeyword.groovy:74)
	at com.kms.katalon.core.webui.keyword.builtin.ClickKeyword.execute(ClickKeyword.groovy:40)
	at com.kms.katalon.core.keyword.internal.KeywordExecutor.executeKeywordForPlatform(KeywordExecutor.groovy:74)
	at com.kms.katalon.core.webui.keyword.WebUiBuiltInKeywords.click(WebUiBuiltInKeywords.groovy:659)
	at login_invalid001.run(login_invalid001:24)
	at com.kms.katalon.core.main.ScriptEngine.run(ScriptEngine.java:194)
	at com.kms.katalon.core.main.ScriptEngine.runScriptAsRawText(ScriptEngine.java:119)
	at com.kms.katalon.core.main.TestCaseExecutor.runScript(TestCaseExecutor.java:448)
	at com.kms.katalon.core.main.TestCaseExecutor.doExecute(TestCaseExecutor.java:439)
	at com.kms.katalon.core.main.TestCaseExecutor.processExecutionPhase(TestCaseExecutor.java:418)
	at com.kms.katalon.core.main.TestCaseExecutor.accessMainPhase(TestCaseExecutor.java:410)
	at com.kms.katalon.core.main.TestCaseExecutor.execute(TestCaseExecutor.java:285)
	at com.kms.katalon.core.common.CommonExecutor.accessTestCaseMainPhase(CommonExecutor.java:65)
	at com.kms.katalon.core.main.TestSuiteExecutor.accessTestSuiteMainPhase(TestSuiteExecutor.java:148)
	at com.kms.katalon.core.main.TestSuiteExecutor.execute(TestSuiteExecutor.java:106)
	at com.kms.katalon.core.main.TestCaseMain.startTestSuite(TestCaseMain.java:180)
	at TempTestSuite1707378478592.run(TempTestSuite1707378478592.groovy:36)
	at java.base/jdk.internal.reflect.NativeMethodAccessorImpl.invoke0(Native Method)
	at java.base/jdk.internal.reflect.NativeMethodAccessorImpl.invoke(NativeMethodAccessorImpl.java:77)
	at java.base/jdk.internal.reflect.DelegatingMethodAccessorImpl.invoke(DelegatingMethodAccessorImpl.java:43)
Caused by: org.openqa.selenium.ElementNotInteractableException: element not interactable
  (Session info: chrome=121.0.6167.160)
Build info: version: '3.141.59', revision: 'e82be7d358', time: '2018-11-14T08:25:53'
System info: host: 'LAPTOP-V2P5S4MK', ip: '192.168.137.1', os.name: 'Windows 10', os.arch: 'amd64', os.version: '10.0', java.version: '17.0.7'
Driver info: com.kms.katalon.selenium.driver.CChromeDriver
Capabilities {acceptInsecureCerts: false, browserName: chrome, browserVersion: 121.0.6167.160, chrome: {chromedriverVersion: 120.0.6099.71 (9729082fe617..., userDataDir: C:\Users\Devil\AppData\Loca...}, fedcm:accounts: true, goog:chromeOptions: {debuggerAddress: localhost:64242}, javascriptEnabled: true, networkConnectionEnabled: false, pageLoadStrategy: normal, platform: WINDOWS, platformName: WINDOWS, proxy: Proxy(), setWindowRect: true, strictFileInteractability: false, timeouts: {implicit: 0, pageLoad: 300000, script: 30000}, unhandledPromptBehavior: dismiss and notify, webauthn:extension:credBlob: true, webauthn:extension:largeBlob: true, webauthn:extension:minPinLength: true, webauthn:extension:prf: true, webauthn:virtualAuthenticators: true}
Session ID: 809e80a9c377f08187d48d5059e9506a
	at java.base/jdk.internal.reflect.NativeConstructorAccessorImpl.newInstance0(Native Method)
	at java.base/jdk.internal.reflect.NativeConstructorAccessorImpl.newInstance(NativeConstructorAccessorImpl.java:77)
	at java.base/jdk.internal.reflect.DelegatingConstructorAccessorImpl.newInstance(DelegatingConstructorAccessorImpl.java:45)
	at org.openqa.selenium.remote.http.W3CHttpResponseCodec.createException(W3CHttpResponseCodec.java:187)
	at org.openqa.selenium.remote.http.W3CHttpResponseCodec.decode(W3CHttpResponseCodec.java:122)
	at org.openqa.selenium.remote.http.W3CHttpResponseCodec.decode(W3CHttpResponseCodec.java:49)
	at org.openqa.selenium.remote.HttpCommandExecutor.execute(HttpCommandExecutor.java:158)
	at org.openqa.selenium.remote.service.DriverCommandExecutor.execute(DriverCommandExecutor.java:83)
	at org.openqa.selenium.remote.RemoteWebDriver.execute(RemoteWebDriver.java:552)
	at com.kms.katalon.selenium.driver.CChromeDriver.execute(CChromeDriver.java:19)
	at org.openqa.selenium.remote.RemoteWebElement.execute(RemoteWebElement.java:285)
	at org.openqa.selenium.remote.RemoteWebElement.click(RemoteWebElement.java:84)
	at java.base/jdk.internal.reflect.NativeMethodAccessorImpl.invoke0(Native Method)
	at java.base/jdk.internal.reflect.NativeMethodAccessorImpl.invoke(NativeMethodAccessorImpl.java:77)
	at java.base/jdk.internal.reflect.DelegatingMethodAccessorImpl.invoke(DelegatingMethodAccessorImpl.java:43)
	at org.openqa.selenium.support.events.EventFiringWebDriver$EventFiringWebElement.lambda$new$0(EventFiringWebDriver.java:404)
	at jdk.proxy2/jdk.proxy2.$Proxy27.click(Unknown Source)
	at org.openqa.selenium.support.events.EventFiringWebDriver$EventFiringWebElement.click(EventFiringWebDriver.java:417)
	at org.openqa.selenium.WebElement$click.call(Unknown Source)
	at com.kms.katalon.core.webui.keyword.builtin.ClickKeyword.clickUntilSuccessWithTimeout(ClickKeyword.groovy:81)
	at com.kms.katalon.core.webui.keyword.builtin.ClickKeyword.clickUntilSuccessWithTimeout(ClickKeyword.groovy)
	at java.base/jdk.internal.reflect.NativeMethodAccessorImpl.invoke0(Native Method)
	at java.base/jdk.internal.reflect.NativeMethodAccessorImpl.invoke(NativeMethodAccessorImpl.java:77)
	at java.base/jdk.internal.reflect.DelegatingMethodAccessorImpl.invoke(DelegatingMethodAccessorImpl.java:43)
	at com.kms.katalon.core.webui.keyword.builtin.ClickKeyword$_click_closure1.doCall(ClickKeyword.groovy:67)
	at com.kms.katalon.core.webui.keyword.builtin.ClickKeyword$_click_closure1.call(ClickKeyword.groovy)
	at com.kms.katalon.core.webui.keyword.internal.WebUIKeywordMain.runKeyword(WebUIKeywordMain.groovy:20)
	... 20 more]]></system-err>
   </testsuite>
</testsuites>
