<?xml version="1.0" encoding="UTF-8"?>
<testsuites name="account_creation_errors" time="308.333" tests="4" failures="0" errors="0">
   <testsuite name="account_creation_errors" tests="4" failures="0" errors="0" time="308.333" skipped="0" timestamp="08-02-2024T13:18:07" hostname="Devil - LAPTOP-V2P5S4MK.mshome.net" id="Test Suites/account_creation_errors/account_creation_errors">
      <properties>
         <property name="deviceName" value=""/>
         <property name="devicePlatform" value=""/>
         <property name="logFolder" value="C:\\Users\\Devil\\git\\SI-GuidedProject-705690-1704903143\\Reports\\20240208_131749\\account_creation_errors\\account_creation_errors\\20240208_131750"/>
         <property name="logFiles" value="C:\\Users\\Devil\\git\\SI-GuidedProject-705690-1704903143\\Reports\\20240208_131749\\account_creation_errors\\account_creation_errors\\20240208_131750\\execution0.log"/>
         <property name="attachments" value="C:\\Users\\Devil\\git\\SI-GuidedProject-705690-1704903143\\Reports\\20240208_131749\\account_creation_errors\\account_creation_errors\\20240208_131750\\1707378592388.png, C:\\Users\\Devil\\git\\SI-GuidedProject-705690-1704903143\\Reports\\20240208_131749\\account_creation_errors\\account_creation_errors\\20240208_131750\\1707378757257.png"/>
         <property name="hostName" value="Devil - LAPTOP-V2P5S4MK.mshome.net"/>
         <property name="os" value="Windows 10 64bit"/>
         <property name="katalonVersion" value="9.2.0.212"/>
         <property name="browser" value="Chrome 121.0.0.0"/>
         <property name="hostAddress" value="192.168.137.1"/>
         <property name="sessionId" value="b22f5104feb72fe405e924a9e8ec0a84"/>
         <property name="seleniumVersion" value="3.141.59"/>
         <property name="proxyInformation" value="ProxyInformation { proxyOption=NO_PROXY, proxyServerType=HTTP, username=, password=********, proxyServerAddress=, proxyServerPort=0, executionList=&quot;&quot;, isApplyToDesiredCapabilities=true }"/>
         <property name="platform" value="Windows 10"/>
      </properties>
      <testcase name="Test Cases/account_creation/invalid_name" time="25.204" classname="Test Cases/account_creation/invalid_name" status="PASSED">
         <system-out><![CDATA[08-02-2024T13:19:53 - [TEST_CASE][PASSED] - Test Cases/account_creation/invalid_name: Test Cases/account_creation/invalid_name

08-02-2024T13:19:53 - [TEST_STEP][PASSED] - Start listener action : sampleBeforeTestCase: Navigate to 'https://www.amazon.in/' successfully

08-02-2024T13:19:53 - [TEST_STEP][PASSED] - openBrowser(""): Browser is opened with url: ''

08-02-2024T13:19:53 - [MESSAGE][INFO] - Starting 'Chrome' driver

08-02-2024T13:19:53 - [MESSAGE][INFO] - Action delay is set to 0 milliseconds

08-02-2024T13:19:54 - [MESSAGE][PASSED] - Browser is opened with url: ''

08-02-2024T13:19:54 - [TEST_STEP][PASSED] - navigateToUrl("https://www.amazon.in/"): Navigate to 'https://www.amazon.in/' successfully

08-02-2024T13:19:58 - [MESSAGE][PASSED] - Navigate to 'https://www.amazon.in/' successfully

08-02-2024T13:19:58 - [TEST_STEP][PASSED] - openBrowser(""): Browser is opened with url: ''

08-02-2024T13:19:58 - [MESSAGE][WARNING] - A browser is already opened. Closing browser and opening a new one

08-02-2024T13:19:58 - [MESSAGE][INFO] - Starting 'Chrome' driver

08-02-2024T13:19:58 - [MESSAGE][INFO] - Action delay is set to 0 milliseconds

08-02-2024T13:19:59 - [MESSAGE][PASSED] - Browser is opened with url: ''

08-02-2024T13:19:59 - [TEST_STEP][PASSED] - navigateToUrl("https://www.amazon.in/"): Navigate to 'https://www.amazon.in/' successfully

08-02-2024T13:20:07 - [MESSAGE][PASSED] - Navigate to 'https://www.amazon.in/' successfully

08-02-2024T13:20:07 - [TEST_STEP][PASSED] - click(findTestObject("Object Repository/account_creation/invalid_name/Page_Online Shopping site in India Shop Onl_10c5f3/i_hm-icon nav-sprite")): Object: 'Object Repository/account_creation/invalid_name/Page_Online Shopping site in India Shop Onl_10c5f3/i_hm-icon nav-sprite' is clicked on

08-02-2024T13:20:08 - [MESSAGE][PASSED] - Object: 'Object Repository/account_creation/invalid_name/Page_Online Shopping site in India Shop Onl_10c5f3/i_hm-icon nav-sprite' is clicked on

08-02-2024T13:20:08 - [TEST_STEP][PASSED] - click(findTestObject("Object Repository/account_creation/invalid_name/Page_Online Shopping site in India Shop Onl_10c5f3/div_Help  Settings")): Object: 'Object Repository/account_creation/invalid_name/Page_Online Shopping site in India Shop Onl_10c5f3/div_Help  Settings' is clicked on

08-02-2024T13:20:10 - [MESSAGE][PASSED] - Object: 'Object Repository/account_creation/invalid_name/Page_Online Shopping site in India Shop Onl_10c5f3/div_Help  Settings' is clicked on

08-02-2024T13:20:10 - [TEST_STEP][PASSED] - verifyElementText(findTestObject("Object Repository/account_creation/invalid_name/Page_Online Shopping site in India Shop Onl_10c5f3/div_Help  Settings"), "Help & Settings"): Actual text and expected text of test object 'Object Repository/account_creation/invalid_name/Page_Online Shopping site in India Shop Onl_10c5f3/div_Help  Settings' are matched.

08-02-2024T13:20:11 - [MESSAGE][PASSED] - Actual text and expected text of test object 'Object Repository/account_creation/invalid_name/Page_Online Shopping site in India Shop Onl_10c5f3/div_Help  Settings' are matched.

08-02-2024T13:20:11 - [TEST_STEP][PASSED] - click(findTestObject("Object Repository/account_creation/invalid_name/Page_Online Shopping site in India Shop Onl_10c5f3/a_Sign in")): Object: 'Object Repository/account_creation/invalid_name/Page_Online Shopping site in India Shop Onl_10c5f3/a_Sign in' is clicked on

08-02-2024T13:20:12 - [MESSAGE][PASSED] - Object: 'Object Repository/account_creation/invalid_name/Page_Online Shopping site in India Shop Onl_10c5f3/a_Sign in' is clicked on

08-02-2024T13:20:12 - [TEST_STEP][PASSED] - click(findTestObject("Object Repository/account_creation/invalid_name/Page_Amazon Sign In/h5_New to Amazon")): Object: 'Object Repository/account_creation/invalid_name/Page_Amazon Sign In/h5_New to Amazon' is clicked on

08-02-2024T13:20:13 - [MESSAGE][PASSED] - Object: 'Object Repository/account_creation/invalid_name/Page_Amazon Sign In/h5_New to Amazon' is clicked on

08-02-2024T13:20:13 - [TEST_STEP][PASSED] - verifyElementText(findTestObject("Object Repository/account_creation/invalid_name/Page_Amazon Sign In/h5_New to Amazon"), "New to Amazon?"): Actual text and expected text of test object 'Object Repository/account_creation/invalid_name/Page_Amazon Sign In/h5_New to Amazon' are matched.

08-02-2024T13:20:14 - [MESSAGE][PASSED] - Actual text and expected text of test object 'Object Repository/account_creation/invalid_name/Page_Amazon Sign In/h5_New to Amazon' are matched.

08-02-2024T13:20:14 - [TEST_STEP][PASSED] - click(findTestObject("Object Repository/account_creation/invalid_name/Page_Amazon Sign In/a_Create your Amazon account")): Object: 'Object Repository/account_creation/invalid_name/Page_Amazon Sign In/a_Create your Amazon account' is clicked on

08-02-2024T13:20:15 - [MESSAGE][PASSED] - Object: 'Object Repository/account_creation/invalid_name/Page_Amazon Sign In/a_Create your Amazon account' is clicked on

08-02-2024T13:20:15 - [TEST_STEP][PASSED] - setText(findTestObject("Object Repository/account_creation/invalid_name/Page_Amazon Registration/input_email"), "7779970102"): Text '7779970102' is set on object 'Object Repository/account_creation/invalid_name/Page_Amazon Registration/input_email'

08-02-2024T13:20:17 - [MESSAGE][PASSED] - Text '7779970102' is set on object 'Object Repository/account_creation/invalid_name/Page_Amazon Registration/input_email'

08-02-2024T13:20:17 - [TEST_STEP][PASSED] - setEncryptedText(findTestObject("Object Repository/account_creation/invalid_name/Page_Amazon Registration/input_password"), "MFyDUS+SCPQ="): Text ****** has been set on object 'Object Repository/account_creation/invalid_name/Page_Amazon Registration/input_password'

08-02-2024T13:20:17 - [MESSAGE][PASSED] - Text ****** has been set on object 'Object Repository/account_creation/invalid_name/Page_Amazon Registration/input_password'

08-02-2024T13:20:17 - [TEST_STEP][PASSED] - click(findTestObject("Object Repository/account_creation/invalid_name/Page_Amazon Registration/inputcontinue")): Object: 'Object Repository/account_creation/invalid_name/Page_Amazon Registration/inputcontinue' is clicked on

08-02-2024T13:20:18 - [MESSAGE][PASSED] - Object: 'Object Repository/account_creation/invalid_name/Page_Amazon Registration/inputcontinue' is clicked on

08-02-2024T13:20:18 - [TEST_STEP][PASSED] - closeBrowser(): Browser is closed

08-02-2024T13:20:18 - [MESSAGE][PASSED] - Browser is closed

08-02-2024T13:20:18 - [TEST_STEP][PASSED] - Start listener action : sampleAfterTestCase: Browser is closed

08-02-2024T13:20:18 - [TEST_STEP][PASSED] - closeBrowser(): Browser is closed

08-02-2024T13:20:18 - [MESSAGE][PASSED] - Browser is closed]]></system-out>
         <system-err><![CDATA[]]></system-err>
      </testcase>
      <testcase name="Test Cases/account_creation/invalid_phone_number" time="18.121" classname="Test Cases/account_creation/invalid_phone_number" status="PASSED">
         <system-out><![CDATA[08-02-2024T13:20:18 - [TEST_CASE][PASSED] - Test Cases/account_creation/invalid_phone_number: Test Cases/account_creation/invalid_phone_number

08-02-2024T13:20:18 - [TEST_STEP][PASSED] - Start listener action : sampleBeforeTestCase: Navigate to 'https://www.amazon.in/' successfully

08-02-2024T13:20:18 - [TEST_STEP][PASSED] - openBrowser(""): Browser is opened with url: ''

08-02-2024T13:20:18 - [MESSAGE][INFO] - Starting 'Chrome' driver

08-02-2024T13:20:18 - [MESSAGE][INFO] - Action delay is set to 0 milliseconds

08-02-2024T13:20:19 - [MESSAGE][PASSED] - Browser is opened with url: ''

08-02-2024T13:20:19 - [TEST_STEP][PASSED] - navigateToUrl("https://www.amazon.in/"): Navigate to 'https://www.amazon.in/' successfully

08-02-2024T13:20:23 - [MESSAGE][PASSED] - Navigate to 'https://www.amazon.in/' successfully

08-02-2024T13:20:24 - [TEST_STEP][PASSED] - openBrowser(""): Browser is opened with url: ''

08-02-2024T13:20:24 - [MESSAGE][WARNING] - A browser is already opened. Closing browser and opening a new one

08-02-2024T13:20:24 - [MESSAGE][INFO] - Starting 'Chrome' driver

08-02-2024T13:20:24 - [MESSAGE][INFO] - Action delay is set to 0 milliseconds

08-02-2024T13:20:25 - [MESSAGE][PASSED] - Browser is opened with url: ''

08-02-2024T13:20:25 - [TEST_STEP][PASSED] - navigateToUrl("https://www.amazon.in/"): Navigate to 'https://www.amazon.in/' successfully

08-02-2024T13:20:30 - [MESSAGE][PASSED] - Navigate to 'https://www.amazon.in/' successfully

08-02-2024T13:20:30 - [TEST_STEP][PASSED] - click(findTestObject("Object Repository/account_creation/invalid_phone_number/Page_Online Shopping site in India Shop Onl_10c5f3/a_Start here")): Object: 'Object Repository/account_creation/invalid_phone_number/Page_Online Shopping site in India Shop Onl_10c5f3/a_Start here' is clicked on

08-02-2024T13:20:32 - [MESSAGE][PASSED] - Object: 'Object Repository/account_creation/invalid_phone_number/Page_Online Shopping site in India Shop Onl_10c5f3/a_Start here' is clicked on

08-02-2024T13:20:32 - [TEST_STEP][PASSED] - setText(findTestObject("Object Repository/account_creation/invalid_phone_number/Page_Amazon Registration/input_customerName"), "h h"): Text 'h h' is set on object 'Object Repository/account_creation/invalid_phone_number/Page_Amazon Registration/input_customerName'

08-02-2024T13:20:33 - [MESSAGE][PASSED] - Text 'h h' is set on object 'Object Repository/account_creation/invalid_phone_number/Page_Amazon Registration/input_customerName'

08-02-2024T13:20:33 - [TEST_STEP][PASSED] - setText(findTestObject("Object Repository/account_creation/invalid_phone_number/Page_Amazon Registration/input_email"), "0000000000"): Text '0000000000' is set on object 'Object Repository/account_creation/invalid_phone_number/Page_Amazon Registration/input_email'

08-02-2024T13:20:34 - [MESSAGE][PASSED] - Text '0000000000' is set on object 'Object Repository/account_creation/invalid_phone_number/Page_Amazon Registration/input_email'

08-02-2024T13:20:34 - [TEST_STEP][PASSED] - setEncryptedText(findTestObject("Object Repository/account_creation/invalid_phone_number/Page_Amazon Registration/input_password"), "qXOhtTXZ4k1zJv9BiaSJhQ=="): Text ****** has been set on object 'Object Repository/account_creation/invalid_phone_number/Page_Amazon Registration/input_password'

08-02-2024T13:20:34 - [MESSAGE][PASSED] - Text ****** has been set on object 'Object Repository/account_creation/invalid_phone_number/Page_Amazon Registration/input_password'

08-02-2024T13:20:34 - [TEST_STEP][PASSED] - click(findTestObject("Object Repository/account_creation/invalid_phone_number/Page_Amazon Registration/inputcontinue")): Object: 'Object Repository/account_creation/invalid_phone_number/Page_Amazon Registration/inputcontinue' is clicked on

08-02-2024T13:20:36 - [MESSAGE][PASSED] - Object: 'Object Repository/account_creation/invalid_phone_number/Page_Amazon Registration/inputcontinue' is clicked on

08-02-2024T13:20:36 - [TEST_STEP][PASSED] - closeBrowser(): Browser is closed

08-02-2024T13:20:36 - [MESSAGE][PASSED] - Browser is closed

08-02-2024T13:20:36 - [TEST_STEP][PASSED] - Start listener action : sampleAfterTestCase: Browser is closed

08-02-2024T13:20:36 - [TEST_STEP][PASSED] - closeBrowser(): Browser is closed

08-02-2024T13:20:36 - [MESSAGE][PASSED] - Browser is closed]]></system-out>
         <system-err><![CDATA[]]></system-err>
      </testcase>
      <testcase name="Test Cases/account_creation/no_password" time="65.004" classname="Test Cases/account_creation/no_password" status="PASSED">
         <system-out><![CDATA[08-02-2024T13:20:36 - [TEST_CASE][PASSED] - Test Cases/account_creation/no_password: Test Cases/account_creation/no_password

08-02-2024T13:20:36 - [TEST_STEP][PASSED] - Start listener action : sampleBeforeTestCase: Navigate to 'https://www.amazon.in/' successfully

08-02-2024T13:20:36 - [TEST_STEP][PASSED] - openBrowser(""): Browser is opened with url: ''

08-02-2024T13:20:36 - [MESSAGE][INFO] - Starting 'Chrome' driver

08-02-2024T13:20:36 - [MESSAGE][INFO] - Action delay is set to 0 milliseconds

08-02-2024T13:20:37 - [MESSAGE][PASSED] - Browser is opened with url: ''

08-02-2024T13:20:37 - [TEST_STEP][PASSED] - navigateToUrl("https://www.amazon.in/"): Navigate to 'https://www.amazon.in/' successfully

08-02-2024T13:20:40 - [MESSAGE][PASSED] - Navigate to 'https://www.amazon.in/' successfully

08-02-2024T13:20:41 - [TEST_STEP][PASSED] - openBrowser(""): Browser is opened with url: ''

08-02-2024T13:20:41 - [MESSAGE][WARNING] - A browser is already opened. Closing browser and opening a new one

08-02-2024T13:20:41 - [MESSAGE][INFO] - Starting 'Chrome' driver

08-02-2024T13:20:41 - [MESSAGE][INFO] - Action delay is set to 0 milliseconds

08-02-2024T13:20:42 - [MESSAGE][PASSED] - Browser is opened with url: ''

08-02-2024T13:20:42 - [TEST_STEP][PASSED] - navigateToUrl("https://www.amazon.in/"): Navigate to 'https://www.amazon.in/' successfully

08-02-2024T13:20:45 - [MESSAGE][PASSED] - Navigate to 'https://www.amazon.in/' successfully

08-02-2024T13:20:45 - [TEST_STEP][PASSED] - click(findTestObject("Object Repository/account_creation/no_password/Page_Online Shopping site in India Shop Onl_10c5f3/i_hm-icon nav-sprite")): Object: 'Object Repository/account_creation/no_password/Page_Online Shopping site in India Shop Onl_10c5f3/i_hm-icon nav-sprite' is clicked on

08-02-2024T13:21:32 - [MESSAGE][PASSED] - Object: 'Object Repository/account_creation/no_password/Page_Online Shopping site in India Shop Onl_10c5f3/i_hm-icon nav-sprite' is clicked on

08-02-2024T13:21:32 - [TEST_STEP][PASSED] - click(findTestObject("Object Repository/account_creation/no_password/Page_Online Shopping site in India Shop Onl_10c5f3/div_Help  Settings")): Object: 'Object Repository/account_creation/no_password/Page_Online Shopping site in India Shop Onl_10c5f3/div_Help  Settings' is clicked on

08-02-2024T13:21:34 - [MESSAGE][PASSED] - Object: 'Object Repository/account_creation/no_password/Page_Online Shopping site in India Shop Onl_10c5f3/div_Help  Settings' is clicked on

08-02-2024T13:21:34 - [TEST_STEP][PASSED] - verifyElementText(findTestObject("Object Repository/account_creation/no_password/Page_Online Shopping site in India Shop Onl_10c5f3/div_Help  Settings"), "Help & Settings"): Actual text and expected text of test object 'Object Repository/account_creation/no_password/Page_Online Shopping site in India Shop Onl_10c5f3/div_Help  Settings' are matched.

08-02-2024T13:21:34 - [MESSAGE][PASSED] - Actual text and expected text of test object 'Object Repository/account_creation/no_password/Page_Online Shopping site in India Shop Onl_10c5f3/div_Help  Settings' are matched.

08-02-2024T13:21:34 - [TEST_STEP][PASSED] - click(findTestObject("Object Repository/account_creation/no_password/Page_Online Shopping site in India Shop Onl_10c5f3/a_Sign in")): Object: 'Object Repository/account_creation/no_password/Page_Online Shopping site in India Shop Onl_10c5f3/a_Sign in' is clicked on

08-02-2024T13:21:36 - [MESSAGE][PASSED] - Object: 'Object Repository/account_creation/no_password/Page_Online Shopping site in India Shop Onl_10c5f3/a_Sign in' is clicked on

08-02-2024T13:21:36 - [TEST_STEP][PASSED] - click(findTestObject("Object Repository/account_creation/no_password/Page_Amazon Sign In/h5_New to Amazon")): Object: 'Object Repository/account_creation/no_password/Page_Amazon Sign In/h5_New to Amazon' is clicked on

08-02-2024T13:21:37 - [MESSAGE][PASSED] - Object: 'Object Repository/account_creation/no_password/Page_Amazon Sign In/h5_New to Amazon' is clicked on

08-02-2024T13:21:37 - [TEST_STEP][PASSED] - verifyElementText(findTestObject("Object Repository/account_creation/no_password/Page_Amazon Sign In/h5_New to Amazon"), "New to Amazon?"): Actual text and expected text of test object 'Object Repository/account_creation/no_password/Page_Amazon Sign In/h5_New to Amazon' are matched.

08-02-2024T13:21:38 - [MESSAGE][PASSED] - Actual text and expected text of test object 'Object Repository/account_creation/no_password/Page_Amazon Sign In/h5_New to Amazon' are matched.

08-02-2024T13:21:38 - [TEST_STEP][PASSED] - click(findTestObject("Object Repository/account_creation/no_password/Page_Amazon Sign In/a_Create your Amazon account")): Object: 'Object Repository/account_creation/no_password/Page_Amazon Sign In/a_Create your Amazon account' is clicked on

08-02-2024T13:21:39 - [MESSAGE][PASSED] - Object: 'Object Repository/account_creation/no_password/Page_Amazon Sign In/a_Create your Amazon account' is clicked on

08-02-2024T13:21:39 - [TEST_STEP][PASSED] - setText(findTestObject("Object Repository/account_creation/no_password/Page_Amazon Registration/input_customerName"), "H"): Text 'H' is set on object 'Object Repository/account_creation/no_password/Page_Amazon Registration/input_customerName'

08-02-2024T13:21:40 - [MESSAGE][PASSED] - Text 'H' is set on object 'Object Repository/account_creation/no_password/Page_Amazon Registration/input_customerName'

08-02-2024T13:21:40 - [TEST_STEP][PASSED] - setText(findTestObject("Object Repository/account_creation/no_password/Page_Amazon Registration/input_email"), "7779970102"): Text '7779970102' is set on object 'Object Repository/account_creation/no_password/Page_Amazon Registration/input_email'

08-02-2024T13:21:40 - [MESSAGE][PASSED] - Text '7779970102' is set on object 'Object Repository/account_creation/no_password/Page_Amazon Registration/input_email'

08-02-2024T13:21:40 - [TEST_STEP][PASSED] - click(findTestObject("Object Repository/account_creation/no_password/Page_Amazon Registration/inputcontinue")): Object: 'Object Repository/account_creation/no_password/Page_Amazon Registration/inputcontinue' is clicked on

08-02-2024T13:21:41 - [MESSAGE][PASSED] - Object: 'Object Repository/account_creation/no_password/Page_Amazon Registration/inputcontinue' is clicked on

08-02-2024T13:21:41 - [TEST_STEP][PASSED] - closeBrowser(): Browser is closed

08-02-2024T13:21:41 - [MESSAGE][PASSED] - Browser is closed

08-02-2024T13:21:41 - [TEST_STEP][PASSED] - Start listener action : sampleAfterTestCase: Browser is closed

08-02-2024T13:21:41 - [TEST_STEP][PASSED] - closeBrowser(): Browser is closed

08-02-2024T13:21:41 - [MESSAGE][PASSED] - Browser is closed]]></system-out>
         <system-err><![CDATA[]]></system-err>
      </testcase>
      <testcase name="Test Cases/account_creation/phone_number_exists001" time="37.807" classname="Test Cases/account_creation/phone_number_exists001" status="PASSED">
         <system-out><![CDATA[08-02-2024T13:22:37 - [TEST_CASE][PASSED] - Test Cases/account_creation/phone_number_exists001: Test Cases/account_creation/phone_number_exists001

08-02-2024T13:22:37 - [TEST_STEP][PASSED] - Start listener action : sampleBeforeTestCase: Navigate to 'https://www.amazon.in/' successfully

08-02-2024T13:22:37 - [TEST_STEP][PASSED] - openBrowser(""): Browser is opened with url: ''

08-02-2024T13:22:37 - [MESSAGE][INFO] - Starting 'Chrome' driver

08-02-2024T13:22:37 - [MESSAGE][INFO] - Action delay is set to 0 milliseconds

08-02-2024T13:22:38 - [MESSAGE][PASSED] - Browser is opened with url: ''

08-02-2024T13:22:38 - [TEST_STEP][PASSED] - navigateToUrl("https://www.amazon.in/"): Navigate to 'https://www.amazon.in/' successfully

08-02-2024T13:22:43 - [MESSAGE][PASSED] - Navigate to 'https://www.amazon.in/' successfully

08-02-2024T13:22:43 - [TEST_STEP][PASSED] - openBrowser(""): Browser is opened with url: ''

08-02-2024T13:22:43 - [MESSAGE][WARNING] - A browser is already opened. Closing browser and opening a new one

08-02-2024T13:22:43 - [MESSAGE][INFO] - Starting 'Chrome' driver

08-02-2024T13:22:43 - [MESSAGE][INFO] - Action delay is set to 0 milliseconds

08-02-2024T13:22:44 - [MESSAGE][PASSED] - Browser is opened with url: ''

08-02-2024T13:22:44 - [TEST_STEP][PASSED] - navigateToUrl("https://www.amazon.in/"): Navigate to 'https://www.amazon.in/' successfully

08-02-2024T13:22:48 - [MESSAGE][PASSED] - Navigate to 'https://www.amazon.in/' successfully

08-02-2024T13:22:48 - [TEST_STEP][PASSED] - click(findTestObject("Object Repository/account_creation/phone_number_exists001/Page_Online Shopping site in India Shop Onl_10c5f3/i_hm-icon nav-sprite")): Object: 'Object Repository/account_creation/phone_number_exists001/Page_Online Shopping site in India Shop Onl_10c5f3/i_hm-icon nav-sprite' is clicked on

08-02-2024T13:22:50 - [MESSAGE][PASSED] - Object: 'Object Repository/account_creation/phone_number_exists001/Page_Online Shopping site in India Shop Onl_10c5f3/i_hm-icon nav-sprite' is clicked on

08-02-2024T13:22:50 - [TEST_STEP][PASSED] - click(findTestObject("Object Repository/account_creation/phone_number_exists001/Page_Online Shopping site in India Shop Onl_10c5f3/b_Hello, sign in")): Object: 'Object Repository/account_creation/phone_number_exists001/Page_Online Shopping site in India Shop Onl_10c5f3/b_Hello, sign in' is clicked on

08-02-2024T13:22:52 - [MESSAGE][PASSED] - Object: 'Object Repository/account_creation/phone_number_exists001/Page_Online Shopping site in India Shop Onl_10c5f3/b_Hello, sign in' is clicked on

08-02-2024T13:22:52 - [TEST_STEP][PASSED] - click(findTestObject("Object Repository/account_creation/phone_number_exists001/Page_Amazon Sign In/h5_New to Amazon")): Object: 'Object Repository/account_creation/phone_number_exists001/Page_Amazon Sign In/h5_New to Amazon' is clicked on

08-02-2024T13:22:53 - [MESSAGE][PASSED] - Object: 'Object Repository/account_creation/phone_number_exists001/Page_Amazon Sign In/h5_New to Amazon' is clicked on

08-02-2024T13:22:53 - [TEST_STEP][PASSED] - verifyElementText(findTestObject("Object Repository/account_creation/phone_number_exists001/Page_Amazon Sign In/h5_New to Amazon"), "New to Amazon?"): Actual text and expected text of test object 'Object Repository/account_creation/phone_number_exists001/Page_Amazon Sign In/h5_New to Amazon' are matched.

08-02-2024T13:22:54 - [MESSAGE][PASSED] - Actual text and expected text of test object 'Object Repository/account_creation/phone_number_exists001/Page_Amazon Sign In/h5_New to Amazon' are matched.

08-02-2024T13:22:54 - [TEST_STEP][PASSED] - click(findTestObject("Object Repository/account_creation/phone_number_exists001/Page_Amazon Sign In/a_Create your Amazon account")): Object: 'Object Repository/account_creation/phone_number_exists001/Page_Amazon Sign In/a_Create your Amazon account' is clicked on

08-02-2024T13:22:55 - [MESSAGE][PASSED] - Object: 'Object Repository/account_creation/phone_number_exists001/Page_Amazon Sign In/a_Create your Amazon account' is clicked on

08-02-2024T13:22:55 - [TEST_STEP][PASSED] - setText(findTestObject("Object Repository/account_creation/phone_number_exists001/Page_Amazon Registration/input_customerName"), "H"): Text 'H' is set on object 'Object Repository/account_creation/phone_number_exists001/Page_Amazon Registration/input_customerName'

08-02-2024T13:22:56 - [MESSAGE][PASSED] - Text 'H' is set on object 'Object Repository/account_creation/phone_number_exists001/Page_Amazon Registration/input_customerName'

08-02-2024T13:22:56 - [TEST_STEP][PASSED] - setText(findTestObject("Object Repository/account_creation/phone_number_exists001/Page_Amazon Registration/input_email"), "7779970102"): Text '7779970102' is set on object 'Object Repository/account_creation/phone_number_exists001/Page_Amazon Registration/input_email'

08-02-2024T13:22:57 - [MESSAGE][PASSED] - Text '7779970102' is set on object 'Object Repository/account_creation/phone_number_exists001/Page_Amazon Registration/input_email'

08-02-2024T13:22:57 - [TEST_STEP][PASSED] - setEncryptedText(findTestObject("Object Repository/account_creation/phone_number_exists001/Page_Amazon Registration/input_password"), "MFyDUS+SCPQ="): Text ****** has been set on object 'Object Repository/account_creation/phone_number_exists001/Page_Amazon Registration/input_password'

08-02-2024T13:22:57 - [MESSAGE][PASSED] - Text ****** has been set on object 'Object Repository/account_creation/phone_number_exists001/Page_Amazon Registration/input_password'

08-02-2024T13:22:57 - [TEST_STEP][PASSED] - click(findTestObject("Object Repository/account_creation/phone_number_exists001/Page_Amazon Registration/inputcontinue")): Object: 'Object Repository/account_creation/phone_number_exists001/Page_Amazon Registration/inputcontinue' is clicked on

08-02-2024T13:22:59 - [MESSAGE][PASSED] - Object: 'Object Repository/account_creation/phone_number_exists001/Page_Amazon Registration/inputcontinue' is clicked on

08-02-2024T13:22:59 - [TEST_STEP][PASSED] - click(findTestObject("Object Repository/account_creation/phone_number_exists001/Page_/div_Mobile number already in use          Y_bd9461")): Object: 'Object Repository/account_creation/phone_number_exists001/Page_/div_Mobile number already in use          Y_bd9461' is clicked on

08-02-2024T13:23:15 - [MESSAGE][PASSED] - Object: 'Object Repository/account_creation/phone_number_exists001/Page_/div_Mobile number already in use          Y_bd9461' is clicked on

08-02-2024T13:23:15 - [TEST_STEP][PASSED] - closeBrowser(): Browser is closed

08-02-2024T13:23:15 - [MESSAGE][PASSED] - Browser is closed

08-02-2024T13:23:15 - [TEST_STEP][PASSED] - Start listener action : sampleAfterTestCase: Browser is closed

08-02-2024T13:23:15 - [TEST_STEP][PASSED] - closeBrowser(): Browser is closed

08-02-2024T13:23:15 - [MESSAGE][PASSED] - Browser is closed]]></system-out>
         <system-err><![CDATA[]]></system-err>
      </testcase>
      <system-out><![CDATA[08-02-2024T13:18:07 - [TEST_SUITE][FAILED] - account_creation_errors: Test Cases/account_creation/invalid_name FAILED.
Reason:
com.kms.katalon.core.exception.StepFailedException: Unable to click on object 'Object Repository/account_creation/invalid_name/Page_Amazon Sign In/h5_New to Amazon'
	at com.kms.katalon.core.webui.keyword.internal.WebUIKeywordMain.stepFailed(WebUIKeywordMain.groovy:64)
	at com.kms.katalon.core.webui.keyword.internal.WebUIKeywordMain.runKeyword(WebUIKeywordMain.groovy:26)
	at com.kms.katalon.core.webui.keyword.builtin.ClickKeyword.click(ClickKeyword.groovy:74)
	at com.kms.katalon.core.webui.keyword.builtin.ClickKeyword.execute(ClickKeyword.groovy:40)
	at com.kms.katalon.core.keyword.internal.KeywordExecutor.executeKeywordForPlatform(KeywordExecutor.groovy:74)
	at com.kms.katalon.core.webui.keyword.WebUiBuiltInKeywords.click(WebUiBuiltInKeywords.groovy:659)
	at invalid_name.run(invalid_name:33)
	at com.kms.katalon.core.main.ScriptEngine.run(ScriptEngine.java:194)
	at com.kms.katalon.core.main.ScriptEngine.runScriptAsRawText(ScriptEngine.java:119)
	at com.kms.katalon.core.main.TestCaseExecutor.runScript(TestCaseExecutor.java:448)
	at com.kms.katalon.core.main.TestCaseExecutor.doExecute(TestCaseExecutor.java:439)
	at com.kms.katalon.core.main.TestCaseExecutor.processExecutionPhase(TestCaseExecutor.java:418)
	at com.kms.katalon.core.main.TestCaseExecutor.accessMainPhase(TestCaseExecutor.java:410)
	at com.kms.katalon.core.main.TestCaseExecutor.execute(TestCaseExecutor.java:285)
	at com.kms.katalon.core.common.CommonExecutor.accessTestCaseMainPhase(CommonExecutor.java:65)
	at com.kms.katalon.core.main.TestSuiteExecutor.accessTestSuiteMainPhase(TestSuiteExecutor.java:148)
	at com.kms.katalon.core.main.TestSuiteExecutor.execute(TestSuiteExecutor.java:106)
	at com.kms.katalon.core.main.TestCaseMain.startTestSuite(TestCaseMain.java:180)
	at TempTestSuite1707378470399.run(TempTestSuite1707378470399.groovy:36)
	at java.base/jdk.internal.reflect.NativeMethodAccessorImpl.invoke0(Native Method)
	at java.base/jdk.internal.reflect.NativeMethodAccessorImpl.invoke(NativeMethodAccessorImpl.java:77)
	at java.base/jdk.internal.reflect.DelegatingMethodAccessorImpl.invoke(DelegatingMethodAccessorImpl.java:43)
Caused by: com.kms.katalon.core.webui.exception.WebElementNotFoundException: Web element with id: 'Object Repository/account_creation/invalid_name/Page_Amazon Sign In/h5_New to Amazon' located by '//div[@id='authportal-main-section']/div[2]/div[2]/div[2]/h5' not found
	at com.kms.katalon.core.webui.common.WebUiCommonHelper.findWebElement(WebUiCommonHelper.java:1379)
	at com.kms.katalon.core.webui.keyword.internal.WebUIAbstractKeyword.findWebElement(WebUIAbstractKeyword.groovy:27)
	at com.kms.katalon.core.webui.keyword.builtin.ClickKeyword$_click_closure1.doCall(ClickKeyword.groovy:65)
	at com.kms.katalon.core.webui.keyword.builtin.ClickKeyword$_click_closure1.call(ClickKeyword.groovy)
	at com.kms.katalon.core.webui.keyword.internal.WebUIKeywordMain.runKeyword(WebUIKeywordMain.groovy:20)
	... 20 more]]></system-out>
      <system-err><![CDATA[08-02-2024T13:18:07 - [TEST_SUITE][FAILED] - account_creation_errors: Test Cases/account_creation/invalid_name FAILED.
Reason:
com.kms.katalon.core.exception.StepFailedException: Unable to click on object 'Object Repository/account_creation/invalid_name/Page_Amazon Sign In/h5_New to Amazon'
	at com.kms.katalon.core.webui.keyword.internal.WebUIKeywordMain.stepFailed(WebUIKeywordMain.groovy:64)
	at com.kms.katalon.core.webui.keyword.internal.WebUIKeywordMain.runKeyword(WebUIKeywordMain.groovy:26)
	at com.kms.katalon.core.webui.keyword.builtin.ClickKeyword.click(ClickKeyword.groovy:74)
	at com.kms.katalon.core.webui.keyword.builtin.ClickKeyword.execute(ClickKeyword.groovy:40)
	at com.kms.katalon.core.keyword.internal.KeywordExecutor.executeKeywordForPlatform(KeywordExecutor.groovy:74)
	at com.kms.katalon.core.webui.keyword.WebUiBuiltInKeywords.click(WebUiBuiltInKeywords.groovy:659)
	at invalid_name.run(invalid_name:33)
	at com.kms.katalon.core.main.ScriptEngine.run(ScriptEngine.java:194)
	at com.kms.katalon.core.main.ScriptEngine.runScriptAsRawText(ScriptEngine.java:119)
	at com.kms.katalon.core.main.TestCaseExecutor.runScript(TestCaseExecutor.java:448)
	at com.kms.katalon.core.main.TestCaseExecutor.doExecute(TestCaseExecutor.java:439)
	at com.kms.katalon.core.main.TestCaseExecutor.processExecutionPhase(TestCaseExecutor.java:418)
	at com.kms.katalon.core.main.TestCaseExecutor.accessMainPhase(TestCaseExecutor.java:410)
	at com.kms.katalon.core.main.TestCaseExecutor.execute(TestCaseExecutor.java:285)
	at com.kms.katalon.core.common.CommonExecutor.accessTestCaseMainPhase(CommonExecutor.java:65)
	at com.kms.katalon.core.main.TestSuiteExecutor.accessTestSuiteMainPhase(TestSuiteExecutor.java:148)
	at com.kms.katalon.core.main.TestSuiteExecutor.execute(TestSuiteExecutor.java:106)
	at com.kms.katalon.core.main.TestCaseMain.startTestSuite(TestCaseMain.java:180)
	at TempTestSuite1707378470399.run(TempTestSuite1707378470399.groovy:36)
	at java.base/jdk.internal.reflect.NativeMethodAccessorImpl.invoke0(Native Method)
	at java.base/jdk.internal.reflect.NativeMethodAccessorImpl.invoke(NativeMethodAccessorImpl.java:77)
	at java.base/jdk.internal.reflect.DelegatingMethodAccessorImpl.invoke(DelegatingMethodAccessorImpl.java:43)
Caused by: com.kms.katalon.core.webui.exception.WebElementNotFoundException: Web element with id: 'Object Repository/account_creation/invalid_name/Page_Amazon Sign In/h5_New to Amazon' located by '//div[@id='authportal-main-section']/div[2]/div[2]/div[2]/h5' not found
	at com.kms.katalon.core.webui.common.WebUiCommonHelper.findWebElement(WebUiCommonHelper.java:1379)
	at com.kms.katalon.core.webui.keyword.internal.WebUIAbstractKeyword.findWebElement(WebUIAbstractKeyword.groovy:27)
	at com.kms.katalon.core.webui.keyword.builtin.ClickKeyword$_click_closure1.doCall(ClickKeyword.groovy:65)
	at com.kms.katalon.core.webui.keyword.builtin.ClickKeyword$_click_closure1.call(ClickKeyword.groovy)
	at com.kms.katalon.core.webui.keyword.internal.WebUIKeywordMain.runKeyword(WebUIKeywordMain.groovy:20)
	... 20 more]]></system-err>
   </testsuite>
</testsuites>
