<?xml version="1.0" encoding="UTF-8"?>
<testsuites name="Amazon_Test Suite Collection" time="1510.162" tests="13" failures="2" errors="0">
   <testsuite name="account_creation_errors" tests="4" failures="1" errors="0" time="521.718" skipped="0" timestamp="08-02-2024T13:38:19" hostname="Devil - LAPTOP-V2P5S4MK.mshome.net" id="Test Suites/account_creation_errors/account_creation_errors">
      <properties>
         <property name="deviceName" value=""/>
         <property name="devicePlatform" value=""/>
         <property name="logFolder" value="C:\\Users\\Devil\\git\\SI-GuidedProject-705690-1704903143\\Reports\\20240208_133803\\account_creation_errors\\account_creation_errors\\20240208_133804"/>
         <property name="logFiles" value="C:\\Users\\Devil\\git\\SI-GuidedProject-705690-1704903143\\Reports\\20240208_133803\\account_creation_errors\\account_creation_errors\\20240208_133804\\execution0.log"/>
         <property name="attachments" value="C:\\Users\\Devil\\git\\SI-GuidedProject-705690-1704903143\\Reports\\20240208_133803\\account_creation_errors\\account_creation_errors\\20240208_133804\\1707379751586.png, C:\\Users\\Devil\\git\\SI-GuidedProject-705690-1704903143\\Reports\\20240208_133803\\account_creation_errors\\account_creation_errors\\20240208_133804\\1707379871363.png, C:\\Users\\Devil\\git\\SI-GuidedProject-705690-1704903143\\Reports\\20240208_133803\\account_creation_errors\\account_creation_errors\\20240208_133804\\1707380001472.png, C:\\Users\\Devil\\git\\SI-GuidedProject-705690-1704903143\\Reports\\20240208_133803\\account_creation_errors\\account_creation_errors\\20240208_133804\\1707380105853.png, C:\\Users\\Devil\\git\\SI-GuidedProject-705690-1704903143\\Reports\\20240208_133803\\account_creation_errors\\account_creation_errors\\20240208_133804\\1707380161383.png, C:\\Users\\Devil\\git\\SI-GuidedProject-705690-1704903143\\Reports\\20240208_133803\\account_creation_errors\\account_creation_errors\\20240208_133804\\1707380221000.png"/>
         <property name="hostName" value="Devil - LAPTOP-V2P5S4MK.mshome.net"/>
         <property name="os" value="Windows 10 64bit"/>
         <property name="katalonVersion" value="9.2.0.212"/>
         <property name="browser" value="Chrome 121.0.0.0"/>
         <property name="hostAddress" value="192.168.137.1"/>
         <property name="sessionId" value="1daace17396657308d49ea8fb95cb698"/>
         <property name="seleniumVersion" value="3.141.59"/>
         <property name="proxyInformation" value="ProxyInformation { proxyOption=NO_PROXY, proxyServerType=HTTP, username=, password=********, proxyServerAddress=, proxyServerPort=0, executionList=&quot;&quot;, isApplyToDesiredCapabilities=true }"/>
         <property name="platform" value="Windows 10"/>
      </properties>
      <testcase name="Test Cases/account_creation/invalid_name" time="20.242" classname="Test Cases/account_creation/invalid_name" status="PASSED">
         <system-out><![CDATA[08-02-2024T13:39:12 - [TEST_CASE][PASSED] - Test Cases/account_creation/invalid_name: Test Cases/account_creation/invalid_name

08-02-2024T13:39:12 - [TEST_STEP][PASSED] - Start listener action : sampleBeforeTestCase: Navigate to 'https://www.amazon.in/' successfully

08-02-2024T13:39:12 - [TEST_STEP][PASSED] - openBrowser(""): Browser is opened with url: ''

08-02-2024T13:39:12 - [MESSAGE][INFO] - Starting 'Chrome' driver

08-02-2024T13:39:12 - [MESSAGE][INFO] - Action delay is set to 0 milliseconds

08-02-2024T13:39:13 - [MESSAGE][PASSED] - Browser is opened with url: ''

08-02-2024T13:39:13 - [TEST_STEP][PASSED] - navigateToUrl("https://www.amazon.in/"): Navigate to 'https://www.amazon.in/' successfully

08-02-2024T13:39:16 - [MESSAGE][PASSED] - Navigate to 'https://www.amazon.in/' successfully

08-02-2024T13:39:16 - [TEST_STEP][PASSED] - openBrowser(""): Browser is opened with url: ''

08-02-2024T13:39:16 - [MESSAGE][WARNING] - A browser is already opened. Closing browser and opening a new one

08-02-2024T13:39:17 - [MESSAGE][INFO] - Starting 'Chrome' driver

08-02-2024T13:39:17 - [MESSAGE][INFO] - Action delay is set to 0 milliseconds

08-02-2024T13:39:17 - [MESSAGE][PASSED] - Browser is opened with url: ''

08-02-2024T13:39:17 - [TEST_STEP][PASSED] - navigateToUrl("https://www.amazon.in/"): Navigate to 'https://www.amazon.in/' successfully

08-02-2024T13:39:23 - [MESSAGE][PASSED] - Navigate to 'https://www.amazon.in/' successfully

08-02-2024T13:39:23 - [TEST_STEP][PASSED] - click(findTestObject("Object Repository/account_creation/invalid_name/Page_Online Shopping site in India Shop Onl_10c5f3/i_hm-icon nav-sprite")): Object: 'Object Repository/account_creation/invalid_name/Page_Online Shopping site in India Shop Onl_10c5f3/i_hm-icon nav-sprite' is clicked on

08-02-2024T13:39:24 - [MESSAGE][PASSED] - Object: 'Object Repository/account_creation/invalid_name/Page_Online Shopping site in India Shop Onl_10c5f3/i_hm-icon nav-sprite' is clicked on

08-02-2024T13:39:24 - [TEST_STEP][PASSED] - click(findTestObject("Object Repository/account_creation/invalid_name/Page_Online Shopping site in India Shop Onl_10c5f3/div_Help  Settings")): Object: 'Object Repository/account_creation/invalid_name/Page_Online Shopping site in India Shop Onl_10c5f3/div_Help  Settings' is clicked on

08-02-2024T13:39:25 - [MESSAGE][PASSED] - Object: 'Object Repository/account_creation/invalid_name/Page_Online Shopping site in India Shop Onl_10c5f3/div_Help  Settings' is clicked on

08-02-2024T13:39:25 - [TEST_STEP][PASSED] - verifyElementText(findTestObject("Object Repository/account_creation/invalid_name/Page_Online Shopping site in India Shop Onl_10c5f3/div_Help  Settings"), "Help & Settings"): Actual text and expected text of test object 'Object Repository/account_creation/invalid_name/Page_Online Shopping site in India Shop Onl_10c5f3/div_Help  Settings' are matched.

08-02-2024T13:39:25 - [MESSAGE][PASSED] - Actual text and expected text of test object 'Object Repository/account_creation/invalid_name/Page_Online Shopping site in India Shop Onl_10c5f3/div_Help  Settings' are matched.

08-02-2024T13:39:25 - [TEST_STEP][PASSED] - click(findTestObject("Object Repository/account_creation/invalid_name/Page_Online Shopping site in India Shop Onl_10c5f3/a_Sign in")): Object: 'Object Repository/account_creation/invalid_name/Page_Online Shopping site in India Shop Onl_10c5f3/a_Sign in' is clicked on

08-02-2024T13:39:27 - [MESSAGE][PASSED] - Object: 'Object Repository/account_creation/invalid_name/Page_Online Shopping site in India Shop Onl_10c5f3/a_Sign in' is clicked on

08-02-2024T13:39:27 - [TEST_STEP][PASSED] - click(findTestObject("Object Repository/account_creation/invalid_name/Page_Amazon Sign In/h5_New to Amazon")): Object: 'Object Repository/account_creation/invalid_name/Page_Amazon Sign In/h5_New to Amazon' is clicked on

08-02-2024T13:39:28 - [MESSAGE][PASSED] - Object: 'Object Repository/account_creation/invalid_name/Page_Amazon Sign In/h5_New to Amazon' is clicked on

08-02-2024T13:39:28 - [TEST_STEP][PASSED] - verifyElementText(findTestObject("Object Repository/account_creation/invalid_name/Page_Amazon Sign In/h5_New to Amazon"), "New to Amazon?"): Actual text and expected text of test object 'Object Repository/account_creation/invalid_name/Page_Amazon Sign In/h5_New to Amazon' are matched.

08-02-2024T13:39:28 - [MESSAGE][PASSED] - Actual text and expected text of test object 'Object Repository/account_creation/invalid_name/Page_Amazon Sign In/h5_New to Amazon' are matched.

08-02-2024T13:39:28 - [TEST_STEP][PASSED] - click(findTestObject("Object Repository/account_creation/invalid_name/Page_Amazon Sign In/a_Create your Amazon account")): Object: 'Object Repository/account_creation/invalid_name/Page_Amazon Sign In/a_Create your Amazon account' is clicked on

08-02-2024T13:39:29 - [MESSAGE][PASSED] - Object: 'Object Repository/account_creation/invalid_name/Page_Amazon Sign In/a_Create your Amazon account' is clicked on

08-02-2024T13:39:29 - [TEST_STEP][PASSED] - setText(findTestObject("Object Repository/account_creation/invalid_name/Page_Amazon Registration/input_email"), "7779970102"): Text '7779970102' is set on object 'Object Repository/account_creation/invalid_name/Page_Amazon Registration/input_email'

08-02-2024T13:39:30 - [MESSAGE][PASSED] - Text '7779970102' is set on object 'Object Repository/account_creation/invalid_name/Page_Amazon Registration/input_email'

08-02-2024T13:39:30 - [TEST_STEP][PASSED] - setEncryptedText(findTestObject("Object Repository/account_creation/invalid_name/Page_Amazon Registration/input_password"), "MFyDUS+SCPQ="): Text ****** has been set on object 'Object Repository/account_creation/invalid_name/Page_Amazon Registration/input_password'

08-02-2024T13:39:31 - [MESSAGE][PASSED] - Text ****** has been set on object 'Object Repository/account_creation/invalid_name/Page_Amazon Registration/input_password'

08-02-2024T13:39:31 - [TEST_STEP][PASSED] - click(findTestObject("Object Repository/account_creation/invalid_name/Page_Amazon Registration/inputcontinue")): Object: 'Object Repository/account_creation/invalid_name/Page_Amazon Registration/inputcontinue' is clicked on

08-02-2024T13:39:32 - [MESSAGE][PASSED] - Object: 'Object Repository/account_creation/invalid_name/Page_Amazon Registration/inputcontinue' is clicked on

08-02-2024T13:39:32 - [TEST_STEP][PASSED] - closeBrowser(): Browser is closed

08-02-2024T13:39:32 - [MESSAGE][PASSED] - Browser is closed

08-02-2024T13:39:32 - [TEST_STEP][PASSED] - Start listener action : sampleAfterTestCase: Browser is closed

08-02-2024T13:39:32 - [TEST_STEP][PASSED] - closeBrowser(): Browser is closed

08-02-2024T13:39:32 - [MESSAGE][PASSED] - Browser is closed]]></system-out>
         <system-err><![CDATA[]]></system-err>
      </testcase>
      <testcase name="Test Cases/account_creation/invalid_phone_number" time="18.612" classname="Test Cases/account_creation/invalid_phone_number" status="PASSED">
         <system-out><![CDATA[08-02-2024T13:41:12 - [TEST_CASE][PASSED] - Test Cases/account_creation/invalid_phone_number: Test Cases/account_creation/invalid_phone_number

08-02-2024T13:41:12 - [TEST_STEP][PASSED] - Start listener action : sampleBeforeTestCase: Navigate to 'https://www.amazon.in/' successfully

08-02-2024T13:41:12 - [TEST_STEP][PASSED] - openBrowser(""): Browser is opened with url: ''

08-02-2024T13:41:12 - [MESSAGE][INFO] - Starting 'Chrome' driver

08-02-2024T13:41:12 - [MESSAGE][INFO] - Action delay is set to 0 milliseconds

08-02-2024T13:41:12 - [MESSAGE][PASSED] - Browser is opened with url: ''

08-02-2024T13:41:12 - [TEST_STEP][PASSED] - navigateToUrl("https://www.amazon.in/"): Navigate to 'https://www.amazon.in/' successfully

08-02-2024T13:41:18 - [MESSAGE][PASSED] - Navigate to 'https://www.amazon.in/' successfully

08-02-2024T13:41:18 - [TEST_STEP][PASSED] - openBrowser(""): Browser is opened with url: ''

08-02-2024T13:41:18 - [MESSAGE][WARNING] - A browser is already opened. Closing browser and opening a new one

08-02-2024T13:41:19 - [MESSAGE][INFO] - Starting 'Chrome' driver

08-02-2024T13:41:19 - [MESSAGE][INFO] - Action delay is set to 0 milliseconds

08-02-2024T13:41:20 - [MESSAGE][PASSED] - Browser is opened with url: ''

08-02-2024T13:41:20 - [TEST_STEP][PASSED] - navigateToUrl("https://www.amazon.in/"): Navigate to 'https://www.amazon.in/' successfully

08-02-2024T13:41:24 - [MESSAGE][PASSED] - Navigate to 'https://www.amazon.in/' successfully

08-02-2024T13:41:24 - [TEST_STEP][PASSED] - click(findTestObject("Object Repository/account_creation/invalid_phone_number/Page_Online Shopping site in India Shop Onl_10c5f3/a_Start here")): Object: 'Object Repository/account_creation/invalid_phone_number/Page_Online Shopping site in India Shop Onl_10c5f3/a_Start here' is clicked on

08-02-2024T13:41:26 - [MESSAGE][PASSED] - Object: 'Object Repository/account_creation/invalid_phone_number/Page_Online Shopping site in India Shop Onl_10c5f3/a_Start here' is clicked on

08-02-2024T13:41:26 - [TEST_STEP][PASSED] - setText(findTestObject("Object Repository/account_creation/invalid_phone_number/Page_Amazon Registration/input_customerName"), "h h"): Text 'h h' is set on object 'Object Repository/account_creation/invalid_phone_number/Page_Amazon Registration/input_customerName'

08-02-2024T13:41:27 - [MESSAGE][PASSED] - Text 'h h' is set on object 'Object Repository/account_creation/invalid_phone_number/Page_Amazon Registration/input_customerName'

08-02-2024T13:41:27 - [TEST_STEP][PASSED] - setText(findTestObject("Object Repository/account_creation/invalid_phone_number/Page_Amazon Registration/input_email"), "0000000000"): Text '0000000000' is set on object 'Object Repository/account_creation/invalid_phone_number/Page_Amazon Registration/input_email'

08-02-2024T13:41:28 - [MESSAGE][PASSED] - Text '0000000000' is set on object 'Object Repository/account_creation/invalid_phone_number/Page_Amazon Registration/input_email'

08-02-2024T13:41:28 - [TEST_STEP][PASSED] - setEncryptedText(findTestObject("Object Repository/account_creation/invalid_phone_number/Page_Amazon Registration/input_password"), "qXOhtTXZ4k1zJv9BiaSJhQ=="): Text ****** has been set on object 'Object Repository/account_creation/invalid_phone_number/Page_Amazon Registration/input_password'

08-02-2024T13:41:29 - [MESSAGE][PASSED] - Text ****** has been set on object 'Object Repository/account_creation/invalid_phone_number/Page_Amazon Registration/input_password'

08-02-2024T13:41:29 - [TEST_STEP][PASSED] - click(findTestObject("Object Repository/account_creation/invalid_phone_number/Page_Amazon Registration/inputcontinue")): Object: 'Object Repository/account_creation/invalid_phone_number/Page_Amazon Registration/inputcontinue' is clicked on

08-02-2024T13:41:30 - [MESSAGE][PASSED] - Object: 'Object Repository/account_creation/invalid_phone_number/Page_Amazon Registration/inputcontinue' is clicked on

08-02-2024T13:41:30 - [TEST_STEP][PASSED] - closeBrowser(): Browser is closed

08-02-2024T13:41:30 - [MESSAGE][PASSED] - Browser is closed

08-02-2024T13:41:30 - [TEST_STEP][PASSED] - Start listener action : sampleAfterTestCase: Browser is closed

08-02-2024T13:41:30 - [TEST_STEP][PASSED] - closeBrowser(): Browser is closed

08-02-2024T13:41:30 - [MESSAGE][PASSED] - Browser is closed]]></system-out>
         <system-err><![CDATA[]]></system-err>
      </testcase>
      <testcase name="Test Cases/account_creation/no_password" time="66.56" classname="Test Cases/account_creation/no_password" status="PASSED">
         <system-out><![CDATA[08-02-2024T13:41:30 - [TEST_CASE][PASSED] - Test Cases/account_creation/no_password: Test Cases/account_creation/no_password

08-02-2024T13:41:30 - [TEST_STEP][PASSED] - Start listener action : sampleBeforeTestCase: Navigate to 'https://www.amazon.in/' successfully

08-02-2024T13:41:30 - [TEST_STEP][PASSED] - openBrowser(""): Browser is opened with url: ''

08-02-2024T13:41:30 - [MESSAGE][INFO] - Starting 'Chrome' driver

08-02-2024T13:41:30 - [MESSAGE][INFO] - Action delay is set to 0 milliseconds

08-02-2024T13:41:31 - [MESSAGE][PASSED] - Browser is opened with url: ''

08-02-2024T13:41:31 - [TEST_STEP][PASSED] - navigateToUrl("https://www.amazon.in/"): Navigate to 'https://www.amazon.in/' successfully

08-02-2024T13:41:35 - [MESSAGE][PASSED] - Navigate to 'https://www.amazon.in/' successfully

08-02-2024T13:41:35 - [TEST_STEP][PASSED] - openBrowser(""): Browser is opened with url: ''

08-02-2024T13:41:35 - [MESSAGE][WARNING] - A browser is already opened. Closing browser and opening a new one

08-02-2024T13:41:35 - [MESSAGE][INFO] - Starting 'Chrome' driver

08-02-2024T13:41:35 - [MESSAGE][INFO] - Action delay is set to 0 milliseconds

08-02-2024T13:41:36 - [MESSAGE][PASSED] - Browser is opened with url: ''

08-02-2024T13:41:36 - [TEST_STEP][PASSED] - navigateToUrl("https://www.amazon.in/"): Navigate to 'https://www.amazon.in/' successfully

08-02-2024T13:41:39 - [MESSAGE][PASSED] - Navigate to 'https://www.amazon.in/' successfully

08-02-2024T13:41:39 - [TEST_STEP][PASSED] - click(findTestObject("Object Repository/account_creation/no_password/Page_Online Shopping site in India Shop Onl_10c5f3/i_hm-icon nav-sprite")): Object: 'Object Repository/account_creation/no_password/Page_Online Shopping site in India Shop Onl_10c5f3/i_hm-icon nav-sprite' is clicked on

08-02-2024T13:42:27 - [MESSAGE][PASSED] - Object: 'Object Repository/account_creation/no_password/Page_Online Shopping site in India Shop Onl_10c5f3/i_hm-icon nav-sprite' is clicked on

08-02-2024T13:42:27 - [TEST_STEP][PASSED] - click(findTestObject("Object Repository/account_creation/no_password/Page_Online Shopping site in India Shop Onl_10c5f3/div_Help  Settings")): Object: 'Object Repository/account_creation/no_password/Page_Online Shopping site in India Shop Onl_10c5f3/div_Help  Settings' is clicked on

08-02-2024T13:42:28 - [MESSAGE][PASSED] - Object: 'Object Repository/account_creation/no_password/Page_Online Shopping site in India Shop Onl_10c5f3/div_Help  Settings' is clicked on

08-02-2024T13:42:28 - [TEST_STEP][PASSED] - verifyElementText(findTestObject("Object Repository/account_creation/no_password/Page_Online Shopping site in India Shop Onl_10c5f3/div_Help  Settings"), "Help & Settings"): Actual text and expected text of test object 'Object Repository/account_creation/no_password/Page_Online Shopping site in India Shop Onl_10c5f3/div_Help  Settings' are matched.

08-02-2024T13:42:29 - [MESSAGE][PASSED] - Actual text and expected text of test object 'Object Repository/account_creation/no_password/Page_Online Shopping site in India Shop Onl_10c5f3/div_Help  Settings' are matched.

08-02-2024T13:42:29 - [TEST_STEP][PASSED] - click(findTestObject("Object Repository/account_creation/no_password/Page_Online Shopping site in India Shop Onl_10c5f3/a_Sign in")): Object: 'Object Repository/account_creation/no_password/Page_Online Shopping site in India Shop Onl_10c5f3/a_Sign in' is clicked on

08-02-2024T13:42:31 - [MESSAGE][PASSED] - Object: 'Object Repository/account_creation/no_password/Page_Online Shopping site in India Shop Onl_10c5f3/a_Sign in' is clicked on

08-02-2024T13:42:31 - [TEST_STEP][PASSED] - click(findTestObject("Object Repository/account_creation/no_password/Page_Amazon Sign In/h5_New to Amazon")): Object: 'Object Repository/account_creation/no_password/Page_Amazon Sign In/h5_New to Amazon' is clicked on

08-02-2024T13:42:33 - [MESSAGE][PASSED] - Object: 'Object Repository/account_creation/no_password/Page_Amazon Sign In/h5_New to Amazon' is clicked on

08-02-2024T13:42:33 - [TEST_STEP][PASSED] - verifyElementText(findTestObject("Object Repository/account_creation/no_password/Page_Amazon Sign In/h5_New to Amazon"), "New to Amazon?"): Actual text and expected text of test object 'Object Repository/account_creation/no_password/Page_Amazon Sign In/h5_New to Amazon' are matched.

08-02-2024T13:42:33 - [MESSAGE][PASSED] - Actual text and expected text of test object 'Object Repository/account_creation/no_password/Page_Amazon Sign In/h5_New to Amazon' are matched.

08-02-2024T13:42:33 - [TEST_STEP][PASSED] - click(findTestObject("Object Repository/account_creation/no_password/Page_Amazon Sign In/a_Create your Amazon account")): Object: 'Object Repository/account_creation/no_password/Page_Amazon Sign In/a_Create your Amazon account' is clicked on

08-02-2024T13:42:34 - [MESSAGE][PASSED] - Object: 'Object Repository/account_creation/no_password/Page_Amazon Sign In/a_Create your Amazon account' is clicked on

08-02-2024T13:42:34 - [TEST_STEP][PASSED] - setText(findTestObject("Object Repository/account_creation/no_password/Page_Amazon Registration/input_customerName"), "H"): Text 'H' is set on object 'Object Repository/account_creation/no_password/Page_Amazon Registration/input_customerName'

08-02-2024T13:42:35 - [MESSAGE][PASSED] - Text 'H' is set on object 'Object Repository/account_creation/no_password/Page_Amazon Registration/input_customerName'

08-02-2024T13:42:35 - [TEST_STEP][PASSED] - setText(findTestObject("Object Repository/account_creation/no_password/Page_Amazon Registration/input_email"), "7779970102"): Text '7779970102' is set on object 'Object Repository/account_creation/no_password/Page_Amazon Registration/input_email'

08-02-2024T13:42:36 - [MESSAGE][PASSED] - Text '7779970102' is set on object 'Object Repository/account_creation/no_password/Page_Amazon Registration/input_email'

08-02-2024T13:42:36 - [TEST_STEP][PASSED] - click(findTestObject("Object Repository/account_creation/no_password/Page_Amazon Registration/inputcontinue")): Object: 'Object Repository/account_creation/no_password/Page_Amazon Registration/inputcontinue' is clicked on

08-02-2024T13:42:36 - [MESSAGE][PASSED] - Object: 'Object Repository/account_creation/no_password/Page_Amazon Registration/inputcontinue' is clicked on

08-02-2024T13:42:36 - [TEST_STEP][PASSED] - closeBrowser(): Browser is closed

08-02-2024T13:42:37 - [MESSAGE][PASSED] - Browser is closed

08-02-2024T13:42:37 - [TEST_STEP][PASSED] - Start listener action : sampleAfterTestCase: Browser is closed

08-02-2024T13:42:37 - [TEST_STEP][PASSED] - closeBrowser(): Browser is closed

08-02-2024T13:42:37 - [MESSAGE][PASSED] - Browser is closed]]></system-out>
         <system-err><![CDATA[]]></system-err>
      </testcase>
      <testcase name="Test Cases/account_creation/phone_number_exists001" time="59.599" classname="Test Cases/account_creation/phone_number_exists001" status="FAILED">
         <failure type="FAILED" message="Test Cases/account_creation/phone_number_exists001 FAILED.&#xa;Reason:&#xa;com.kms.katalon.core.exception.StepFailedException: Unable to click on object 'Object Repository/account_creation/phone_number_exists001/Page_/div_Mobile number already in use          Y_bd9461'&#xa;	at com.kms.katalon.core.webui.keyword.internal.WebUIKeywordMain.stepFailed(WebUIKeywordMain.groovy:64)&#xa;	at com.kms.katalon.core.webui.keyword.internal.WebUIKeywordMain.runKeyword(WebUIKeywordMain.groovy:26)&#xa;	at com.kms.katalon.core.webui.keyword.builtin.ClickKeyword.click(ClickKeyword.groovy:74)&#xa;	at com.kms.katalon.core.webui.keyword.builtin.ClickKeyword.execute(ClickKeyword.groovy:40)&#xa;	at com.kms.katalon.core.keyword.internal.KeywordExecutor.executeKeywordForPlatform(KeywordExecutor.groovy:74)&#xa;	at com.kms.katalon.core.webui.keyword.WebUiBuiltInKeywords.click(WebUiBuiltInKeywords.groovy:659)&#xa;	at phone_number_exists001.run(phone_number_exists001:46)&#xa;	at com.kms.katalon.core.main.ScriptEngine.run(ScriptEngine.java:194)&#xa;	at com.kms.katalon.core.main.ScriptEngine.runScriptAsRawText(ScriptEngine.java:119)&#xa;	at com.kms.katalon.core.main.TestCaseExecutor.runScript(TestCaseExecutor.java:448)&#xa;	at com.kms.katalon.core.main.TestCaseExecutor.doExecute(TestCaseExecutor.java:439)&#xa;	at com.kms.katalon.core.main.TestCaseExecutor.processExecutionPhase(TestCaseExecutor.java:418)&#xa;	at com.kms.katalon.core.main.TestCaseExecutor.accessMainPhase(TestCaseExecutor.java:410)&#xa;	at com.kms.katalon.core.main.TestCaseExecutor.execute(TestCaseExecutor.java:285)&#xa;	at com.kms.katalon.core.main.TestCaseExecutor.execute(TestCaseExecutor.java:369)&#xa;	at com.kms.katalon.core.main.TestCaseExecutor.execute(TestCaseExecutor.java:369)&#xa;	at com.kms.katalon.core.main.TestCaseExecutor.execute(TestCaseExecutor.java:369)&#xa;	at com.kms.katalon.core.common.CommonExecutor.accessTestCaseMainPhase(CommonExecutor.java:65)&#xa;	at com.kms.katalon.core.main.TestSuiteExecutor.accessTestSuiteMainPhase(TestSuiteExecutor.java:148)&#xa;	at com.kms.katalon.core.main.TestSuiteExecutor.execute(TestSuiteExecutor.java:106)&#xa;	at com.kms.katalon.core.main.TestCaseMain.startTestSuite(TestCaseMain.java:180)&#xa;	at TempTestSuite1707379684282.run(TempTestSuite1707379684282.groovy:36)&#xa;	at java.base/jdk.internal.reflect.NativeMethodAccessorImpl.invoke0(Native Method)&#xa;	at java.base/jdk.internal.reflect.NativeMethodAccessorImpl.invoke(NativeMethodAccessorImpl.java:77)&#xa;	at java.base/jdk.internal.reflect.DelegatingMethodAccessorImpl.invoke(DelegatingMethodAccessorImpl.java:43)&#xa;Caused by: com.kms.katalon.core.webui.exception.WebElementNotFoundException: Web element with id: 'Object Repository/account_creation/phone_number_exists001/Page_/div_Mobile number already in use          Y_bd9461' located by 'div.a-box.a-alert.a-alert-warning.a-spacing-base > div.a-box-inner.a-alert-container' not found&#xa;	at com.kms.katalon.core.webui.common.WebUiCommonHelper.findWebElement(WebUiCommonHelper.java:1379)&#xa;	at com.kms.katalon.core.webui.keyword.internal.WebUIAbstractKeyword.findWebElement(WebUIAbstractKeyword.groovy:27)&#xa;	at com.kms.katalon.core.webui.keyword.builtin.ClickKeyword$_click_closure1.doCall(ClickKeyword.groovy:65)&#xa;	at com.kms.katalon.core.webui.keyword.builtin.ClickKeyword$_click_closure1.call(ClickKeyword.groovy)&#xa;	at com.kms.katalon.core.webui.keyword.internal.WebUIKeywordMain.runKeyword(WebUIKeywordMain.groovy:20)&#xa;	... 23 more&#xa;"/>
         <system-out><![CDATA[08-02-2024T13:46:01 - [TEST_CASE][FAILED] - Test Cases/account_creation/phone_number_exists001: Test Cases/account_creation/phone_number_exists001 FAILED.
Reason:
com.kms.katalon.core.exception.StepFailedException: Unable to click on object 'Object Repository/account_creation/phone_number_exists001/Page_/div_Mobile number already in use          Y_bd9461'
	at com.kms.katalon.core.webui.keyword.internal.WebUIKeywordMain.stepFailed(WebUIKeywordMain.groovy:64)
	at com.kms.katalon.core.webui.keyword.internal.WebUIKeywordMain.runKeyword(WebUIKeywordMain.groovy:26)
	at com.kms.katalon.core.webui.keyword.builtin.ClickKeyword.click(ClickKeyword.groovy:74)
	at com.kms.katalon.core.webui.keyword.builtin.ClickKeyword.execute(ClickKeyword.groovy:40)
	at com.kms.katalon.core.keyword.internal.KeywordExecutor.executeKeywordForPlatform(KeywordExecutor.groovy:74)
	at com.kms.katalon.core.webui.keyword.WebUiBuiltInKeywords.click(WebUiBuiltInKeywords.groovy:659)
	at phone_number_exists001.run(phone_number_exists001:46)
	at com.kms.katalon.core.main.ScriptEngine.run(ScriptEngine.java:194)
	at com.kms.katalon.core.main.ScriptEngine.runScriptAsRawText(ScriptEngine.java:119)
	at com.kms.katalon.core.main.TestCaseExecutor.runScript(TestCaseExecutor.java:448)
	at com.kms.katalon.core.main.TestCaseExecutor.doExecute(TestCaseExecutor.java:439)
	at com.kms.katalon.core.main.TestCaseExecutor.processExecutionPhase(TestCaseExecutor.java:418)
	at com.kms.katalon.core.main.TestCaseExecutor.accessMainPhase(TestCaseExecutor.java:410)
	at com.kms.katalon.core.main.TestCaseExecutor.execute(TestCaseExecutor.java:285)
	at com.kms.katalon.core.main.TestCaseExecutor.execute(TestCaseExecutor.java:369)
	at com.kms.katalon.core.main.TestCaseExecutor.execute(TestCaseExecutor.java:369)
	at com.kms.katalon.core.main.TestCaseExecutor.execute(TestCaseExecutor.java:369)
	at com.kms.katalon.core.common.CommonExecutor.accessTestCaseMainPhase(CommonExecutor.java:65)
	at com.kms.katalon.core.main.TestSuiteExecutor.accessTestSuiteMainPhase(TestSuiteExecutor.java:148)
	at com.kms.katalon.core.main.TestSuiteExecutor.execute(TestSuiteExecutor.java:106)
	at com.kms.katalon.core.main.TestCaseMain.startTestSuite(TestCaseMain.java:180)
	at TempTestSuite1707379684282.run(TempTestSuite1707379684282.groovy:36)
	at java.base/jdk.internal.reflect.NativeMethodAccessorImpl.invoke0(Native Method)
	at java.base/jdk.internal.reflect.NativeMethodAccessorImpl.invoke(NativeMethodAccessorImpl.java:77)
	at java.base/jdk.internal.reflect.DelegatingMethodAccessorImpl.invoke(DelegatingMethodAccessorImpl.java:43)
Caused by: com.kms.katalon.core.webui.exception.WebElementNotFoundException: Web element with id: 'Object Repository/account_creation/phone_number_exists001/Page_/div_Mobile number already in use          Y_bd9461' located by 'div.a-box.a-alert.a-alert-warning.a-spacing-base > div.a-box-inner.a-alert-container' not found
	at com.kms.katalon.core.webui.common.WebUiCommonHelper.findWebElement(WebUiCommonHelper.java:1379)
	at com.kms.katalon.core.webui.keyword.internal.WebUIAbstractKeyword.findWebElement(WebUIAbstractKeyword.groovy:27)
	at com.kms.katalon.core.webui.keyword.builtin.ClickKeyword$_click_closure1.doCall(ClickKeyword.groovy:65)
	at com.kms.katalon.core.webui.keyword.builtin.ClickKeyword$_click_closure1.call(ClickKeyword.groovy)
	at com.kms.katalon.core.webui.keyword.internal.WebUIKeywordMain.runKeyword(WebUIKeywordMain.groovy:20)
	... 23 more


08-02-2024T13:46:01 - [TEST_STEP][PASSED] - Start listener action : sampleBeforeTestCase: Navigate to 'https://www.amazon.in/' successfully

08-02-2024T13:46:01 - [TEST_STEP][PASSED] - openBrowser(""): Browser is opened with url: ''

08-02-2024T13:46:01 - [MESSAGE][INFO] - Starting 'Chrome' driver

08-02-2024T13:46:01 - [MESSAGE][INFO] - Action delay is set to 0 milliseconds

08-02-2024T13:46:03 - [MESSAGE][PASSED] - Browser is opened with url: ''

08-02-2024T13:46:03 - [TEST_STEP][PASSED] - navigateToUrl("https://www.amazon.in/"): Navigate to 'https://www.amazon.in/' successfully

08-02-2024T13:46:06 - [MESSAGE][PASSED] - Navigate to 'https://www.amazon.in/' successfully

08-02-2024T13:46:06 - [TEST_STEP][PASSED] - openBrowser(""): Browser is opened with url: ''

08-02-2024T13:46:06 - [MESSAGE][WARNING] - A browser is already opened. Closing browser and opening a new one

08-02-2024T13:46:06 - [MESSAGE][INFO] - Starting 'Chrome' driver

08-02-2024T13:46:06 - [MESSAGE][INFO] - Action delay is set to 0 milliseconds

08-02-2024T13:46:07 - [MESSAGE][PASSED] - Browser is opened with url: ''

08-02-2024T13:46:07 - [TEST_STEP][PASSED] - navigateToUrl("https://www.amazon.in/"): Navigate to 'https://www.amazon.in/' successfully

08-02-2024T13:46:12 - [MESSAGE][PASSED] - Navigate to 'https://www.amazon.in/' successfully

08-02-2024T13:46:12 - [TEST_STEP][PASSED] - click(findTestObject("Object Repository/account_creation/phone_number_exists001/Page_Online Shopping site in India Shop Onl_10c5f3/i_hm-icon nav-sprite")): Object: 'Object Repository/account_creation/phone_number_exists001/Page_Online Shopping site in India Shop Onl_10c5f3/i_hm-icon nav-sprite' is clicked on

08-02-2024T13:46:13 - [MESSAGE][PASSED] - Object: 'Object Repository/account_creation/phone_number_exists001/Page_Online Shopping site in India Shop Onl_10c5f3/i_hm-icon nav-sprite' is clicked on

08-02-2024T13:46:13 - [TEST_STEP][PASSED] - click(findTestObject("Object Repository/account_creation/phone_number_exists001/Page_Online Shopping site in India Shop Onl_10c5f3/b_Hello, sign in")): Object: 'Object Repository/account_creation/phone_number_exists001/Page_Online Shopping site in India Shop Onl_10c5f3/b_Hello, sign in' is clicked on

08-02-2024T13:46:15 - [MESSAGE][PASSED] - Object: 'Object Repository/account_creation/phone_number_exists001/Page_Online Shopping site in India Shop Onl_10c5f3/b_Hello, sign in' is clicked on

08-02-2024T13:46:15 - [TEST_STEP][PASSED] - click(findTestObject("Object Repository/account_creation/phone_number_exists001/Page_Amazon Sign In/h5_New to Amazon")): Object: 'Object Repository/account_creation/phone_number_exists001/Page_Amazon Sign In/h5_New to Amazon' is clicked on

08-02-2024T13:46:16 - [MESSAGE][PASSED] - Object: 'Object Repository/account_creation/phone_number_exists001/Page_Amazon Sign In/h5_New to Amazon' is clicked on

08-02-2024T13:46:16 - [TEST_STEP][PASSED] - verifyElementText(findTestObject("Object Repository/account_creation/phone_number_exists001/Page_Amazon Sign In/h5_New to Amazon"), "New to Amazon?"): Actual text and expected text of test object 'Object Repository/account_creation/phone_number_exists001/Page_Amazon Sign In/h5_New to Amazon' are matched.

08-02-2024T13:46:17 - [MESSAGE][PASSED] - Actual text and expected text of test object 'Object Repository/account_creation/phone_number_exists001/Page_Amazon Sign In/h5_New to Amazon' are matched.

08-02-2024T13:46:17 - [TEST_STEP][PASSED] - click(findTestObject("Object Repository/account_creation/phone_number_exists001/Page_Amazon Sign In/a_Create your Amazon account")): Object: 'Object Repository/account_creation/phone_number_exists001/Page_Amazon Sign In/a_Create your Amazon account' is clicked on

08-02-2024T13:46:18 - [MESSAGE][PASSED] - Object: 'Object Repository/account_creation/phone_number_exists001/Page_Amazon Sign In/a_Create your Amazon account' is clicked on

08-02-2024T13:46:18 - [TEST_STEP][PASSED] - setText(findTestObject("Object Repository/account_creation/phone_number_exists001/Page_Amazon Registration/input_customerName"), "H"): Text 'H' is set on object 'Object Repository/account_creation/phone_number_exists001/Page_Amazon Registration/input_customerName'

08-02-2024T13:46:19 - [MESSAGE][PASSED] - Text 'H' is set on object 'Object Repository/account_creation/phone_number_exists001/Page_Amazon Registration/input_customerName'

08-02-2024T13:46:19 - [TEST_STEP][PASSED] - setText(findTestObject("Object Repository/account_creation/phone_number_exists001/Page_Amazon Registration/input_email"), "7779970102"): Text '7779970102' is set on object 'Object Repository/account_creation/phone_number_exists001/Page_Amazon Registration/input_email'

08-02-2024T13:46:20 - [MESSAGE][PASSED] - Text '7779970102' is set on object 'Object Repository/account_creation/phone_number_exists001/Page_Amazon Registration/input_email'

08-02-2024T13:46:20 - [TEST_STEP][PASSED] - setEncryptedText(findTestObject("Object Repository/account_creation/phone_number_exists001/Page_Amazon Registration/input_password"), "MFyDUS+SCPQ="): Text ****** has been set on object 'Object Repository/account_creation/phone_number_exists001/Page_Amazon Registration/input_password'

08-02-2024T13:46:20 - [MESSAGE][PASSED] - Text ****** has been set on object 'Object Repository/account_creation/phone_number_exists001/Page_Amazon Registration/input_password'

08-02-2024T13:46:20 - [TEST_STEP][PASSED] - click(findTestObject("Object Repository/account_creation/phone_number_exists001/Page_Amazon Registration/inputcontinue")): Object: 'Object Repository/account_creation/phone_number_exists001/Page_Amazon Registration/inputcontinue' is clicked on

08-02-2024T13:46:26 - [MESSAGE][PASSED] - Object: 'Object Repository/account_creation/phone_number_exists001/Page_Amazon Registration/inputcontinue' is clicked on

08-02-2024T13:46:26 - [TEST_STEP][FAILED] - click(findTestObject("Object Repository/account_creation/phone_number_exists001/Page_/div_Mobile number already in use          Y_bd9461")): Unable to click on object 'Object Repository/account_creation/phone_number_exists001/Page_/div_Mobile number already in use          Y_bd9461' (Root cause: com.kms.katalon.core.exception.StepFailedException: Unable to click on object 'Object Repository/account_creation/phone_number_exists001/Page_/div_Mobile number already in use          Y_bd9461'
	at com.kms.katalon.core.webui.keyword.internal.WebUIKeywordMain.stepFailed(WebUIKeywordMain.groovy:64)
	at com.kms.katalon.core.webui.keyword.internal.WebUIKeywordMain.runKeyword(WebUIKeywordMain.groovy:26)
	at com.kms.katalon.core.webui.keyword.builtin.ClickKeyword.click(ClickKeyword.groovy:74)
	at com.kms.katalon.core.webui.keyword.builtin.ClickKeyword.execute(ClickKeyword.groovy:40)
	at com.kms.katalon.core.keyword.internal.KeywordExecutor.executeKeywordForPlatform(KeywordExecutor.groovy:74)
	at com.kms.katalon.core.webui.keyword.WebUiBuiltInKeywords.click(WebUiBuiltInKeywords.groovy:659)
	at phone_number_exists001.run(phone_number_exists001:46)
	at com.kms.katalon.core.main.ScriptEngine.run(ScriptEngine.java:194)
	at com.kms.katalon.core.main.ScriptEngine.runScriptAsRawText(ScriptEngine.java:119)
	at com.kms.katalon.core.main.TestCaseExecutor.runScript(TestCaseExecutor.java:448)
	at com.kms.katalon.core.main.TestCaseExecutor.doExecute(TestCaseExecutor.java:439)
	at com.kms.katalon.core.main.TestCaseExecutor.processExecutionPhase(TestCaseExecutor.java:418)
	at com.kms.katalon.core.main.TestCaseExecutor.accessMainPhase(TestCaseExecutor.java:410)
	at com.kms.katalon.core.main.TestCaseExecutor.execute(TestCaseExecutor.java:285)
	at com.kms.katalon.core.main.TestCaseExecutor.execute(TestCaseExecutor.java:369)
	at com.kms.katalon.core.main.TestCaseExecutor.execute(TestCaseExecutor.java:369)
	at com.kms.katalon.core.main.TestCaseExecutor.execute(TestCaseExecutor.java:369)
	at com.kms.katalon.core.common.CommonExecutor.accessTestCaseMainPhase(CommonExecutor.java:65)
	at com.kms.katalon.core.main.TestSuiteExecutor.accessTestSuiteMainPhase(TestSuiteExecutor.java:148)
	at com.kms.katalon.core.main.TestSuiteExecutor.execute(TestSuiteExecutor.java:106)
	at com.kms.katalon.core.main.TestCaseMain.startTestSuite(TestCaseMain.java:180)
	at TempTestSuite1707379684282.run(TempTestSuite1707379684282.groovy:36)
	at java.base/jdk.internal.reflect.NativeMethodAccessorImpl.invoke0(Native Method)
	at java.base/jdk.internal.reflect.NativeMethodAccessorImpl.invoke(NativeMethodAccessorImpl.java:77)
	at java.base/jdk.internal.reflect.DelegatingMethodAccessorImpl.invoke(DelegatingMethodAccessorImpl.java:43)
Caused by: com.kms.katalon.core.webui.exception.WebElementNotFoundException: Web element with id: 'Object Repository/account_creation/phone_number_exists001/Page_/div_Mobile number already in use          Y_bd9461' located by 'div.a-box.a-alert.a-alert-warning.a-spacing-base > div.a-box-inner.a-alert-container' not found
	at com.kms.katalon.core.webui.common.WebUiCommonHelper.findWebElement(WebUiCommonHelper.java:1379)
	at com.kms.katalon.core.webui.keyword.internal.WebUIAbstractKeyword.findWebElement(WebUIAbstractKeyword.groovy:27)
	at com.kms.katalon.core.webui.keyword.builtin.ClickKeyword$_click_closure1.doCall(ClickKeyword.groovy:65)
	at com.kms.katalon.core.webui.keyword.builtin.ClickKeyword$_click_closure1.call(ClickKeyword.groovy)
	at com.kms.katalon.core.webui.keyword.internal.WebUIKeywordMain.runKeyword(WebUIKeywordMain.groovy:20)
	at com.kms.katalon.core.webui.keyword.builtin.ClickKeyword.click(ClickKeyword.groovy:74)
	at com.kms.katalon.core.webui.keyword.builtin.ClickKeyword.execute(ClickKeyword.groovy:40)
	at com.kms.katalon.core.keyword.internal.KeywordExecutor.executeKeywordForPlatform(KeywordExecutor.groovy:74)
	at com.kms.katalon.core.webui.keyword.WebUiBuiltInKeywords.click(WebUiBuiltInKeywords.groovy:659)
	at Script1707205781292.run(Script1707205781292.groovy:46)
	... 18 more
)

08-02-2024T13:46:57 - [MESSAGE][INFO] - Unable to find the element located by 'By.cssSelector: div.a-box.a-alert.a-alert-warning.a-spacing-base > div.a-box-inner.a-alert-container'. Please recheck the objects properties to make sure the desired element is located. 

08-02-2024T13:46:57 - [MESSAGE][WARNING] - [SELF-HEALING] Failed to find element with id 'Object Repository/account_creation/phone_number_exists001/Page_/div_Mobile number already in use          Y_bd9461'. Try using Self-healing.

08-02-2024T13:46:58 - [MESSAGE][INFO] - Unable to find the element located by 'By.xpath: //div[@id='authportal-main-section']/div[2]/div/div/div/div'. Please recheck the objects properties to make sure the desired element is located. 

08-02-2024T13:46:58 - [MESSAGE][INFO] - [SELF-HEALING] Failed Locator: '//div[@id='authportal-main-section']/div[2]/div/div/div/div'.

08-02-2024T13:46:58 - [MESSAGE][INFO] - [SELF-HEALING] Failed Locator: '//div[2]/div/div[2]/div/div/div/div'.

08-02-2024T13:46:59 - [MESSAGE][INFO] - [SELF-HEALING] Failed Locator: '//div[(text() = 'Mobile number already in use
    
      You indicated you are a new customer, but an account already exists with the mobile number +917779970102
    
  ' or . = 'Mobile number already in use
    
      You indicated you are a new customer, but an account already exists with the mobile number +917779970102
    
  ')]'.

08-02-2024T13:46:59 - [MESSAGE][INFO] - [SELF-HEALING] Failed Locator: '//div[@id='authportal-main-section']/div[2]/div/div/div/div'.

08-02-2024T13:46:59 - [MESSAGE][INFO] - [SELF-HEALING] Failed Locator: '//div[2]/div/div[2]/div/div/div/div'.

08-02-2024T13:46:59 - [MESSAGE][INFO] - [SELF-HEALING] Failed Locator: '//div[(text() = 'Mobile number already in use
    
      You indicated you are a new customer, but an account already exists with the mobile number +917779970102
    
  ' or . = 'Mobile number already in use
    
      You indicated you are a new customer, but an account already exists with the mobile number +917779970102
    
  ')]'.

08-02-2024T13:47:00 - [MESSAGE][INFO] - Unable to find the element located by 'By.xpath: //*[(text() = 'Mobile number already in use
    
      You indicated you are a new customer, but an account already exists with the mobile number +917779970102
    
  ' or . = 'Mobile number already in use
    
      You indicated you are a new customer, but an account already exists with the mobile number +917779970102
    
  ')]'. Please recheck the objects properties to make sure the desired element is located. 

08-02-2024T13:47:01 - [MESSAGE][FAILED] - Unable to click on object 'Object Repository/account_creation/phone_number_exists001/Page_/div_Mobile number already in use          Y_bd9461' (Root cause: com.kms.katalon.core.exception.StepFailedException: Unable to click on object 'Object Repository/account_creation/phone_number_exists001/Page_/div_Mobile number already in use          Y_bd9461'
	at com.kms.katalon.core.webui.keyword.internal.WebUIKeywordMain.stepFailed(WebUIKeywordMain.groovy:64)
	at com.kms.katalon.core.webui.keyword.internal.WebUIKeywordMain.runKeyword(WebUIKeywordMain.groovy:26)
	at com.kms.katalon.core.webui.keyword.builtin.ClickKeyword.click(ClickKeyword.groovy:74)
	at com.kms.katalon.core.webui.keyword.builtin.ClickKeyword.execute(ClickKeyword.groovy:40)
	at com.kms.katalon.core.keyword.internal.KeywordExecutor.executeKeywordForPlatform(KeywordExecutor.groovy:74)
	at com.kms.katalon.core.webui.keyword.WebUiBuiltInKeywords.click(WebUiBuiltInKeywords.groovy:659)
	at phone_number_exists001.run(phone_number_exists001:46)
	at com.kms.katalon.core.main.ScriptEngine.run(ScriptEngine.java:194)
	at com.kms.katalon.core.main.ScriptEngine.runScriptAsRawText(ScriptEngine.java:119)
	at com.kms.katalon.core.main.TestCaseExecutor.runScript(TestCaseExecutor.java:448)
	at com.kms.katalon.core.main.TestCaseExecutor.doExecute(TestCaseExecutor.java:439)
	at com.kms.katalon.core.main.TestCaseExecutor.processExecutionPhase(TestCaseExecutor.java:418)
	at com.kms.katalon.core.main.TestCaseExecutor.accessMainPhase(TestCaseExecutor.java:410)
	at com.kms.katalon.core.main.TestCaseExecutor.execute(TestCaseExecutor.java:285)
	at com.kms.katalon.core.main.TestCaseExecutor.execute(TestCaseExecutor.java:369)
	at com.kms.katalon.core.main.TestCaseExecutor.execute(TestCaseExecutor.java:369)
	at com.kms.katalon.core.main.TestCaseExecutor.execute(TestCaseExecutor.java:369)
	at com.kms.katalon.core.common.CommonExecutor.accessTestCaseMainPhase(CommonExecutor.java:65)
	at com.kms.katalon.core.main.TestSuiteExecutor.accessTestSuiteMainPhase(TestSuiteExecutor.java:148)
	at com.kms.katalon.core.main.TestSuiteExecutor.execute(TestSuiteExecutor.java:106)
	at com.kms.katalon.core.main.TestCaseMain.startTestSuite(TestCaseMain.java:180)
	at TempTestSuite1707379684282.run(TempTestSuite1707379684282.groovy:36)
	at java.base/jdk.internal.reflect.NativeMethodAccessorImpl.invoke0(Native Method)
	at java.base/jdk.internal.reflect.NativeMethodAccessorImpl.invoke(NativeMethodAccessorImpl.java:77)
	at java.base/jdk.internal.reflect.DelegatingMethodAccessorImpl.invoke(DelegatingMethodAccessorImpl.java:43)
Caused by: com.kms.katalon.core.webui.exception.WebElementNotFoundException: Web element with id: 'Object Repository/account_creation/phone_number_exists001/Page_/div_Mobile number already in use          Y_bd9461' located by 'div.a-box.a-alert.a-alert-warning.a-spacing-base > div.a-box-inner.a-alert-container' not found
	at com.kms.katalon.core.webui.common.WebUiCommonHelper.findWebElement(WebUiCommonHelper.java:1379)
	at com.kms.katalon.core.webui.keyword.internal.WebUIAbstractKeyword.findWebElement(WebUIAbstractKeyword.groovy:27)
	at com.kms.katalon.core.webui.keyword.builtin.ClickKeyword$_click_closure1.doCall(ClickKeyword.groovy:65)
	at com.kms.katalon.core.webui.keyword.builtin.ClickKeyword$_click_closure1.call(ClickKeyword.groovy)
	at com.kms.katalon.core.webui.keyword.internal.WebUIKeywordMain.runKeyword(WebUIKeywordMain.groovy:20)
	at com.kms.katalon.core.webui.keyword.builtin.ClickKeyword.click(ClickKeyword.groovy:74)
	at com.kms.katalon.core.webui.keyword.builtin.ClickKeyword.execute(ClickKeyword.groovy:40)
	at com.kms.katalon.core.keyword.internal.KeywordExecutor.executeKeywordForPlatform(KeywordExecutor.groovy:74)
	at com.kms.katalon.core.webui.keyword.WebUiBuiltInKeywords.click(WebUiBuiltInKeywords.groovy:659)
	at Script1707205781292.run(Script1707205781292.groovy:46)
	... 18 more
)
[[ATTACHMENT|C:\\Users\\Devil\\git\\SI-GuidedProject-705690-1704903143\\Reports\\20240208_133803\\account_creation_errors\\account_creation_errors\\20240208_133804\\1707380221000.png]]

08-02-2024T13:47:01 - [TEST_STEP][PASSED] - Start listener action : sampleAfterTestCase: Browser is closed

08-02-2024T13:47:01 - [TEST_STEP][PASSED] - closeBrowser(): Browser is closed

08-02-2024T13:47:01 - [MESSAGE][PASSED] - Browser is closed]]></system-out>
         <system-err><![CDATA[08-02-2024T13:46:01 - [TEST_CASE][FAILED] - Test Cases/account_creation/phone_number_exists001: Test Cases/account_creation/phone_number_exists001 FAILED.
Reason:
com.kms.katalon.core.exception.StepFailedException: Unable to click on object 'Object Repository/account_creation/phone_number_exists001/Page_/div_Mobile number already in use          Y_bd9461'
	at com.kms.katalon.core.webui.keyword.internal.WebUIKeywordMain.stepFailed(WebUIKeywordMain.groovy:64)
	at com.kms.katalon.core.webui.keyword.internal.WebUIKeywordMain.runKeyword(WebUIKeywordMain.groovy:26)
	at com.kms.katalon.core.webui.keyword.builtin.ClickKeyword.click(ClickKeyword.groovy:74)
	at com.kms.katalon.core.webui.keyword.builtin.ClickKeyword.execute(ClickKeyword.groovy:40)
	at com.kms.katalon.core.keyword.internal.KeywordExecutor.executeKeywordForPlatform(KeywordExecutor.groovy:74)
	at com.kms.katalon.core.webui.keyword.WebUiBuiltInKeywords.click(WebUiBuiltInKeywords.groovy:659)
	at phone_number_exists001.run(phone_number_exists001:46)
	at com.kms.katalon.core.main.ScriptEngine.run(ScriptEngine.java:194)
	at com.kms.katalon.core.main.ScriptEngine.runScriptAsRawText(ScriptEngine.java:119)
	at com.kms.katalon.core.main.TestCaseExecutor.runScript(TestCaseExecutor.java:448)
	at com.kms.katalon.core.main.TestCaseExecutor.doExecute(TestCaseExecutor.java:439)
	at com.kms.katalon.core.main.TestCaseExecutor.processExecutionPhase(TestCaseExecutor.java:418)
	at com.kms.katalon.core.main.TestCaseExecutor.accessMainPhase(TestCaseExecutor.java:410)
	at com.kms.katalon.core.main.TestCaseExecutor.execute(TestCaseExecutor.java:285)
	at com.kms.katalon.core.main.TestCaseExecutor.execute(TestCaseExecutor.java:369)
	at com.kms.katalon.core.main.TestCaseExecutor.execute(TestCaseExecutor.java:369)
	at com.kms.katalon.core.main.TestCaseExecutor.execute(TestCaseExecutor.java:369)
	at com.kms.katalon.core.common.CommonExecutor.accessTestCaseMainPhase(CommonExecutor.java:65)
	at com.kms.katalon.core.main.TestSuiteExecutor.accessTestSuiteMainPhase(TestSuiteExecutor.java:148)
	at com.kms.katalon.core.main.TestSuiteExecutor.execute(TestSuiteExecutor.java:106)
	at com.kms.katalon.core.main.TestCaseMain.startTestSuite(TestCaseMain.java:180)
	at TempTestSuite1707379684282.run(TempTestSuite1707379684282.groovy:36)
	at java.base/jdk.internal.reflect.NativeMethodAccessorImpl.invoke0(Native Method)
	at java.base/jdk.internal.reflect.NativeMethodAccessorImpl.invoke(NativeMethodAccessorImpl.java:77)
	at java.base/jdk.internal.reflect.DelegatingMethodAccessorImpl.invoke(DelegatingMethodAccessorImpl.java:43)
Caused by: com.kms.katalon.core.webui.exception.WebElementNotFoundException: Web element with id: 'Object Repository/account_creation/phone_number_exists001/Page_/div_Mobile number already in use          Y_bd9461' located by 'div.a-box.a-alert.a-alert-warning.a-spacing-base > div.a-box-inner.a-alert-container' not found
	at com.kms.katalon.core.webui.common.WebUiCommonHelper.findWebElement(WebUiCommonHelper.java:1379)
	at com.kms.katalon.core.webui.keyword.internal.WebUIAbstractKeyword.findWebElement(WebUIAbstractKeyword.groovy:27)
	at com.kms.katalon.core.webui.keyword.builtin.ClickKeyword$_click_closure1.doCall(ClickKeyword.groovy:65)
	at com.kms.katalon.core.webui.keyword.builtin.ClickKeyword$_click_closure1.call(ClickKeyword.groovy)
	at com.kms.katalon.core.webui.keyword.internal.WebUIKeywordMain.runKeyword(WebUIKeywordMain.groovy:20)
	... 23 more]]></system-err>
      </testcase>
      <system-out><![CDATA[08-02-2024T13:38:19 - [TEST_SUITE][FAILED] - account_creation_errors: Test Cases/account_creation/invalid_name FAILED.
Reason:
com.kms.katalon.core.exception.StepFailedException: Unable to click on object 'Object Repository/account_creation/invalid_name/Page_Amazon Sign In/h5_New to Amazon'
	at com.kms.katalon.core.webui.keyword.internal.WebUIKeywordMain.stepFailed(WebUIKeywordMain.groovy:64)
	at com.kms.katalon.core.webui.keyword.internal.WebUIKeywordMain.runKeyword(WebUIKeywordMain.groovy:26)
	at com.kms.katalon.core.webui.keyword.builtin.ClickKeyword.click(ClickKeyword.groovy:74)
	at com.kms.katalon.core.webui.keyword.builtin.ClickKeyword.execute(ClickKeyword.groovy:40)
	at com.kms.katalon.core.keyword.internal.KeywordExecutor.executeKeywordForPlatform(KeywordExecutor.groovy:74)
	at com.kms.katalon.core.webui.keyword.WebUiBuiltInKeywords.click(WebUiBuiltInKeywords.groovy:659)
	at invalid_name.run(invalid_name:33)
	at com.kms.katalon.core.main.ScriptEngine.run(ScriptEngine.java:194)
	at com.kms.katalon.core.main.ScriptEngine.runScriptAsRawText(ScriptEngine.java:119)
	at com.kms.katalon.core.main.TestCaseExecutor.runScript(TestCaseExecutor.java:448)
	at com.kms.katalon.core.main.TestCaseExecutor.doExecute(TestCaseExecutor.java:439)
	at com.kms.katalon.core.main.TestCaseExecutor.processExecutionPhase(TestCaseExecutor.java:418)
	at com.kms.katalon.core.main.TestCaseExecutor.accessMainPhase(TestCaseExecutor.java:410)
	at com.kms.katalon.core.main.TestCaseExecutor.execute(TestCaseExecutor.java:285)
	at com.kms.katalon.core.common.CommonExecutor.accessTestCaseMainPhase(CommonExecutor.java:65)
	at com.kms.katalon.core.main.TestSuiteExecutor.accessTestSuiteMainPhase(TestSuiteExecutor.java:148)
	at com.kms.katalon.core.main.TestSuiteExecutor.execute(TestSuiteExecutor.java:106)
	at com.kms.katalon.core.main.TestCaseMain.startTestSuite(TestCaseMain.java:180)
	at TempTestSuite1707379684282.run(TempTestSuite1707379684282.groovy:36)
	at java.base/jdk.internal.reflect.NativeMethodAccessorImpl.invoke0(Native Method)
	at java.base/jdk.internal.reflect.NativeMethodAccessorImpl.invoke(NativeMethodAccessorImpl.java:77)
	at java.base/jdk.internal.reflect.DelegatingMethodAccessorImpl.invoke(DelegatingMethodAccessorImpl.java:43)
Caused by: com.kms.katalon.core.webui.exception.WebElementNotFoundException: Web element with id: 'Object Repository/account_creation/invalid_name/Page_Amazon Sign In/h5_New to Amazon' located by '//div[@id='authportal-main-section']/div[2]/div[2]/div[2]/h5' not found
	at com.kms.katalon.core.webui.common.WebUiCommonHelper.findWebElement(WebUiCommonHelper.java:1379)
	at com.kms.katalon.core.webui.keyword.internal.WebUIAbstractKeyword.findWebElement(WebUIAbstractKeyword.groovy:27)
	at com.kms.katalon.core.webui.keyword.builtin.ClickKeyword$_click_closure1.doCall(ClickKeyword.groovy:65)
	at com.kms.katalon.core.webui.keyword.builtin.ClickKeyword$_click_closure1.call(ClickKeyword.groovy)
	at com.kms.katalon.core.webui.keyword.internal.WebUIKeywordMain.runKeyword(WebUIKeywordMain.groovy:20)
	... 20 more]]></system-out>
      <system-err><![CDATA[08-02-2024T13:38:19 - [TEST_SUITE][FAILED] - account_creation_errors: Test Cases/account_creation/invalid_name FAILED.
Reason:
com.kms.katalon.core.exception.StepFailedException: Unable to click on object 'Object Repository/account_creation/invalid_name/Page_Amazon Sign In/h5_New to Amazon'
	at com.kms.katalon.core.webui.keyword.internal.WebUIKeywordMain.stepFailed(WebUIKeywordMain.groovy:64)
	at com.kms.katalon.core.webui.keyword.internal.WebUIKeywordMain.runKeyword(WebUIKeywordMain.groovy:26)
	at com.kms.katalon.core.webui.keyword.builtin.ClickKeyword.click(ClickKeyword.groovy:74)
	at com.kms.katalon.core.webui.keyword.builtin.ClickKeyword.execute(ClickKeyword.groovy:40)
	at com.kms.katalon.core.keyword.internal.KeywordExecutor.executeKeywordForPlatform(KeywordExecutor.groovy:74)
	at com.kms.katalon.core.webui.keyword.WebUiBuiltInKeywords.click(WebUiBuiltInKeywords.groovy:659)
	at invalid_name.run(invalid_name:33)
	at com.kms.katalon.core.main.ScriptEngine.run(ScriptEngine.java:194)
	at com.kms.katalon.core.main.ScriptEngine.runScriptAsRawText(ScriptEngine.java:119)
	at com.kms.katalon.core.main.TestCaseExecutor.runScript(TestCaseExecutor.java:448)
	at com.kms.katalon.core.main.TestCaseExecutor.doExecute(TestCaseExecutor.java:439)
	at com.kms.katalon.core.main.TestCaseExecutor.processExecutionPhase(TestCaseExecutor.java:418)
	at com.kms.katalon.core.main.TestCaseExecutor.accessMainPhase(TestCaseExecutor.java:410)
	at com.kms.katalon.core.main.TestCaseExecutor.execute(TestCaseExecutor.java:285)
	at com.kms.katalon.core.common.CommonExecutor.accessTestCaseMainPhase(CommonExecutor.java:65)
	at com.kms.katalon.core.main.TestSuiteExecutor.accessTestSuiteMainPhase(TestSuiteExecutor.java:148)
	at com.kms.katalon.core.main.TestSuiteExecutor.execute(TestSuiteExecutor.java:106)
	at com.kms.katalon.core.main.TestCaseMain.startTestSuite(TestCaseMain.java:180)
	at TempTestSuite1707379684282.run(TempTestSuite1707379684282.groovy:36)
	at java.base/jdk.internal.reflect.NativeMethodAccessorImpl.invoke0(Native Method)
	at java.base/jdk.internal.reflect.NativeMethodAccessorImpl.invoke(NativeMethodAccessorImpl.java:77)
	at java.base/jdk.internal.reflect.DelegatingMethodAccessorImpl.invoke(DelegatingMethodAccessorImpl.java:43)
Caused by: com.kms.katalon.core.webui.exception.WebElementNotFoundException: Web element with id: 'Object Repository/account_creation/invalid_name/Page_Amazon Sign In/h5_New to Amazon' located by '//div[@id='authportal-main-section']/div[2]/div[2]/div[2]/h5' not found
	at com.kms.katalon.core.webui.common.WebUiCommonHelper.findWebElement(WebUiCommonHelper.java:1379)
	at com.kms.katalon.core.webui.keyword.internal.WebUIAbstractKeyword.findWebElement(WebUIAbstractKeyword.groovy:27)
	at com.kms.katalon.core.webui.keyword.builtin.ClickKeyword$_click_closure1.doCall(ClickKeyword.groovy:65)
	at com.kms.katalon.core.webui.keyword.builtin.ClickKeyword$_click_closure1.call(ClickKeyword.groovy)
	at com.kms.katalon.core.webui.keyword.internal.WebUIKeywordMain.runKeyword(WebUIKeywordMain.groovy:20)
	... 20 more]]></system-err>
   </testsuite>
   <testsuite name="integration" tests="1" failures="0" errors="0" time="288.769" skipped="0" timestamp="08-02-2024T13:47:08" hostname="Devil - LAPTOP-V2P5S4MK.mshome.net" id="Test Suites/full_integration/integration">
      <properties>
         <property name="deviceName" value=""/>
         <property name="devicePlatform" value=""/>
         <property name="logFolder" value="C:\\Users\\Devil\\git\\SI-GuidedProject-705690-1704903143\\Reports\\20240208_133803\\full_integration\\integration\\20240208_133806"/>
         <property name="logFiles" value="C:\\Users\\Devil\\git\\SI-GuidedProject-705690-1704903143\\Reports\\20240208_133803\\full_integration\\integration\\20240208_133806\\execution0.log"/>
         <property name="attachments" value="C:\\Users\\Devil\\git\\SI-GuidedProject-705690-1704903143\\Reports\\20240208_133803\\full_integration\\integration\\20240208_133806\\1707380348747.png, C:\\Users\\Devil\\git\\SI-GuidedProject-705690-1704903143\\Reports\\20240208_133803\\full_integration\\integration\\20240208_133806\\1707380435803.png"/>
         <property name="hostName" value="Devil - LAPTOP-V2P5S4MK.mshome.net"/>
         <property name="os" value="Windows 10 64bit"/>
         <property name="katalonVersion" value="9.2.0.212"/>
         <property name="browser" value="Chrome 121.0.0.0"/>
         <property name="hostAddress" value="192.168.137.1"/>
         <property name="sessionId" value="4084ab25e816026038a7d3810538ceb6"/>
         <property name="seleniumVersion" value="3.141.59"/>
         <property name="proxyInformation" value="ProxyInformation { proxyOption=NO_PROXY, proxyServerType=HTTP, username=, password=********, proxyServerAddress=, proxyServerPort=0, executionList=&quot;&quot;, isApplyToDesiredCapabilities=true }"/>
         <property name="platform" value="Windows 10"/>
      </properties>
      <testcase name="Test Cases/integration/successful002" time="80.409" classname="Test Cases/integration/successful002" status="PASSED">
         <system-out><![CDATA[08-02-2024T13:50:36 - [TEST_CASE][PASSED] - Test Cases/integration/successful002: Test Cases/integration/successful002

08-02-2024T13:50:36 - [TEST_STEP][PASSED] - Start listener action : sampleBeforeTestCase: Navigate to 'https://www.amazon.in/' successfully

08-02-2024T13:50:36 - [TEST_STEP][PASSED] - openBrowser(""): Browser is opened with url: ''

08-02-2024T13:50:36 - [MESSAGE][INFO] - Starting 'Chrome' driver

08-02-2024T13:50:36 - [MESSAGE][INFO] - Action delay is set to 0 milliseconds

08-02-2024T13:50:37 - [MESSAGE][PASSED] - Browser is opened with url: ''

08-02-2024T13:50:37 - [TEST_STEP][PASSED] - navigateToUrl("https://www.amazon.in/"): Navigate to 'https://www.amazon.in/' successfully

08-02-2024T13:50:40 - [MESSAGE][PASSED] - Navigate to 'https://www.amazon.in/' successfully

08-02-2024T13:50:40 - [TEST_STEP][PASSED] - openBrowser(""): Browser is opened with url: ''

08-02-2024T13:50:40 - [MESSAGE][WARNING] - A browser is already opened. Closing browser and opening a new one

08-02-2024T13:50:41 - [MESSAGE][INFO] - Starting 'Chrome' driver

08-02-2024T13:50:41 - [MESSAGE][INFO] - Action delay is set to 0 milliseconds

08-02-2024T13:50:42 - [MESSAGE][PASSED] - Browser is opened with url: ''

08-02-2024T13:50:42 - [TEST_STEP][PASSED] - navigateToUrl("https://www.amazon.in/"): Navigate to 'https://www.amazon.in/' successfully

08-02-2024T13:50:46 - [MESSAGE][PASSED] - Navigate to 'https://www.amazon.in/' successfully

08-02-2024T13:50:46 - [TEST_STEP][PASSED] - click(findTestObject("Object Repository/integration/successful002/Page_Online Shopping site in India Shop Onl_10c5f3/i_hm-icon nav-sprite")): Object: 'Object Repository/integration/successful002/Page_Online Shopping site in India Shop Onl_10c5f3/i_hm-icon nav-sprite' is clicked on

08-02-2024T13:50:48 - [MESSAGE][PASSED] - Object: 'Object Repository/integration/successful002/Page_Online Shopping site in India Shop Onl_10c5f3/i_hm-icon nav-sprite' is clicked on

08-02-2024T13:50:48 - [TEST_STEP][PASSED] - click(findTestObject("Object Repository/integration/successful002/Page_Online Shopping site in India Shop Onl_10c5f3/b_Hello, sign in")): Object: 'Object Repository/integration/successful002/Page_Online Shopping site in India Shop Onl_10c5f3/b_Hello, sign in' is clicked on

08-02-2024T13:50:50 - [MESSAGE][PASSED] - Object: 'Object Repository/integration/successful002/Page_Online Shopping site in India Shop Onl_10c5f3/b_Hello, sign in' is clicked on

08-02-2024T13:50:50 - [TEST_STEP][PASSED] - setText(findTestObject("Object Repository/integration/successful002/Page_Amazon Sign In/input_email"), "7779970102"): Text '7779970102' is set on object 'Object Repository/integration/successful002/Page_Amazon Sign In/input_email'

08-02-2024T13:50:51 - [MESSAGE][PASSED] - Text '7779970102' is set on object 'Object Repository/integration/successful002/Page_Amazon Sign In/input_email'

08-02-2024T13:50:51 - [TEST_STEP][PASSED] - click(findTestObject("Object Repository/integration/successful002/Page_Amazon Sign In/inputcontinue")): Object: 'Object Repository/integration/successful002/Page_Amazon Sign In/inputcontinue' is clicked on

08-02-2024T13:50:52 - [MESSAGE][PASSED] - Object: 'Object Repository/integration/successful002/Page_Amazon Sign In/inputcontinue' is clicked on

08-02-2024T13:50:52 - [TEST_STEP][PASSED] - setEncryptedText(findTestObject("Object Repository/integration/successful002/Page_Amazon Sign In/input_password"), "eSPcD+aU0jcqZChrJx5wLA=="): Text ****** has been set on object 'Object Repository/integration/successful002/Page_Amazon Sign In/input_password'

08-02-2024T13:50:53 - [MESSAGE][PASSED] - Text ****** has been set on object 'Object Repository/integration/successful002/Page_Amazon Sign In/input_password'

08-02-2024T13:50:53 - [TEST_STEP][PASSED] - click(findTestObject("Object Repository/integration/successful002/Page_Amazon Sign In/inputsignInSubmit")): Object: 'Object Repository/integration/successful002/Page_Amazon Sign In/inputsignInSubmit' is clicked on

08-02-2024T13:50:53 - [MESSAGE][PASSED] - Object: 'Object Repository/integration/successful002/Page_Amazon Sign In/inputsignInSubmit' is clicked on

08-02-2024T13:50:53 - [TEST_STEP][PASSED] - click(findTestObject("Object Repository/integration/successful002/Page_Online Shopping site in India Shop Onl_10c5f3/a_Amazon miniTV")): Object: 'Object Repository/integration/successful002/Page_Online Shopping site in India Shop Onl_10c5f3/a_Amazon miniTV' is clicked on

08-02-2024T13:51:01 - [MESSAGE][PASSED] - Object: 'Object Repository/integration/successful002/Page_Online Shopping site in India Shop Onl_10c5f3/a_Amazon miniTV' is clicked on

08-02-2024T13:51:01 - [TEST_STEP][PASSED] - click(findTestObject("Object Repository/integration/successful002/Page_Amazon miniTV - Watch Free Web Series,_86fafa/span_Imported")): Object: 'Object Repository/integration/successful002/Page_Amazon miniTV - Watch Free Web Series,_86fafa/span_Imported' is clicked on

08-02-2024T13:51:04 - [MESSAGE][PASSED] - Object: 'Object Repository/integration/successful002/Page_Amazon miniTV - Watch Free Web Series,_86fafa/span_Imported' is clicked on

08-02-2024T13:51:04 - [TEST_STEP][PASSED] - click(findTestObject("Object Repository/integration/successful002/Page_Watch Dubbed Web Series, Korean Drama,_0fb818/span_Web Series")): Object: 'Object Repository/integration/successful002/Page_Watch Dubbed Web Series, Korean Drama,_0fb818/span_Web Series' is clicked on

08-02-2024T13:51:05 - [MESSAGE][PASSED] - Object: 'Object Repository/integration/successful002/Page_Watch Dubbed Web Series, Korean Drama,_0fb818/span_Web Series' is clicked on

08-02-2024T13:51:05 - [TEST_STEP][PASSED] - click(findTestObject("Object Repository/integration/successful002/Page_Watch Latest Web Series Online for Fre_49d131/span_Movies")): Object: 'Object Repository/integration/successful002/Page_Watch Latest Web Series Online for Fre_49d131/span_Movies' is clicked on

08-02-2024T13:51:06 - [MESSAGE][PASSED] - Object: 'Object Repository/integration/successful002/Page_Watch Latest Web Series Online for Fre_49d131/span_Movies' is clicked on

08-02-2024T13:51:06 - [TEST_STEP][PASSED] - click(findTestObject("Object Repository/integration/successful002/Page_Watch Popular Movies  Short Films Onli_56b9b2/span_Romance")): Object: 'Object Repository/integration/successful002/Page_Watch Popular Movies  Short Films Onli_56b9b2/span_Romance' is clicked on

08-02-2024T13:51:07 - [MESSAGE][PASSED] - Object: 'Object Repository/integration/successful002/Page_Watch Popular Movies  Short Films Onli_56b9b2/span_Romance' is clicked on

08-02-2024T13:51:07 - [TEST_STEP][PASSED] - click(findTestObject("Object Repository/integration/successful002/Page_Watch Trending Romantic Web Series  Mo_a46f5a/span_Comedy")): Object: 'Object Repository/integration/successful002/Page_Watch Trending Romantic Web Series  Mo_a46f5a/span_Comedy' is clicked on

08-02-2024T13:51:08 - [MESSAGE][PASSED] - Object: 'Object Repository/integration/successful002/Page_Watch Trending Romantic Web Series  Mo_a46f5a/span_Comedy' is clicked on

08-02-2024T13:51:08 - [TEST_STEP][PASSED] - click(findTestObject("Object Repository/integration/successful002/Page_Watch Comedy Web Series, Short Films  _4c3a92/img_AppNavbar_mShopIcon__4UsHr")): Object: 'Object Repository/integration/successful002/Page_Watch Comedy Web Series, Short Films  _4c3a92/img_AppNavbar_mShopIcon__4UsHr' is clicked on

08-02-2024T13:51:14 - [MESSAGE][PASSED] - Object: 'Object Repository/integration/successful002/Page_Watch Comedy Web Series, Short Films  _4c3a92/img_AppNavbar_mShopIcon__4UsHr' is clicked on

08-02-2024T13:51:14 - [TEST_STEP][PASSED] - setText(findTestObject("Object Repository/integration/successful002/Page_Amazon.in/input_field-keywords_1"), "poco x6"): Text 'poco x6' is set on object 'Object Repository/integration/successful002/Page_Amazon.in/input_field-keywords_1'

08-02-2024T13:51:15 - [MESSAGE][PASSED] - Text 'poco x6' is set on object 'Object Repository/integration/successful002/Page_Amazon.in/input_field-keywords_1'

08-02-2024T13:51:15 - [TEST_STEP][PASSED] - click(findTestObject("Object Repository/integration/successful002/Page_Amazon.in/inputnav-search-submit-button")): Object: 'Object Repository/integration/successful002/Page_Amazon.in/inputnav-search-submit-button' is clicked on

08-02-2024T13:51:22 - [MESSAGE][PASSED] - Object: 'Object Repository/integration/successful002/Page_Amazon.in/inputnav-search-submit-button' is clicked on

08-02-2024T13:51:22 - [TEST_STEP][PASSED] - click(findTestObject("Object Repository/integration/successful002/Page_Amazon.in  poco x6/button_Add to Cart")): Object: 'Object Repository/integration/successful002/Page_Amazon.in  poco x6/button_Add to Cart' is clicked on

08-02-2024T13:51:23 - [MESSAGE][PASSED] - Object: 'Object Repository/integration/successful002/Page_Amazon.in  poco x6/button_Add to Cart' is clicked on

08-02-2024T13:51:23 - [TEST_STEP][PASSED] - click(findTestObject("Object Repository/integration/successful002/Page_Amazon.in  poco x6/a_1                                        _7d74ab")): Object: 'Object Repository/integration/successful002/Page_Amazon.in  poco x6/a_1                                        _7d74ab' is clicked on

08-02-2024T13:51:26 - [MESSAGE][PASSED] - Object: 'Object Repository/integration/successful002/Page_Amazon.in  poco x6/a_1                                        _7d74ab' is clicked on

08-02-2024T13:51:26 - [TEST_STEP][PASSED] - click(findTestObject("Object Repository/integration/successful002/Page_Amazon.in Shopping Cart/input_proceedToRetailCheckout")): Object: 'Object Repository/integration/successful002/Page_Amazon.in Shopping Cart/input_proceedToRetailCheckout' is clicked on

08-02-2024T13:51:26 - [MESSAGE][PASSED] - Object: 'Object Repository/integration/successful002/Page_Amazon.in Shopping Cart/input_proceedToRetailCheckout' is clicked on

08-02-2024T13:51:26 - [TEST_STEP][PASSED] - click(findTestObject("Object Repository/integration/successful002/Page_Select a delivery address/a_Add a new address")): Object: 'Object Repository/integration/successful002/Page_Select a delivery address/a_Add a new address' is clicked on

08-02-2024T13:51:32 - [MESSAGE][PASSED] - Object: 'Object Repository/integration/successful002/Page_Select a delivery address/a_Add a new address' is clicked on

08-02-2024T13:51:32 - [TEST_STEP][PASSED] - click(findTestObject("Object Repository/integration/successful002/Page_Select a delivery address/span_India")): Object: 'Object Repository/integration/successful002/Page_Select a delivery address/span_India' is clicked on

08-02-2024T13:51:32 - [MESSAGE][PASSED] - Object: 'Object Repository/integration/successful002/Page_Select a delivery address/span_India' is clicked on

08-02-2024T13:51:32 - [TEST_STEP][PASSED] - click(findTestObject("Object Repository/integration/successful002/Page_Select a delivery address/a_India")): Object: 'Object Repository/integration/successful002/Page_Select a delivery address/a_India' is clicked on

08-02-2024T13:51:33 - [MESSAGE][PASSED] - Object: 'Object Repository/integration/successful002/Page_Select a delivery address/a_India' is clicked on

08-02-2024T13:51:33 - [TEST_STEP][PASSED] - setText(findTestObject("Object Repository/integration/successful002/Page_Select a delivery address/input_address-ui-widgets-enterAddressFullName"), "Ritesh Kumar"): Text 'Ritesh Kumar' is set on object 'Object Repository/integration/successful002/Page_Select a delivery address/input_address-ui-widgets-enterAddressFullName'

08-02-2024T13:51:34 - [MESSAGE][PASSED] - Text 'Ritesh Kumar' is set on object 'Object Repository/integration/successful002/Page_Select a delivery address/input_address-ui-widgets-enterAddressFullName'

08-02-2024T13:51:34 - [TEST_STEP][PASSED] - setText(findTestObject("Object Repository/integration/successful002/Page_Select a delivery address/input_address-ui-widgets-enterAddressPhoneNumber"), "7779970102"): Text '7779970102' is set on object 'Object Repository/integration/successful002/Page_Select a delivery address/input_address-ui-widgets-enterAddressPhoneNumber'

08-02-2024T13:51:34 - [MESSAGE][PASSED] - Text '7779970102' is set on object 'Object Repository/integration/successful002/Page_Select a delivery address/input_address-ui-widgets-enterAddressPhoneNumber'

08-02-2024T13:51:34 - [TEST_STEP][PASSED] - setText(findTestObject("Object Repository/integration/successful002/Page_Select a delivery address/input_address-ui-widgets-enterAddressPostalCode"), "834010"): Text '834010' is set on object 'Object Repository/integration/successful002/Page_Select a delivery address/input_address-ui-widgets-enterAddressPostalCode'

08-02-2024T13:51:35 - [MESSAGE][PASSED] - Text '834010' is set on object 'Object Repository/integration/successful002/Page_Select a delivery address/input_address-ui-widgets-enterAddressPostalCode'

08-02-2024T13:51:35 - [TEST_STEP][PASSED] - setText(findTestObject("Object Repository/integration/successful002/Page_Select a delivery address/input_address-ui-widgets-enterAddressLine1"), "847"): Text '847' is set on object 'Object Repository/integration/successful002/Page_Select a delivery address/input_address-ui-widgets-enterAddressLine1'

08-02-2024T13:51:36 - [MESSAGE][PASSED] - Text '847' is set on object 'Object Repository/integration/successful002/Page_Select a delivery address/input_address-ui-widgets-enterAddressLine1'

08-02-2024T13:51:36 - [TEST_STEP][PASSED] - setText(findTestObject("Object Repository/integration/successful002/Page_Select a delivery address/input_address-ui-widgets-enterAddressLine2"), "Namkum Bazar, Ranchi"): Text 'Namkum Bazar, Ranchi' is set on object 'Object Repository/integration/successful002/Page_Select a delivery address/input_address-ui-widgets-enterAddressLine2'

08-02-2024T13:51:37 - [MESSAGE][PASSED] - Text 'Namkum Bazar, Ranchi' is set on object 'Object Repository/integration/successful002/Page_Select a delivery address/input_address-ui-widgets-enterAddressLine2'

08-02-2024T13:51:37 - [TEST_STEP][PASSED] - setText(findTestObject("Object Repository/integration/successful002/Page_Select a delivery address/input_address-ui-widgets-landmark"), "Rajprastha Hospital"): Text 'Rajprastha Hospital' is set on object 'Object Repository/integration/successful002/Page_Select a delivery address/input_address-ui-widgets-landmark'

08-02-2024T13:51:39 - [MESSAGE][PASSED] - Text 'Rajprastha Hospital' is set on object 'Object Repository/integration/successful002/Page_Select a delivery address/input_address-ui-widgets-landmark'

08-02-2024T13:51:39 - [TEST_STEP][PASSED] - setText(findTestObject("Object Repository/integration/successful002/Page_Select a delivery address/input_address-ui-widgets-enterAddressCity"), "RANCHI"): Text 'RANCHI' is set on object 'Object Repository/integration/successful002/Page_Select a delivery address/input_address-ui-widgets-enterAddressCity'

08-02-2024T13:51:39 - [MESSAGE][PASSED] - Text 'RANCHI' is set on object 'Object Repository/integration/successful002/Page_Select a delivery address/input_address-ui-widgets-enterAddressCity'

08-02-2024T13:51:39 - [TEST_STEP][PASSED] - click(findTestObject("Object Repository/integration/successful002/Page_Select a delivery address/span_JHARKHAND")): Object: 'Object Repository/integration/successful002/Page_Select a delivery address/span_JHARKHAND' is clicked on

08-02-2024T13:51:40 - [MESSAGE][PASSED] - Object: 'Object Repository/integration/successful002/Page_Select a delivery address/span_JHARKHAND' is clicked on

08-02-2024T13:51:40 - [TEST_STEP][PASSED] - click(findTestObject("Object Repository/integration/successful002/Page_Select a delivery address/a_JHARKHAND")): Object: 'Object Repository/integration/successful002/Page_Select a delivery address/a_JHARKHAND' is clicked on

08-02-2024T13:51:40 - [MESSAGE][PASSED] - Object: 'Object Repository/integration/successful002/Page_Select a delivery address/a_JHARKHAND' is clicked on

08-02-2024T13:51:40 - [TEST_STEP][PASSED] - click(findTestObject("Object Repository/integration/successful002/Page_Select a delivery address/input_a-button-input")): Object: 'Object Repository/integration/successful002/Page_Select a delivery address/input_a-button-input' is clicked on

08-02-2024T13:51:41 - [MESSAGE][PASSED] - Object: 'Object Repository/integration/successful002/Page_Select a delivery address/input_a-button-input' is clicked on

08-02-2024T13:51:41 - [TEST_STEP][PASSED] - click(findTestObject("Object Repository/integration/successful002/Page_Amazon.in Checkout/input_ppw-instrumentRowSelection")): Object: 'Object Repository/integration/successful002/Page_Amazon.in Checkout/input_ppw-instrumentRowSelection' is clicked on

08-02-2024T13:51:46 - [MESSAGE][PASSED] - Object: 'Object Repository/integration/successful002/Page_Amazon.in Checkout/input_ppw-instrumentRowSelection' is clicked on

08-02-2024T13:51:46 - [TEST_STEP][PASSED] - setText(findTestObject("Object Repository/integration/successful002/Page_Amazon.in Checkout/input___sif_encryptedVPA_collect"), "demonritesh8092-1@oksbi"): Text 'demonritesh8092-1@oksbi' is set on object 'Object Repository/integration/successful002/Page_Amazon.in Checkout/input___sif_encryptedVPA_collect'

08-02-2024T13:51:47 - [MESSAGE][PASSED] - Text 'demonritesh8092-1@oksbi' is set on object 'Object Repository/integration/successful002/Page_Amazon.in Checkout/input___sif_encryptedVPA_collect'

08-02-2024T13:51:47 - [TEST_STEP][PASSED] - click(findTestObject("Object Repository/integration/successful002/Page_Amazon.in Checkout/input_ppw-widgetEventValidateUpiIdEvent")): Object: 'Object Repository/integration/successful002/Page_Amazon.in Checkout/input_ppw-widgetEventValidateUpiIdEvent' is clicked on

08-02-2024T13:51:48 - [MESSAGE][PASSED] - Object: 'Object Repository/integration/successful002/Page_Amazon.in Checkout/input_ppw-widgetEventValidateUpiIdEvent' is clicked on

08-02-2024T13:51:48 - [TEST_STEP][PASSED] - click(findTestObject("Object Repository/integration/successful002/Page_Amazon.in Checkout/input_ppw-widgetEventSetPaymentPlanSelectCo_b3daea")): Object: 'Object Repository/integration/successful002/Page_Amazon.in Checkout/input_ppw-widgetEventSetPaymentPlanSelectCo_b3daea' is clicked on

08-02-2024T13:51:55 - [MESSAGE][PASSED] - Object: 'Object Repository/integration/successful002/Page_Amazon.in Checkout/input_ppw-widgetEventSetPaymentPlanSelectCo_b3daea' is clicked on

08-02-2024T13:51:55 - [TEST_STEP][PASSED] - click(findTestObject("Object Repository/integration/successful002/Page_Amazon.in Checkout/span_No Thanks")): Object: 'Object Repository/integration/successful002/Page_Amazon.in Checkout/span_No Thanks' is clicked on

08-02-2024T13:51:56 - [MESSAGE][PASSED] - Object: 'Object Repository/integration/successful002/Page_Amazon.in Checkout/span_No Thanks' is clicked on

08-02-2024T13:51:56 - [TEST_STEP][PASSED] - closeBrowser(): Browser is closed

08-02-2024T13:51:56 - [MESSAGE][PASSED] - Browser is closed

08-02-2024T13:51:56 - [TEST_STEP][PASSED] - Start listener action : sampleAfterTestCase: Browser is closed

08-02-2024T13:51:56 - [TEST_STEP][PASSED] - closeBrowser(): Browser is closed

08-02-2024T13:51:56 - [MESSAGE][PASSED] - Browser is closed]]></system-out>
         <system-err><![CDATA[]]></system-err>
      </testcase>
      <system-out><![CDATA[08-02-2024T13:47:08 - [TEST_SUITE][FAILED] - integration: Test Cases/integration/successful002 FAILED.
Reason:
com.kms.katalon.core.exception.StepFailedException: Unable to click on object 'Object Repository/integration/successful002/Page_Amazon.in Checkout/input_ppw-instrumentRowSelection'
	at com.kms.katalon.core.webui.keyword.internal.WebUIKeywordMain.stepFailed(WebUIKeywordMain.groovy:64)
	at com.kms.katalon.core.webui.keyword.internal.WebUIKeywordMain.runKeyword(WebUIKeywordMain.groovy:26)
	at com.kms.katalon.core.webui.keyword.builtin.ClickKeyword.click(ClickKeyword.groovy:74)
	at com.kms.katalon.core.webui.keyword.builtin.ClickKeyword.execute(ClickKeyword.groovy:40)
	at com.kms.katalon.core.keyword.internal.KeywordExecutor.executeKeywordForPlatform(KeywordExecutor.groovy:74)
	at com.kms.katalon.core.webui.keyword.WebUiBuiltInKeywords.click(WebUiBuiltInKeywords.groovy:659)
	at successful002.run(successful002:94)
	at com.kms.katalon.core.main.ScriptEngine.run(ScriptEngine.java:194)
	at com.kms.katalon.core.main.ScriptEngine.runScriptAsRawText(ScriptEngine.java:119)
	at com.kms.katalon.core.main.TestCaseExecutor.runScript(TestCaseExecutor.java:448)
	at com.kms.katalon.core.main.TestCaseExecutor.doExecute(TestCaseExecutor.java:439)
	at com.kms.katalon.core.main.TestCaseExecutor.processExecutionPhase(TestCaseExecutor.java:418)
	at com.kms.katalon.core.main.TestCaseExecutor.accessMainPhase(TestCaseExecutor.java:410)
	at com.kms.katalon.core.main.TestCaseExecutor.execute(TestCaseExecutor.java:285)
	at com.kms.katalon.core.common.CommonExecutor.accessTestCaseMainPhase(CommonExecutor.java:65)
	at com.kms.katalon.core.main.TestSuiteExecutor.accessTestSuiteMainPhase(TestSuiteExecutor.java:148)
	at com.kms.katalon.core.main.TestSuiteExecutor.execute(TestSuiteExecutor.java:106)
	at com.kms.katalon.core.main.TestCaseMain.startTestSuite(TestCaseMain.java:180)
	at TempTestSuite1707379686996.run(TempTestSuite1707379686996.groovy:36)
	at java.base/jdk.internal.reflect.NativeMethodAccessorImpl.invoke0(Native Method)
	at java.base/jdk.internal.reflect.NativeMethodAccessorImpl.invoke(NativeMethodAccessorImpl.java:77)
	at java.base/jdk.internal.reflect.DelegatingMethodAccessorImpl.invoke(DelegatingMethodAccessorImpl.java:43)
Caused by: org.openqa.selenium.ElementNotInteractableException: element not interactable
  (Session info: chrome=121.0.6167.160)
Build info: version: '3.141.59', revision: 'e82be7d358', time: '2018-11-14T08:25:53'
System info: host: 'LAPTOP-V2P5S4MK', ip: '192.168.137.1', os.name: 'Windows 10', os.arch: 'amd64', os.version: '10.0', java.version: '17.0.7'
Driver info: com.kms.katalon.selenium.driver.CChromeDriver
Capabilities {acceptInsecureCerts: false, browserName: chrome, browserVersion: 121.0.6167.160, chrome: {chromedriverVersion: 120.0.6099.71 (9729082fe617..., userDataDir: C:\Users\Devil\AppData\Loca...}, fedcm:accounts: true, goog:chromeOptions: {debuggerAddress: localhost:49486}, javascriptEnabled: true, networkConnectionEnabled: false, pageLoadStrategy: normal, platform: WINDOWS, platformName: WINDOWS, proxy: Proxy(), setWindowRect: true, strictFileInteractability: false, timeouts: {implicit: 0, pageLoad: 300000, script: 30000}, unhandledPromptBehavior: dismiss and notify, webauthn:extension:credBlob: true, webauthn:extension:largeBlob: true, webauthn:extension:minPinLength: true, webauthn:extension:prf: true, webauthn:virtualAuthenticators: true}
Session ID: 307fd930554c5e2aa69b350959a3f9ab
	at java.base/jdk.internal.reflect.NativeConstructorAccessorImpl.newInstance0(Native Method)
	at java.base/jdk.internal.reflect.NativeConstructorAccessorImpl.newInstance(NativeConstructorAccessorImpl.java:77)
	at java.base/jdk.internal.reflect.DelegatingConstructorAccessorImpl.newInstance(DelegatingConstructorAccessorImpl.java:45)
	at org.openqa.selenium.remote.http.W3CHttpResponseCodec.createException(W3CHttpResponseCodec.java:187)
	at org.openqa.selenium.remote.http.W3CHttpResponseCodec.decode(W3CHttpResponseCodec.java:122)
	at org.openqa.selenium.remote.http.W3CHttpResponseCodec.decode(W3CHttpResponseCodec.java:49)
	at org.openqa.selenium.remote.HttpCommandExecutor.execute(HttpCommandExecutor.java:158)
	at org.openqa.selenium.remote.service.DriverCommandExecutor.execute(DriverCommandExecutor.java:83)
	at org.openqa.selenium.remote.RemoteWebDriver.execute(RemoteWebDriver.java:552)
	at com.kms.katalon.selenium.driver.CChromeDriver.execute(CChromeDriver.java:19)
	at org.openqa.selenium.remote.RemoteWebElement.execute(RemoteWebElement.java:285)
	at org.openqa.selenium.remote.RemoteWebElement.click(RemoteWebElement.java:84)
	at jdk.internal.reflect.GeneratedMethodAccessor13.invoke(Unknown Source)
	at java.base/jdk.internal.reflect.DelegatingMethodAccessorImpl.invoke(DelegatingMethodAccessorImpl.java:43)
	at org.openqa.selenium.support.events.EventFiringWebDriver$EventFiringWebElement.lambda$new$0(EventFiringWebDriver.java:404)
	at jdk.proxy2/jdk.proxy2.$Proxy27.click(Unknown Source)
	at org.openqa.selenium.support.events.EventFiringWebDriver$EventFiringWebElement.click(EventFiringWebDriver.java:417)
	at org.openqa.selenium.WebElement$click.call(Unknown Source)
	at com.kms.katalon.core.webui.keyword.builtin.ClickKeyword.clickUntilSuccessWithTimeout(ClickKeyword.groovy:81)
	at com.kms.katalon.core.webui.keyword.builtin.ClickKeyword.clickUntilSuccessWithTimeout(ClickKeyword.groovy)
	at jdk.internal.reflect.GeneratedMethodAccessor11.invoke(Unknown Source)
	at java.base/jdk.internal.reflect.DelegatingMethodAccessorImpl.invoke(DelegatingMethodAccessorImpl.java:43)
	at com.kms.katalon.core.webui.keyword.builtin.ClickKeyword$_click_closure1.doCall(ClickKeyword.groovy:67)
	at com.kms.katalon.core.webui.keyword.builtin.ClickKeyword$_click_closure1.call(ClickKeyword.groovy)
	at com.kms.katalon.core.webui.keyword.internal.WebUIKeywordMain.runKeyword(WebUIKeywordMain.groovy:20)
	... 20 more]]></system-out>
      <system-err><![CDATA[08-02-2024T13:47:08 - [TEST_SUITE][FAILED] - integration: Test Cases/integration/successful002 FAILED.
Reason:
com.kms.katalon.core.exception.StepFailedException: Unable to click on object 'Object Repository/integration/successful002/Page_Amazon.in Checkout/input_ppw-instrumentRowSelection'
	at com.kms.katalon.core.webui.keyword.internal.WebUIKeywordMain.stepFailed(WebUIKeywordMain.groovy:64)
	at com.kms.katalon.core.webui.keyword.internal.WebUIKeywordMain.runKeyword(WebUIKeywordMain.groovy:26)
	at com.kms.katalon.core.webui.keyword.builtin.ClickKeyword.click(ClickKeyword.groovy:74)
	at com.kms.katalon.core.webui.keyword.builtin.ClickKeyword.execute(ClickKeyword.groovy:40)
	at com.kms.katalon.core.keyword.internal.KeywordExecutor.executeKeywordForPlatform(KeywordExecutor.groovy:74)
	at com.kms.katalon.core.webui.keyword.WebUiBuiltInKeywords.click(WebUiBuiltInKeywords.groovy:659)
	at successful002.run(successful002:94)
	at com.kms.katalon.core.main.ScriptEngine.run(ScriptEngine.java:194)
	at com.kms.katalon.core.main.ScriptEngine.runScriptAsRawText(ScriptEngine.java:119)
	at com.kms.katalon.core.main.TestCaseExecutor.runScript(TestCaseExecutor.java:448)
	at com.kms.katalon.core.main.TestCaseExecutor.doExecute(TestCaseExecutor.java:439)
	at com.kms.katalon.core.main.TestCaseExecutor.processExecutionPhase(TestCaseExecutor.java:418)
	at com.kms.katalon.core.main.TestCaseExecutor.accessMainPhase(TestCaseExecutor.java:410)
	at com.kms.katalon.core.main.TestCaseExecutor.execute(TestCaseExecutor.java:285)
	at com.kms.katalon.core.common.CommonExecutor.accessTestCaseMainPhase(CommonExecutor.java:65)
	at com.kms.katalon.core.main.TestSuiteExecutor.accessTestSuiteMainPhase(TestSuiteExecutor.java:148)
	at com.kms.katalon.core.main.TestSuiteExecutor.execute(TestSuiteExecutor.java:106)
	at com.kms.katalon.core.main.TestCaseMain.startTestSuite(TestCaseMain.java:180)
	at TempTestSuite1707379686996.run(TempTestSuite1707379686996.groovy:36)
	at java.base/jdk.internal.reflect.NativeMethodAccessorImpl.invoke0(Native Method)
	at java.base/jdk.internal.reflect.NativeMethodAccessorImpl.invoke(NativeMethodAccessorImpl.java:77)
	at java.base/jdk.internal.reflect.DelegatingMethodAccessorImpl.invoke(DelegatingMethodAccessorImpl.java:43)
Caused by: org.openqa.selenium.ElementNotInteractableException: element not interactable
  (Session info: chrome=121.0.6167.160)
Build info: version: '3.141.59', revision: 'e82be7d358', time: '2018-11-14T08:25:53'
System info: host: 'LAPTOP-V2P5S4MK', ip: '192.168.137.1', os.name: 'Windows 10', os.arch: 'amd64', os.version: '10.0', java.version: '17.0.7'
Driver info: com.kms.katalon.selenium.driver.CChromeDriver
Capabilities {acceptInsecureCerts: false, browserName: chrome, browserVersion: 121.0.6167.160, chrome: {chromedriverVersion: 120.0.6099.71 (9729082fe617..., userDataDir: C:\Users\Devil\AppData\Loca...}, fedcm:accounts: true, goog:chromeOptions: {debuggerAddress: localhost:49486}, javascriptEnabled: true, networkConnectionEnabled: false, pageLoadStrategy: normal, platform: WINDOWS, platformName: WINDOWS, proxy: Proxy(), setWindowRect: true, strictFileInteractability: false, timeouts: {implicit: 0, pageLoad: 300000, script: 30000}, unhandledPromptBehavior: dismiss and notify, webauthn:extension:credBlob: true, webauthn:extension:largeBlob: true, webauthn:extension:minPinLength: true, webauthn:extension:prf: true, webauthn:virtualAuthenticators: true}
Session ID: 307fd930554c5e2aa69b350959a3f9ab
	at java.base/jdk.internal.reflect.NativeConstructorAccessorImpl.newInstance0(Native Method)
	at java.base/jdk.internal.reflect.NativeConstructorAccessorImpl.newInstance(NativeConstructorAccessorImpl.java:77)
	at java.base/jdk.internal.reflect.DelegatingConstructorAccessorImpl.newInstance(DelegatingConstructorAccessorImpl.java:45)
	at org.openqa.selenium.remote.http.W3CHttpResponseCodec.createException(W3CHttpResponseCodec.java:187)
	at org.openqa.selenium.remote.http.W3CHttpResponseCodec.decode(W3CHttpResponseCodec.java:122)
	at org.openqa.selenium.remote.http.W3CHttpResponseCodec.decode(W3CHttpResponseCodec.java:49)
	at org.openqa.selenium.remote.HttpCommandExecutor.execute(HttpCommandExecutor.java:158)
	at org.openqa.selenium.remote.service.DriverCommandExecutor.execute(DriverCommandExecutor.java:83)
	at org.openqa.selenium.remote.RemoteWebDriver.execute(RemoteWebDriver.java:552)
	at com.kms.katalon.selenium.driver.CChromeDriver.execute(CChromeDriver.java:19)
	at org.openqa.selenium.remote.RemoteWebElement.execute(RemoteWebElement.java:285)
	at org.openqa.selenium.remote.RemoteWebElement.click(RemoteWebElement.java:84)
	at jdk.internal.reflect.GeneratedMethodAccessor13.invoke(Unknown Source)
	at java.base/jdk.internal.reflect.DelegatingMethodAccessorImpl.invoke(DelegatingMethodAccessorImpl.java:43)
	at org.openqa.selenium.support.events.EventFiringWebDriver$EventFiringWebElement.lambda$new$0(EventFiringWebDriver.java:404)
	at jdk.proxy2/jdk.proxy2.$Proxy27.click(Unknown Source)
	at org.openqa.selenium.support.events.EventFiringWebDriver$EventFiringWebElement.click(EventFiringWebDriver.java:417)
	at org.openqa.selenium.WebElement$click.call(Unknown Source)
	at com.kms.katalon.core.webui.keyword.builtin.ClickKeyword.clickUntilSuccessWithTimeout(ClickKeyword.groovy:81)
	at com.kms.katalon.core.webui.keyword.builtin.ClickKeyword.clickUntilSuccessWithTimeout(ClickKeyword.groovy)
	at jdk.internal.reflect.GeneratedMethodAccessor11.invoke(Unknown Source)
	at java.base/jdk.internal.reflect.DelegatingMethodAccessorImpl.invoke(DelegatingMethodAccessorImpl.java:43)
	at com.kms.katalon.core.webui.keyword.builtin.ClickKeyword$_click_closure1.doCall(ClickKeyword.groovy:67)
	at com.kms.katalon.core.webui.keyword.builtin.ClickKeyword$_click_closure1.call(ClickKeyword.groovy)
	at com.kms.katalon.core.webui.keyword.internal.WebUIKeywordMain.runKeyword(WebUIKeywordMain.groovy:20)
	... 20 more]]></system-err>
   </testsuite>
   <testsuite name="login_discover001" tests="3" failures="0" errors="0" time="180.2" skipped="0" timestamp="08-02-2024T13:52:12" hostname="Devil - LAPTOP-V2P5S4MK.mshome.net" id="Test Suites/login_discover/login_discover001">
      <properties>
         <property name="deviceName" value=""/>
         <property name="devicePlatform" value=""/>
         <property name="logFolder" value="C:\\Users\\Devil\\git\\SI-GuidedProject-705690-1704903143\\Reports\\20240208_133803\\login_discover\\login_discover001\\20240208_133808"/>
         <property name="logFiles" value="C:\\Users\\Devil\\git\\SI-GuidedProject-705690-1704903143\\Reports\\20240208_133803\\login_discover\\login_discover001\\20240208_133808\\execution0.log"/>
         <property name="attachments" value=""/>
         <property name="hostName" value="Devil - LAPTOP-V2P5S4MK.mshome.net"/>
         <property name="os" value="Windows 10 64bit"/>
         <property name="katalonVersion" value="9.2.0.212"/>
         <property name="browser" value="Chrome 121.0.0.0"/>
         <property name="hostAddress" value="192.168.137.1"/>
         <property name="sessionId" value="792d47021fd7c5239d9daf2b7e10297d"/>
         <property name="seleniumVersion" value="3.141.59"/>
         <property name="proxyInformation" value="ProxyInformation { proxyOption=NO_PROXY, proxyServerType=HTTP, username=, password=********, proxyServerAddress=, proxyServerPort=0, executionList=&quot;&quot;, isApplyToDesiredCapabilities=true }"/>
         <property name="platform" value="Windows 10"/>
      </properties>
      <testcase name="Test Cases/discover/discover007" time="78.696" classname="Test Cases/discover/discover007" status="PASSED">
         <system-out><![CDATA[08-02-2024T13:52:13 - [TEST_CASE][PASSED] - Test Cases/discover/discover007: Test Cases/discover/discover007

08-02-2024T13:52:13 - [TEST_STEP][PASSED] - Start listener action : sampleBeforeTestCase: Navigate to 'https://www.amazon.in/' successfully

08-02-2024T13:52:13 - [TEST_STEP][PASSED] - openBrowser(""): Browser is opened with url: ''

08-02-2024T13:52:13 - [MESSAGE][INFO] - Starting 'Chrome' driver

08-02-2024T13:52:13 - [MESSAGE][INFO] - Action delay is set to 0 milliseconds

08-02-2024T13:52:15 - [MESSAGE][PASSED] - Browser is opened with url: ''

08-02-2024T13:52:15 - [TEST_STEP][PASSED] - navigateToUrl("https://www.amazon.in/"): Navigate to 'https://www.amazon.in/' successfully

08-02-2024T13:52:18 - [MESSAGE][PASSED] - Navigate to 'https://www.amazon.in/' successfully

08-02-2024T13:52:18 - [TEST_STEP][PASSED] - openBrowser(""): Browser is opened with url: ''

08-02-2024T13:52:18 - [MESSAGE][WARNING] - A browser is already opened. Closing browser and opening a new one

08-02-2024T13:52:18 - [MESSAGE][INFO] - Starting 'Chrome' driver

08-02-2024T13:52:18 - [MESSAGE][INFO] - Action delay is set to 0 milliseconds

08-02-2024T13:52:19 - [MESSAGE][PASSED] - Browser is opened with url: ''

08-02-2024T13:52:19 - [TEST_STEP][PASSED] - navigateToUrl("https://www.amazon.in/"): Navigate to 'https://www.amazon.in/' successfully

08-02-2024T13:52:22 - [MESSAGE][PASSED] - Navigate to 'https://www.amazon.in/' successfully

08-02-2024T13:52:22 - [TEST_STEP][PASSED] - click(findTestObject("Object Repository/discover/discover007/Page_Online Shopping site in India Shop Onl_10c5f3/a_Amazon miniTV")): Object: 'Object Repository/discover/discover007/Page_Online Shopping site in India Shop Onl_10c5f3/a_Amazon miniTV' is clicked on

08-02-2024T13:53:08 - [MESSAGE][PASSED] - Object: 'Object Repository/discover/discover007/Page_Online Shopping site in India Shop Onl_10c5f3/a_Amazon miniTV' is clicked on

08-02-2024T13:53:08 - [TEST_STEP][PASSED] - click(findTestObject("Object Repository/discover/discover007/Page_Amazon miniTV - Watch Free Web Series,_86fafa/span_Imported")): Object: 'Object Repository/discover/discover007/Page_Amazon miniTV - Watch Free Web Series,_86fafa/span_Imported' is clicked on

08-02-2024T13:53:10 - [MESSAGE][PASSED] - Object: 'Object Repository/discover/discover007/Page_Amazon miniTV - Watch Free Web Series,_86fafa/span_Imported' is clicked on

08-02-2024T13:53:10 - [TEST_STEP][PASSED] - click(findTestObject("Object Repository/discover/discover007/Page_Watch Dubbed Web Series, Korean Drama,_0fb818/span_Web Series")): Object: 'Object Repository/discover/discover007/Page_Watch Dubbed Web Series, Korean Drama,_0fb818/span_Web Series' is clicked on

08-02-2024T13:53:11 - [MESSAGE][PASSED] - Object: 'Object Repository/discover/discover007/Page_Watch Dubbed Web Series, Korean Drama,_0fb818/span_Web Series' is clicked on

08-02-2024T13:53:11 - [TEST_STEP][PASSED] - click(findTestObject("Object Repository/discover/discover007/Page_Watch Latest Web Series Online for Fre_49d131/span_Movies")): Object: 'Object Repository/discover/discover007/Page_Watch Latest Web Series Online for Fre_49d131/span_Movies' is clicked on

08-02-2024T13:53:13 - [MESSAGE][PASSED] - Object: 'Object Repository/discover/discover007/Page_Watch Latest Web Series Online for Fre_49d131/span_Movies' is clicked on

08-02-2024T13:53:13 - [TEST_STEP][PASSED] - click(findTestObject("Object Repository/discover/discover007/Page_Watch Popular Movies  Short Films Onli_56b9b2/span_Romance")): Object: 'Object Repository/discover/discover007/Page_Watch Popular Movies  Short Films Onli_56b9b2/span_Romance' is clicked on

08-02-2024T13:53:14 - [MESSAGE][PASSED] - Object: 'Object Repository/discover/discover007/Page_Watch Popular Movies  Short Films Onli_56b9b2/span_Romance' is clicked on

08-02-2024T13:53:14 - [TEST_STEP][PASSED] - click(findTestObject("Object Repository/discover/discover007/Page_Watch Trending Romantic Web Series  Mo_a46f5a/span_Comedy")): Object: 'Object Repository/discover/discover007/Page_Watch Trending Romantic Web Series  Mo_a46f5a/span_Comedy' is clicked on

08-02-2024T13:53:15 - [MESSAGE][PASSED] - Object: 'Object Repository/discover/discover007/Page_Watch Trending Romantic Web Series  Mo_a46f5a/span_Comedy' is clicked on

08-02-2024T13:53:15 - [TEST_STEP][PASSED] - click(findTestObject("Object Repository/discover/discover007/Page_Watch Comedy Web Series, Short Films  _4c3a92/img_AppNavbar_mShopIcon__4UsHr")): Object: 'Object Repository/discover/discover007/Page_Watch Comedy Web Series, Short Films  _4c3a92/img_AppNavbar_mShopIcon__4UsHr' is clicked on

08-02-2024T13:53:18 - [MESSAGE][PASSED] - Object: 'Object Repository/discover/discover007/Page_Watch Comedy Web Series, Short Films  _4c3a92/img_AppNavbar_mShopIcon__4UsHr' is clicked on

08-02-2024T13:53:18 - [TEST_STEP][PASSED] - click(findTestObject("Object Repository/discover/discover007/Page_Online Shopping site in India Shop Onl_10c5f3/a_Sell")): Object: 'Object Repository/discover/discover007/Page_Online Shopping site in India Shop Onl_10c5f3/a_Sell' is clicked on

08-02-2024T13:53:24 - [MESSAGE][PASSED] - Object: 'Object Repository/discover/discover007/Page_Online Shopping site in India Shop Onl_10c5f3/a_Sell' is clicked on

08-02-2024T13:53:24 - [TEST_STEP][PASSED] - click(findTestObject("Object Repository/discover/discover007/Page_Amazon.in CrossShop1/a_Mobiles")): Object: 'Object Repository/discover/discover007/Page_Amazon.in CrossShop1/a_Mobiles' is clicked on

08-02-2024T13:53:31 - [MESSAGE][PASSED] - Object: 'Object Repository/discover/discover007/Page_Amazon.in CrossShop1/a_Mobiles' is clicked on

08-02-2024T13:53:31 - [TEST_STEP][PASSED] - closeBrowser(): Browser is closed

08-02-2024T13:53:31 - [MESSAGE][PASSED] - Browser is closed

08-02-2024T13:53:31 - [TEST_STEP][PASSED] - Start listener action : sampleAfterTestCase: Browser is closed

08-02-2024T13:53:31 - [TEST_STEP][PASSED] - closeBrowser(): Browser is closed

08-02-2024T13:53:31 - [MESSAGE][PASSED] - Browser is closed]]></system-out>
         <system-err><![CDATA[]]></system-err>
      </testcase>
      <testcase name="Test Cases/discover/discover_mobiles002" time="27.532" classname="Test Cases/discover/discover_mobiles002" status="PASSED">
         <system-out><![CDATA[08-02-2024T13:53:31 - [TEST_CASE][PASSED] - Test Cases/discover/discover_mobiles002: Test Cases/discover/discover_mobiles002

08-02-2024T13:53:31 - [TEST_STEP][PASSED] - Start listener action : sampleBeforeTestCase: Navigate to 'https://www.amazon.in/' successfully

08-02-2024T13:53:31 - [TEST_STEP][PASSED] - openBrowser(""): Browser is opened with url: ''

08-02-2024T13:53:31 - [MESSAGE][INFO] - Starting 'Chrome' driver

08-02-2024T13:53:31 - [MESSAGE][INFO] - Action delay is set to 0 milliseconds

08-02-2024T13:53:32 - [MESSAGE][PASSED] - Browser is opened with url: ''

08-02-2024T13:53:32 - [TEST_STEP][PASSED] - navigateToUrl("https://www.amazon.in/"): Navigate to 'https://www.amazon.in/' successfully

08-02-2024T13:53:36 - [MESSAGE][PASSED] - Navigate to 'https://www.amazon.in/' successfully

08-02-2024T13:53:36 - [TEST_STEP][PASSED] - openBrowser(""): Browser is opened with url: ''

08-02-2024T13:53:36 - [MESSAGE][WARNING] - A browser is already opened. Closing browser and opening a new one

08-02-2024T13:53:36 - [MESSAGE][INFO] - Starting 'Chrome' driver

08-02-2024T13:53:36 - [MESSAGE][INFO] - Action delay is set to 0 milliseconds

08-02-2024T13:53:37 - [MESSAGE][PASSED] - Browser is opened with url: ''

08-02-2024T13:53:37 - [TEST_STEP][PASSED] - navigateToUrl("https://www.amazon.in/"): Navigate to 'https://www.amazon.in/' successfully

08-02-2024T13:53:42 - [MESSAGE][PASSED] - Navigate to 'https://www.amazon.in/' successfully

08-02-2024T13:53:42 - [TEST_STEP][PASSED] - click(findTestObject("Object Repository/discover/discover_mobiles002/Page_Online Shopping site in India Shop Onl_10c5f3/a_Mobiles")): Object: 'Object Repository/discover/discover_mobiles002/Page_Online Shopping site in India Shop Onl_10c5f3/a_Mobiles' is clicked on

08-02-2024T13:53:49 - [MESSAGE][PASSED] - Object: 'Object Repository/discover/discover_mobiles002/Page_Online Shopping site in India Shop Onl_10c5f3/a_Mobiles' is clicked on

08-02-2024T13:53:49 - [TEST_STEP][PASSED] - click(findTestObject("Object Repository/discover/discover_mobiles002/Page_Mobile Phones Buy New Mobiles Online a_11ca6d/span_Apple")): Object: 'Object Repository/discover/discover_mobiles002/Page_Mobile Phones Buy New Mobiles Online a_11ca6d/span_Apple' is clicked on

08-02-2024T13:53:54 - [MESSAGE][PASSED] - Object: 'Object Repository/discover/discover_mobiles002/Page_Mobile Phones Buy New Mobiles Online a_11ca6d/span_Apple' is clicked on

08-02-2024T13:53:54 - [TEST_STEP][PASSED] - click(findTestObject("Object Repository/discover/discover_mobiles002/Page_Amazon.in/span_Samsung")): Object: 'Object Repository/discover/discover_mobiles002/Page_Amazon.in/span_Samsung' is clicked on

08-02-2024T13:53:58 - [MESSAGE][PASSED] - Object: 'Object Repository/discover/discover_mobiles002/Page_Amazon.in/span_Samsung' is clicked on

08-02-2024T13:53:58 - [TEST_STEP][PASSED] - closeBrowser(): Browser is closed

08-02-2024T13:53:59 - [MESSAGE][PASSED] - Browser is closed

08-02-2024T13:53:59 - [TEST_STEP][PASSED] - Start listener action : sampleAfterTestCase: Browser is closed

08-02-2024T13:53:59 - [TEST_STEP][PASSED] - closeBrowser(): Browser is closed

08-02-2024T13:53:59 - [MESSAGE][PASSED] - Browser is closed]]></system-out>
         <system-err><![CDATA[]]></system-err>
      </testcase>
      <testcase name="Test Cases/login/login_normal002" time="73.583" classname="Test Cases/login/login_normal002" status="PASSED">
         <system-out><![CDATA[08-02-2024T13:53:59 - [TEST_CASE][PASSED] - Test Cases/login/login_normal002: Test Cases/login/login_normal002

08-02-2024T13:53:59 - [TEST_STEP][PASSED] - Start listener action : sampleBeforeTestCase: Navigate to 'https://www.amazon.in/' successfully

08-02-2024T13:53:59 - [TEST_STEP][PASSED] - openBrowser(""): Browser is opened with url: ''

08-02-2024T13:53:59 - [MESSAGE][INFO] - Starting 'Chrome' driver

08-02-2024T13:53:59 - [MESSAGE][INFO] - Action delay is set to 0 milliseconds

08-02-2024T13:54:00 - [MESSAGE][PASSED] - Browser is opened with url: ''

08-02-2024T13:54:00 - [TEST_STEP][PASSED] - navigateToUrl("https://www.amazon.in/"): Navigate to 'https://www.amazon.in/' successfully

08-02-2024T13:54:05 - [MESSAGE][PASSED] - Navigate to 'https://www.amazon.in/' successfully

08-02-2024T13:54:05 - [TEST_STEP][PASSED] - openBrowser(""): Browser is opened with url: ''

08-02-2024T13:54:05 - [MESSAGE][WARNING] - A browser is already opened. Closing browser and opening a new one

08-02-2024T13:54:05 - [MESSAGE][INFO] - Starting 'Chrome' driver

08-02-2024T13:54:05 - [MESSAGE][INFO] - Action delay is set to 0 milliseconds

08-02-2024T13:54:06 - [MESSAGE][PASSED] - Browser is opened with url: ''

08-02-2024T13:54:06 - [TEST_STEP][PASSED] - navigateToUrl("https://www.amazon.in/"): Navigate to 'https://www.amazon.in/' successfully

08-02-2024T13:54:09 - [MESSAGE][PASSED] - Navigate to 'https://www.amazon.in/' successfully

08-02-2024T13:54:09 - [TEST_STEP][PASSED] - click(findTestObject("Object Repository/login/login_normal002/Page_Online Shopping site in India Shop Onl_10c5f3/i_hm-icon nav-sprite")): Object: 'Object Repository/login/login_normal002/Page_Online Shopping site in India Shop Onl_10c5f3/i_hm-icon nav-sprite' is clicked on

08-02-2024T13:54:56 - [MESSAGE][PASSED] - Object: 'Object Repository/login/login_normal002/Page_Online Shopping site in India Shop Onl_10c5f3/i_hm-icon nav-sprite' is clicked on

08-02-2024T13:54:56 - [TEST_STEP][PASSED] - click(findTestObject("Object Repository/login/login_normal002/Page_Online Shopping site in India Shop Onl_10c5f3/b_Hello, sign in")): Object: 'Object Repository/login/login_normal002/Page_Online Shopping site in India Shop Onl_10c5f3/b_Hello, sign in' is clicked on

08-02-2024T13:55:00 - [MESSAGE][PASSED] - Object: 'Object Repository/login/login_normal002/Page_Online Shopping site in India Shop Onl_10c5f3/b_Hello, sign in' is clicked on

08-02-2024T13:55:00 - [TEST_STEP][PASSED] - setText(findTestObject("Object Repository/login/login_normal002/Page_Amazon Sign In/input_email"), "7779970102"): Text '7779970102' is set on object 'Object Repository/login/login_normal002/Page_Amazon Sign In/input_email'

08-02-2024T13:55:01 - [MESSAGE][PASSED] - Text '7779970102' is set on object 'Object Repository/login/login_normal002/Page_Amazon Sign In/input_email'

08-02-2024T13:55:01 - [TEST_STEP][PASSED] - click(findTestObject("Object Repository/login/login_normal002/Page_Amazon Sign In/inputcontinue")): Object: 'Object Repository/login/login_normal002/Page_Amazon Sign In/inputcontinue' is clicked on

08-02-2024T13:55:02 - [MESSAGE][PASSED] - Object: 'Object Repository/login/login_normal002/Page_Amazon Sign In/inputcontinue' is clicked on

08-02-2024T13:55:02 - [TEST_STEP][PASSED] - setEncryptedText(findTestObject("Object Repository/login/login_normal002/Page_Amazon Sign In/input_password"), "eSPcD+aU0jcqZChrJx5wLA=="): Text ****** has been set on object 'Object Repository/login/login_normal002/Page_Amazon Sign In/input_password'

08-02-2024T13:55:03 - [MESSAGE][PASSED] - Text ****** has been set on object 'Object Repository/login/login_normal002/Page_Amazon Sign In/input_password'

08-02-2024T13:55:03 - [TEST_STEP][PASSED] - click(findTestObject("Object Repository/login/login_normal002/Page_Amazon Sign In/inputsignInSubmit")): Object: 'Object Repository/login/login_normal002/Page_Amazon Sign In/inputsignInSubmit' is clicked on

08-02-2024T13:55:03 - [MESSAGE][PASSED] - Object: 'Object Repository/login/login_normal002/Page_Amazon Sign In/inputsignInSubmit' is clicked on

08-02-2024T13:55:03 - [TEST_STEP][PASSED] - click(findTestObject("Object Repository/login/login_normal002/Page_Online Shopping site in India Shop Onl_10c5f3/i_hm-icon nav-sprite")): Object: 'Object Repository/login/login_normal002/Page_Online Shopping site in India Shop Onl_10c5f3/i_hm-icon nav-sprite' is clicked on

08-02-2024T13:55:08 - [MESSAGE][PASSED] - Object: 'Object Repository/login/login_normal002/Page_Online Shopping site in India Shop Onl_10c5f3/i_hm-icon nav-sprite' is clicked on

08-02-2024T13:55:08 - [TEST_STEP][PASSED] - click(findTestObject("Object Repository/login/login_normal002/Page_Online Shopping site in India Shop Onl_10c5f3/div_Help  Settings")): Object: 'Object Repository/login/login_normal002/Page_Online Shopping site in India Shop Onl_10c5f3/div_Help  Settings' is clicked on

08-02-2024T13:55:10 - [MESSAGE][PASSED] - Object: 'Object Repository/login/login_normal002/Page_Online Shopping site in India Shop Onl_10c5f3/div_Help  Settings' is clicked on

08-02-2024T13:55:10 - [TEST_STEP][PASSED] - verifyElementText(findTestObject("Object Repository/login/login_normal002/Page_Online Shopping site in India Shop Onl_10c5f3/div_Help  Settings"), "Help & Settings"): Actual text and expected text of test object 'Object Repository/login/login_normal002/Page_Online Shopping site in India Shop Onl_10c5f3/div_Help  Settings' are matched.

08-02-2024T13:55:10 - [MESSAGE][PASSED] - Actual text and expected text of test object 'Object Repository/login/login_normal002/Page_Online Shopping site in India Shop Onl_10c5f3/div_Help  Settings' are matched.

08-02-2024T13:55:10 - [TEST_STEP][PASSED] - click(findTestObject("Object Repository/login/login_normal002/Page_Online Shopping site in India Shop Onl_10c5f3/a_Sign Out")): Object: 'Object Repository/login/login_normal002/Page_Online Shopping site in India Shop Onl_10c5f3/a_Sign Out' is clicked on

08-02-2024T13:55:12 - [MESSAGE][PASSED] - Object: 'Object Repository/login/login_normal002/Page_Online Shopping site in India Shop Onl_10c5f3/a_Sign Out' is clicked on

08-02-2024T13:55:12 - [TEST_STEP][PASSED] - closeBrowser(): Browser is closed

08-02-2024T13:55:12 - [MESSAGE][PASSED] - Browser is closed

08-02-2024T13:55:12 - [TEST_STEP][PASSED] - Start listener action : sampleAfterTestCase: Browser is closed

08-02-2024T13:55:12 - [TEST_STEP][PASSED] - closeBrowser(): Browser is closed

08-02-2024T13:55:12 - [MESSAGE][PASSED] - Browser is closed]]></system-out>
         <system-err><![CDATA[]]></system-err>
      </testcase>
      <system-out><![CDATA[08-02-2024T13:52:12 - [TEST_SUITE][PASSED] - login_discover001: Test Cases/login/login_normal002]]></system-out>
      <system-err><![CDATA[]]></system-err>
   </testsuite>
   <testsuite name="only_login" tests="1" failures="0" errors="0" time="29.23" skipped="0" timestamp="08-02-2024T13:55:19" hostname="Devil - LAPTOP-V2P5S4MK.mshome.net" id="Test Suites/only_login/only_login">
      <properties>
         <property name="deviceName" value=""/>
         <property name="devicePlatform" value=""/>
         <property name="logFolder" value="C:\\Users\\Devil\\git\\SI-GuidedProject-705690-1704903143\\Reports\\20240208_133803\\only_login\\only_login\\20240208_133810"/>
         <property name="logFiles" value="C:\\Users\\Devil\\git\\SI-GuidedProject-705690-1704903143\\Reports\\20240208_133803\\only_login\\only_login\\20240208_133810\\execution0.log"/>
         <property name="attachments" value=""/>
         <property name="hostName" value="Devil - LAPTOP-V2P5S4MK.mshome.net"/>
         <property name="os" value="Windows 10 64bit"/>
         <property name="katalonVersion" value="9.2.0.212"/>
         <property name="browser" value="Chrome 121.0.0.0"/>
         <property name="hostAddress" value="192.168.137.1"/>
         <property name="sessionId" value="a07e82e7c631fed064388aadceeb2f09"/>
         <property name="seleniumVersion" value="3.141.59"/>
         <property name="proxyInformation" value="ProxyInformation { proxyOption=NO_PROXY, proxyServerType=HTTP, username=, password=********, proxyServerAddress=, proxyServerPort=0, executionList=&quot;&quot;, isApplyToDesiredCapabilities=true }"/>
         <property name="platform" value="Windows 10"/>
      </properties>
      <testcase name="Test Cases/login/login_normal002" time="28.902" classname="Test Cases/login/login_normal002" status="PASSED">
         <system-out><![CDATA[08-02-2024T13:55:19 - [TEST_CASE][PASSED] - Test Cases/login/login_normal002: Test Cases/login/login_normal002

08-02-2024T13:55:19 - [TEST_STEP][PASSED] - Start listener action : sampleBeforeTestCase: Navigate to 'https://www.amazon.in/' successfully

08-02-2024T13:55:19 - [TEST_STEP][PASSED] - openBrowser(""): Browser is opened with url: ''

08-02-2024T13:55:20 - [MESSAGE][INFO] - Starting 'Chrome' driver

08-02-2024T13:55:20 - [MESSAGE][INFO] - Action delay is set to 0 milliseconds

08-02-2024T13:55:21 - [MESSAGE][PASSED] - Browser is opened with url: ''

08-02-2024T13:55:21 - [TEST_STEP][PASSED] - navigateToUrl("https://www.amazon.in/"): Navigate to 'https://www.amazon.in/' successfully

08-02-2024T13:55:25 - [MESSAGE][PASSED] - Navigate to 'https://www.amazon.in/' successfully

08-02-2024T13:55:26 - [TEST_STEP][PASSED] - openBrowser(""): Browser is opened with url: ''

08-02-2024T13:55:26 - [MESSAGE][WARNING] - A browser is already opened. Closing browser and opening a new one

08-02-2024T13:55:26 - [MESSAGE][INFO] - Starting 'Chrome' driver

08-02-2024T13:55:26 - [MESSAGE][INFO] - Action delay is set to 0 milliseconds

08-02-2024T13:55:27 - [MESSAGE][PASSED] - Browser is opened with url: ''

08-02-2024T13:55:27 - [TEST_STEP][PASSED] - navigateToUrl("https://www.amazon.in/"): Navigate to 'https://www.amazon.in/' successfully

08-02-2024T13:55:31 - [MESSAGE][PASSED] - Navigate to 'https://www.amazon.in/' successfully

08-02-2024T13:55:31 - [TEST_STEP][PASSED] - click(findTestObject("Object Repository/login/login_normal002/Page_Online Shopping site in India Shop Onl_10c5f3/i_hm-icon nav-sprite")): Object: 'Object Repository/login/login_normal002/Page_Online Shopping site in India Shop Onl_10c5f3/i_hm-icon nav-sprite' is clicked on

08-02-2024T13:55:32 - [MESSAGE][PASSED] - Object: 'Object Repository/login/login_normal002/Page_Online Shopping site in India Shop Onl_10c5f3/i_hm-icon nav-sprite' is clicked on

08-02-2024T13:55:32 - [TEST_STEP][PASSED] - click(findTestObject("Object Repository/login/login_normal002/Page_Online Shopping site in India Shop Onl_10c5f3/b_Hello, sign in")): Object: 'Object Repository/login/login_normal002/Page_Online Shopping site in India Shop Onl_10c5f3/b_Hello, sign in' is clicked on

08-02-2024T13:55:34 - [MESSAGE][PASSED] - Object: 'Object Repository/login/login_normal002/Page_Online Shopping site in India Shop Onl_10c5f3/b_Hello, sign in' is clicked on

08-02-2024T13:55:34 - [TEST_STEP][PASSED] - setText(findTestObject("Object Repository/login/login_normal002/Page_Amazon Sign In/input_email"), "7779970102"): Text '7779970102' is set on object 'Object Repository/login/login_normal002/Page_Amazon Sign In/input_email'

08-02-2024T13:55:36 - [MESSAGE][PASSED] - Text '7779970102' is set on object 'Object Repository/login/login_normal002/Page_Amazon Sign In/input_email'

08-02-2024T13:55:36 - [TEST_STEP][PASSED] - click(findTestObject("Object Repository/login/login_normal002/Page_Amazon Sign In/inputcontinue")): Object: 'Object Repository/login/login_normal002/Page_Amazon Sign In/inputcontinue' is clicked on

08-02-2024T13:55:37 - [MESSAGE][PASSED] - Object: 'Object Repository/login/login_normal002/Page_Amazon Sign In/inputcontinue' is clicked on

08-02-2024T13:55:37 - [TEST_STEP][PASSED] - setEncryptedText(findTestObject("Object Repository/login/login_normal002/Page_Amazon Sign In/input_password"), "eSPcD+aU0jcqZChrJx5wLA=="): Text ****** has been set on object 'Object Repository/login/login_normal002/Page_Amazon Sign In/input_password'

08-02-2024T13:55:38 - [MESSAGE][PASSED] - Text ****** has been set on object 'Object Repository/login/login_normal002/Page_Amazon Sign In/input_password'

08-02-2024T13:55:38 - [TEST_STEP][PASSED] - click(findTestObject("Object Repository/login/login_normal002/Page_Amazon Sign In/inputsignInSubmit")): Object: 'Object Repository/login/login_normal002/Page_Amazon Sign In/inputsignInSubmit' is clicked on

08-02-2024T13:55:38 - [MESSAGE][PASSED] - Object: 'Object Repository/login/login_normal002/Page_Amazon Sign In/inputsignInSubmit' is clicked on

08-02-2024T13:55:38 - [TEST_STEP][PASSED] - click(findTestObject("Object Repository/login/login_normal002/Page_Online Shopping site in India Shop Onl_10c5f3/i_hm-icon nav-sprite")): Object: 'Object Repository/login/login_normal002/Page_Online Shopping site in India Shop Onl_10c5f3/i_hm-icon nav-sprite' is clicked on

08-02-2024T13:55:44 - [MESSAGE][PASSED] - Object: 'Object Repository/login/login_normal002/Page_Online Shopping site in India Shop Onl_10c5f3/i_hm-icon nav-sprite' is clicked on

08-02-2024T13:55:44 - [TEST_STEP][PASSED] - click(findTestObject("Object Repository/login/login_normal002/Page_Online Shopping site in India Shop Onl_10c5f3/div_Help  Settings")): Object: 'Object Repository/login/login_normal002/Page_Online Shopping site in India Shop Onl_10c5f3/div_Help  Settings' is clicked on

08-02-2024T13:55:46 - [MESSAGE][PASSED] - Object: 'Object Repository/login/login_normal002/Page_Online Shopping site in India Shop Onl_10c5f3/div_Help  Settings' is clicked on

08-02-2024T13:55:46 - [TEST_STEP][PASSED] - verifyElementText(findTestObject("Object Repository/login/login_normal002/Page_Online Shopping site in India Shop Onl_10c5f3/div_Help  Settings"), "Help & Settings"): Actual text and expected text of test object 'Object Repository/login/login_normal002/Page_Online Shopping site in India Shop Onl_10c5f3/div_Help  Settings' are matched.

08-02-2024T13:55:46 - [MESSAGE][PASSED] - Actual text and expected text of test object 'Object Repository/login/login_normal002/Page_Online Shopping site in India Shop Onl_10c5f3/div_Help  Settings' are matched.

08-02-2024T13:55:46 - [TEST_STEP][PASSED] - click(findTestObject("Object Repository/login/login_normal002/Page_Online Shopping site in India Shop Onl_10c5f3/a_Sign Out")): Object: 'Object Repository/login/login_normal002/Page_Online Shopping site in India Shop Onl_10c5f3/a_Sign Out' is clicked on

08-02-2024T13:55:48 - [MESSAGE][PASSED] - Object: 'Object Repository/login/login_normal002/Page_Online Shopping site in India Shop Onl_10c5f3/a_Sign Out' is clicked on

08-02-2024T13:55:48 - [TEST_STEP][PASSED] - closeBrowser(): Browser is closed

08-02-2024T13:55:48 - [MESSAGE][PASSED] - Browser is closed

08-02-2024T13:55:48 - [TEST_STEP][PASSED] - Start listener action : sampleAfterTestCase: Browser is closed

08-02-2024T13:55:48 - [TEST_STEP][PASSED] - closeBrowser(): Browser is closed

08-02-2024T13:55:48 - [MESSAGE][PASSED] - Browser is closed]]></system-out>
         <system-err><![CDATA[]]></system-err>
      </testcase>
      <system-out><![CDATA[08-02-2024T13:55:19 - [TEST_SUITE][PASSED] - only_login: Test Cases/login/login_normal002]]></system-out>
      <system-err><![CDATA[]]></system-err>
   </testsuite>
   <testsuite name="successful_login_and_errors" tests="4" failures="1" errors="0" time="448.555" skipped="0" timestamp="08-02-2024T13:55:54" hostname="Devil - LAPTOP-V2P5S4MK.mshome.net" id="Test Suites/successful_login_and_errors/successful_login_and_errors">
      <properties>
         <property name="deviceName" value=""/>
         <property name="devicePlatform" value=""/>
         <property name="logFolder" value="C:\\Users\\Devil\\git\\SI-GuidedProject-705690-1704903143\\Reports\\20240208_133803\\successful_login_and_errors\\successful_login_and_errors\\20240208_133812"/>
         <property name="logFiles" value="C:\\Users\\Devil\\git\\SI-GuidedProject-705690-1704903143\\Reports\\20240208_133803\\successful_login_and_errors\\successful_login_and_errors\\20240208_133812\\execution0.log"/>
         <property name="attachments" value="C:\\Users\\Devil\\git\\SI-GuidedProject-705690-1704903143\\Reports\\20240208_133803\\successful_login_and_errors\\successful_login_and_errors\\20240208_133812\\1707380769240.png, C:\\Users\\Devil\\git\\SI-GuidedProject-705690-1704903143\\Reports\\20240208_133803\\successful_login_and_errors\\successful_login_and_errors\\20240208_133812\\1707380828498.png, C:\\Users\\Devil\\git\\SI-GuidedProject-705690-1704903143\\Reports\\20240208_133803\\successful_login_and_errors\\successful_login_and_errors\\20240208_133812\\1707380873077.png, C:\\Users\\Devil\\git\\SI-GuidedProject-705690-1704903143\\Reports\\20240208_133803\\successful_login_and_errors\\successful_login_and_errors\\20240208_133812\\1707380929283.png, C:\\Users\\Devil\\git\\SI-GuidedProject-705690-1704903143\\Reports\\20240208_133803\\successful_login_and_errors\\successful_login_and_errors\\20240208_133812\\1707380974989.png, C:\\Users\\Devil\\git\\SI-GuidedProject-705690-1704903143\\Reports\\20240208_133803\\successful_login_and_errors\\successful_login_and_errors\\20240208_133812\\1707381152661.png"/>
         <property name="hostName" value="Devil - LAPTOP-V2P5S4MK.mshome.net"/>
         <property name="os" value="Windows 10 64bit"/>
         <property name="katalonVersion" value="9.2.0.212"/>
         <property name="browser" value="Chrome 121.0.0.0"/>
         <property name="hostAddress" value="192.168.137.1"/>
         <property name="sessionId" value="de5f4ee3a12bc9702bdb9d3bac983a15"/>
         <property name="seleniumVersion" value="3.141.59"/>
         <property name="proxyInformation" value="ProxyInformation { proxyOption=NO_PROXY, proxyServerType=HTTP, username=, password=********, proxyServerAddress=, proxyServerPort=0, executionList=&quot;&quot;, isApplyToDesiredCapabilities=true }"/>
         <property name="platform" value="Windows 10"/>
      </properties>
      <testcase name="Test Cases/login/login_invalid001" time="56.398" classname="Test Cases/login/login_invalid001" status="FAILED">
         <failure type="FAILED" message="Test Cases/login/login_invalid001 FAILED.&#xa;Reason:&#xa;com.kms.katalon.core.exception.StepFailedException: Unable to click on object 'Object Repository/login/login_invalid001/Page_Online Shopping site in India Shop Onl_10c5f3/span_Sign in'&#xa;	at com.kms.katalon.core.webui.keyword.internal.WebUIKeywordMain.stepFailed(WebUIKeywordMain.groovy:64)&#xa;	at com.kms.katalon.core.webui.keyword.internal.WebUIKeywordMain.runKeyword(WebUIKeywordMain.groovy:26)&#xa;	at com.kms.katalon.core.webui.keyword.builtin.ClickKeyword.click(ClickKeyword.groovy:74)&#xa;	at com.kms.katalon.core.webui.keyword.builtin.ClickKeyword.execute(ClickKeyword.groovy:40)&#xa;	at com.kms.katalon.core.keyword.internal.KeywordExecutor.executeKeywordForPlatform(KeywordExecutor.groovy:74)&#xa;	at com.kms.katalon.core.webui.keyword.WebUiBuiltInKeywords.click(WebUiBuiltInKeywords.groovy:659)&#xa;	at login_invalid001.run(login_invalid001:24)&#xa;	at com.kms.katalon.core.main.ScriptEngine.run(ScriptEngine.java:194)&#xa;	at com.kms.katalon.core.main.ScriptEngine.runScriptAsRawText(ScriptEngine.java:119)&#xa;	at com.kms.katalon.core.main.TestCaseExecutor.runScript(TestCaseExecutor.java:448)&#xa;	at com.kms.katalon.core.main.TestCaseExecutor.doExecute(TestCaseExecutor.java:439)&#xa;	at com.kms.katalon.core.main.TestCaseExecutor.processExecutionPhase(TestCaseExecutor.java:418)&#xa;	at com.kms.katalon.core.main.TestCaseExecutor.accessMainPhase(TestCaseExecutor.java:410)&#xa;	at com.kms.katalon.core.main.TestCaseExecutor.execute(TestCaseExecutor.java:285)&#xa;	at com.kms.katalon.core.main.TestCaseExecutor.execute(TestCaseExecutor.java:369)&#xa;	at com.kms.katalon.core.main.TestCaseExecutor.execute(TestCaseExecutor.java:369)&#xa;	at com.kms.katalon.core.main.TestCaseExecutor.execute(TestCaseExecutor.java:369)&#xa;	at com.kms.katalon.core.common.CommonExecutor.accessTestCaseMainPhase(CommonExecutor.java:65)&#xa;	at com.kms.katalon.core.main.TestSuiteExecutor.accessTestSuiteMainPhase(TestSuiteExecutor.java:148)&#xa;	at com.kms.katalon.core.main.TestSuiteExecutor.execute(TestSuiteExecutor.java:106)&#xa;	at com.kms.katalon.core.main.TestCaseMain.startTestSuite(TestCaseMain.java:180)&#xa;	at TempTestSuite1707379692304.run(TempTestSuite1707379692304.groovy:36)&#xa;	at java.base/jdk.internal.reflect.NativeMethodAccessorImpl.invoke0(Native Method)&#xa;	at java.base/jdk.internal.reflect.NativeMethodAccessorImpl.invoke(NativeMethodAccessorImpl.java:77)&#xa;	at java.base/jdk.internal.reflect.DelegatingMethodAccessorImpl.invoke(DelegatingMethodAccessorImpl.java:43)&#xa;Caused by: org.openqa.selenium.ElementNotInteractableException: element not interactable&#xa;  (Session info: chrome=121.0.6167.160)&#xa;Build info: version: '3.141.59', revision: 'e82be7d358', time: '2018-11-14T08:25:53'&#xa;System info: host: 'LAPTOP-V2P5S4MK', ip: '192.168.137.1', os.name: 'Windows 10', os.arch: 'amd64', os.version: '10.0', java.version: '17.0.7'&#xa;Driver info: com.kms.katalon.selenium.driver.CChromeDriver&#xa;Capabilities {acceptInsecureCerts: false, browserName: chrome, browserVersion: 121.0.6167.160, chrome: {chromedriverVersion: 120.0.6099.71 (9729082fe617..., userDataDir: C:\Users\Devil\AppData\Loca...}, fedcm:accounts: true, goog:chromeOptions: {debuggerAddress: localhost:50968}, javascriptEnabled: true, networkConnectionEnabled: false, pageLoadStrategy: normal, platform: WINDOWS, platformName: WINDOWS, proxy: Proxy(), setWindowRect: true, strictFileInteractability: false, timeouts: {implicit: 0, pageLoad: 300000, script: 30000}, unhandledPromptBehavior: dismiss and notify, webauthn:extension:credBlob: true, webauthn:extension:largeBlob: true, webauthn:extension:minPinLength: true, webauthn:extension:prf: true, webauthn:virtualAuthenticators: true}&#xa;Session ID: 3cf9cae89e2e9bd1ddf5b3054f3a3a5d&#xa;	at java.base/jdk.internal.reflect.NativeConstructorAccessorImpl.newInstance0(Native Method)&#xa;	at java.base/jdk.internal.reflect.NativeConstructorAccessorImpl.newInstance(NativeConstructorAccessorImpl.java:77)&#xa;	at java.base/jdk.internal.reflect.DelegatingConstructorAccessorImpl.newInstance(DelegatingConstructorAccessorImpl.java:45)&#xa;	at org.openqa.selenium.remote.http.W3CHttpResponseCodec.createException(W3CHttpResponseCodec.java:187)&#xa;	at org.openqa.selenium.remote.http.W3CHttpResponseCodec.decode(W3CHttpResponseCodec.java:122)&#xa;	at org.openqa.selenium.remote.http.W3CHttpResponseCodec.decode(W3CHttpResponseCodec.java:49)&#xa;	at org.openqa.selenium.remote.HttpCommandExecutor.execute(HttpCommandExecutor.java:158)&#xa;	at org.openqa.selenium.remote.service.DriverCommandExecutor.execute(DriverCommandExecutor.java:83)&#xa;	at org.openqa.selenium.remote.RemoteWebDriver.execute(RemoteWebDriver.java:552)&#xa;	at com.kms.katalon.selenium.driver.CChromeDriver.execute(CChromeDriver.java:19)&#xa;	at org.openqa.selenium.remote.RemoteWebElement.execute(RemoteWebElement.java:285)&#xa;	at org.openqa.selenium.remote.RemoteWebElement.click(RemoteWebElement.java:84)&#xa;	at java.base/jdk.internal.reflect.NativeMethodAccessorImpl.invoke0(Native Method)&#xa;	at java.base/jdk.internal.reflect.NativeMethodAccessorImpl.invoke(NativeMethodAccessorImpl.java:77)&#xa;	at java.base/jdk.internal.reflect.DelegatingMethodAccessorImpl.invoke(DelegatingMethodAccessorImpl.java:43)&#xa;	at org.openqa.selenium.support.events.EventFiringWebDriver$EventFiringWebElement.lambda$new$0(EventFiringWebDriver.java:404)&#xa;	at jdk.proxy2/jdk.proxy2.$Proxy27.click(Unknown Source)&#xa;	at org.openqa.selenium.support.events.EventFiringWebDriver$EventFiringWebElement.click(EventFiringWebDriver.java:417)&#xa;	at org.openqa.selenium.WebElement$click.call(Unknown Source)&#xa;	at com.kms.katalon.core.webui.keyword.builtin.ClickKeyword.clickUntilSuccessWithTimeout(ClickKeyword.groovy:81)&#xa;	at com.kms.katalon.core.webui.keyword.builtin.ClickKeyword.clickUntilSuccessWithTimeout(ClickKeyword.groovy)&#xa;	at java.base/jdk.internal.reflect.NativeMethodAccessorImpl.invoke0(Native Method)&#xa;	at java.base/jdk.internal.reflect.NativeMethodAccessorImpl.invoke(NativeMethodAccessorImpl.java:77)&#xa;	at java.base/jdk.internal.reflect.DelegatingMethodAccessorImpl.invoke(DelegatingMethodAccessorImpl.java:43)&#xa;	at com.kms.katalon.core.webui.keyword.builtin.ClickKeyword$_click_closure1.doCall(ClickKeyword.groovy:67)&#xa;	at com.kms.katalon.core.webui.keyword.builtin.ClickKeyword$_click_closure1.call(ClickKeyword.groovy)&#xa;	at com.kms.katalon.core.webui.keyword.internal.WebUIKeywordMain.runKeyword(WebUIKeywordMain.groovy:20)&#xa;	... 23 more&#xa;"/>
         <system-out><![CDATA[08-02-2024T13:57:53 - [TEST_CASE][FAILED] - Test Cases/login/login_invalid001: Test Cases/login/login_invalid001 FAILED.
Reason:
com.kms.katalon.core.exception.StepFailedException: Unable to click on object 'Object Repository/login/login_invalid001/Page_Online Shopping site in India Shop Onl_10c5f3/span_Sign in'
	at com.kms.katalon.core.webui.keyword.internal.WebUIKeywordMain.stepFailed(WebUIKeywordMain.groovy:64)
	at com.kms.katalon.core.webui.keyword.internal.WebUIKeywordMain.runKeyword(WebUIKeywordMain.groovy:26)
	at com.kms.katalon.core.webui.keyword.builtin.ClickKeyword.click(ClickKeyword.groovy:74)
	at com.kms.katalon.core.webui.keyword.builtin.ClickKeyword.execute(ClickKeyword.groovy:40)
	at com.kms.katalon.core.keyword.internal.KeywordExecutor.executeKeywordForPlatform(KeywordExecutor.groovy:74)
	at com.kms.katalon.core.webui.keyword.WebUiBuiltInKeywords.click(WebUiBuiltInKeywords.groovy:659)
	at login_invalid001.run(login_invalid001:24)
	at com.kms.katalon.core.main.ScriptEngine.run(ScriptEngine.java:194)
	at com.kms.katalon.core.main.ScriptEngine.runScriptAsRawText(ScriptEngine.java:119)
	at com.kms.katalon.core.main.TestCaseExecutor.runScript(TestCaseExecutor.java:448)
	at com.kms.katalon.core.main.TestCaseExecutor.doExecute(TestCaseExecutor.java:439)
	at com.kms.katalon.core.main.TestCaseExecutor.processExecutionPhase(TestCaseExecutor.java:418)
	at com.kms.katalon.core.main.TestCaseExecutor.accessMainPhase(TestCaseExecutor.java:410)
	at com.kms.katalon.core.main.TestCaseExecutor.execute(TestCaseExecutor.java:285)
	at com.kms.katalon.core.main.TestCaseExecutor.execute(TestCaseExecutor.java:369)
	at com.kms.katalon.core.main.TestCaseExecutor.execute(TestCaseExecutor.java:369)
	at com.kms.katalon.core.main.TestCaseExecutor.execute(TestCaseExecutor.java:369)
	at com.kms.katalon.core.common.CommonExecutor.accessTestCaseMainPhase(CommonExecutor.java:65)
	at com.kms.katalon.core.main.TestSuiteExecutor.accessTestSuiteMainPhase(TestSuiteExecutor.java:148)
	at com.kms.katalon.core.main.TestSuiteExecutor.execute(TestSuiteExecutor.java:106)
	at com.kms.katalon.core.main.TestCaseMain.startTestSuite(TestCaseMain.java:180)
	at TempTestSuite1707379692304.run(TempTestSuite1707379692304.groovy:36)
	at java.base/jdk.internal.reflect.NativeMethodAccessorImpl.invoke0(Native Method)
	at java.base/jdk.internal.reflect.NativeMethodAccessorImpl.invoke(NativeMethodAccessorImpl.java:77)
	at java.base/jdk.internal.reflect.DelegatingMethodAccessorImpl.invoke(DelegatingMethodAccessorImpl.java:43)
Caused by: org.openqa.selenium.ElementNotInteractableException: element not interactable
  (Session info: chrome=121.0.6167.160)
Build info: version: '3.141.59', revision: 'e82be7d358', time: '2018-11-14T08:25:53'
System info: host: 'LAPTOP-V2P5S4MK', ip: '192.168.137.1', os.name: 'Windows 10', os.arch: 'amd64', os.version: '10.0', java.version: '17.0.7'
Driver info: com.kms.katalon.selenium.driver.CChromeDriver
Capabilities {acceptInsecureCerts: false, browserName: chrome, browserVersion: 121.0.6167.160, chrome: {chromedriverVersion: 120.0.6099.71 (9729082fe617..., userDataDir: C:\Users\Devil\AppData\Loca...}, fedcm:accounts: true, goog:chromeOptions: {debuggerAddress: localhost:50968}, javascriptEnabled: true, networkConnectionEnabled: false, pageLoadStrategy: normal, platform: WINDOWS, platformName: WINDOWS, proxy: Proxy(), setWindowRect: true, strictFileInteractability: false, timeouts: {implicit: 0, pageLoad: 300000, script: 30000}, unhandledPromptBehavior: dismiss and notify, webauthn:extension:credBlob: true, webauthn:extension:largeBlob: true, webauthn:extension:minPinLength: true, webauthn:extension:prf: true, webauthn:virtualAuthenticators: true}
Session ID: 3cf9cae89e2e9bd1ddf5b3054f3a3a5d
	at java.base/jdk.internal.reflect.NativeConstructorAccessorImpl.newInstance0(Native Method)
	at java.base/jdk.internal.reflect.NativeConstructorAccessorImpl.newInstance(NativeConstructorAccessorImpl.java:77)
	at java.base/jdk.internal.reflect.DelegatingConstructorAccessorImpl.newInstance(DelegatingConstructorAccessorImpl.java:45)
	at org.openqa.selenium.remote.http.W3CHttpResponseCodec.createException(W3CHttpResponseCodec.java:187)
	at org.openqa.selenium.remote.http.W3CHttpResponseCodec.decode(W3CHttpResponseCodec.java:122)
	at org.openqa.selenium.remote.http.W3CHttpResponseCodec.decode(W3CHttpResponseCodec.java:49)
	at org.openqa.selenium.remote.HttpCommandExecutor.execute(HttpCommandExecutor.java:158)
	at org.openqa.selenium.remote.service.DriverCommandExecutor.execute(DriverCommandExecutor.java:83)
	at org.openqa.selenium.remote.RemoteWebDriver.execute(RemoteWebDriver.java:552)
	at com.kms.katalon.selenium.driver.CChromeDriver.execute(CChromeDriver.java:19)
	at org.openqa.selenium.remote.RemoteWebElement.execute(RemoteWebElement.java:285)
	at org.openqa.selenium.remote.RemoteWebElement.click(RemoteWebElement.java:84)
	at java.base/jdk.internal.reflect.NativeMethodAccessorImpl.invoke0(Native Method)
	at java.base/jdk.internal.reflect.NativeMethodAccessorImpl.invoke(NativeMethodAccessorImpl.java:77)
	at java.base/jdk.internal.reflect.DelegatingMethodAccessorImpl.invoke(DelegatingMethodAccessorImpl.java:43)
	at org.openqa.selenium.support.events.EventFiringWebDriver$EventFiringWebElement.lambda$new$0(EventFiringWebDriver.java:404)
	at jdk.proxy2/jdk.proxy2.$Proxy27.click(Unknown Source)
	at org.openqa.selenium.support.events.EventFiringWebDriver$EventFiringWebElement.click(EventFiringWebDriver.java:417)
	at org.openqa.selenium.WebElement$click.call(Unknown Source)
	at com.kms.katalon.core.webui.keyword.builtin.ClickKeyword.clickUntilSuccessWithTimeout(ClickKeyword.groovy:81)
	at com.kms.katalon.core.webui.keyword.builtin.ClickKeyword.clickUntilSuccessWithTimeout(ClickKeyword.groovy)
	at java.base/jdk.internal.reflect.NativeMethodAccessorImpl.invoke0(Native Method)
	at java.base/jdk.internal.reflect.NativeMethodAccessorImpl.invoke(NativeMethodAccessorImpl.java:77)
	at java.base/jdk.internal.reflect.DelegatingMethodAccessorImpl.invoke(DelegatingMethodAccessorImpl.java:43)
	at com.kms.katalon.core.webui.keyword.builtin.ClickKeyword$_click_closure1.doCall(ClickKeyword.groovy:67)
	at com.kms.katalon.core.webui.keyword.builtin.ClickKeyword$_click_closure1.call(ClickKeyword.groovy)
	at com.kms.katalon.core.webui.keyword.internal.WebUIKeywordMain.runKeyword(WebUIKeywordMain.groovy:20)
	... 23 more


08-02-2024T13:57:53 - [TEST_STEP][PASSED] - Start listener action : sampleBeforeTestCase: Navigate to 'https://www.amazon.in/' successfully

08-02-2024T13:57:53 - [TEST_STEP][PASSED] - openBrowser(""): Browser is opened with url: ''

08-02-2024T13:57:53 - [MESSAGE][INFO] - Starting 'Chrome' driver

08-02-2024T13:57:53 - [MESSAGE][INFO] - Action delay is set to 0 milliseconds

08-02-2024T13:57:54 - [MESSAGE][PASSED] - Browser is opened with url: ''

08-02-2024T13:57:54 - [TEST_STEP][PASSED] - navigateToUrl("https://www.amazon.in/"): Navigate to 'https://www.amazon.in/' successfully

08-02-2024T13:57:57 - [MESSAGE][PASSED] - Navigate to 'https://www.amazon.in/' successfully

08-02-2024T13:57:57 - [TEST_STEP][PASSED] - openBrowser(""): Browser is opened with url: ''

08-02-2024T13:57:57 - [MESSAGE][WARNING] - A browser is already opened. Closing browser and opening a new one

08-02-2024T13:57:57 - [MESSAGE][INFO] - Starting 'Chrome' driver

08-02-2024T13:57:57 - [MESSAGE][INFO] - Action delay is set to 0 milliseconds

08-02-2024T13:57:58 - [MESSAGE][PASSED] - Browser is opened with url: ''

08-02-2024T13:57:58 - [TEST_STEP][PASSED] - navigateToUrl("https://www.amazon.in/"): Navigate to 'https://www.amazon.in/' successfully

08-02-2024T13:58:02 - [MESSAGE][PASSED] - Navigate to 'https://www.amazon.in/' successfully

08-02-2024T13:58:02 - [TEST_STEP][FAILED] - click(findTestObject("Object Repository/login/login_invalid001/Page_Online Shopping site in India Shop Onl_10c5f3/span_Sign in")): Unable to click on object 'Object Repository/login/login_invalid001/Page_Online Shopping site in India Shop Onl_10c5f3/span_Sign in' (Root cause: com.kms.katalon.core.exception.StepFailedException: Unable to click on object 'Object Repository/login/login_invalid001/Page_Online Shopping site in India Shop Onl_10c5f3/span_Sign in'
	at com.kms.katalon.core.webui.keyword.internal.WebUIKeywordMain.stepFailed(WebUIKeywordMain.groovy:64)
	at com.kms.katalon.core.webui.keyword.internal.WebUIKeywordMain.runKeyword(WebUIKeywordMain.groovy:26)
	at com.kms.katalon.core.webui.keyword.builtin.ClickKeyword.click(ClickKeyword.groovy:74)
	at com.kms.katalon.core.webui.keyword.builtin.ClickKeyword.execute(ClickKeyword.groovy:40)
	at com.kms.katalon.core.keyword.internal.KeywordExecutor.executeKeywordForPlatform(KeywordExecutor.groovy:74)
	at com.kms.katalon.core.webui.keyword.WebUiBuiltInKeywords.click(WebUiBuiltInKeywords.groovy:659)
	at login_invalid001.run(login_invalid001:24)
	at com.kms.katalon.core.main.ScriptEngine.run(ScriptEngine.java:194)
	at com.kms.katalon.core.main.ScriptEngine.runScriptAsRawText(ScriptEngine.java:119)
	at com.kms.katalon.core.main.TestCaseExecutor.runScript(TestCaseExecutor.java:448)
	at com.kms.katalon.core.main.TestCaseExecutor.doExecute(TestCaseExecutor.java:439)
	at com.kms.katalon.core.main.TestCaseExecutor.processExecutionPhase(TestCaseExecutor.java:418)
	at com.kms.katalon.core.main.TestCaseExecutor.accessMainPhase(TestCaseExecutor.java:410)
	at com.kms.katalon.core.main.TestCaseExecutor.execute(TestCaseExecutor.java:285)
	at com.kms.katalon.core.main.TestCaseExecutor.execute(TestCaseExecutor.java:369)
	at com.kms.katalon.core.main.TestCaseExecutor.execute(TestCaseExecutor.java:369)
	at com.kms.katalon.core.main.TestCaseExecutor.execute(TestCaseExecutor.java:369)
	at com.kms.katalon.core.common.CommonExecutor.accessTestCaseMainPhase(CommonExecutor.java:65)
	at com.kms.katalon.core.main.TestSuiteExecutor.accessTestSuiteMainPhase(TestSuiteExecutor.java:148)
	at com.kms.katalon.core.main.TestSuiteExecutor.execute(TestSuiteExecutor.java:106)
	at com.kms.katalon.core.main.TestCaseMain.startTestSuite(TestCaseMain.java:180)
	at TempTestSuite1707379692304.run(TempTestSuite1707379692304.groovy:36)
	at java.base/jdk.internal.reflect.NativeMethodAccessorImpl.invoke0(Native Method)
	at java.base/jdk.internal.reflect.NativeMethodAccessorImpl.invoke(NativeMethodAccessorImpl.java:77)
	at java.base/jdk.internal.reflect.DelegatingMethodAccessorImpl.invoke(DelegatingMethodAccessorImpl.java:43)
Caused by: org.openqa.selenium.ElementNotInteractableException: element not interactable
  (Session info: chrome=121.0.6167.160)
Build info: version: '3.141.59', revision: 'e82be7d358', time: '2018-11-14T08:25:53'
System info: host: 'LAPTOP-V2P5S4MK', ip: '192.168.137.1', os.name: 'Windows 10', os.arch: 'amd64', os.version: '10.0', java.version: '17.0.7'
Driver info: com.kms.katalon.selenium.driver.CChromeDriver
Capabilities {acceptInsecureCerts: false, browserName: chrome, browserVersion: 121.0.6167.160, chrome: {chromedriverVersion: 120.0.6099.71 (9729082fe617..., userDataDir: C:\Users\Devil\AppData\Loca...}, fedcm:accounts: true, goog:chromeOptions: {debuggerAddress: localhost:50968}, javascriptEnabled: true, networkConnectionEnabled: false, pageLoadStrategy: normal, platform: WINDOWS, platformName: WINDOWS, proxy: Proxy(), setWindowRect: true, strictFileInteractability: false, timeouts: {implicit: 0, pageLoad: 300000, script: 30000}, unhandledPromptBehavior: dismiss and notify, webauthn:extension:credBlob: true, webauthn:extension:largeBlob: true, webauthn:extension:minPinLength: true, webauthn:extension:prf: true, webauthn:virtualAuthenticators: true}
Session ID: 3cf9cae89e2e9bd1ddf5b3054f3a3a5d
	at java.base/jdk.internal.reflect.NativeConstructorAccessorImpl.newInstance0(Native Method)
	at java.base/jdk.internal.reflect.NativeConstructorAccessorImpl.newInstance(NativeConstructorAccessorImpl.java:77)
	at java.base/jdk.internal.reflect.DelegatingConstructorAccessorImpl.newInstance(DelegatingConstructorAccessorImpl.java:45)
	at org.openqa.selenium.remote.http.W3CHttpResponseCodec.createException(W3CHttpResponseCodec.java:187)
	at org.openqa.selenium.remote.http.W3CHttpResponseCodec.decode(W3CHttpResponseCodec.java:122)
	at org.openqa.selenium.remote.http.W3CHttpResponseCodec.decode(W3CHttpResponseCodec.java:49)
	at org.openqa.selenium.remote.HttpCommandExecutor.execute(HttpCommandExecutor.java:158)
	at org.openqa.selenium.remote.service.DriverCommandExecutor.execute(DriverCommandExecutor.java:83)
	at org.openqa.selenium.remote.RemoteWebDriver.execute(RemoteWebDriver.java:552)
	at com.kms.katalon.selenium.driver.CChromeDriver.execute(CChromeDriver.java:19)
	at org.openqa.selenium.remote.RemoteWebElement.execute(RemoteWebElement.java:285)
	at org.openqa.selenium.remote.RemoteWebElement.click(RemoteWebElement.java:84)
	at java.base/jdk.internal.reflect.NativeMethodAccessorImpl.invoke0(Native Method)
	at java.base/jdk.internal.reflect.NativeMethodAccessorImpl.invoke(NativeMethodAccessorImpl.java:77)
	at java.base/jdk.internal.reflect.DelegatingMethodAccessorImpl.invoke(DelegatingMethodAccessorImpl.java:43)
	at org.openqa.selenium.support.events.EventFiringWebDriver$EventFiringWebElement.lambda$new$0(EventFiringWebDriver.java:404)
	at jdk.proxy2/jdk.proxy2.$Proxy27.click(Unknown Source)
	at org.openqa.selenium.support.events.EventFiringWebDriver$EventFiringWebElement.click(EventFiringWebDriver.java:417)
	at org.openqa.selenium.WebElement$click.call(Unknown Source)
	at com.kms.katalon.core.webui.keyword.builtin.ClickKeyword.clickUntilSuccessWithTimeout(ClickKeyword.groovy:81)
	at com.kms.katalon.core.webui.keyword.builtin.ClickKeyword.clickUntilSuccessWithTimeout(ClickKeyword.groovy)
	at java.base/jdk.internal.reflect.NativeMethodAccessorImpl.invoke0(Native Method)
	at java.base/jdk.internal.reflect.NativeMethodAccessorImpl.invoke(NativeMethodAccessorImpl.java:77)
	at java.base/jdk.internal.reflect.DelegatingMethodAccessorImpl.invoke(DelegatingMethodAccessorImpl.java:43)
	at com.kms.katalon.core.webui.keyword.builtin.ClickKeyword$_click_closure1.doCall(ClickKeyword.groovy:67)
	at com.kms.katalon.core.webui.keyword.builtin.ClickKeyword$_click_closure1.call(ClickKeyword.groovy)
	at com.kms.katalon.core.webui.keyword.internal.WebUIKeywordMain.runKeyword(WebUIKeywordMain.groovy:20)
	at com.kms.katalon.core.webui.keyword.builtin.ClickKeyword.click(ClickKeyword.groovy:74)
	at com.kms.katalon.core.webui.keyword.builtin.ClickKeyword.execute(ClickKeyword.groovy:40)
	at com.kms.katalon.core.keyword.internal.KeywordExecutor.executeKeywordForPlatform(KeywordExecutor.groovy:74)
	at com.kms.katalon.core.webui.keyword.WebUiBuiltInKeywords.click(WebUiBuiltInKeywords.groovy:659)
	at Script1707223814736.run(Script1707223814736.groovy:24)
	... 18 more
)

08-02-2024T13:58:49 - [MESSAGE][FAILED] - Unable to click on object 'Object Repository/login/login_invalid001/Page_Online Shopping site in India Shop Onl_10c5f3/span_Sign in' (Root cause: com.kms.katalon.core.exception.StepFailedException: Unable to click on object 'Object Repository/login/login_invalid001/Page_Online Shopping site in India Shop Onl_10c5f3/span_Sign in'
	at com.kms.katalon.core.webui.keyword.internal.WebUIKeywordMain.stepFailed(WebUIKeywordMain.groovy:64)
	at com.kms.katalon.core.webui.keyword.internal.WebUIKeywordMain.runKeyword(WebUIKeywordMain.groovy:26)
	at com.kms.katalon.core.webui.keyword.builtin.ClickKeyword.click(ClickKeyword.groovy:74)
	at com.kms.katalon.core.webui.keyword.builtin.ClickKeyword.execute(ClickKeyword.groovy:40)
	at com.kms.katalon.core.keyword.internal.KeywordExecutor.executeKeywordForPlatform(KeywordExecutor.groovy:74)
	at com.kms.katalon.core.webui.keyword.WebUiBuiltInKeywords.click(WebUiBuiltInKeywords.groovy:659)
	at login_invalid001.run(login_invalid001:24)
	at com.kms.katalon.core.main.ScriptEngine.run(ScriptEngine.java:194)
	at com.kms.katalon.core.main.ScriptEngine.runScriptAsRawText(ScriptEngine.java:119)
	at com.kms.katalon.core.main.TestCaseExecutor.runScript(TestCaseExecutor.java:448)
	at com.kms.katalon.core.main.TestCaseExecutor.doExecute(TestCaseExecutor.java:439)
	at com.kms.katalon.core.main.TestCaseExecutor.processExecutionPhase(TestCaseExecutor.java:418)
	at com.kms.katalon.core.main.TestCaseExecutor.accessMainPhase(TestCaseExecutor.java:410)
	at com.kms.katalon.core.main.TestCaseExecutor.execute(TestCaseExecutor.java:285)
	at com.kms.katalon.core.main.TestCaseExecutor.execute(TestCaseExecutor.java:369)
	at com.kms.katalon.core.main.TestCaseExecutor.execute(TestCaseExecutor.java:369)
	at com.kms.katalon.core.main.TestCaseExecutor.execute(TestCaseExecutor.java:369)
	at com.kms.katalon.core.common.CommonExecutor.accessTestCaseMainPhase(CommonExecutor.java:65)
	at com.kms.katalon.core.main.TestSuiteExecutor.accessTestSuiteMainPhase(TestSuiteExecutor.java:148)
	at com.kms.katalon.core.main.TestSuiteExecutor.execute(TestSuiteExecutor.java:106)
	at com.kms.katalon.core.main.TestCaseMain.startTestSuite(TestCaseMain.java:180)
	at TempTestSuite1707379692304.run(TempTestSuite1707379692304.groovy:36)
	at java.base/jdk.internal.reflect.NativeMethodAccessorImpl.invoke0(Native Method)
	at java.base/jdk.internal.reflect.NativeMethodAccessorImpl.invoke(NativeMethodAccessorImpl.java:77)
	at java.base/jdk.internal.reflect.DelegatingMethodAccessorImpl.invoke(DelegatingMethodAccessorImpl.java:43)
Caused by: org.openqa.selenium.ElementNotInteractableException: element not interactable
  (Session info: chrome=121.0.6167.160)
Build info: version: '3.141.59', revision: 'e82be7d358', time: '2018-11-14T08:25:53'
System info: host: 'LAPTOP-V2P5S4MK', ip: '192.168.137.1', os.name: 'Windows 10', os.arch: 'amd64', os.version: '10.0', java.version: '17.0.7'
Driver info: com.kms.katalon.selenium.driver.CChromeDriver
Capabilities {acceptInsecureCerts: false, browserName: chrome, browserVersion: 121.0.6167.160, chrome: {chromedriverVersion: 120.0.6099.71 (9729082fe617..., userDataDir: C:\Users\Devil\AppData\Loca...}, fedcm:accounts: true, goog:chromeOptions: {debuggerAddress: localhost:50968}, javascriptEnabled: true, networkConnectionEnabled: false, pageLoadStrategy: normal, platform: WINDOWS, platformName: WINDOWS, proxy: Proxy(), setWindowRect: true, strictFileInteractability: false, timeouts: {implicit: 0, pageLoad: 300000, script: 30000}, unhandledPromptBehavior: dismiss and notify, webauthn:extension:credBlob: true, webauthn:extension:largeBlob: true, webauthn:extension:minPinLength: true, webauthn:extension:prf: true, webauthn:virtualAuthenticators: true}
Session ID: 3cf9cae89e2e9bd1ddf5b3054f3a3a5d
	at java.base/jdk.internal.reflect.NativeConstructorAccessorImpl.newInstance0(Native Method)
	at java.base/jdk.internal.reflect.NativeConstructorAccessorImpl.newInstance(NativeConstructorAccessorImpl.java:77)
	at java.base/jdk.internal.reflect.DelegatingConstructorAccessorImpl.newInstance(DelegatingConstructorAccessorImpl.java:45)
	at org.openqa.selenium.remote.http.W3CHttpResponseCodec.createException(W3CHttpResponseCodec.java:187)
	at org.openqa.selenium.remote.http.W3CHttpResponseCodec.decode(W3CHttpResponseCodec.java:122)
	at org.openqa.selenium.remote.http.W3CHttpResponseCodec.decode(W3CHttpResponseCodec.java:49)
	at org.openqa.selenium.remote.HttpCommandExecutor.execute(HttpCommandExecutor.java:158)
	at org.openqa.selenium.remote.service.DriverCommandExecutor.execute(DriverCommandExecutor.java:83)
	at org.openqa.selenium.remote.RemoteWebDriver.execute(RemoteWebDriver.java:552)
	at com.kms.katalon.selenium.driver.CChromeDriver.execute(CChromeDriver.java:19)
	at org.openqa.selenium.remote.RemoteWebElement.execute(RemoteWebElement.java:285)
	at org.openqa.selenium.remote.RemoteWebElement.click(RemoteWebElement.java:84)
	at java.base/jdk.internal.reflect.NativeMethodAccessorImpl.invoke0(Native Method)
	at java.base/jdk.internal.reflect.NativeMethodAccessorImpl.invoke(NativeMethodAccessorImpl.java:77)
	at java.base/jdk.internal.reflect.DelegatingMethodAccessorImpl.invoke(DelegatingMethodAccessorImpl.java:43)
	at org.openqa.selenium.support.events.EventFiringWebDriver$EventFiringWebElement.lambda$new$0(EventFiringWebDriver.java:404)
	at jdk.proxy2/jdk.proxy2.$Proxy27.click(Unknown Source)
	at org.openqa.selenium.support.events.EventFiringWebDriver$EventFiringWebElement.click(EventFiringWebDriver.java:417)
	at org.openqa.selenium.WebElement$click.call(Unknown Source)
	at com.kms.katalon.core.webui.keyword.builtin.ClickKeyword.clickUntilSuccessWithTimeout(ClickKeyword.groovy:81)
	at com.kms.katalon.core.webui.keyword.builtin.ClickKeyword.clickUntilSuccessWithTimeout(ClickKeyword.groovy)
	at java.base/jdk.internal.reflect.NativeMethodAccessorImpl.invoke0(Native Method)
	at java.base/jdk.internal.reflect.NativeMethodAccessorImpl.invoke(NativeMethodAccessorImpl.java:77)
	at java.base/jdk.internal.reflect.DelegatingMethodAccessorImpl.invoke(DelegatingMethodAccessorImpl.java:43)
	at com.kms.katalon.core.webui.keyword.builtin.ClickKeyword$_click_closure1.doCall(ClickKeyword.groovy:67)
	at com.kms.katalon.core.webui.keyword.builtin.ClickKeyword$_click_closure1.call(ClickKeyword.groovy)
	at com.kms.katalon.core.webui.keyword.internal.WebUIKeywordMain.runKeyword(WebUIKeywordMain.groovy:20)
	at com.kms.katalon.core.webui.keyword.builtin.ClickKeyword.click(ClickKeyword.groovy:74)
	at com.kms.katalon.core.webui.keyword.builtin.ClickKeyword.execute(ClickKeyword.groovy:40)
	at com.kms.katalon.core.keyword.internal.KeywordExecutor.executeKeywordForPlatform(KeywordExecutor.groovy:74)
	at com.kms.katalon.core.webui.keyword.WebUiBuiltInKeywords.click(WebUiBuiltInKeywords.groovy:659)
	at Script1707223814736.run(Script1707223814736.groovy:24)
	... 18 more
)
[[ATTACHMENT|C:\\Users\\Devil\\git\\SI-GuidedProject-705690-1704903143\\Reports\\20240208_133803\\successful_login_and_errors\\successful_login_and_errors\\20240208_133812\\1707380929283.png]]

08-02-2024T13:58:49 - [TEST_STEP][PASSED] - Start listener action : sampleAfterTestCase: Browser is closed

08-02-2024T13:58:49 - [TEST_STEP][PASSED] - closeBrowser(): Browser is closed

08-02-2024T13:58:49 - [MESSAGE][PASSED] - Browser is closed]]></system-out>
         <system-err><![CDATA[08-02-2024T13:57:53 - [TEST_CASE][FAILED] - Test Cases/login/login_invalid001: Test Cases/login/login_invalid001 FAILED.
Reason:
com.kms.katalon.core.exception.StepFailedException: Unable to click on object 'Object Repository/login/login_invalid001/Page_Online Shopping site in India Shop Onl_10c5f3/span_Sign in'
	at com.kms.katalon.core.webui.keyword.internal.WebUIKeywordMain.stepFailed(WebUIKeywordMain.groovy:64)
	at com.kms.katalon.core.webui.keyword.internal.WebUIKeywordMain.runKeyword(WebUIKeywordMain.groovy:26)
	at com.kms.katalon.core.webui.keyword.builtin.ClickKeyword.click(ClickKeyword.groovy:74)
	at com.kms.katalon.core.webui.keyword.builtin.ClickKeyword.execute(ClickKeyword.groovy:40)
	at com.kms.katalon.core.keyword.internal.KeywordExecutor.executeKeywordForPlatform(KeywordExecutor.groovy:74)
	at com.kms.katalon.core.webui.keyword.WebUiBuiltInKeywords.click(WebUiBuiltInKeywords.groovy:659)
	at login_invalid001.run(login_invalid001:24)
	at com.kms.katalon.core.main.ScriptEngine.run(ScriptEngine.java:194)
	at com.kms.katalon.core.main.ScriptEngine.runScriptAsRawText(ScriptEngine.java:119)
	at com.kms.katalon.core.main.TestCaseExecutor.runScript(TestCaseExecutor.java:448)
	at com.kms.katalon.core.main.TestCaseExecutor.doExecute(TestCaseExecutor.java:439)
	at com.kms.katalon.core.main.TestCaseExecutor.processExecutionPhase(TestCaseExecutor.java:418)
	at com.kms.katalon.core.main.TestCaseExecutor.accessMainPhase(TestCaseExecutor.java:410)
	at com.kms.katalon.core.main.TestCaseExecutor.execute(TestCaseExecutor.java:285)
	at com.kms.katalon.core.main.TestCaseExecutor.execute(TestCaseExecutor.java:369)
	at com.kms.katalon.core.main.TestCaseExecutor.execute(TestCaseExecutor.java:369)
	at com.kms.katalon.core.main.TestCaseExecutor.execute(TestCaseExecutor.java:369)
	at com.kms.katalon.core.common.CommonExecutor.accessTestCaseMainPhase(CommonExecutor.java:65)
	at com.kms.katalon.core.main.TestSuiteExecutor.accessTestSuiteMainPhase(TestSuiteExecutor.java:148)
	at com.kms.katalon.core.main.TestSuiteExecutor.execute(TestSuiteExecutor.java:106)
	at com.kms.katalon.core.main.TestCaseMain.startTestSuite(TestCaseMain.java:180)
	at TempTestSuite1707379692304.run(TempTestSuite1707379692304.groovy:36)
	at java.base/jdk.internal.reflect.NativeMethodAccessorImpl.invoke0(Native Method)
	at java.base/jdk.internal.reflect.NativeMethodAccessorImpl.invoke(NativeMethodAccessorImpl.java:77)
	at java.base/jdk.internal.reflect.DelegatingMethodAccessorImpl.invoke(DelegatingMethodAccessorImpl.java:43)
Caused by: org.openqa.selenium.ElementNotInteractableException: element not interactable
  (Session info: chrome=121.0.6167.160)
Build info: version: '3.141.59', revision: 'e82be7d358', time: '2018-11-14T08:25:53'
System info: host: 'LAPTOP-V2P5S4MK', ip: '192.168.137.1', os.name: 'Windows 10', os.arch: 'amd64', os.version: '10.0', java.version: '17.0.7'
Driver info: com.kms.katalon.selenium.driver.CChromeDriver
Capabilities {acceptInsecureCerts: false, browserName: chrome, browserVersion: 121.0.6167.160, chrome: {chromedriverVersion: 120.0.6099.71 (9729082fe617..., userDataDir: C:\Users\Devil\AppData\Loca...}, fedcm:accounts: true, goog:chromeOptions: {debuggerAddress: localhost:50968}, javascriptEnabled: true, networkConnectionEnabled: false, pageLoadStrategy: normal, platform: WINDOWS, platformName: WINDOWS, proxy: Proxy(), setWindowRect: true, strictFileInteractability: false, timeouts: {implicit: 0, pageLoad: 300000, script: 30000}, unhandledPromptBehavior: dismiss and notify, webauthn:extension:credBlob: true, webauthn:extension:largeBlob: true, webauthn:extension:minPinLength: true, webauthn:extension:prf: true, webauthn:virtualAuthenticators: true}
Session ID: 3cf9cae89e2e9bd1ddf5b3054f3a3a5d
	at java.base/jdk.internal.reflect.NativeConstructorAccessorImpl.newInstance0(Native Method)
	at java.base/jdk.internal.reflect.NativeConstructorAccessorImpl.newInstance(NativeConstructorAccessorImpl.java:77)
	at java.base/jdk.internal.reflect.DelegatingConstructorAccessorImpl.newInstance(DelegatingConstructorAccessorImpl.java:45)
	at org.openqa.selenium.remote.http.W3CHttpResponseCodec.createException(W3CHttpResponseCodec.java:187)
	at org.openqa.selenium.remote.http.W3CHttpResponseCodec.decode(W3CHttpResponseCodec.java:122)
	at org.openqa.selenium.remote.http.W3CHttpResponseCodec.decode(W3CHttpResponseCodec.java:49)
	at org.openqa.selenium.remote.HttpCommandExecutor.execute(HttpCommandExecutor.java:158)
	at org.openqa.selenium.remote.service.DriverCommandExecutor.execute(DriverCommandExecutor.java:83)
	at org.openqa.selenium.remote.RemoteWebDriver.execute(RemoteWebDriver.java:552)
	at com.kms.katalon.selenium.driver.CChromeDriver.execute(CChromeDriver.java:19)
	at org.openqa.selenium.remote.RemoteWebElement.execute(RemoteWebElement.java:285)
	at org.openqa.selenium.remote.RemoteWebElement.click(RemoteWebElement.java:84)
	at java.base/jdk.internal.reflect.NativeMethodAccessorImpl.invoke0(Native Method)
	at java.base/jdk.internal.reflect.NativeMethodAccessorImpl.invoke(NativeMethodAccessorImpl.java:77)
	at java.base/jdk.internal.reflect.DelegatingMethodAccessorImpl.invoke(DelegatingMethodAccessorImpl.java:43)
	at org.openqa.selenium.support.events.EventFiringWebDriver$EventFiringWebElement.lambda$new$0(EventFiringWebDriver.java:404)
	at jdk.proxy2/jdk.proxy2.$Proxy27.click(Unknown Source)
	at org.openqa.selenium.support.events.EventFiringWebDriver$EventFiringWebElement.click(EventFiringWebDriver.java:417)
	at org.openqa.selenium.WebElement$click.call(Unknown Source)
	at com.kms.katalon.core.webui.keyword.builtin.ClickKeyword.clickUntilSuccessWithTimeout(ClickKeyword.groovy:81)
	at com.kms.katalon.core.webui.keyword.builtin.ClickKeyword.clickUntilSuccessWithTimeout(ClickKeyword.groovy)
	at java.base/jdk.internal.reflect.NativeMethodAccessorImpl.invoke0(Native Method)
	at java.base/jdk.internal.reflect.NativeMethodAccessorImpl.invoke(NativeMethodAccessorImpl.java:77)
	at java.base/jdk.internal.reflect.DelegatingMethodAccessorImpl.invoke(DelegatingMethodAccessorImpl.java:43)
	at com.kms.katalon.core.webui.keyword.builtin.ClickKeyword$_click_closure1.doCall(ClickKeyword.groovy:67)
	at com.kms.katalon.core.webui.keyword.builtin.ClickKeyword$_click_closure1.call(ClickKeyword.groovy)
	at com.kms.katalon.core.webui.keyword.internal.WebUIKeywordMain.runKeyword(WebUIKeywordMain.groovy:20)
	... 23 more]]></system-err>
      </testcase>
      <testcase name="Test Cases/login/login_invalid003" time="14.199" classname="Test Cases/login/login_invalid003" status="PASSED">
         <system-out><![CDATA[08-02-2024T13:59:35 - [TEST_CASE][PASSED] - Test Cases/login/login_invalid003: Test Cases/login/login_invalid003

08-02-2024T13:59:35 - [TEST_STEP][PASSED] - Start listener action : sampleBeforeTestCase: Navigate to 'https://www.amazon.in/' successfully

08-02-2024T13:59:35 - [TEST_STEP][PASSED] - openBrowser(""): Browser is opened with url: ''

08-02-2024T13:59:35 - [MESSAGE][INFO] - Starting 'Chrome' driver

08-02-2024T13:59:35 - [MESSAGE][INFO] - Action delay is set to 0 milliseconds

08-02-2024T13:59:36 - [MESSAGE][PASSED] - Browser is opened with url: ''

08-02-2024T13:59:36 - [TEST_STEP][PASSED] - navigateToUrl("https://www.amazon.in/"): Navigate to 'https://www.amazon.in/' successfully

08-02-2024T13:59:39 - [MESSAGE][PASSED] - Navigate to 'https://www.amazon.in/' successfully

08-02-2024T13:59:39 - [TEST_STEP][PASSED] - openBrowser(""): Browser is opened with url: ''

08-02-2024T13:59:39 - [MESSAGE][WARNING] - A browser is already opened. Closing browser and opening a new one

08-02-2024T13:59:39 - [MESSAGE][INFO] - Starting 'Chrome' driver

08-02-2024T13:59:39 - [MESSAGE][INFO] - Action delay is set to 0 milliseconds

08-02-2024T13:59:40 - [MESSAGE][PASSED] - Browser is opened with url: ''

08-02-2024T13:59:40 - [TEST_STEP][PASSED] - navigateToUrl("https://www.amazon.in/"): Navigate to 'https://www.amazon.in/' successfully

08-02-2024T13:59:45 - [MESSAGE][PASSED] - Navigate to 'https://www.amazon.in/' successfully

08-02-2024T13:59:45 - [TEST_STEP][PASSED] - click(findTestObject("Object Repository/login/login_invalid003/Page_Online Shopping site in India Shop Onl_10c5f3/i_hm-icon nav-sprite")): Object: 'Object Repository/login/login_invalid003/Page_Online Shopping site in India Shop Onl_10c5f3/i_hm-icon nav-sprite' is clicked on

08-02-2024T13:59:46 - [MESSAGE][PASSED] - Object: 'Object Repository/login/login_invalid003/Page_Online Shopping site in India Shop Onl_10c5f3/i_hm-icon nav-sprite' is clicked on

08-02-2024T13:59:46 - [TEST_STEP][PASSED] - click(findTestObject("Object Repository/login/login_invalid003/Page_Online Shopping site in India Shop Onl_10c5f3/b_Hello, sign in")): Object: 'Object Repository/login/login_invalid003/Page_Online Shopping site in India Shop Onl_10c5f3/b_Hello, sign in' is clicked on

08-02-2024T13:59:48 - [MESSAGE][PASSED] - Object: 'Object Repository/login/login_invalid003/Page_Online Shopping site in India Shop Onl_10c5f3/b_Hello, sign in' is clicked on

08-02-2024T13:59:48 - [TEST_STEP][PASSED] - click(findTestObject("Object Repository/login/login_invalid003/Page_Amazon Sign In/inputcontinue")): Object: 'Object Repository/login/login_invalid003/Page_Amazon Sign In/inputcontinue' is clicked on

08-02-2024T13:59:49 - [MESSAGE][PASSED] - Object: 'Object Repository/login/login_invalid003/Page_Amazon Sign In/inputcontinue' is clicked on

08-02-2024T13:59:49 - [TEST_STEP][PASSED] - closeBrowser(): Browser is closed

08-02-2024T13:59:49 - [MESSAGE][PASSED] - Browser is closed

08-02-2024T13:59:49 - [TEST_STEP][PASSED] - Start listener action : sampleAfterTestCase: Browser is closed

08-02-2024T13:59:49 - [TEST_STEP][PASSED] - closeBrowser(): Browser is closed

08-02-2024T13:59:49 - [MESSAGE][PASSED] - Browser is closed]]></system-out>
         <system-err><![CDATA[]]></system-err>
      </testcase>
      <testcase name="Test Cases/login/login_normal002" time="70.977" classname="Test Cases/login/login_normal002" status="PASSED">
         <system-out><![CDATA[08-02-2024T13:59:49 - [TEST_CASE][PASSED] - Test Cases/login/login_normal002: Test Cases/login/login_normal002

08-02-2024T13:59:49 - [TEST_STEP][PASSED] - Start listener action : sampleBeforeTestCase: Navigate to 'https://www.amazon.in/' successfully

08-02-2024T13:59:49 - [TEST_STEP][PASSED] - openBrowser(""): Browser is opened with url: ''

08-02-2024T13:59:49 - [MESSAGE][INFO] - Starting 'Chrome' driver

08-02-2024T13:59:49 - [MESSAGE][INFO] - Action delay is set to 0 milliseconds

08-02-2024T13:59:50 - [MESSAGE][PASSED] - Browser is opened with url: ''

08-02-2024T13:59:50 - [TEST_STEP][PASSED] - navigateToUrl("https://www.amazon.in/"): Navigate to 'https://www.amazon.in/' successfully

08-02-2024T13:59:54 - [MESSAGE][PASSED] - Navigate to 'https://www.amazon.in/' successfully

08-02-2024T13:59:55 - [TEST_STEP][PASSED] - openBrowser(""): Browser is opened with url: ''

08-02-2024T13:59:55 - [MESSAGE][WARNING] - A browser is already opened. Closing browser and opening a new one

08-02-2024T13:59:55 - [MESSAGE][INFO] - Starting 'Chrome' driver

08-02-2024T13:59:55 - [MESSAGE][INFO] - Action delay is set to 0 milliseconds

08-02-2024T13:59:56 - [MESSAGE][PASSED] - Browser is opened with url: ''

08-02-2024T13:59:56 - [TEST_STEP][PASSED] - navigateToUrl("https://www.amazon.in/"): Navigate to 'https://www.amazon.in/' successfully

08-02-2024T13:59:59 - [MESSAGE][PASSED] - Navigate to 'https://www.amazon.in/' successfully

08-02-2024T13:59:59 - [TEST_STEP][PASSED] - click(findTestObject("Object Repository/login/login_normal002/Page_Online Shopping site in India Shop Onl_10c5f3/i_hm-icon nav-sprite")): Object: 'Object Repository/login/login_normal002/Page_Online Shopping site in India Shop Onl_10c5f3/i_hm-icon nav-sprite' is clicked on

08-02-2024T14:00:45 - [MESSAGE][PASSED] - Object: 'Object Repository/login/login_normal002/Page_Online Shopping site in India Shop Onl_10c5f3/i_hm-icon nav-sprite' is clicked on

08-02-2024T14:00:45 - [TEST_STEP][PASSED] - click(findTestObject("Object Repository/login/login_normal002/Page_Online Shopping site in India Shop Onl_10c5f3/b_Hello, sign in")): Object: 'Object Repository/login/login_normal002/Page_Online Shopping site in India Shop Onl_10c5f3/b_Hello, sign in' is clicked on

08-02-2024T14:00:48 - [MESSAGE][PASSED] - Object: 'Object Repository/login/login_normal002/Page_Online Shopping site in India Shop Onl_10c5f3/b_Hello, sign in' is clicked on

08-02-2024T14:00:48 - [TEST_STEP][PASSED] - setText(findTestObject("Object Repository/login/login_normal002/Page_Amazon Sign In/input_email"), "7779970102"): Text '7779970102' is set on object 'Object Repository/login/login_normal002/Page_Amazon Sign In/input_email'

08-02-2024T14:00:49 - [MESSAGE][PASSED] - Text '7779970102' is set on object 'Object Repository/login/login_normal002/Page_Amazon Sign In/input_email'

08-02-2024T14:00:49 - [TEST_STEP][PASSED] - click(findTestObject("Object Repository/login/login_normal002/Page_Amazon Sign In/inputcontinue")): Object: 'Object Repository/login/login_normal002/Page_Amazon Sign In/inputcontinue' is clicked on

08-02-2024T14:00:50 - [MESSAGE][PASSED] - Object: 'Object Repository/login/login_normal002/Page_Amazon Sign In/inputcontinue' is clicked on

08-02-2024T14:00:50 - [TEST_STEP][PASSED] - setEncryptedText(findTestObject("Object Repository/login/login_normal002/Page_Amazon Sign In/input_password"), "eSPcD+aU0jcqZChrJx5wLA=="): Text ****** has been set on object 'Object Repository/login/login_normal002/Page_Amazon Sign In/input_password'

08-02-2024T14:00:51 - [MESSAGE][PASSED] - Text ****** has been set on object 'Object Repository/login/login_normal002/Page_Amazon Sign In/input_password'

08-02-2024T14:00:51 - [TEST_STEP][PASSED] - click(findTestObject("Object Repository/login/login_normal002/Page_Amazon Sign In/inputsignInSubmit")): Object: 'Object Repository/login/login_normal002/Page_Amazon Sign In/inputsignInSubmit' is clicked on

08-02-2024T14:00:52 - [MESSAGE][PASSED] - Object: 'Object Repository/login/login_normal002/Page_Amazon Sign In/inputsignInSubmit' is clicked on

08-02-2024T14:00:52 - [TEST_STEP][PASSED] - click(findTestObject("Object Repository/login/login_normal002/Page_Online Shopping site in India Shop Onl_10c5f3/i_hm-icon nav-sprite")): Object: 'Object Repository/login/login_normal002/Page_Online Shopping site in India Shop Onl_10c5f3/i_hm-icon nav-sprite' is clicked on

08-02-2024T14:00:56 - [MESSAGE][PASSED] - Object: 'Object Repository/login/login_normal002/Page_Online Shopping site in India Shop Onl_10c5f3/i_hm-icon nav-sprite' is clicked on

08-02-2024T14:00:56 - [TEST_STEP][PASSED] - click(findTestObject("Object Repository/login/login_normal002/Page_Online Shopping site in India Shop Onl_10c5f3/div_Help  Settings")): Object: 'Object Repository/login/login_normal002/Page_Online Shopping site in India Shop Onl_10c5f3/div_Help  Settings' is clicked on

08-02-2024T14:00:58 - [MESSAGE][PASSED] - Object: 'Object Repository/login/login_normal002/Page_Online Shopping site in India Shop Onl_10c5f3/div_Help  Settings' is clicked on

08-02-2024T14:00:58 - [TEST_STEP][PASSED] - verifyElementText(findTestObject("Object Repository/login/login_normal002/Page_Online Shopping site in India Shop Onl_10c5f3/div_Help  Settings"), "Help & Settings"): Actual text and expected text of test object 'Object Repository/login/login_normal002/Page_Online Shopping site in India Shop Onl_10c5f3/div_Help  Settings' are matched.

08-02-2024T14:00:58 - [MESSAGE][PASSED] - Actual text and expected text of test object 'Object Repository/login/login_normal002/Page_Online Shopping site in India Shop Onl_10c5f3/div_Help  Settings' are matched.

08-02-2024T14:00:58 - [TEST_STEP][PASSED] - click(findTestObject("Object Repository/login/login_normal002/Page_Online Shopping site in India Shop Onl_10c5f3/a_Sign Out")): Object: 'Object Repository/login/login_normal002/Page_Online Shopping site in India Shop Onl_10c5f3/a_Sign Out' is clicked on

08-02-2024T14:01:00 - [MESSAGE][PASSED] - Object: 'Object Repository/login/login_normal002/Page_Online Shopping site in India Shop Onl_10c5f3/a_Sign Out' is clicked on

08-02-2024T14:01:00 - [TEST_STEP][PASSED] - closeBrowser(): Browser is closed

08-02-2024T14:01:00 - [MESSAGE][PASSED] - Browser is closed

08-02-2024T14:01:00 - [TEST_STEP][PASSED] - Start listener action : sampleAfterTestCase: Browser is closed

08-02-2024T14:01:00 - [TEST_STEP][PASSED] - closeBrowser(): Browser is closed

08-02-2024T14:01:00 - [MESSAGE][PASSED] - Browser is closed]]></system-out>
         <system-err><![CDATA[]]></system-err>
      </testcase>
      <testcase name="Test Cases/login/login_normal_with_otp" time="50.206" classname="Test Cases/login/login_normal_with_otp" status="PASSED">
         <system-out><![CDATA[08-02-2024T14:02:33 - [TEST_CASE][PASSED] - Test Cases/login/login_normal_with_otp: Test Cases/login/login_normal_with_otp

08-02-2024T14:02:33 - [TEST_STEP][PASSED] - Start listener action : sampleBeforeTestCase: Navigate to 'https://www.amazon.in/' successfully

08-02-2024T14:02:33 - [TEST_STEP][PASSED] - openBrowser(""): Browser is opened with url: ''

08-02-2024T14:02:33 - [MESSAGE][INFO] - Starting 'Chrome' driver

08-02-2024T14:02:33 - [MESSAGE][INFO] - Action delay is set to 0 milliseconds

08-02-2024T14:02:34 - [MESSAGE][PASSED] - Browser is opened with url: ''

08-02-2024T14:02:34 - [TEST_STEP][PASSED] - navigateToUrl("https://www.amazon.in/"): Navigate to 'https://www.amazon.in/' successfully

08-02-2024T14:02:37 - [MESSAGE][PASSED] - Navigate to 'https://www.amazon.in/' successfully

08-02-2024T14:02:37 - [TEST_STEP][PASSED] - openBrowser(""): Browser is opened with url: ''

08-02-2024T14:02:37 - [MESSAGE][WARNING] - A browser is already opened. Closing browser and opening a new one

08-02-2024T14:02:37 - [MESSAGE][INFO] - Starting 'Chrome' driver

08-02-2024T14:02:37 - [MESSAGE][INFO] - Action delay is set to 0 milliseconds

08-02-2024T14:02:38 - [MESSAGE][PASSED] - Browser is opened with url: ''

08-02-2024T14:02:38 - [TEST_STEP][PASSED] - navigateToUrl("https://www.amazon.in/"): Navigate to 'https://www.amazon.in/' successfully

08-02-2024T14:02:43 - [MESSAGE][PASSED] - Navigate to 'https://www.amazon.in/' successfully

08-02-2024T14:02:43 - [TEST_STEP][PASSED] - click(findTestObject("Object Repository/login/login_normal_with_otp/Page_Online Shopping site in India Shop Onl_10c5f3/i_hm-icon nav-sprite")): Object: 'Object Repository/login/login_normal_with_otp/Page_Online Shopping site in India Shop Onl_10c5f3/i_hm-icon nav-sprite' is clicked on

08-02-2024T14:02:44 - [MESSAGE][PASSED] - Object: 'Object Repository/login/login_normal_with_otp/Page_Online Shopping site in India Shop Onl_10c5f3/i_hm-icon nav-sprite' is clicked on

08-02-2024T14:02:44 - [TEST_STEP][PASSED] - click(findTestObject("Object Repository/login/login_normal_with_otp/Page_Online Shopping site in India Shop Onl_10c5f3/b_Hello, sign in")): Object: 'Object Repository/login/login_normal_with_otp/Page_Online Shopping site in India Shop Onl_10c5f3/b_Hello, sign in' is clicked on

08-02-2024T14:02:45 - [MESSAGE][PASSED] - Object: 'Object Repository/login/login_normal_with_otp/Page_Online Shopping site in India Shop Onl_10c5f3/b_Hello, sign in' is clicked on

08-02-2024T14:02:45 - [TEST_STEP][PASSED] - setText(findTestObject("Object Repository/login/login_normal_with_otp/Page_Amazon Sign In/input_email"), "7779970102"): Text '7779970102' is set on object 'Object Repository/login/login_normal_with_otp/Page_Amazon Sign In/input_email'

08-02-2024T14:02:47 - [MESSAGE][PASSED] - Text '7779970102' is set on object 'Object Repository/login/login_normal_with_otp/Page_Amazon Sign In/input_email'

08-02-2024T14:02:47 - [TEST_STEP][PASSED] - click(findTestObject("Object Repository/login/login_normal_with_otp/Page_Amazon Sign In/inputcontinue")): Object: 'Object Repository/login/login_normal_with_otp/Page_Amazon Sign In/inputcontinue' is clicked on

08-02-2024T14:02:48 - [MESSAGE][PASSED] - Object: 'Object Repository/login/login_normal_with_otp/Page_Amazon Sign In/inputcontinue' is clicked on

08-02-2024T14:02:48 - [TEST_STEP][PASSED] - click(findTestObject("Object Repository/login/login_normal_with_otp/Page_Amazon Sign In/h5_or")): Object: 'Object Repository/login/login_normal_with_otp/Page_Amazon Sign In/h5_or' is clicked on

08-02-2024T14:02:49 - [MESSAGE][PASSED] - Object: 'Object Repository/login/login_normal_with_otp/Page_Amazon Sign In/h5_or' is clicked on

08-02-2024T14:02:49 - [TEST_STEP][PASSED] - verifyElementText(findTestObject("Object Repository/login/login_normal_with_otp/Page_Amazon Sign In/h5_or"), "or"): Actual text and expected text of test object 'Object Repository/login/login_normal_with_otp/Page_Amazon Sign In/h5_or' are matched.

08-02-2024T14:02:49 - [MESSAGE][PASSED] - Actual text and expected text of test object 'Object Repository/login/login_normal_with_otp/Page_Amazon Sign In/h5_or' are matched.

08-02-2024T14:02:49 - [TEST_STEP][PASSED] - click(findTestObject("Object Repository/login/login_normal_with_otp/Page_Amazon Sign In/inputcontinue")): Object: 'Object Repository/login/login_normal_with_otp/Page_Amazon Sign In/inputcontinue' is clicked on

08-02-2024T14:02:51 - [MESSAGE][PASSED] - Object: 'Object Repository/login/login_normal_with_otp/Page_Amazon Sign In/inputcontinue' is clicked on

08-02-2024T14:02:51 - [TEST_STEP][PASSED] - setText(findTestObject("Object Repository/login/login_normal_with_otp/Page_Authentication required/input_code"), ""): Text '' is set on object 'Object Repository/login/login_normal_with_otp/Page_Authentication required/input_code'

08-02-2024T14:02:52 - [MESSAGE][PASSED] - Text '' is set on object 'Object Repository/login/login_normal_with_otp/Page_Authentication required/input_code'

08-02-2024T14:02:52 - [TEST_STEP][PASSED] - click(findTestObject("Object Repository/login/login_normal_with_otp/Page_Authentication required/input_a-button-input")): Object: 'Object Repository/login/login_normal_with_otp/Page_Authentication required/input_a-button-input' is clicked on

08-02-2024T14:02:52 - [MESSAGE][PASSED] - Object: 'Object Repository/login/login_normal_with_otp/Page_Authentication required/input_a-button-input' is clicked on

08-02-2024T14:02:52 - [TEST_STEP][PASSED] - click(findTestObject("Object Repository/login/login_normal_with_otp/Page_Online Shopping site in India Shop Onl_10c5f3/i_hm-icon nav-sprite")): Object: 'Object Repository/login/login_normal_with_otp/Page_Online Shopping site in India Shop Onl_10c5f3/i_hm-icon nav-sprite' is clicked on

08-02-2024T14:03:19 - [MESSAGE][PASSED] - Object: 'Object Repository/login/login_normal_with_otp/Page_Online Shopping site in India Shop Onl_10c5f3/i_hm-icon nav-sprite' is clicked on

08-02-2024T14:03:19 - [TEST_STEP][PASSED] - click(findTestObject("Object Repository/login/login_normal_with_otp/Page_Online Shopping site in India Shop Onl_10c5f3/a_Sign Out")): Object: 'Object Repository/login/login_normal_with_otp/Page_Online Shopping site in India Shop Onl_10c5f3/a_Sign Out' is clicked on

08-02-2024T14:03:23 - [MESSAGE][PASSED] - Object: 'Object Repository/login/login_normal_with_otp/Page_Online Shopping site in India Shop Onl_10c5f3/a_Sign Out' is clicked on

08-02-2024T14:03:23 - [TEST_STEP][PASSED] - closeBrowser(): Browser is closed

08-02-2024T14:03:23 - [MESSAGE][PASSED] - Browser is closed

08-02-2024T14:03:23 - [TEST_STEP][PASSED] - Start listener action : sampleAfterTestCase: Browser is closed

08-02-2024T14:03:23 - [TEST_STEP][PASSED] - closeBrowser(): Browser is closed

08-02-2024T14:03:23 - [MESSAGE][PASSED] - Browser is closed]]></system-out>
         <system-err><![CDATA[]]></system-err>
      </testcase>
      <system-out><![CDATA[08-02-2024T13:55:54 - [TEST_SUITE][FAILED] - successful_login_and_errors: Test Cases/login/login_invalid001 FAILED.
Reason:
com.kms.katalon.core.exception.StepFailedException: Unable to click on object 'Object Repository/login/login_invalid001/Page_Online Shopping site in India Shop Onl_10c5f3/span_Sign in'
	at com.kms.katalon.core.webui.keyword.internal.WebUIKeywordMain.stepFailed(WebUIKeywordMain.groovy:64)
	at com.kms.katalon.core.webui.keyword.internal.WebUIKeywordMain.runKeyword(WebUIKeywordMain.groovy:26)
	at com.kms.katalon.core.webui.keyword.builtin.ClickKeyword.click(ClickKeyword.groovy:74)
	at com.kms.katalon.core.webui.keyword.builtin.ClickKeyword.execute(ClickKeyword.groovy:40)
	at com.kms.katalon.core.keyword.internal.KeywordExecutor.executeKeywordForPlatform(KeywordExecutor.groovy:74)
	at com.kms.katalon.core.webui.keyword.WebUiBuiltInKeywords.click(WebUiBuiltInKeywords.groovy:659)
	at login_invalid001.run(login_invalid001:24)
	at com.kms.katalon.core.main.ScriptEngine.run(ScriptEngine.java:194)
	at com.kms.katalon.core.main.ScriptEngine.runScriptAsRawText(ScriptEngine.java:119)
	at com.kms.katalon.core.main.TestCaseExecutor.runScript(TestCaseExecutor.java:448)
	at com.kms.katalon.core.main.TestCaseExecutor.doExecute(TestCaseExecutor.java:439)
	at com.kms.katalon.core.main.TestCaseExecutor.processExecutionPhase(TestCaseExecutor.java:418)
	at com.kms.katalon.core.main.TestCaseExecutor.accessMainPhase(TestCaseExecutor.java:410)
	at com.kms.katalon.core.main.TestCaseExecutor.execute(TestCaseExecutor.java:285)
	at com.kms.katalon.core.common.CommonExecutor.accessTestCaseMainPhase(CommonExecutor.java:65)
	at com.kms.katalon.core.main.TestSuiteExecutor.accessTestSuiteMainPhase(TestSuiteExecutor.java:148)
	at com.kms.katalon.core.main.TestSuiteExecutor.execute(TestSuiteExecutor.java:106)
	at com.kms.katalon.core.main.TestCaseMain.startTestSuite(TestCaseMain.java:180)
	at TempTestSuite1707379692304.run(TempTestSuite1707379692304.groovy:36)
	at java.base/jdk.internal.reflect.NativeMethodAccessorImpl.invoke0(Native Method)
	at java.base/jdk.internal.reflect.NativeMethodAccessorImpl.invoke(NativeMethodAccessorImpl.java:77)
	at java.base/jdk.internal.reflect.DelegatingMethodAccessorImpl.invoke(DelegatingMethodAccessorImpl.java:43)
Caused by: org.openqa.selenium.ElementNotInteractableException: element not interactable
  (Session info: chrome=121.0.6167.160)
Build info: version: '3.141.59', revision: 'e82be7d358', time: '2018-11-14T08:25:53'
System info: host: 'LAPTOP-V2P5S4MK', ip: '192.168.137.1', os.name: 'Windows 10', os.arch: 'amd64', os.version: '10.0', java.version: '17.0.7'
Driver info: com.kms.katalon.selenium.driver.CChromeDriver
Capabilities {acceptInsecureCerts: false, browserName: chrome, browserVersion: 121.0.6167.160, chrome: {chromedriverVersion: 120.0.6099.71 (9729082fe617..., userDataDir: C:\Users\Devil\AppData\Loca...}, fedcm:accounts: true, goog:chromeOptions: {debuggerAddress: localhost:50753}, javascriptEnabled: true, networkConnectionEnabled: false, pageLoadStrategy: normal, platform: WINDOWS, platformName: WINDOWS, proxy: Proxy(), setWindowRect: true, strictFileInteractability: false, timeouts: {implicit: 0, pageLoad: 300000, script: 30000}, unhandledPromptBehavior: dismiss and notify, webauthn:extension:credBlob: true, webauthn:extension:largeBlob: true, webauthn:extension:minPinLength: true, webauthn:extension:prf: true, webauthn:virtualAuthenticators: true}
Session ID: 31f1af4adf8f9b2a98f21a3c55fd2cf3
	at java.base/jdk.internal.reflect.NativeConstructorAccessorImpl.newInstance0(Native Method)
	at java.base/jdk.internal.reflect.NativeConstructorAccessorImpl.newInstance(NativeConstructorAccessorImpl.java:77)
	at java.base/jdk.internal.reflect.DelegatingConstructorAccessorImpl.newInstance(DelegatingConstructorAccessorImpl.java:45)
	at org.openqa.selenium.remote.http.W3CHttpResponseCodec.createException(W3CHttpResponseCodec.java:187)
	at org.openqa.selenium.remote.http.W3CHttpResponseCodec.decode(W3CHttpResponseCodec.java:122)
	at org.openqa.selenium.remote.http.W3CHttpResponseCodec.decode(W3CHttpResponseCodec.java:49)
	at org.openqa.selenium.remote.HttpCommandExecutor.execute(HttpCommandExecutor.java:158)
	at org.openqa.selenium.remote.service.DriverCommandExecutor.execute(DriverCommandExecutor.java:83)
	at org.openqa.selenium.remote.RemoteWebDriver.execute(RemoteWebDriver.java:552)
	at com.kms.katalon.selenium.driver.CChromeDriver.execute(CChromeDriver.java:19)
	at org.openqa.selenium.remote.RemoteWebElement.execute(RemoteWebElement.java:285)
	at org.openqa.selenium.remote.RemoteWebElement.click(RemoteWebElement.java:84)
	at java.base/jdk.internal.reflect.NativeMethodAccessorImpl.invoke0(Native Method)
	at java.base/jdk.internal.reflect.NativeMethodAccessorImpl.invoke(NativeMethodAccessorImpl.java:77)
	at java.base/jdk.internal.reflect.DelegatingMethodAccessorImpl.invoke(DelegatingMethodAccessorImpl.java:43)
	at org.openqa.selenium.support.events.EventFiringWebDriver$EventFiringWebElement.lambda$new$0(EventFiringWebDriver.java:404)
	at jdk.proxy2/jdk.proxy2.$Proxy27.click(Unknown Source)
	at org.openqa.selenium.support.events.EventFiringWebDriver$EventFiringWebElement.click(EventFiringWebDriver.java:417)
	at org.openqa.selenium.WebElement$click.call(Unknown Source)
	at com.kms.katalon.core.webui.keyword.builtin.ClickKeyword.clickUntilSuccessWithTimeout(ClickKeyword.groovy:81)
	at com.kms.katalon.core.webui.keyword.builtin.ClickKeyword.clickUntilSuccessWithTimeout(ClickKeyword.groovy)
	at java.base/jdk.internal.reflect.NativeMethodAccessorImpl.invoke0(Native Method)
	at java.base/jdk.internal.reflect.NativeMethodAccessorImpl.invoke(NativeMethodAccessorImpl.java:77)
	at java.base/jdk.internal.reflect.DelegatingMethodAccessorImpl.invoke(DelegatingMethodAccessorImpl.java:43)
	at com.kms.katalon.core.webui.keyword.builtin.ClickKeyword$_click_closure1.doCall(ClickKeyword.groovy:67)
	at com.kms.katalon.core.webui.keyword.builtin.ClickKeyword$_click_closure1.call(ClickKeyword.groovy)
	at com.kms.katalon.core.webui.keyword.internal.WebUIKeywordMain.runKeyword(WebUIKeywordMain.groovy:20)
	... 20 more]]></system-out>
      <system-err><![CDATA[08-02-2024T13:55:54 - [TEST_SUITE][FAILED] - successful_login_and_errors: Test Cases/login/login_invalid001 FAILED.
Reason:
com.kms.katalon.core.exception.StepFailedException: Unable to click on object 'Object Repository/login/login_invalid001/Page_Online Shopping site in India Shop Onl_10c5f3/span_Sign in'
	at com.kms.katalon.core.webui.keyword.internal.WebUIKeywordMain.stepFailed(WebUIKeywordMain.groovy:64)
	at com.kms.katalon.core.webui.keyword.internal.WebUIKeywordMain.runKeyword(WebUIKeywordMain.groovy:26)
	at com.kms.katalon.core.webui.keyword.builtin.ClickKeyword.click(ClickKeyword.groovy:74)
	at com.kms.katalon.core.webui.keyword.builtin.ClickKeyword.execute(ClickKeyword.groovy:40)
	at com.kms.katalon.core.keyword.internal.KeywordExecutor.executeKeywordForPlatform(KeywordExecutor.groovy:74)
	at com.kms.katalon.core.webui.keyword.WebUiBuiltInKeywords.click(WebUiBuiltInKeywords.groovy:659)
	at login_invalid001.run(login_invalid001:24)
	at com.kms.katalon.core.main.ScriptEngine.run(ScriptEngine.java:194)
	at com.kms.katalon.core.main.ScriptEngine.runScriptAsRawText(ScriptEngine.java:119)
	at com.kms.katalon.core.main.TestCaseExecutor.runScript(TestCaseExecutor.java:448)
	at com.kms.katalon.core.main.TestCaseExecutor.doExecute(TestCaseExecutor.java:439)
	at com.kms.katalon.core.main.TestCaseExecutor.processExecutionPhase(TestCaseExecutor.java:418)
	at com.kms.katalon.core.main.TestCaseExecutor.accessMainPhase(TestCaseExecutor.java:410)
	at com.kms.katalon.core.main.TestCaseExecutor.execute(TestCaseExecutor.java:285)
	at com.kms.katalon.core.common.CommonExecutor.accessTestCaseMainPhase(CommonExecutor.java:65)
	at com.kms.katalon.core.main.TestSuiteExecutor.accessTestSuiteMainPhase(TestSuiteExecutor.java:148)
	at com.kms.katalon.core.main.TestSuiteExecutor.execute(TestSuiteExecutor.java:106)
	at com.kms.katalon.core.main.TestCaseMain.startTestSuite(TestCaseMain.java:180)
	at TempTestSuite1707379692304.run(TempTestSuite1707379692304.groovy:36)
	at java.base/jdk.internal.reflect.NativeMethodAccessorImpl.invoke0(Native Method)
	at java.base/jdk.internal.reflect.NativeMethodAccessorImpl.invoke(NativeMethodAccessorImpl.java:77)
	at java.base/jdk.internal.reflect.DelegatingMethodAccessorImpl.invoke(DelegatingMethodAccessorImpl.java:43)
Caused by: org.openqa.selenium.ElementNotInteractableException: element not interactable
  (Session info: chrome=121.0.6167.160)
Build info: version: '3.141.59', revision: 'e82be7d358', time: '2018-11-14T08:25:53'
System info: host: 'LAPTOP-V2P5S4MK', ip: '192.168.137.1', os.name: 'Windows 10', os.arch: 'amd64', os.version: '10.0', java.version: '17.0.7'
Driver info: com.kms.katalon.selenium.driver.CChromeDriver
Capabilities {acceptInsecureCerts: false, browserName: chrome, browserVersion: 121.0.6167.160, chrome: {chromedriverVersion: 120.0.6099.71 (9729082fe617..., userDataDir: C:\Users\Devil\AppData\Loca...}, fedcm:accounts: true, goog:chromeOptions: {debuggerAddress: localhost:50753}, javascriptEnabled: true, networkConnectionEnabled: false, pageLoadStrategy: normal, platform: WINDOWS, platformName: WINDOWS, proxy: Proxy(), setWindowRect: true, strictFileInteractability: false, timeouts: {implicit: 0, pageLoad: 300000, script: 30000}, unhandledPromptBehavior: dismiss and notify, webauthn:extension:credBlob: true, webauthn:extension:largeBlob: true, webauthn:extension:minPinLength: true, webauthn:extension:prf: true, webauthn:virtualAuthenticators: true}
Session ID: 31f1af4adf8f9b2a98f21a3c55fd2cf3
	at java.base/jdk.internal.reflect.NativeConstructorAccessorImpl.newInstance0(Native Method)
	at java.base/jdk.internal.reflect.NativeConstructorAccessorImpl.newInstance(NativeConstructorAccessorImpl.java:77)
	at java.base/jdk.internal.reflect.DelegatingConstructorAccessorImpl.newInstance(DelegatingConstructorAccessorImpl.java:45)
	at org.openqa.selenium.remote.http.W3CHttpResponseCodec.createException(W3CHttpResponseCodec.java:187)
	at org.openqa.selenium.remote.http.W3CHttpResponseCodec.decode(W3CHttpResponseCodec.java:122)
	at org.openqa.selenium.remote.http.W3CHttpResponseCodec.decode(W3CHttpResponseCodec.java:49)
	at org.openqa.selenium.remote.HttpCommandExecutor.execute(HttpCommandExecutor.java:158)
	at org.openqa.selenium.remote.service.DriverCommandExecutor.execute(DriverCommandExecutor.java:83)
	at org.openqa.selenium.remote.RemoteWebDriver.execute(RemoteWebDriver.java:552)
	at com.kms.katalon.selenium.driver.CChromeDriver.execute(CChromeDriver.java:19)
	at org.openqa.selenium.remote.RemoteWebElement.execute(RemoteWebElement.java:285)
	at org.openqa.selenium.remote.RemoteWebElement.click(RemoteWebElement.java:84)
	at java.base/jdk.internal.reflect.NativeMethodAccessorImpl.invoke0(Native Method)
	at java.base/jdk.internal.reflect.NativeMethodAccessorImpl.invoke(NativeMethodAccessorImpl.java:77)
	at java.base/jdk.internal.reflect.DelegatingMethodAccessorImpl.invoke(DelegatingMethodAccessorImpl.java:43)
	at org.openqa.selenium.support.events.EventFiringWebDriver$EventFiringWebElement.lambda$new$0(EventFiringWebDriver.java:404)
	at jdk.proxy2/jdk.proxy2.$Proxy27.click(Unknown Source)
	at org.openqa.selenium.support.events.EventFiringWebDriver$EventFiringWebElement.click(EventFiringWebDriver.java:417)
	at org.openqa.selenium.WebElement$click.call(Unknown Source)
	at com.kms.katalon.core.webui.keyword.builtin.ClickKeyword.clickUntilSuccessWithTimeout(ClickKeyword.groovy:81)
	at com.kms.katalon.core.webui.keyword.builtin.ClickKeyword.clickUntilSuccessWithTimeout(ClickKeyword.groovy)
	at java.base/jdk.internal.reflect.NativeMethodAccessorImpl.invoke0(Native Method)
	at java.base/jdk.internal.reflect.NativeMethodAccessorImpl.invoke(NativeMethodAccessorImpl.java:77)
	at java.base/jdk.internal.reflect.DelegatingMethodAccessorImpl.invoke(DelegatingMethodAccessorImpl.java:43)
	at com.kms.katalon.core.webui.keyword.builtin.ClickKeyword$_click_closure1.doCall(ClickKeyword.groovy:67)
	at com.kms.katalon.core.webui.keyword.builtin.ClickKeyword$_click_closure1.call(ClickKeyword.groovy)
	at com.kms.katalon.core.webui.keyword.internal.WebUIKeywordMain.runKeyword(WebUIKeywordMain.groovy:20)
	... 20 more]]></system-err>
   </testsuite>
</testsuites>
