<?xml version="1.0" encoding="UTF-8"?>
<testsuites name="integration" time="325.729" tests="1" failures="0" errors="0">
   <testsuite name="integration" tests="1" failures="0" errors="0" time="325.729" skipped="0" timestamp="08-02-2024T13:23:24" hostname="Devil - LAPTOP-V2P5S4MK.mshome.net" id="Test Suites/full_integration/integration">
      <properties>
         <property name="deviceName" value=""/>
         <property name="devicePlatform" value=""/>
         <property name="logFolder" value="C:\\Users\\Devil\\git\\SI-GuidedProject-705690-1704903143\\Reports\\20240208_131749\\full_integration\\integration\\20240208_131752"/>
         <property name="logFiles" value="C:\\Users\\Devil\\git\\SI-GuidedProject-705690-1704903143\\Reports\\20240208_131749\\full_integration\\integration\\20240208_131752\\execution0.log"/>
         <property name="attachments" value="C:\\Users\\Devil\\git\\SI-GuidedProject-705690-1704903143\\Reports\\20240208_131749\\full_integration\\integration\\20240208_131752\\1707378918500.png, C:\\Users\\Devil\\git\\SI-GuidedProject-705690-1704903143\\Reports\\20240208_131749\\full_integration\\integration\\20240208_131752\\1707379020679.png"/>
         <property name="hostName" value="Devil - LAPTOP-V2P5S4MK.mshome.net"/>
         <property name="os" value="Windows 10 64bit"/>
         <property name="katalonVersion" value="9.2.0.212"/>
         <property name="browser" value="Chrome 121.0.0.0"/>
         <property name="hostAddress" value="192.168.137.1"/>
         <property name="sessionId" value="97ce8ef9330f4b1ecbf84cbd8354f8f7"/>
         <property name="seleniumVersion" value="3.141.59"/>
         <property name="proxyInformation" value="ProxyInformation { proxyOption=NO_PROXY, proxyServerType=HTTP, username=, password=********, proxyServerAddress=, proxyServerPort=0, executionList=&quot;&quot;, isApplyToDesiredCapabilities=true }"/>
         <property name="platform" value="Windows 10"/>
      </properties>
      <testcase name="Test Cases/integration/successful002" time="108.742" classname="Test Cases/integration/successful002" status="PASSED">
         <system-out><![CDATA[08-02-2024T13:27:01 - [TEST_CASE][PASSED] - Test Cases/integration/successful002: Test Cases/integration/successful002

08-02-2024T13:27:01 - [TEST_STEP][PASSED] - Start listener action : sampleBeforeTestCase: Navigate to 'https://www.amazon.in/' successfully

08-02-2024T13:27:01 - [TEST_STEP][PASSED] - openBrowser(""): Browser is opened with url: ''

08-02-2024T13:27:01 - [MESSAGE][INFO] - Starting 'Chrome' driver

08-02-2024T13:27:01 - [MESSAGE][INFO] - Action delay is set to 0 milliseconds

08-02-2024T13:27:02 - [MESSAGE][PASSED] - Browser is opened with url: ''

08-02-2024T13:27:02 - [TEST_STEP][PASSED] - navigateToUrl("https://www.amazon.in/"): Navigate to 'https://www.amazon.in/' successfully

08-02-2024T13:27:05 - [MESSAGE][PASSED] - Navigate to 'https://www.amazon.in/' successfully

08-02-2024T13:27:05 - [TEST_STEP][PASSED] - openBrowser(""): Browser is opened with url: ''

08-02-2024T13:27:05 - [MESSAGE][WARNING] - A browser is already opened. Closing browser and opening a new one

08-02-2024T13:27:06 - [MESSAGE][INFO] - Starting 'Chrome' driver

08-02-2024T13:27:06 - [MESSAGE][INFO] - Action delay is set to 0 milliseconds

08-02-2024T13:27:07 - [MESSAGE][PASSED] - Browser is opened with url: ''

08-02-2024T13:27:07 - [TEST_STEP][PASSED] - navigateToUrl("https://www.amazon.in/"): Navigate to 'https://www.amazon.in/' successfully

08-02-2024T13:27:11 - [MESSAGE][PASSED] - Navigate to 'https://www.amazon.in/' successfully

08-02-2024T13:27:11 - [TEST_STEP][PASSED] - click(findTestObject("Object Repository/integration/successful002/Page_Online Shopping site in India Shop Onl_10c5f3/i_hm-icon nav-sprite")): Object: 'Object Repository/integration/successful002/Page_Online Shopping site in India Shop Onl_10c5f3/i_hm-icon nav-sprite' is clicked on

08-02-2024T13:27:25 - [MESSAGE][PASSED] - Object: 'Object Repository/integration/successful002/Page_Online Shopping site in India Shop Onl_10c5f3/i_hm-icon nav-sprite' is clicked on

08-02-2024T13:27:25 - [TEST_STEP][PASSED] - click(findTestObject("Object Repository/integration/successful002/Page_Online Shopping site in India Shop Onl_10c5f3/b_Hello, sign in")): Object: 'Object Repository/integration/successful002/Page_Online Shopping site in India Shop Onl_10c5f3/b_Hello, sign in' is clicked on

08-02-2024T13:27:29 - [MESSAGE][PASSED] - Object: 'Object Repository/integration/successful002/Page_Online Shopping site in India Shop Onl_10c5f3/b_Hello, sign in' is clicked on

08-02-2024T13:27:29 - [TEST_STEP][PASSED] - setText(findTestObject("Object Repository/integration/successful002/Page_Amazon Sign In/input_email"), "7779970102"): Text '7779970102' is set on object 'Object Repository/integration/successful002/Page_Amazon Sign In/input_email'

08-02-2024T13:27:31 - [MESSAGE][PASSED] - Text '7779970102' is set on object 'Object Repository/integration/successful002/Page_Amazon Sign In/input_email'

08-02-2024T13:27:31 - [TEST_STEP][PASSED] - click(findTestObject("Object Repository/integration/successful002/Page_Amazon Sign In/inputcontinue")): Object: 'Object Repository/integration/successful002/Page_Amazon Sign In/inputcontinue' is clicked on

08-02-2024T13:27:32 - [MESSAGE][PASSED] - Object: 'Object Repository/integration/successful002/Page_Amazon Sign In/inputcontinue' is clicked on

08-02-2024T13:27:32 - [TEST_STEP][PASSED] - setEncryptedText(findTestObject("Object Repository/integration/successful002/Page_Amazon Sign In/input_password"), "eSPcD+aU0jcqZChrJx5wLA=="): Text ****** has been set on object 'Object Repository/integration/successful002/Page_Amazon Sign In/input_password'

08-02-2024T13:27:33 - [MESSAGE][PASSED] - Text ****** has been set on object 'Object Repository/integration/successful002/Page_Amazon Sign In/input_password'

08-02-2024T13:27:33 - [TEST_STEP][PASSED] - click(findTestObject("Object Repository/integration/successful002/Page_Amazon Sign In/inputsignInSubmit")): Object: 'Object Repository/integration/successful002/Page_Amazon Sign In/inputsignInSubmit' is clicked on

08-02-2024T13:27:34 - [MESSAGE][PASSED] - Object: 'Object Repository/integration/successful002/Page_Amazon Sign In/inputsignInSubmit' is clicked on

08-02-2024T13:27:34 - [TEST_STEP][PASSED] - click(findTestObject("Object Repository/integration/successful002/Page_Online Shopping site in India Shop Onl_10c5f3/a_Amazon miniTV")): Object: 'Object Repository/integration/successful002/Page_Online Shopping site in India Shop Onl_10c5f3/a_Amazon miniTV' is clicked on

08-02-2024T13:27:57 - [MESSAGE][PASSED] - Object: 'Object Repository/integration/successful002/Page_Online Shopping site in India Shop Onl_10c5f3/a_Amazon miniTV' is clicked on

08-02-2024T13:27:57 - [TEST_STEP][PASSED] - click(findTestObject("Object Repository/integration/successful002/Page_Amazon miniTV - Watch Free Web Series,_86fafa/span_Imported")): Object: 'Object Repository/integration/successful002/Page_Amazon miniTV - Watch Free Web Series,_86fafa/span_Imported' is clicked on

08-02-2024T13:27:57 - [MESSAGE][PASSED] - Object: 'Object Repository/integration/successful002/Page_Amazon miniTV - Watch Free Web Series,_86fafa/span_Imported' is clicked on

08-02-2024T13:27:57 - [TEST_STEP][PASSED] - click(findTestObject("Object Repository/integration/successful002/Page_Watch Dubbed Web Series, Korean Drama,_0fb818/span_Web Series")): Object: 'Object Repository/integration/successful002/Page_Watch Dubbed Web Series, Korean Drama,_0fb818/span_Web Series' is clicked on

08-02-2024T13:27:59 - [MESSAGE][PASSED] - Object: 'Object Repository/integration/successful002/Page_Watch Dubbed Web Series, Korean Drama,_0fb818/span_Web Series' is clicked on

08-02-2024T13:27:59 - [TEST_STEP][PASSED] - click(findTestObject("Object Repository/integration/successful002/Page_Watch Latest Web Series Online for Fre_49d131/span_Movies")): Object: 'Object Repository/integration/successful002/Page_Watch Latest Web Series Online for Fre_49d131/span_Movies' is clicked on

08-02-2024T13:28:00 - [MESSAGE][PASSED] - Object: 'Object Repository/integration/successful002/Page_Watch Latest Web Series Online for Fre_49d131/span_Movies' is clicked on

08-02-2024T13:28:00 - [TEST_STEP][PASSED] - click(findTestObject("Object Repository/integration/successful002/Page_Watch Popular Movies  Short Films Onli_56b9b2/span_Romance")): Object: 'Object Repository/integration/successful002/Page_Watch Popular Movies  Short Films Onli_56b9b2/span_Romance' is clicked on

08-02-2024T13:28:01 - [MESSAGE][PASSED] - Object: 'Object Repository/integration/successful002/Page_Watch Popular Movies  Short Films Onli_56b9b2/span_Romance' is clicked on

08-02-2024T13:28:01 - [TEST_STEP][PASSED] - click(findTestObject("Object Repository/integration/successful002/Page_Watch Trending Romantic Web Series  Mo_a46f5a/span_Comedy")): Object: 'Object Repository/integration/successful002/Page_Watch Trending Romantic Web Series  Mo_a46f5a/span_Comedy' is clicked on

08-02-2024T13:28:02 - [MESSAGE][PASSED] - Object: 'Object Repository/integration/successful002/Page_Watch Trending Romantic Web Series  Mo_a46f5a/span_Comedy' is clicked on

08-02-2024T13:28:02 - [TEST_STEP][PASSED] - click(findTestObject("Object Repository/integration/successful002/Page_Watch Comedy Web Series, Short Films  _4c3a92/img_AppNavbar_mShopIcon__4UsHr")): Object: 'Object Repository/integration/successful002/Page_Watch Comedy Web Series, Short Films  _4c3a92/img_AppNavbar_mShopIcon__4UsHr' is clicked on

08-02-2024T13:28:06 - [MESSAGE][PASSED] - Object: 'Object Repository/integration/successful002/Page_Watch Comedy Web Series, Short Films  _4c3a92/img_AppNavbar_mShopIcon__4UsHr' is clicked on

08-02-2024T13:28:06 - [TEST_STEP][PASSED] - setText(findTestObject("Object Repository/integration/successful002/Page_Amazon.in/input_field-keywords_1"), "poco x6"): Text 'poco x6' is set on object 'Object Repository/integration/successful002/Page_Amazon.in/input_field-keywords_1'

08-02-2024T13:28:08 - [MESSAGE][PASSED] - Text 'poco x6' is set on object 'Object Repository/integration/successful002/Page_Amazon.in/input_field-keywords_1'

08-02-2024T13:28:08 - [TEST_STEP][PASSED] - click(findTestObject("Object Repository/integration/successful002/Page_Amazon.in/inputnav-search-submit-button")): Object: 'Object Repository/integration/successful002/Page_Amazon.in/inputnav-search-submit-button' is clicked on

08-02-2024T13:28:13 - [MESSAGE][PASSED] - Object: 'Object Repository/integration/successful002/Page_Amazon.in/inputnav-search-submit-button' is clicked on

08-02-2024T13:28:13 - [TEST_STEP][PASSED] - click(findTestObject("Object Repository/integration/successful002/Page_Amazon.in  poco x6/button_Add to Cart")): Object: 'Object Repository/integration/successful002/Page_Amazon.in  poco x6/button_Add to Cart' is clicked on

08-02-2024T13:28:14 - [MESSAGE][PASSED] - Object: 'Object Repository/integration/successful002/Page_Amazon.in  poco x6/button_Add to Cart' is clicked on

08-02-2024T13:28:14 - [TEST_STEP][PASSED] - click(findTestObject("Object Repository/integration/successful002/Page_Amazon.in  poco x6/a_1                                        _7d74ab")): Object: 'Object Repository/integration/successful002/Page_Amazon.in  poco x6/a_1                                        _7d74ab' is clicked on

08-02-2024T13:28:17 - [MESSAGE][PASSED] - Object: 'Object Repository/integration/successful002/Page_Amazon.in  poco x6/a_1                                        _7d74ab' is clicked on

08-02-2024T13:28:17 - [TEST_STEP][PASSED] - click(findTestObject("Object Repository/integration/successful002/Page_Amazon.in Shopping Cart/input_proceedToRetailCheckout")): Object: 'Object Repository/integration/successful002/Page_Amazon.in Shopping Cart/input_proceedToRetailCheckout' is clicked on

08-02-2024T13:28:19 - [MESSAGE][PASSED] - Object: 'Object Repository/integration/successful002/Page_Amazon.in Shopping Cart/input_proceedToRetailCheckout' is clicked on

08-02-2024T13:28:19 - [TEST_STEP][PASSED] - click(findTestObject("Object Repository/integration/successful002/Page_Select a delivery address/a_Add a new address")): Object: 'Object Repository/integration/successful002/Page_Select a delivery address/a_Add a new address' is clicked on

08-02-2024T13:28:25 - [MESSAGE][PASSED] - Object: 'Object Repository/integration/successful002/Page_Select a delivery address/a_Add a new address' is clicked on

08-02-2024T13:28:25 - [TEST_STEP][PASSED] - click(findTestObject("Object Repository/integration/successful002/Page_Select a delivery address/span_India")): Object: 'Object Repository/integration/successful002/Page_Select a delivery address/span_India' is clicked on

08-02-2024T13:28:25 - [MESSAGE][PASSED] - Object: 'Object Repository/integration/successful002/Page_Select a delivery address/span_India' is clicked on

08-02-2024T13:28:25 - [TEST_STEP][PASSED] - click(findTestObject("Object Repository/integration/successful002/Page_Select a delivery address/a_India")): Object: 'Object Repository/integration/successful002/Page_Select a delivery address/a_India' is clicked on

08-02-2024T13:28:26 - [MESSAGE][PASSED] - Object: 'Object Repository/integration/successful002/Page_Select a delivery address/a_India' is clicked on

08-02-2024T13:28:26 - [TEST_STEP][PASSED] - setText(findTestObject("Object Repository/integration/successful002/Page_Select a delivery address/input_address-ui-widgets-enterAddressFullName"), "Ritesh Kumar"): Text 'Ritesh Kumar' is set on object 'Object Repository/integration/successful002/Page_Select a delivery address/input_address-ui-widgets-enterAddressFullName'

08-02-2024T13:28:26 - [MESSAGE][PASSED] - Text 'Ritesh Kumar' is set on object 'Object Repository/integration/successful002/Page_Select a delivery address/input_address-ui-widgets-enterAddressFullName'

08-02-2024T13:28:26 - [TEST_STEP][PASSED] - setText(findTestObject("Object Repository/integration/successful002/Page_Select a delivery address/input_address-ui-widgets-enterAddressPhoneNumber"), "7779970102"): Text '7779970102' is set on object 'Object Repository/integration/successful002/Page_Select a delivery address/input_address-ui-widgets-enterAddressPhoneNumber'

08-02-2024T13:28:27 - [MESSAGE][PASSED] - Text '7779970102' is set on object 'Object Repository/integration/successful002/Page_Select a delivery address/input_address-ui-widgets-enterAddressPhoneNumber'

08-02-2024T13:28:27 - [TEST_STEP][PASSED] - setText(findTestObject("Object Repository/integration/successful002/Page_Select a delivery address/input_address-ui-widgets-enterAddressPostalCode"), "834010"): Text '834010' is set on object 'Object Repository/integration/successful002/Page_Select a delivery address/input_address-ui-widgets-enterAddressPostalCode'

08-02-2024T13:28:28 - [MESSAGE][PASSED] - Text '834010' is set on object 'Object Repository/integration/successful002/Page_Select a delivery address/input_address-ui-widgets-enterAddressPostalCode'

08-02-2024T13:28:28 - [TEST_STEP][PASSED] - setText(findTestObject("Object Repository/integration/successful002/Page_Select a delivery address/input_address-ui-widgets-enterAddressLine1"), "847"): Text '847' is set on object 'Object Repository/integration/successful002/Page_Select a delivery address/input_address-ui-widgets-enterAddressLine1'

08-02-2024T13:28:29 - [MESSAGE][PASSED] - Text '847' is set on object 'Object Repository/integration/successful002/Page_Select a delivery address/input_address-ui-widgets-enterAddressLine1'

08-02-2024T13:28:29 - [TEST_STEP][PASSED] - setText(findTestObject("Object Repository/integration/successful002/Page_Select a delivery address/input_address-ui-widgets-enterAddressLine2"), "Namkum Bazar, Ranchi"): Text 'Namkum Bazar, Ranchi' is set on object 'Object Repository/integration/successful002/Page_Select a delivery address/input_address-ui-widgets-enterAddressLine2'

08-02-2024T13:28:30 - [MESSAGE][PASSED] - Text 'Namkum Bazar, Ranchi' is set on object 'Object Repository/integration/successful002/Page_Select a delivery address/input_address-ui-widgets-enterAddressLine2'

08-02-2024T13:28:30 - [TEST_STEP][PASSED] - setText(findTestObject("Object Repository/integration/successful002/Page_Select a delivery address/input_address-ui-widgets-landmark"), "Rajprastha Hospital"): Text 'Rajprastha Hospital' is set on object 'Object Repository/integration/successful002/Page_Select a delivery address/input_address-ui-widgets-landmark'

08-02-2024T13:28:32 - [MESSAGE][PASSED] - Text 'Rajprastha Hospital' is set on object 'Object Repository/integration/successful002/Page_Select a delivery address/input_address-ui-widgets-landmark'

08-02-2024T13:28:32 - [TEST_STEP][PASSED] - setText(findTestObject("Object Repository/integration/successful002/Page_Select a delivery address/input_address-ui-widgets-enterAddressCity"), "RANCHI"): Text 'RANCHI' is set on object 'Object Repository/integration/successful002/Page_Select a delivery address/input_address-ui-widgets-enterAddressCity'

08-02-2024T13:28:32 - [MESSAGE][PASSED] - Text 'RANCHI' is set on object 'Object Repository/integration/successful002/Page_Select a delivery address/input_address-ui-widgets-enterAddressCity'

08-02-2024T13:28:32 - [TEST_STEP][PASSED] - click(findTestObject("Object Repository/integration/successful002/Page_Select a delivery address/span_JHARKHAND")): Object: 'Object Repository/integration/successful002/Page_Select a delivery address/span_JHARKHAND' is clicked on

08-02-2024T13:28:33 - [MESSAGE][PASSED] - Object: 'Object Repository/integration/successful002/Page_Select a delivery address/span_JHARKHAND' is clicked on

08-02-2024T13:28:33 - [TEST_STEP][PASSED] - click(findTestObject("Object Repository/integration/successful002/Page_Select a delivery address/a_JHARKHAND")): Object: 'Object Repository/integration/successful002/Page_Select a delivery address/a_JHARKHAND' is clicked on

08-02-2024T13:28:33 - [MESSAGE][PASSED] - Object: 'Object Repository/integration/successful002/Page_Select a delivery address/a_JHARKHAND' is clicked on

08-02-2024T13:28:33 - [TEST_STEP][PASSED] - click(findTestObject("Object Repository/integration/successful002/Page_Select a delivery address/input_a-button-input")): Object: 'Object Repository/integration/successful002/Page_Select a delivery address/input_a-button-input' is clicked on

08-02-2024T13:28:34 - [MESSAGE][PASSED] - Object: 'Object Repository/integration/successful002/Page_Select a delivery address/input_a-button-input' is clicked on

08-02-2024T13:28:34 - [TEST_STEP][PASSED] - click(findTestObject("Object Repository/integration/successful002/Page_Amazon.in Checkout/input_ppw-instrumentRowSelection")): Object: 'Object Repository/integration/successful002/Page_Amazon.in Checkout/input_ppw-instrumentRowSelection' is clicked on

08-02-2024T13:28:40 - [MESSAGE][PASSED] - Object: 'Object Repository/integration/successful002/Page_Amazon.in Checkout/input_ppw-instrumentRowSelection' is clicked on

08-02-2024T13:28:40 - [TEST_STEP][PASSED] - setText(findTestObject("Object Repository/integration/successful002/Page_Amazon.in Checkout/input___sif_encryptedVPA_collect"), "demonritesh8092-1@oksbi"): Text 'demonritesh8092-1@oksbi' is set on object 'Object Repository/integration/successful002/Page_Amazon.in Checkout/input___sif_encryptedVPA_collect'

08-02-2024T13:28:41 - [MESSAGE][PASSED] - Text 'demonritesh8092-1@oksbi' is set on object 'Object Repository/integration/successful002/Page_Amazon.in Checkout/input___sif_encryptedVPA_collect'

08-02-2024T13:28:41 - [TEST_STEP][PASSED] - click(findTestObject("Object Repository/integration/successful002/Page_Amazon.in Checkout/input_ppw-widgetEventValidateUpiIdEvent")): Object: 'Object Repository/integration/successful002/Page_Amazon.in Checkout/input_ppw-widgetEventValidateUpiIdEvent' is clicked on

08-02-2024T13:28:41 - [MESSAGE][PASSED] - Object: 'Object Repository/integration/successful002/Page_Amazon.in Checkout/input_ppw-widgetEventValidateUpiIdEvent' is clicked on

08-02-2024T13:28:41 - [TEST_STEP][PASSED] - click(findTestObject("Object Repository/integration/successful002/Page_Amazon.in Checkout/input_ppw-widgetEventSetPaymentPlanSelectCo_b3daea")): Object: 'Object Repository/integration/successful002/Page_Amazon.in Checkout/input_ppw-widgetEventSetPaymentPlanSelectCo_b3daea' is clicked on

08-02-2024T13:28:49 - [MESSAGE][PASSED] - Object: 'Object Repository/integration/successful002/Page_Amazon.in Checkout/input_ppw-widgetEventSetPaymentPlanSelectCo_b3daea' is clicked on

08-02-2024T13:28:49 - [TEST_STEP][PASSED] - click(findTestObject("Object Repository/integration/successful002/Page_Amazon.in Checkout/span_No Thanks")): Object: 'Object Repository/integration/successful002/Page_Amazon.in Checkout/span_No Thanks' is clicked on

08-02-2024T13:28:49 - [MESSAGE][PASSED] - Object: 'Object Repository/integration/successful002/Page_Amazon.in Checkout/span_No Thanks' is clicked on

08-02-2024T13:28:49 - [TEST_STEP][PASSED] - closeBrowser(): Browser is closed

08-02-2024T13:28:50 - [MESSAGE][PASSED] - Browser is closed

08-02-2024T13:28:50 - [TEST_STEP][PASSED] - Start listener action : sampleAfterTestCase: Browser is closed

08-02-2024T13:28:50 - [TEST_STEP][PASSED] - closeBrowser(): Browser is closed

08-02-2024T13:28:50 - [MESSAGE][PASSED] - Browser is closed]]></system-out>
         <system-err><![CDATA[]]></system-err>
      </testcase>
      <system-out><![CDATA[08-02-2024T13:23:24 - [TEST_SUITE][FAILED] - integration: Test Cases/integration/successful002 FAILED.
Reason:
com.kms.katalon.core.exception.StepFailedException: Unable to click on object 'Object Repository/integration/successful002/Page_Amazon.in Checkout/input_ppw-instrumentRowSelection'
	at com.kms.katalon.core.webui.keyword.internal.WebUIKeywordMain.stepFailed(WebUIKeywordMain.groovy:64)
	at com.kms.katalon.core.webui.keyword.internal.WebUIKeywordMain.runKeyword(WebUIKeywordMain.groovy:26)
	at com.kms.katalon.core.webui.keyword.builtin.ClickKeyword.click(ClickKeyword.groovy:74)
	at com.kms.katalon.core.webui.keyword.builtin.ClickKeyword.execute(ClickKeyword.groovy:40)
	at com.kms.katalon.core.keyword.internal.KeywordExecutor.executeKeywordForPlatform(KeywordExecutor.groovy:74)
	at com.kms.katalon.core.webui.keyword.WebUiBuiltInKeywords.click(WebUiBuiltInKeywords.groovy:659)
	at successful002.run(successful002:94)
	at com.kms.katalon.core.main.ScriptEngine.run(ScriptEngine.java:194)
	at com.kms.katalon.core.main.ScriptEngine.runScriptAsRawText(ScriptEngine.java:119)
	at com.kms.katalon.core.main.TestCaseExecutor.runScript(TestCaseExecutor.java:448)
	at com.kms.katalon.core.main.TestCaseExecutor.doExecute(TestCaseExecutor.java:439)
	at com.kms.katalon.core.main.TestCaseExecutor.processExecutionPhase(TestCaseExecutor.java:418)
	at com.kms.katalon.core.main.TestCaseExecutor.accessMainPhase(TestCaseExecutor.java:410)
	at com.kms.katalon.core.main.TestCaseExecutor.execute(TestCaseExecutor.java:285)
	at com.kms.katalon.core.common.CommonExecutor.accessTestCaseMainPhase(CommonExecutor.java:65)
	at com.kms.katalon.core.main.TestSuiteExecutor.accessTestSuiteMainPhase(TestSuiteExecutor.java:148)
	at com.kms.katalon.core.main.TestSuiteExecutor.execute(TestSuiteExecutor.java:106)
	at com.kms.katalon.core.main.TestCaseMain.startTestSuite(TestCaseMain.java:180)
	at TempTestSuite1707378472453.run(TempTestSuite1707378472453.groovy:36)
	at java.base/jdk.internal.reflect.NativeMethodAccessorImpl.invoke0(Native Method)
	at java.base/jdk.internal.reflect.NativeMethodAccessorImpl.invoke(NativeMethodAccessorImpl.java:77)
	at java.base/jdk.internal.reflect.DelegatingMethodAccessorImpl.invoke(DelegatingMethodAccessorImpl.java:43)
Caused by: org.openqa.selenium.ElementNotInteractableException: element not interactable
  (Session info: chrome=121.0.6167.160)
Build info: version: '3.141.59', revision: 'e82be7d358', time: '2018-11-14T08:25:53'
System info: host: 'LAPTOP-V2P5S4MK', ip: '192.168.137.1', os.name: 'Windows 10', os.arch: 'amd64', os.version: '10.0', java.version: '17.0.7'
Driver info: com.kms.katalon.selenium.driver.CChromeDriver
Capabilities {acceptInsecureCerts: false, browserName: chrome, browserVersion: 121.0.6167.160, chrome: {chromedriverVersion: 120.0.6099.71 (9729082fe617..., userDataDir: C:\Users\Devil\AppData\Loca...}, fedcm:accounts: true, goog:chromeOptions: {debuggerAddress: localhost:63071}, javascriptEnabled: true, networkConnectionEnabled: false, pageLoadStrategy: normal, platform: WINDOWS, platformName: WINDOWS, proxy: Proxy(), setWindowRect: true, strictFileInteractability: false, timeouts: {implicit: 0, pageLoad: 300000, script: 30000}, unhandledPromptBehavior: dismiss and notify, webauthn:extension:credBlob: true, webauthn:extension:largeBlob: true, webauthn:extension:minPinLength: true, webauthn:extension:prf: true, webauthn:virtualAuthenticators: true}
Session ID: 2222b60e213de47293084f4c3e9e08d8
	at java.base/jdk.internal.reflect.NativeConstructorAccessorImpl.newInstance0(Native Method)
	at java.base/jdk.internal.reflect.NativeConstructorAccessorImpl.newInstance(NativeConstructorAccessorImpl.java:77)
	at java.base/jdk.internal.reflect.DelegatingConstructorAccessorImpl.newInstance(DelegatingConstructorAccessorImpl.java:45)
	at org.openqa.selenium.remote.http.W3CHttpResponseCodec.createException(W3CHttpResponseCodec.java:187)
	at org.openqa.selenium.remote.http.W3CHttpResponseCodec.decode(W3CHttpResponseCodec.java:122)
	at org.openqa.selenium.remote.http.W3CHttpResponseCodec.decode(W3CHttpResponseCodec.java:49)
	at org.openqa.selenium.remote.HttpCommandExecutor.execute(HttpCommandExecutor.java:158)
	at org.openqa.selenium.remote.service.DriverCommandExecutor.execute(DriverCommandExecutor.java:83)
	at org.openqa.selenium.remote.RemoteWebDriver.execute(RemoteWebDriver.java:552)
	at com.kms.katalon.selenium.driver.CChromeDriver.execute(CChromeDriver.java:19)
	at org.openqa.selenium.remote.RemoteWebElement.execute(RemoteWebElement.java:285)
	at org.openqa.selenium.remote.RemoteWebElement.click(RemoteWebElement.java:84)
	at jdk.internal.reflect.GeneratedMethodAccessor13.invoke(Unknown Source)
	at java.base/jdk.internal.reflect.DelegatingMethodAccessorImpl.invoke(DelegatingMethodAccessorImpl.java:43)
	at org.openqa.selenium.support.events.EventFiringWebDriver$EventFiringWebElement.lambda$new$0(EventFiringWebDriver.java:404)
	at jdk.proxy2/jdk.proxy2.$Proxy27.click(Unknown Source)
	at org.openqa.selenium.support.events.EventFiringWebDriver$EventFiringWebElement.click(EventFiringWebDriver.java:417)
	at org.openqa.selenium.WebElement$click.call(Unknown Source)
	at com.kms.katalon.core.webui.keyword.builtin.ClickKeyword.clickUntilSuccessWithTimeout(ClickKeyword.groovy:81)
	at com.kms.katalon.core.webui.keyword.builtin.ClickKeyword.clickUntilSuccessWithTimeout(ClickKeyword.groovy)
	at jdk.internal.reflect.GeneratedMethodAccessor11.invoke(Unknown Source)
	at java.base/jdk.internal.reflect.DelegatingMethodAccessorImpl.invoke(DelegatingMethodAccessorImpl.java:43)
	at com.kms.katalon.core.webui.keyword.builtin.ClickKeyword$_click_closure1.doCall(ClickKeyword.groovy:67)
	at com.kms.katalon.core.webui.keyword.builtin.ClickKeyword$_click_closure1.call(ClickKeyword.groovy)
	at com.kms.katalon.core.webui.keyword.internal.WebUIKeywordMain.runKeyword(WebUIKeywordMain.groovy:20)
	... 20 more]]></system-out>
      <system-err><![CDATA[08-02-2024T13:23:24 - [TEST_SUITE][FAILED] - integration: Test Cases/integration/successful002 FAILED.
Reason:
com.kms.katalon.core.exception.StepFailedException: Unable to click on object 'Object Repository/integration/successful002/Page_Amazon.in Checkout/input_ppw-instrumentRowSelection'
	at com.kms.katalon.core.webui.keyword.internal.WebUIKeywordMain.stepFailed(WebUIKeywordMain.groovy:64)
	at com.kms.katalon.core.webui.keyword.internal.WebUIKeywordMain.runKeyword(WebUIKeywordMain.groovy:26)
	at com.kms.katalon.core.webui.keyword.builtin.ClickKeyword.click(ClickKeyword.groovy:74)
	at com.kms.katalon.core.webui.keyword.builtin.ClickKeyword.execute(ClickKeyword.groovy:40)
	at com.kms.katalon.core.keyword.internal.KeywordExecutor.executeKeywordForPlatform(KeywordExecutor.groovy:74)
	at com.kms.katalon.core.webui.keyword.WebUiBuiltInKeywords.click(WebUiBuiltInKeywords.groovy:659)
	at successful002.run(successful002:94)
	at com.kms.katalon.core.main.ScriptEngine.run(ScriptEngine.java:194)
	at com.kms.katalon.core.main.ScriptEngine.runScriptAsRawText(ScriptEngine.java:119)
	at com.kms.katalon.core.main.TestCaseExecutor.runScript(TestCaseExecutor.java:448)
	at com.kms.katalon.core.main.TestCaseExecutor.doExecute(TestCaseExecutor.java:439)
	at com.kms.katalon.core.main.TestCaseExecutor.processExecutionPhase(TestCaseExecutor.java:418)
	at com.kms.katalon.core.main.TestCaseExecutor.accessMainPhase(TestCaseExecutor.java:410)
	at com.kms.katalon.core.main.TestCaseExecutor.execute(TestCaseExecutor.java:285)
	at com.kms.katalon.core.common.CommonExecutor.accessTestCaseMainPhase(CommonExecutor.java:65)
	at com.kms.katalon.core.main.TestSuiteExecutor.accessTestSuiteMainPhase(TestSuiteExecutor.java:148)
	at com.kms.katalon.core.main.TestSuiteExecutor.execute(TestSuiteExecutor.java:106)
	at com.kms.katalon.core.main.TestCaseMain.startTestSuite(TestCaseMain.java:180)
	at TempTestSuite1707378472453.run(TempTestSuite1707378472453.groovy:36)
	at java.base/jdk.internal.reflect.NativeMethodAccessorImpl.invoke0(Native Method)
	at java.base/jdk.internal.reflect.NativeMethodAccessorImpl.invoke(NativeMethodAccessorImpl.java:77)
	at java.base/jdk.internal.reflect.DelegatingMethodAccessorImpl.invoke(DelegatingMethodAccessorImpl.java:43)
Caused by: org.openqa.selenium.ElementNotInteractableException: element not interactable
  (Session info: chrome=121.0.6167.160)
Build info: version: '3.141.59', revision: 'e82be7d358', time: '2018-11-14T08:25:53'
System info: host: 'LAPTOP-V2P5S4MK', ip: '192.168.137.1', os.name: 'Windows 10', os.arch: 'amd64', os.version: '10.0', java.version: '17.0.7'
Driver info: com.kms.katalon.selenium.driver.CChromeDriver
Capabilities {acceptInsecureCerts: false, browserName: chrome, browserVersion: 121.0.6167.160, chrome: {chromedriverVersion: 120.0.6099.71 (9729082fe617..., userDataDir: C:\Users\Devil\AppData\Loca...}, fedcm:accounts: true, goog:chromeOptions: {debuggerAddress: localhost:63071}, javascriptEnabled: true, networkConnectionEnabled: false, pageLoadStrategy: normal, platform: WINDOWS, platformName: WINDOWS, proxy: Proxy(), setWindowRect: true, strictFileInteractability: false, timeouts: {implicit: 0, pageLoad: 300000, script: 30000}, unhandledPromptBehavior: dismiss and notify, webauthn:extension:credBlob: true, webauthn:extension:largeBlob: true, webauthn:extension:minPinLength: true, webauthn:extension:prf: true, webauthn:virtualAuthenticators: true}
Session ID: 2222b60e213de47293084f4c3e9e08d8
	at java.base/jdk.internal.reflect.NativeConstructorAccessorImpl.newInstance0(Native Method)
	at java.base/jdk.internal.reflect.NativeConstructorAccessorImpl.newInstance(NativeConstructorAccessorImpl.java:77)
	at java.base/jdk.internal.reflect.DelegatingConstructorAccessorImpl.newInstance(DelegatingConstructorAccessorImpl.java:45)
	at org.openqa.selenium.remote.http.W3CHttpResponseCodec.createException(W3CHttpResponseCodec.java:187)
	at org.openqa.selenium.remote.http.W3CHttpResponseCodec.decode(W3CHttpResponseCodec.java:122)
	at org.openqa.selenium.remote.http.W3CHttpResponseCodec.decode(W3CHttpResponseCodec.java:49)
	at org.openqa.selenium.remote.HttpCommandExecutor.execute(HttpCommandExecutor.java:158)
	at org.openqa.selenium.remote.service.DriverCommandExecutor.execute(DriverCommandExecutor.java:83)
	at org.openqa.selenium.remote.RemoteWebDriver.execute(RemoteWebDriver.java:552)
	at com.kms.katalon.selenium.driver.CChromeDriver.execute(CChromeDriver.java:19)
	at org.openqa.selenium.remote.RemoteWebElement.execute(RemoteWebElement.java:285)
	at org.openqa.selenium.remote.RemoteWebElement.click(RemoteWebElement.java:84)
	at jdk.internal.reflect.GeneratedMethodAccessor13.invoke(Unknown Source)
	at java.base/jdk.internal.reflect.DelegatingMethodAccessorImpl.invoke(DelegatingMethodAccessorImpl.java:43)
	at org.openqa.selenium.support.events.EventFiringWebDriver$EventFiringWebElement.lambda$new$0(EventFiringWebDriver.java:404)
	at jdk.proxy2/jdk.proxy2.$Proxy27.click(Unknown Source)
	at org.openqa.selenium.support.events.EventFiringWebDriver$EventFiringWebElement.click(EventFiringWebDriver.java:417)
	at org.openqa.selenium.WebElement$click.call(Unknown Source)
	at com.kms.katalon.core.webui.keyword.builtin.ClickKeyword.clickUntilSuccessWithTimeout(ClickKeyword.groovy:81)
	at com.kms.katalon.core.webui.keyword.builtin.ClickKeyword.clickUntilSuccessWithTimeout(ClickKeyword.groovy)
	at jdk.internal.reflect.GeneratedMethodAccessor11.invoke(Unknown Source)
	at java.base/jdk.internal.reflect.DelegatingMethodAccessorImpl.invoke(DelegatingMethodAccessorImpl.java:43)
	at com.kms.katalon.core.webui.keyword.builtin.ClickKeyword$_click_closure1.doCall(ClickKeyword.groovy:67)
	at com.kms.katalon.core.webui.keyword.builtin.ClickKeyword$_click_closure1.call(ClickKeyword.groovy)
	at com.kms.katalon.core.webui.keyword.internal.WebUIKeywordMain.runKeyword(WebUIKeywordMain.groovy:20)
	... 20 more]]></system-err>
   </testsuite>
</testsuites>
