<?xml version="1.0" encoding="UTF-8"?>
<testsuites name="Amazon_Test Suite Collection" time="1073.788" tests="13" failures="1" errors="0">
   <testsuite name="account_creation_errors" tests="4" failures="0" errors="0" time="308.333" skipped="0" timestamp="08-02-2024T13:18:07" hostname="Devil - LAPTOP-V2P5S4MK.mshome.net" id="Test Suites/account_creation_errors/account_creation_errors">
      <properties>
         <property name="deviceName" value=""/>
         <property name="devicePlatform" value=""/>
         <property name="logFolder" value="C:\\Users\\Devil\\git\\SI-GuidedProject-705690-1704903143\\Reports\\20240208_131749\\account_creation_errors\\account_creation_errors\\20240208_131750"/>
         <property name="logFiles" value="C:\\Users\\Devil\\git\\SI-GuidedProject-705690-1704903143\\Reports\\20240208_131749\\account_creation_errors\\account_creation_errors\\20240208_131750\\execution0.log"/>
         <property name="attachments" value="C:\\Users\\Devil\\git\\SI-GuidedProject-705690-1704903143\\Reports\\20240208_131749\\account_creation_errors\\account_creation_errors\\20240208_131750\\1707378592388.png, C:\\Users\\Devil\\git\\SI-GuidedProject-705690-1704903143\\Reports\\20240208_131749\\account_creation_errors\\account_creation_errors\\20240208_131750\\1707378757257.png"/>
         <property name="hostName" value="Devil - LAPTOP-V2P5S4MK.mshome.net"/>
         <property name="os" value="Windows 10 64bit"/>
         <property name="katalonVersion" value="9.2.0.212"/>
         <property name="browser" value="Chrome 121.0.0.0"/>
         <property name="hostAddress" value="192.168.137.1"/>
         <property name="sessionId" value="b22f5104feb72fe405e924a9e8ec0a84"/>
         <property name="seleniumVersion" value="3.141.59"/>
         <property name="proxyInformation" value="ProxyInformation { proxyOption=NO_PROXY, proxyServerType=HTTP, username=, password=********, proxyServerAddress=, proxyServerPort=0, executionList=&quot;&quot;, isApplyToDesiredCapabilities=true }"/>
         <property name="platform" value="Windows 10"/>
      </properties>
      <testcase name="Test Cases/account_creation/invalid_name" time="25.204" classname="Test Cases/account_creation/invalid_name" status="PASSED">
         <system-out><![CDATA[08-02-2024T13:19:53 - [TEST_CASE][PASSED] - Test Cases/account_creation/invalid_name: Test Cases/account_creation/invalid_name

08-02-2024T13:19:53 - [TEST_STEP][PASSED] - Start listener action : sampleBeforeTestCase: Navigate to 'https://www.amazon.in/' successfully

08-02-2024T13:19:53 - [TEST_STEP][PASSED] - openBrowser(""): Browser is opened with url: ''

08-02-2024T13:19:53 - [MESSAGE][INFO] - Starting 'Chrome' driver

08-02-2024T13:19:53 - [MESSAGE][INFO] - Action delay is set to 0 milliseconds

08-02-2024T13:19:54 - [MESSAGE][PASSED] - Browser is opened with url: ''

08-02-2024T13:19:54 - [TEST_STEP][PASSED] - navigateToUrl("https://www.amazon.in/"): Navigate to 'https://www.amazon.in/' successfully

08-02-2024T13:19:58 - [MESSAGE][PASSED] - Navigate to 'https://www.amazon.in/' successfully

08-02-2024T13:19:58 - [TEST_STEP][PASSED] - openBrowser(""): Browser is opened with url: ''

08-02-2024T13:19:58 - [MESSAGE][WARNING] - A browser is already opened. Closing browser and opening a new one

08-02-2024T13:19:58 - [MESSAGE][INFO] - Starting 'Chrome' driver

08-02-2024T13:19:58 - [MESSAGE][INFO] - Action delay is set to 0 milliseconds

08-02-2024T13:19:59 - [MESSAGE][PASSED] - Browser is opened with url: ''

08-02-2024T13:19:59 - [TEST_STEP][PASSED] - navigateToUrl("https://www.amazon.in/"): Navigate to 'https://www.amazon.in/' successfully

08-02-2024T13:20:07 - [MESSAGE][PASSED] - Navigate to 'https://www.amazon.in/' successfully

08-02-2024T13:20:07 - [TEST_STEP][PASSED] - click(findTestObject("Object Repository/account_creation/invalid_name/Page_Online Shopping site in India Shop Onl_10c5f3/i_hm-icon nav-sprite")): Object: 'Object Repository/account_creation/invalid_name/Page_Online Shopping site in India Shop Onl_10c5f3/i_hm-icon nav-sprite' is clicked on

08-02-2024T13:20:08 - [MESSAGE][PASSED] - Object: 'Object Repository/account_creation/invalid_name/Page_Online Shopping site in India Shop Onl_10c5f3/i_hm-icon nav-sprite' is clicked on

08-02-2024T13:20:08 - [TEST_STEP][PASSED] - click(findTestObject("Object Repository/account_creation/invalid_name/Page_Online Shopping site in India Shop Onl_10c5f3/div_Help  Settings")): Object: 'Object Repository/account_creation/invalid_name/Page_Online Shopping site in India Shop Onl_10c5f3/div_Help  Settings' is clicked on

08-02-2024T13:20:10 - [MESSAGE][PASSED] - Object: 'Object Repository/account_creation/invalid_name/Page_Online Shopping site in India Shop Onl_10c5f3/div_Help  Settings' is clicked on

08-02-2024T13:20:10 - [TEST_STEP][PASSED] - verifyElementText(findTestObject("Object Repository/account_creation/invalid_name/Page_Online Shopping site in India Shop Onl_10c5f3/div_Help  Settings"), "Help & Settings"): Actual text and expected text of test object 'Object Repository/account_creation/invalid_name/Page_Online Shopping site in India Shop Onl_10c5f3/div_Help  Settings' are matched.

08-02-2024T13:20:11 - [MESSAGE][PASSED] - Actual text and expected text of test object 'Object Repository/account_creation/invalid_name/Page_Online Shopping site in India Shop Onl_10c5f3/div_Help  Settings' are matched.

08-02-2024T13:20:11 - [TEST_STEP][PASSED] - click(findTestObject("Object Repository/account_creation/invalid_name/Page_Online Shopping site in India Shop Onl_10c5f3/a_Sign in")): Object: 'Object Repository/account_creation/invalid_name/Page_Online Shopping site in India Shop Onl_10c5f3/a_Sign in' is clicked on

08-02-2024T13:20:12 - [MESSAGE][PASSED] - Object: 'Object Repository/account_creation/invalid_name/Page_Online Shopping site in India Shop Onl_10c5f3/a_Sign in' is clicked on

08-02-2024T13:20:12 - [TEST_STEP][PASSED] - click(findTestObject("Object Repository/account_creation/invalid_name/Page_Amazon Sign In/h5_New to Amazon")): Object: 'Object Repository/account_creation/invalid_name/Page_Amazon Sign In/h5_New to Amazon' is clicked on

08-02-2024T13:20:13 - [MESSAGE][PASSED] - Object: 'Object Repository/account_creation/invalid_name/Page_Amazon Sign In/h5_New to Amazon' is clicked on

08-02-2024T13:20:13 - [TEST_STEP][PASSED] - verifyElementText(findTestObject("Object Repository/account_creation/invalid_name/Page_Amazon Sign In/h5_New to Amazon"), "New to Amazon?"): Actual text and expected text of test object 'Object Repository/account_creation/invalid_name/Page_Amazon Sign In/h5_New to Amazon' are matched.

08-02-2024T13:20:14 - [MESSAGE][PASSED] - Actual text and expected text of test object 'Object Repository/account_creation/invalid_name/Page_Amazon Sign In/h5_New to Amazon' are matched.

08-02-2024T13:20:14 - [TEST_STEP][PASSED] - click(findTestObject("Object Repository/account_creation/invalid_name/Page_Amazon Sign In/a_Create your Amazon account")): Object: 'Object Repository/account_creation/invalid_name/Page_Amazon Sign In/a_Create your Amazon account' is clicked on

08-02-2024T13:20:15 - [MESSAGE][PASSED] - Object: 'Object Repository/account_creation/invalid_name/Page_Amazon Sign In/a_Create your Amazon account' is clicked on

08-02-2024T13:20:15 - [TEST_STEP][PASSED] - setText(findTestObject("Object Repository/account_creation/invalid_name/Page_Amazon Registration/input_email"), "7779970102"): Text '7779970102' is set on object 'Object Repository/account_creation/invalid_name/Page_Amazon Registration/input_email'

08-02-2024T13:20:17 - [MESSAGE][PASSED] - Text '7779970102' is set on object 'Object Repository/account_creation/invalid_name/Page_Amazon Registration/input_email'

08-02-2024T13:20:17 - [TEST_STEP][PASSED] - setEncryptedText(findTestObject("Object Repository/account_creation/invalid_name/Page_Amazon Registration/input_password"), "MFyDUS+SCPQ="): Text ****** has been set on object 'Object Repository/account_creation/invalid_name/Page_Amazon Registration/input_password'

08-02-2024T13:20:17 - [MESSAGE][PASSED] - Text ****** has been set on object 'Object Repository/account_creation/invalid_name/Page_Amazon Registration/input_password'

08-02-2024T13:20:17 - [TEST_STEP][PASSED] - click(findTestObject("Object Repository/account_creation/invalid_name/Page_Amazon Registration/inputcontinue")): Object: 'Object Repository/account_creation/invalid_name/Page_Amazon Registration/inputcontinue' is clicked on

08-02-2024T13:20:18 - [MESSAGE][PASSED] - Object: 'Object Repository/account_creation/invalid_name/Page_Amazon Registration/inputcontinue' is clicked on

08-02-2024T13:20:18 - [TEST_STEP][PASSED] - closeBrowser(): Browser is closed

08-02-2024T13:20:18 - [MESSAGE][PASSED] - Browser is closed

08-02-2024T13:20:18 - [TEST_STEP][PASSED] - Start listener action : sampleAfterTestCase: Browser is closed

08-02-2024T13:20:18 - [TEST_STEP][PASSED] - closeBrowser(): Browser is closed

08-02-2024T13:20:18 - [MESSAGE][PASSED] - Browser is closed]]></system-out>
         <system-err><![CDATA[]]></system-err>
      </testcase>
      <testcase name="Test Cases/account_creation/invalid_phone_number" time="18.121" classname="Test Cases/account_creation/invalid_phone_number" status="PASSED">
         <system-out><![CDATA[08-02-2024T13:20:18 - [TEST_CASE][PASSED] - Test Cases/account_creation/invalid_phone_number: Test Cases/account_creation/invalid_phone_number

08-02-2024T13:20:18 - [TEST_STEP][PASSED] - Start listener action : sampleBeforeTestCase: Navigate to 'https://www.amazon.in/' successfully

08-02-2024T13:20:18 - [TEST_STEP][PASSED] - openBrowser(""): Browser is opened with url: ''

08-02-2024T13:20:18 - [MESSAGE][INFO] - Starting 'Chrome' driver

08-02-2024T13:20:18 - [MESSAGE][INFO] - Action delay is set to 0 milliseconds

08-02-2024T13:20:19 - [MESSAGE][PASSED] - Browser is opened with url: ''

08-02-2024T13:20:19 - [TEST_STEP][PASSED] - navigateToUrl("https://www.amazon.in/"): Navigate to 'https://www.amazon.in/' successfully

08-02-2024T13:20:23 - [MESSAGE][PASSED] - Navigate to 'https://www.amazon.in/' successfully

08-02-2024T13:20:24 - [TEST_STEP][PASSED] - openBrowser(""): Browser is opened with url: ''

08-02-2024T13:20:24 - [MESSAGE][WARNING] - A browser is already opened. Closing browser and opening a new one

08-02-2024T13:20:24 - [MESSAGE][INFO] - Starting 'Chrome' driver

08-02-2024T13:20:24 - [MESSAGE][INFO] - Action delay is set to 0 milliseconds

08-02-2024T13:20:25 - [MESSAGE][PASSED] - Browser is opened with url: ''

08-02-2024T13:20:25 - [TEST_STEP][PASSED] - navigateToUrl("https://www.amazon.in/"): Navigate to 'https://www.amazon.in/' successfully

08-02-2024T13:20:30 - [MESSAGE][PASSED] - Navigate to 'https://www.amazon.in/' successfully

08-02-2024T13:20:30 - [TEST_STEP][PASSED] - click(findTestObject("Object Repository/account_creation/invalid_phone_number/Page_Online Shopping site in India Shop Onl_10c5f3/a_Start here")): Object: 'Object Repository/account_creation/invalid_phone_number/Page_Online Shopping site in India Shop Onl_10c5f3/a_Start here' is clicked on

08-02-2024T13:20:32 - [MESSAGE][PASSED] - Object: 'Object Repository/account_creation/invalid_phone_number/Page_Online Shopping site in India Shop Onl_10c5f3/a_Start here' is clicked on

08-02-2024T13:20:32 - [TEST_STEP][PASSED] - setText(findTestObject("Object Repository/account_creation/invalid_phone_number/Page_Amazon Registration/input_customerName"), "h h"): Text 'h h' is set on object 'Object Repository/account_creation/invalid_phone_number/Page_Amazon Registration/input_customerName'

08-02-2024T13:20:33 - [MESSAGE][PASSED] - Text 'h h' is set on object 'Object Repository/account_creation/invalid_phone_number/Page_Amazon Registration/input_customerName'

08-02-2024T13:20:33 - [TEST_STEP][PASSED] - setText(findTestObject("Object Repository/account_creation/invalid_phone_number/Page_Amazon Registration/input_email"), "0000000000"): Text '0000000000' is set on object 'Object Repository/account_creation/invalid_phone_number/Page_Amazon Registration/input_email'

08-02-2024T13:20:34 - [MESSAGE][PASSED] - Text '0000000000' is set on object 'Object Repository/account_creation/invalid_phone_number/Page_Amazon Registration/input_email'

08-02-2024T13:20:34 - [TEST_STEP][PASSED] - setEncryptedText(findTestObject("Object Repository/account_creation/invalid_phone_number/Page_Amazon Registration/input_password"), "qXOhtTXZ4k1zJv9BiaSJhQ=="): Text ****** has been set on object 'Object Repository/account_creation/invalid_phone_number/Page_Amazon Registration/input_password'

08-02-2024T13:20:34 - [MESSAGE][PASSED] - Text ****** has been set on object 'Object Repository/account_creation/invalid_phone_number/Page_Amazon Registration/input_password'

08-02-2024T13:20:34 - [TEST_STEP][PASSED] - click(findTestObject("Object Repository/account_creation/invalid_phone_number/Page_Amazon Registration/inputcontinue")): Object: 'Object Repository/account_creation/invalid_phone_number/Page_Amazon Registration/inputcontinue' is clicked on

08-02-2024T13:20:36 - [MESSAGE][PASSED] - Object: 'Object Repository/account_creation/invalid_phone_number/Page_Amazon Registration/inputcontinue' is clicked on

08-02-2024T13:20:36 - [TEST_STEP][PASSED] - closeBrowser(): Browser is closed

08-02-2024T13:20:36 - [MESSAGE][PASSED] - Browser is closed

08-02-2024T13:20:36 - [TEST_STEP][PASSED] - Start listener action : sampleAfterTestCase: Browser is closed

08-02-2024T13:20:36 - [TEST_STEP][PASSED] - closeBrowser(): Browser is closed

08-02-2024T13:20:36 - [MESSAGE][PASSED] - Browser is closed]]></system-out>
         <system-err><![CDATA[]]></system-err>
      </testcase>
      <testcase name="Test Cases/account_creation/no_password" time="65.004" classname="Test Cases/account_creation/no_password" status="PASSED">
         <system-out><![CDATA[08-02-2024T13:20:36 - [TEST_CASE][PASSED] - Test Cases/account_creation/no_password: Test Cases/account_creation/no_password

08-02-2024T13:20:36 - [TEST_STEP][PASSED] - Start listener action : sampleBeforeTestCase: Navigate to 'https://www.amazon.in/' successfully

08-02-2024T13:20:36 - [TEST_STEP][PASSED] - openBrowser(""): Browser is opened with url: ''

08-02-2024T13:20:36 - [MESSAGE][INFO] - Starting 'Chrome' driver

08-02-2024T13:20:36 - [MESSAGE][INFO] - Action delay is set to 0 milliseconds

08-02-2024T13:20:37 - [MESSAGE][PASSED] - Browser is opened with url: ''

08-02-2024T13:20:37 - [TEST_STEP][PASSED] - navigateToUrl("https://www.amazon.in/"): Navigate to 'https://www.amazon.in/' successfully

08-02-2024T13:20:40 - [MESSAGE][PASSED] - Navigate to 'https://www.amazon.in/' successfully

08-02-2024T13:20:41 - [TEST_STEP][PASSED] - openBrowser(""): Browser is opened with url: ''

08-02-2024T13:20:41 - [MESSAGE][WARNING] - A browser is already opened. Closing browser and opening a new one

08-02-2024T13:20:41 - [MESSAGE][INFO] - Starting 'Chrome' driver

08-02-2024T13:20:41 - [MESSAGE][INFO] - Action delay is set to 0 milliseconds

08-02-2024T13:20:42 - [MESSAGE][PASSED] - Browser is opened with url: ''

08-02-2024T13:20:42 - [TEST_STEP][PASSED] - navigateToUrl("https://www.amazon.in/"): Navigate to 'https://www.amazon.in/' successfully

08-02-2024T13:20:45 - [MESSAGE][PASSED] - Navigate to 'https://www.amazon.in/' successfully

08-02-2024T13:20:45 - [TEST_STEP][PASSED] - click(findTestObject("Object Repository/account_creation/no_password/Page_Online Shopping site in India Shop Onl_10c5f3/i_hm-icon nav-sprite")): Object: 'Object Repository/account_creation/no_password/Page_Online Shopping site in India Shop Onl_10c5f3/i_hm-icon nav-sprite' is clicked on

08-02-2024T13:21:32 - [MESSAGE][PASSED] - Object: 'Object Repository/account_creation/no_password/Page_Online Shopping site in India Shop Onl_10c5f3/i_hm-icon nav-sprite' is clicked on

08-02-2024T13:21:32 - [TEST_STEP][PASSED] - click(findTestObject("Object Repository/account_creation/no_password/Page_Online Shopping site in India Shop Onl_10c5f3/div_Help  Settings")): Object: 'Object Repository/account_creation/no_password/Page_Online Shopping site in India Shop Onl_10c5f3/div_Help  Settings' is clicked on

08-02-2024T13:21:34 - [MESSAGE][PASSED] - Object: 'Object Repository/account_creation/no_password/Page_Online Shopping site in India Shop Onl_10c5f3/div_Help  Settings' is clicked on

08-02-2024T13:21:34 - [TEST_STEP][PASSED] - verifyElementText(findTestObject("Object Repository/account_creation/no_password/Page_Online Shopping site in India Shop Onl_10c5f3/div_Help  Settings"), "Help & Settings"): Actual text and expected text of test object 'Object Repository/account_creation/no_password/Page_Online Shopping site in India Shop Onl_10c5f3/div_Help  Settings' are matched.

08-02-2024T13:21:34 - [MESSAGE][PASSED] - Actual text and expected text of test object 'Object Repository/account_creation/no_password/Page_Online Shopping site in India Shop Onl_10c5f3/div_Help  Settings' are matched.

08-02-2024T13:21:34 - [TEST_STEP][PASSED] - click(findTestObject("Object Repository/account_creation/no_password/Page_Online Shopping site in India Shop Onl_10c5f3/a_Sign in")): Object: 'Object Repository/account_creation/no_password/Page_Online Shopping site in India Shop Onl_10c5f3/a_Sign in' is clicked on

08-02-2024T13:21:36 - [MESSAGE][PASSED] - Object: 'Object Repository/account_creation/no_password/Page_Online Shopping site in India Shop Onl_10c5f3/a_Sign in' is clicked on

08-02-2024T13:21:36 - [TEST_STEP][PASSED] - click(findTestObject("Object Repository/account_creation/no_password/Page_Amazon Sign In/h5_New to Amazon")): Object: 'Object Repository/account_creation/no_password/Page_Amazon Sign In/h5_New to Amazon' is clicked on

08-02-2024T13:21:37 - [MESSAGE][PASSED] - Object: 'Object Repository/account_creation/no_password/Page_Amazon Sign In/h5_New to Amazon' is clicked on

08-02-2024T13:21:37 - [TEST_STEP][PASSED] - verifyElementText(findTestObject("Object Repository/account_creation/no_password/Page_Amazon Sign In/h5_New to Amazon"), "New to Amazon?"): Actual text and expected text of test object 'Object Repository/account_creation/no_password/Page_Amazon Sign In/h5_New to Amazon' are matched.

08-02-2024T13:21:38 - [MESSAGE][PASSED] - Actual text and expected text of test object 'Object Repository/account_creation/no_password/Page_Amazon Sign In/h5_New to Amazon' are matched.

08-02-2024T13:21:38 - [TEST_STEP][PASSED] - click(findTestObject("Object Repository/account_creation/no_password/Page_Amazon Sign In/a_Create your Amazon account")): Object: 'Object Repository/account_creation/no_password/Page_Amazon Sign In/a_Create your Amazon account' is clicked on

08-02-2024T13:21:39 - [MESSAGE][PASSED] - Object: 'Object Repository/account_creation/no_password/Page_Amazon Sign In/a_Create your Amazon account' is clicked on

08-02-2024T13:21:39 - [TEST_STEP][PASSED] - setText(findTestObject("Object Repository/account_creation/no_password/Page_Amazon Registration/input_customerName"), "H"): Text 'H' is set on object 'Object Repository/account_creation/no_password/Page_Amazon Registration/input_customerName'

08-02-2024T13:21:40 - [MESSAGE][PASSED] - Text 'H' is set on object 'Object Repository/account_creation/no_password/Page_Amazon Registration/input_customerName'

08-02-2024T13:21:40 - [TEST_STEP][PASSED] - setText(findTestObject("Object Repository/account_creation/no_password/Page_Amazon Registration/input_email"), "7779970102"): Text '7779970102' is set on object 'Object Repository/account_creation/no_password/Page_Amazon Registration/input_email'

08-02-2024T13:21:40 - [MESSAGE][PASSED] - Text '7779970102' is set on object 'Object Repository/account_creation/no_password/Page_Amazon Registration/input_email'

08-02-2024T13:21:40 - [TEST_STEP][PASSED] - click(findTestObject("Object Repository/account_creation/no_password/Page_Amazon Registration/inputcontinue")): Object: 'Object Repository/account_creation/no_password/Page_Amazon Registration/inputcontinue' is clicked on

08-02-2024T13:21:41 - [MESSAGE][PASSED] - Object: 'Object Repository/account_creation/no_password/Page_Amazon Registration/inputcontinue' is clicked on

08-02-2024T13:21:41 - [TEST_STEP][PASSED] - closeBrowser(): Browser is closed

08-02-2024T13:21:41 - [MESSAGE][PASSED] - Browser is closed

08-02-2024T13:21:41 - [TEST_STEP][PASSED] - Start listener action : sampleAfterTestCase: Browser is closed

08-02-2024T13:21:41 - [TEST_STEP][PASSED] - closeBrowser(): Browser is closed

08-02-2024T13:21:41 - [MESSAGE][PASSED] - Browser is closed]]></system-out>
         <system-err><![CDATA[]]></system-err>
      </testcase>
      <testcase name="Test Cases/account_creation/phone_number_exists001" time="37.807" classname="Test Cases/account_creation/phone_number_exists001" status="PASSED">
         <system-out><![CDATA[08-02-2024T13:22:37 - [TEST_CASE][PASSED] - Test Cases/account_creation/phone_number_exists001: Test Cases/account_creation/phone_number_exists001

08-02-2024T13:22:37 - [TEST_STEP][PASSED] - Start listener action : sampleBeforeTestCase: Navigate to 'https://www.amazon.in/' successfully

08-02-2024T13:22:37 - [TEST_STEP][PASSED] - openBrowser(""): Browser is opened with url: ''

08-02-2024T13:22:37 - [MESSAGE][INFO] - Starting 'Chrome' driver

08-02-2024T13:22:37 - [MESSAGE][INFO] - Action delay is set to 0 milliseconds

08-02-2024T13:22:38 - [MESSAGE][PASSED] - Browser is opened with url: ''

08-02-2024T13:22:38 - [TEST_STEP][PASSED] - navigateToUrl("https://www.amazon.in/"): Navigate to 'https://www.amazon.in/' successfully

08-02-2024T13:22:43 - [MESSAGE][PASSED] - Navigate to 'https://www.amazon.in/' successfully

08-02-2024T13:22:43 - [TEST_STEP][PASSED] - openBrowser(""): Browser is opened with url: ''

08-02-2024T13:22:43 - [MESSAGE][WARNING] - A browser is already opened. Closing browser and opening a new one

08-02-2024T13:22:43 - [MESSAGE][INFO] - Starting 'Chrome' driver

08-02-2024T13:22:43 - [MESSAGE][INFO] - Action delay is set to 0 milliseconds

08-02-2024T13:22:44 - [MESSAGE][PASSED] - Browser is opened with url: ''

08-02-2024T13:22:44 - [TEST_STEP][PASSED] - navigateToUrl("https://www.amazon.in/"): Navigate to 'https://www.amazon.in/' successfully

08-02-2024T13:22:48 - [MESSAGE][PASSED] - Navigate to 'https://www.amazon.in/' successfully

08-02-2024T13:22:48 - [TEST_STEP][PASSED] - click(findTestObject("Object Repository/account_creation/phone_number_exists001/Page_Online Shopping site in India Shop Onl_10c5f3/i_hm-icon nav-sprite")): Object: 'Object Repository/account_creation/phone_number_exists001/Page_Online Shopping site in India Shop Onl_10c5f3/i_hm-icon nav-sprite' is clicked on

08-02-2024T13:22:50 - [MESSAGE][PASSED] - Object: 'Object Repository/account_creation/phone_number_exists001/Page_Online Shopping site in India Shop Onl_10c5f3/i_hm-icon nav-sprite' is clicked on

08-02-2024T13:22:50 - [TEST_STEP][PASSED] - click(findTestObject("Object Repository/account_creation/phone_number_exists001/Page_Online Shopping site in India Shop Onl_10c5f3/b_Hello, sign in")): Object: 'Object Repository/account_creation/phone_number_exists001/Page_Online Shopping site in India Shop Onl_10c5f3/b_Hello, sign in' is clicked on

08-02-2024T13:22:52 - [MESSAGE][PASSED] - Object: 'Object Repository/account_creation/phone_number_exists001/Page_Online Shopping site in India Shop Onl_10c5f3/b_Hello, sign in' is clicked on

08-02-2024T13:22:52 - [TEST_STEP][PASSED] - click(findTestObject("Object Repository/account_creation/phone_number_exists001/Page_Amazon Sign In/h5_New to Amazon")): Object: 'Object Repository/account_creation/phone_number_exists001/Page_Amazon Sign In/h5_New to Amazon' is clicked on

08-02-2024T13:22:53 - [MESSAGE][PASSED] - Object: 'Object Repository/account_creation/phone_number_exists001/Page_Amazon Sign In/h5_New to Amazon' is clicked on

08-02-2024T13:22:53 - [TEST_STEP][PASSED] - verifyElementText(findTestObject("Object Repository/account_creation/phone_number_exists001/Page_Amazon Sign In/h5_New to Amazon"), "New to Amazon?"): Actual text and expected text of test object 'Object Repository/account_creation/phone_number_exists001/Page_Amazon Sign In/h5_New to Amazon' are matched.

08-02-2024T13:22:54 - [MESSAGE][PASSED] - Actual text and expected text of test object 'Object Repository/account_creation/phone_number_exists001/Page_Amazon Sign In/h5_New to Amazon' are matched.

08-02-2024T13:22:54 - [TEST_STEP][PASSED] - click(findTestObject("Object Repository/account_creation/phone_number_exists001/Page_Amazon Sign In/a_Create your Amazon account")): Object: 'Object Repository/account_creation/phone_number_exists001/Page_Amazon Sign In/a_Create your Amazon account' is clicked on

08-02-2024T13:22:55 - [MESSAGE][PASSED] - Object: 'Object Repository/account_creation/phone_number_exists001/Page_Amazon Sign In/a_Create your Amazon account' is clicked on

08-02-2024T13:22:55 - [TEST_STEP][PASSED] - setText(findTestObject("Object Repository/account_creation/phone_number_exists001/Page_Amazon Registration/input_customerName"), "H"): Text 'H' is set on object 'Object Repository/account_creation/phone_number_exists001/Page_Amazon Registration/input_customerName'

08-02-2024T13:22:56 - [MESSAGE][PASSED] - Text 'H' is set on object 'Object Repository/account_creation/phone_number_exists001/Page_Amazon Registration/input_customerName'

08-02-2024T13:22:56 - [TEST_STEP][PASSED] - setText(findTestObject("Object Repository/account_creation/phone_number_exists001/Page_Amazon Registration/input_email"), "7779970102"): Text '7779970102' is set on object 'Object Repository/account_creation/phone_number_exists001/Page_Amazon Registration/input_email'

08-02-2024T13:22:57 - [MESSAGE][PASSED] - Text '7779970102' is set on object 'Object Repository/account_creation/phone_number_exists001/Page_Amazon Registration/input_email'

08-02-2024T13:22:57 - [TEST_STEP][PASSED] - setEncryptedText(findTestObject("Object Repository/account_creation/phone_number_exists001/Page_Amazon Registration/input_password"), "MFyDUS+SCPQ="): Text ****** has been set on object 'Object Repository/account_creation/phone_number_exists001/Page_Amazon Registration/input_password'

08-02-2024T13:22:57 - [MESSAGE][PASSED] - Text ****** has been set on object 'Object Repository/account_creation/phone_number_exists001/Page_Amazon Registration/input_password'

08-02-2024T13:22:57 - [TEST_STEP][PASSED] - click(findTestObject("Object Repository/account_creation/phone_number_exists001/Page_Amazon Registration/inputcontinue")): Object: 'Object Repository/account_creation/phone_number_exists001/Page_Amazon Registration/inputcontinue' is clicked on

08-02-2024T13:22:59 - [MESSAGE][PASSED] - Object: 'Object Repository/account_creation/phone_number_exists001/Page_Amazon Registration/inputcontinue' is clicked on

08-02-2024T13:22:59 - [TEST_STEP][PASSED] - click(findTestObject("Object Repository/account_creation/phone_number_exists001/Page_/div_Mobile number already in use          Y_bd9461")): Object: 'Object Repository/account_creation/phone_number_exists001/Page_/div_Mobile number already in use          Y_bd9461' is clicked on

08-02-2024T13:23:15 - [MESSAGE][PASSED] - Object: 'Object Repository/account_creation/phone_number_exists001/Page_/div_Mobile number already in use          Y_bd9461' is clicked on

08-02-2024T13:23:15 - [TEST_STEP][PASSED] - closeBrowser(): Browser is closed

08-02-2024T13:23:15 - [MESSAGE][PASSED] - Browser is closed

08-02-2024T13:23:15 - [TEST_STEP][PASSED] - Start listener action : sampleAfterTestCase: Browser is closed

08-02-2024T13:23:15 - [TEST_STEP][PASSED] - closeBrowser(): Browser is closed

08-02-2024T13:23:15 - [MESSAGE][PASSED] - Browser is closed]]></system-out>
         <system-err><![CDATA[]]></system-err>
      </testcase>
      <system-out><![CDATA[08-02-2024T13:18:07 - [TEST_SUITE][FAILED] - account_creation_errors: Test Cases/account_creation/invalid_name FAILED.
Reason:
com.kms.katalon.core.exception.StepFailedException: Unable to click on object 'Object Repository/account_creation/invalid_name/Page_Amazon Sign In/h5_New to Amazon'
	at com.kms.katalon.core.webui.keyword.internal.WebUIKeywordMain.stepFailed(WebUIKeywordMain.groovy:64)
	at com.kms.katalon.core.webui.keyword.internal.WebUIKeywordMain.runKeyword(WebUIKeywordMain.groovy:26)
	at com.kms.katalon.core.webui.keyword.builtin.ClickKeyword.click(ClickKeyword.groovy:74)
	at com.kms.katalon.core.webui.keyword.builtin.ClickKeyword.execute(ClickKeyword.groovy:40)
	at com.kms.katalon.core.keyword.internal.KeywordExecutor.executeKeywordForPlatform(KeywordExecutor.groovy:74)
	at com.kms.katalon.core.webui.keyword.WebUiBuiltInKeywords.click(WebUiBuiltInKeywords.groovy:659)
	at invalid_name.run(invalid_name:33)
	at com.kms.katalon.core.main.ScriptEngine.run(ScriptEngine.java:194)
	at com.kms.katalon.core.main.ScriptEngine.runScriptAsRawText(ScriptEngine.java:119)
	at com.kms.katalon.core.main.TestCaseExecutor.runScript(TestCaseExecutor.java:448)
	at com.kms.katalon.core.main.TestCaseExecutor.doExecute(TestCaseExecutor.java:439)
	at com.kms.katalon.core.main.TestCaseExecutor.processExecutionPhase(TestCaseExecutor.java:418)
	at com.kms.katalon.core.main.TestCaseExecutor.accessMainPhase(TestCaseExecutor.java:410)
	at com.kms.katalon.core.main.TestCaseExecutor.execute(TestCaseExecutor.java:285)
	at com.kms.katalon.core.common.CommonExecutor.accessTestCaseMainPhase(CommonExecutor.java:65)
	at com.kms.katalon.core.main.TestSuiteExecutor.accessTestSuiteMainPhase(TestSuiteExecutor.java:148)
	at com.kms.katalon.core.main.TestSuiteExecutor.execute(TestSuiteExecutor.java:106)
	at com.kms.katalon.core.main.TestCaseMain.startTestSuite(TestCaseMain.java:180)
	at TempTestSuite1707378470399.run(TempTestSuite1707378470399.groovy:36)
	at java.base/jdk.internal.reflect.NativeMethodAccessorImpl.invoke0(Native Method)
	at java.base/jdk.internal.reflect.NativeMethodAccessorImpl.invoke(NativeMethodAccessorImpl.java:77)
	at java.base/jdk.internal.reflect.DelegatingMethodAccessorImpl.invoke(DelegatingMethodAccessorImpl.java:43)
Caused by: com.kms.katalon.core.webui.exception.WebElementNotFoundException: Web element with id: 'Object Repository/account_creation/invalid_name/Page_Amazon Sign In/h5_New to Amazon' located by '//div[@id='authportal-main-section']/div[2]/div[2]/div[2]/h5' not found
	at com.kms.katalon.core.webui.common.WebUiCommonHelper.findWebElement(WebUiCommonHelper.java:1379)
	at com.kms.katalon.core.webui.keyword.internal.WebUIAbstractKeyword.findWebElement(WebUIAbstractKeyword.groovy:27)
	at com.kms.katalon.core.webui.keyword.builtin.ClickKeyword$_click_closure1.doCall(ClickKeyword.groovy:65)
	at com.kms.katalon.core.webui.keyword.builtin.ClickKeyword$_click_closure1.call(ClickKeyword.groovy)
	at com.kms.katalon.core.webui.keyword.internal.WebUIKeywordMain.runKeyword(WebUIKeywordMain.groovy:20)
	... 20 more]]></system-out>
      <system-err><![CDATA[08-02-2024T13:18:07 - [TEST_SUITE][FAILED] - account_creation_errors: Test Cases/account_creation/invalid_name FAILED.
Reason:
com.kms.katalon.core.exception.StepFailedException: Unable to click on object 'Object Repository/account_creation/invalid_name/Page_Amazon Sign In/h5_New to Amazon'
	at com.kms.katalon.core.webui.keyword.internal.WebUIKeywordMain.stepFailed(WebUIKeywordMain.groovy:64)
	at com.kms.katalon.core.webui.keyword.internal.WebUIKeywordMain.runKeyword(WebUIKeywordMain.groovy:26)
	at com.kms.katalon.core.webui.keyword.builtin.ClickKeyword.click(ClickKeyword.groovy:74)
	at com.kms.katalon.core.webui.keyword.builtin.ClickKeyword.execute(ClickKeyword.groovy:40)
	at com.kms.katalon.core.keyword.internal.KeywordExecutor.executeKeywordForPlatform(KeywordExecutor.groovy:74)
	at com.kms.katalon.core.webui.keyword.WebUiBuiltInKeywords.click(WebUiBuiltInKeywords.groovy:659)
	at invalid_name.run(invalid_name:33)
	at com.kms.katalon.core.main.ScriptEngine.run(ScriptEngine.java:194)
	at com.kms.katalon.core.main.ScriptEngine.runScriptAsRawText(ScriptEngine.java:119)
	at com.kms.katalon.core.main.TestCaseExecutor.runScript(TestCaseExecutor.java:448)
	at com.kms.katalon.core.main.TestCaseExecutor.doExecute(TestCaseExecutor.java:439)
	at com.kms.katalon.core.main.TestCaseExecutor.processExecutionPhase(TestCaseExecutor.java:418)
	at com.kms.katalon.core.main.TestCaseExecutor.accessMainPhase(TestCaseExecutor.java:410)
	at com.kms.katalon.core.main.TestCaseExecutor.execute(TestCaseExecutor.java:285)
	at com.kms.katalon.core.common.CommonExecutor.accessTestCaseMainPhase(CommonExecutor.java:65)
	at com.kms.katalon.core.main.TestSuiteExecutor.accessTestSuiteMainPhase(TestSuiteExecutor.java:148)
	at com.kms.katalon.core.main.TestSuiteExecutor.execute(TestSuiteExecutor.java:106)
	at com.kms.katalon.core.main.TestCaseMain.startTestSuite(TestCaseMain.java:180)
	at TempTestSuite1707378470399.run(TempTestSuite1707378470399.groovy:36)
	at java.base/jdk.internal.reflect.NativeMethodAccessorImpl.invoke0(Native Method)
	at java.base/jdk.internal.reflect.NativeMethodAccessorImpl.invoke(NativeMethodAccessorImpl.java:77)
	at java.base/jdk.internal.reflect.DelegatingMethodAccessorImpl.invoke(DelegatingMethodAccessorImpl.java:43)
Caused by: com.kms.katalon.core.webui.exception.WebElementNotFoundException: Web element with id: 'Object Repository/account_creation/invalid_name/Page_Amazon Sign In/h5_New to Amazon' located by '//div[@id='authportal-main-section']/div[2]/div[2]/div[2]/h5' not found
	at com.kms.katalon.core.webui.common.WebUiCommonHelper.findWebElement(WebUiCommonHelper.java:1379)
	at com.kms.katalon.core.webui.keyword.internal.WebUIAbstractKeyword.findWebElement(WebUIAbstractKeyword.groovy:27)
	at com.kms.katalon.core.webui.keyword.builtin.ClickKeyword$_click_closure1.doCall(ClickKeyword.groovy:65)
	at com.kms.katalon.core.webui.keyword.builtin.ClickKeyword$_click_closure1.call(ClickKeyword.groovy)
	at com.kms.katalon.core.webui.keyword.internal.WebUIKeywordMain.runKeyword(WebUIKeywordMain.groovy:20)
	... 20 more]]></system-err>
   </testsuite>
   <testsuite name="integration" tests="1" failures="0" errors="0" time="325.729" skipped="0" timestamp="08-02-2024T13:23:24" hostname="Devil - LAPTOP-V2P5S4MK.mshome.net" id="Test Suites/full_integration/integration">
      <properties>
         <property name="deviceName" value=""/>
         <property name="devicePlatform" value=""/>
         <property name="logFolder" value="C:\\Users\\Devil\\git\\SI-GuidedProject-705690-1704903143\\Reports\\20240208_131749\\full_integration\\integration\\20240208_131752"/>
         <property name="logFiles" value="C:\\Users\\Devil\\git\\SI-GuidedProject-705690-1704903143\\Reports\\20240208_131749\\full_integration\\integration\\20240208_131752\\execution0.log"/>
         <property name="attachments" value="C:\\Users\\Devil\\git\\SI-GuidedProject-705690-1704903143\\Reports\\20240208_131749\\full_integration\\integration\\20240208_131752\\1707378918500.png, C:\\Users\\Devil\\git\\SI-GuidedProject-705690-1704903143\\Reports\\20240208_131749\\full_integration\\integration\\20240208_131752\\1707379020679.png"/>
         <property name="hostName" value="Devil - LAPTOP-V2P5S4MK.mshome.net"/>
         <property name="os" value="Windows 10 64bit"/>
         <property name="katalonVersion" value="9.2.0.212"/>
         <property name="browser" value="Chrome 121.0.0.0"/>
         <property name="hostAddress" value="192.168.137.1"/>
         <property name="sessionId" value="97ce8ef9330f4b1ecbf84cbd8354f8f7"/>
         <property name="seleniumVersion" value="3.141.59"/>
         <property name="proxyInformation" value="ProxyInformation { proxyOption=NO_PROXY, proxyServerType=HTTP, username=, password=********, proxyServerAddress=, proxyServerPort=0, executionList=&quot;&quot;, isApplyToDesiredCapabilities=true }"/>
         <property name="platform" value="Windows 10"/>
      </properties>
      <testcase name="Test Cases/integration/successful002" time="108.742" classname="Test Cases/integration/successful002" status="PASSED">
         <system-out><![CDATA[08-02-2024T13:27:01 - [TEST_CASE][PASSED] - Test Cases/integration/successful002: Test Cases/integration/successful002

08-02-2024T13:27:01 - [TEST_STEP][PASSED] - Start listener action : sampleBeforeTestCase: Navigate to 'https://www.amazon.in/' successfully

08-02-2024T13:27:01 - [TEST_STEP][PASSED] - openBrowser(""): Browser is opened with url: ''

08-02-2024T13:27:01 - [MESSAGE][INFO] - Starting 'Chrome' driver

08-02-2024T13:27:01 - [MESSAGE][INFO] - Action delay is set to 0 milliseconds

08-02-2024T13:27:02 - [MESSAGE][PASSED] - Browser is opened with url: ''

08-02-2024T13:27:02 - [TEST_STEP][PASSED] - navigateToUrl("https://www.amazon.in/"): Navigate to 'https://www.amazon.in/' successfully

08-02-2024T13:27:05 - [MESSAGE][PASSED] - Navigate to 'https://www.amazon.in/' successfully

08-02-2024T13:27:05 - [TEST_STEP][PASSED] - openBrowser(""): Browser is opened with url: ''

08-02-2024T13:27:05 - [MESSAGE][WARNING] - A browser is already opened. Closing browser and opening a new one

08-02-2024T13:27:06 - [MESSAGE][INFO] - Starting 'Chrome' driver

08-02-2024T13:27:06 - [MESSAGE][INFO] - Action delay is set to 0 milliseconds

08-02-2024T13:27:07 - [MESSAGE][PASSED] - Browser is opened with url: ''

08-02-2024T13:27:07 - [TEST_STEP][PASSED] - navigateToUrl("https://www.amazon.in/"): Navigate to 'https://www.amazon.in/' successfully

08-02-2024T13:27:11 - [MESSAGE][PASSED] - Navigate to 'https://www.amazon.in/' successfully

08-02-2024T13:27:11 - [TEST_STEP][PASSED] - click(findTestObject("Object Repository/integration/successful002/Page_Online Shopping site in India Shop Onl_10c5f3/i_hm-icon nav-sprite")): Object: 'Object Repository/integration/successful002/Page_Online Shopping site in India Shop Onl_10c5f3/i_hm-icon nav-sprite' is clicked on

08-02-2024T13:27:25 - [MESSAGE][PASSED] - Object: 'Object Repository/integration/successful002/Page_Online Shopping site in India Shop Onl_10c5f3/i_hm-icon nav-sprite' is clicked on

08-02-2024T13:27:25 - [TEST_STEP][PASSED] - click(findTestObject("Object Repository/integration/successful002/Page_Online Shopping site in India Shop Onl_10c5f3/b_Hello, sign in")): Object: 'Object Repository/integration/successful002/Page_Online Shopping site in India Shop Onl_10c5f3/b_Hello, sign in' is clicked on

08-02-2024T13:27:29 - [MESSAGE][PASSED] - Object: 'Object Repository/integration/successful002/Page_Online Shopping site in India Shop Onl_10c5f3/b_Hello, sign in' is clicked on

08-02-2024T13:27:29 - [TEST_STEP][PASSED] - setText(findTestObject("Object Repository/integration/successful002/Page_Amazon Sign In/input_email"), "7779970102"): Text '7779970102' is set on object 'Object Repository/integration/successful002/Page_Amazon Sign In/input_email'

08-02-2024T13:27:31 - [MESSAGE][PASSED] - Text '7779970102' is set on object 'Object Repository/integration/successful002/Page_Amazon Sign In/input_email'

08-02-2024T13:27:31 - [TEST_STEP][PASSED] - click(findTestObject("Object Repository/integration/successful002/Page_Amazon Sign In/inputcontinue")): Object: 'Object Repository/integration/successful002/Page_Amazon Sign In/inputcontinue' is clicked on

08-02-2024T13:27:32 - [MESSAGE][PASSED] - Object: 'Object Repository/integration/successful002/Page_Amazon Sign In/inputcontinue' is clicked on

08-02-2024T13:27:32 - [TEST_STEP][PASSED] - setEncryptedText(findTestObject("Object Repository/integration/successful002/Page_Amazon Sign In/input_password"), "eSPcD+aU0jcqZChrJx5wLA=="): Text ****** has been set on object 'Object Repository/integration/successful002/Page_Amazon Sign In/input_password'

08-02-2024T13:27:33 - [MESSAGE][PASSED] - Text ****** has been set on object 'Object Repository/integration/successful002/Page_Amazon Sign In/input_password'

08-02-2024T13:27:33 - [TEST_STEP][PASSED] - click(findTestObject("Object Repository/integration/successful002/Page_Amazon Sign In/inputsignInSubmit")): Object: 'Object Repository/integration/successful002/Page_Amazon Sign In/inputsignInSubmit' is clicked on

08-02-2024T13:27:34 - [MESSAGE][PASSED] - Object: 'Object Repository/integration/successful002/Page_Amazon Sign In/inputsignInSubmit' is clicked on

08-02-2024T13:27:34 - [TEST_STEP][PASSED] - click(findTestObject("Object Repository/integration/successful002/Page_Online Shopping site in India Shop Onl_10c5f3/a_Amazon miniTV")): Object: 'Object Repository/integration/successful002/Page_Online Shopping site in India Shop Onl_10c5f3/a_Amazon miniTV' is clicked on

08-02-2024T13:27:57 - [MESSAGE][PASSED] - Object: 'Object Repository/integration/successful002/Page_Online Shopping site in India Shop Onl_10c5f3/a_Amazon miniTV' is clicked on

08-02-2024T13:27:57 - [TEST_STEP][PASSED] - click(findTestObject("Object Repository/integration/successful002/Page_Amazon miniTV - Watch Free Web Series,_86fafa/span_Imported")): Object: 'Object Repository/integration/successful002/Page_Amazon miniTV - Watch Free Web Series,_86fafa/span_Imported' is clicked on

08-02-2024T13:27:57 - [MESSAGE][PASSED] - Object: 'Object Repository/integration/successful002/Page_Amazon miniTV - Watch Free Web Series,_86fafa/span_Imported' is clicked on

08-02-2024T13:27:57 - [TEST_STEP][PASSED] - click(findTestObject("Object Repository/integration/successful002/Page_Watch Dubbed Web Series, Korean Drama,_0fb818/span_Web Series")): Object: 'Object Repository/integration/successful002/Page_Watch Dubbed Web Series, Korean Drama,_0fb818/span_Web Series' is clicked on

08-02-2024T13:27:59 - [MESSAGE][PASSED] - Object: 'Object Repository/integration/successful002/Page_Watch Dubbed Web Series, Korean Drama,_0fb818/span_Web Series' is clicked on

08-02-2024T13:27:59 - [TEST_STEP][PASSED] - click(findTestObject("Object Repository/integration/successful002/Page_Watch Latest Web Series Online for Fre_49d131/span_Movies")): Object: 'Object Repository/integration/successful002/Page_Watch Latest Web Series Online for Fre_49d131/span_Movies' is clicked on

08-02-2024T13:28:00 - [MESSAGE][PASSED] - Object: 'Object Repository/integration/successful002/Page_Watch Latest Web Series Online for Fre_49d131/span_Movies' is clicked on

08-02-2024T13:28:00 - [TEST_STEP][PASSED] - click(findTestObject("Object Repository/integration/successful002/Page_Watch Popular Movies  Short Films Onli_56b9b2/span_Romance")): Object: 'Object Repository/integration/successful002/Page_Watch Popular Movies  Short Films Onli_56b9b2/span_Romance' is clicked on

08-02-2024T13:28:01 - [MESSAGE][PASSED] - Object: 'Object Repository/integration/successful002/Page_Watch Popular Movies  Short Films Onli_56b9b2/span_Romance' is clicked on

08-02-2024T13:28:01 - [TEST_STEP][PASSED] - click(findTestObject("Object Repository/integration/successful002/Page_Watch Trending Romantic Web Series  Mo_a46f5a/span_Comedy")): Object: 'Object Repository/integration/successful002/Page_Watch Trending Romantic Web Series  Mo_a46f5a/span_Comedy' is clicked on

08-02-2024T13:28:02 - [MESSAGE][PASSED] - Object: 'Object Repository/integration/successful002/Page_Watch Trending Romantic Web Series  Mo_a46f5a/span_Comedy' is clicked on

08-02-2024T13:28:02 - [TEST_STEP][PASSED] - click(findTestObject("Object Repository/integration/successful002/Page_Watch Comedy Web Series, Short Films  _4c3a92/img_AppNavbar_mShopIcon__4UsHr")): Object: 'Object Repository/integration/successful002/Page_Watch Comedy Web Series, Short Films  _4c3a92/img_AppNavbar_mShopIcon__4UsHr' is clicked on

08-02-2024T13:28:06 - [MESSAGE][PASSED] - Object: 'Object Repository/integration/successful002/Page_Watch Comedy Web Series, Short Films  _4c3a92/img_AppNavbar_mShopIcon__4UsHr' is clicked on

08-02-2024T13:28:06 - [TEST_STEP][PASSED] - setText(findTestObject("Object Repository/integration/successful002/Page_Amazon.in/input_field-keywords_1"), "poco x6"): Text 'poco x6' is set on object 'Object Repository/integration/successful002/Page_Amazon.in/input_field-keywords_1'

08-02-2024T13:28:08 - [MESSAGE][PASSED] - Text 'poco x6' is set on object 'Object Repository/integration/successful002/Page_Amazon.in/input_field-keywords_1'

08-02-2024T13:28:08 - [TEST_STEP][PASSED] - click(findTestObject("Object Repository/integration/successful002/Page_Amazon.in/inputnav-search-submit-button")): Object: 'Object Repository/integration/successful002/Page_Amazon.in/inputnav-search-submit-button' is clicked on

08-02-2024T13:28:13 - [MESSAGE][PASSED] - Object: 'Object Repository/integration/successful002/Page_Amazon.in/inputnav-search-submit-button' is clicked on

08-02-2024T13:28:13 - [TEST_STEP][PASSED] - click(findTestObject("Object Repository/integration/successful002/Page_Amazon.in  poco x6/button_Add to Cart")): Object: 'Object Repository/integration/successful002/Page_Amazon.in  poco x6/button_Add to Cart' is clicked on

08-02-2024T13:28:14 - [MESSAGE][PASSED] - Object: 'Object Repository/integration/successful002/Page_Amazon.in  poco x6/button_Add to Cart' is clicked on

08-02-2024T13:28:14 - [TEST_STEP][PASSED] - click(findTestObject("Object Repository/integration/successful002/Page_Amazon.in  poco x6/a_1                                        _7d74ab")): Object: 'Object Repository/integration/successful002/Page_Amazon.in  poco x6/a_1                                        _7d74ab' is clicked on

08-02-2024T13:28:17 - [MESSAGE][PASSED] - Object: 'Object Repository/integration/successful002/Page_Amazon.in  poco x6/a_1                                        _7d74ab' is clicked on

08-02-2024T13:28:17 - [TEST_STEP][PASSED] - click(findTestObject("Object Repository/integration/successful002/Page_Amazon.in Shopping Cart/input_proceedToRetailCheckout")): Object: 'Object Repository/integration/successful002/Page_Amazon.in Shopping Cart/input_proceedToRetailCheckout' is clicked on

08-02-2024T13:28:19 - [MESSAGE][PASSED] - Object: 'Object Repository/integration/successful002/Page_Amazon.in Shopping Cart/input_proceedToRetailCheckout' is clicked on

08-02-2024T13:28:19 - [TEST_STEP][PASSED] - click(findTestObject("Object Repository/integration/successful002/Page_Select a delivery address/a_Add a new address")): Object: 'Object Repository/integration/successful002/Page_Select a delivery address/a_Add a new address' is clicked on

08-02-2024T13:28:25 - [MESSAGE][PASSED] - Object: 'Object Repository/integration/successful002/Page_Select a delivery address/a_Add a new address' is clicked on

08-02-2024T13:28:25 - [TEST_STEP][PASSED] - click(findTestObject("Object Repository/integration/successful002/Page_Select a delivery address/span_India")): Object: 'Object Repository/integration/successful002/Page_Select a delivery address/span_India' is clicked on

08-02-2024T13:28:25 - [MESSAGE][PASSED] - Object: 'Object Repository/integration/successful002/Page_Select a delivery address/span_India' is clicked on

08-02-2024T13:28:25 - [TEST_STEP][PASSED] - click(findTestObject("Object Repository/integration/successful002/Page_Select a delivery address/a_India")): Object: 'Object Repository/integration/successful002/Page_Select a delivery address/a_India' is clicked on

08-02-2024T13:28:26 - [MESSAGE][PASSED] - Object: 'Object Repository/integration/successful002/Page_Select a delivery address/a_India' is clicked on

08-02-2024T13:28:26 - [TEST_STEP][PASSED] - setText(findTestObject("Object Repository/integration/successful002/Page_Select a delivery address/input_address-ui-widgets-enterAddressFullName"), "Ritesh Kumar"): Text 'Ritesh Kumar' is set on object 'Object Repository/integration/successful002/Page_Select a delivery address/input_address-ui-widgets-enterAddressFullName'

08-02-2024T13:28:26 - [MESSAGE][PASSED] - Text 'Ritesh Kumar' is set on object 'Object Repository/integration/successful002/Page_Select a delivery address/input_address-ui-widgets-enterAddressFullName'

08-02-2024T13:28:26 - [TEST_STEP][PASSED] - setText(findTestObject("Object Repository/integration/successful002/Page_Select a delivery address/input_address-ui-widgets-enterAddressPhoneNumber"), "7779970102"): Text '7779970102' is set on object 'Object Repository/integration/successful002/Page_Select a delivery address/input_address-ui-widgets-enterAddressPhoneNumber'

08-02-2024T13:28:27 - [MESSAGE][PASSED] - Text '7779970102' is set on object 'Object Repository/integration/successful002/Page_Select a delivery address/input_address-ui-widgets-enterAddressPhoneNumber'

08-02-2024T13:28:27 - [TEST_STEP][PASSED] - setText(findTestObject("Object Repository/integration/successful002/Page_Select a delivery address/input_address-ui-widgets-enterAddressPostalCode"), "834010"): Text '834010' is set on object 'Object Repository/integration/successful002/Page_Select a delivery address/input_address-ui-widgets-enterAddressPostalCode'

08-02-2024T13:28:28 - [MESSAGE][PASSED] - Text '834010' is set on object 'Object Repository/integration/successful002/Page_Select a delivery address/input_address-ui-widgets-enterAddressPostalCode'

08-02-2024T13:28:28 - [TEST_STEP][PASSED] - setText(findTestObject("Object Repository/integration/successful002/Page_Select a delivery address/input_address-ui-widgets-enterAddressLine1"), "847"): Text '847' is set on object 'Object Repository/integration/successful002/Page_Select a delivery address/input_address-ui-widgets-enterAddressLine1'

08-02-2024T13:28:29 - [MESSAGE][PASSED] - Text '847' is set on object 'Object Repository/integration/successful002/Page_Select a delivery address/input_address-ui-widgets-enterAddressLine1'

08-02-2024T13:28:29 - [TEST_STEP][PASSED] - setText(findTestObject("Object Repository/integration/successful002/Page_Select a delivery address/input_address-ui-widgets-enterAddressLine2"), "Namkum Bazar, Ranchi"): Text 'Namkum Bazar, Ranchi' is set on object 'Object Repository/integration/successful002/Page_Select a delivery address/input_address-ui-widgets-enterAddressLine2'

08-02-2024T13:28:30 - [MESSAGE][PASSED] - Text 'Namkum Bazar, Ranchi' is set on object 'Object Repository/integration/successful002/Page_Select a delivery address/input_address-ui-widgets-enterAddressLine2'

08-02-2024T13:28:30 - [TEST_STEP][PASSED] - setText(findTestObject("Object Repository/integration/successful002/Page_Select a delivery address/input_address-ui-widgets-landmark"), "Rajprastha Hospital"): Text 'Rajprastha Hospital' is set on object 'Object Repository/integration/successful002/Page_Select a delivery address/input_address-ui-widgets-landmark'

08-02-2024T13:28:32 - [MESSAGE][PASSED] - Text 'Rajprastha Hospital' is set on object 'Object Repository/integration/successful002/Page_Select a delivery address/input_address-ui-widgets-landmark'

08-02-2024T13:28:32 - [TEST_STEP][PASSED] - setText(findTestObject("Object Repository/integration/successful002/Page_Select a delivery address/input_address-ui-widgets-enterAddressCity"), "RANCHI"): Text 'RANCHI' is set on object 'Object Repository/integration/successful002/Page_Select a delivery address/input_address-ui-widgets-enterAddressCity'

08-02-2024T13:28:32 - [MESSAGE][PASSED] - Text 'RANCHI' is set on object 'Object Repository/integration/successful002/Page_Select a delivery address/input_address-ui-widgets-enterAddressCity'

08-02-2024T13:28:32 - [TEST_STEP][PASSED] - click(findTestObject("Object Repository/integration/successful002/Page_Select a delivery address/span_JHARKHAND")): Object: 'Object Repository/integration/successful002/Page_Select a delivery address/span_JHARKHAND' is clicked on

08-02-2024T13:28:33 - [MESSAGE][PASSED] - Object: 'Object Repository/integration/successful002/Page_Select a delivery address/span_JHARKHAND' is clicked on

08-02-2024T13:28:33 - [TEST_STEP][PASSED] - click(findTestObject("Object Repository/integration/successful002/Page_Select a delivery address/a_JHARKHAND")): Object: 'Object Repository/integration/successful002/Page_Select a delivery address/a_JHARKHAND' is clicked on

08-02-2024T13:28:33 - [MESSAGE][PASSED] - Object: 'Object Repository/integration/successful002/Page_Select a delivery address/a_JHARKHAND' is clicked on

08-02-2024T13:28:33 - [TEST_STEP][PASSED] - click(findTestObject("Object Repository/integration/successful002/Page_Select a delivery address/input_a-button-input")): Object: 'Object Repository/integration/successful002/Page_Select a delivery address/input_a-button-input' is clicked on

08-02-2024T13:28:34 - [MESSAGE][PASSED] - Object: 'Object Repository/integration/successful002/Page_Select a delivery address/input_a-button-input' is clicked on

08-02-2024T13:28:34 - [TEST_STEP][PASSED] - click(findTestObject("Object Repository/integration/successful002/Page_Amazon.in Checkout/input_ppw-instrumentRowSelection")): Object: 'Object Repository/integration/successful002/Page_Amazon.in Checkout/input_ppw-instrumentRowSelection' is clicked on

08-02-2024T13:28:40 - [MESSAGE][PASSED] - Object: 'Object Repository/integration/successful002/Page_Amazon.in Checkout/input_ppw-instrumentRowSelection' is clicked on

08-02-2024T13:28:40 - [TEST_STEP][PASSED] - setText(findTestObject("Object Repository/integration/successful002/Page_Amazon.in Checkout/input___sif_encryptedVPA_collect"), "demonritesh8092-1@oksbi"): Text 'demonritesh8092-1@oksbi' is set on object 'Object Repository/integration/successful002/Page_Amazon.in Checkout/input___sif_encryptedVPA_collect'

08-02-2024T13:28:41 - [MESSAGE][PASSED] - Text 'demonritesh8092-1@oksbi' is set on object 'Object Repository/integration/successful002/Page_Amazon.in Checkout/input___sif_encryptedVPA_collect'

08-02-2024T13:28:41 - [TEST_STEP][PASSED] - click(findTestObject("Object Repository/integration/successful002/Page_Amazon.in Checkout/input_ppw-widgetEventValidateUpiIdEvent")): Object: 'Object Repository/integration/successful002/Page_Amazon.in Checkout/input_ppw-widgetEventValidateUpiIdEvent' is clicked on

08-02-2024T13:28:41 - [MESSAGE][PASSED] - Object: 'Object Repository/integration/successful002/Page_Amazon.in Checkout/input_ppw-widgetEventValidateUpiIdEvent' is clicked on

08-02-2024T13:28:41 - [TEST_STEP][PASSED] - click(findTestObject("Object Repository/integration/successful002/Page_Amazon.in Checkout/input_ppw-widgetEventSetPaymentPlanSelectCo_b3daea")): Object: 'Object Repository/integration/successful002/Page_Amazon.in Checkout/input_ppw-widgetEventSetPaymentPlanSelectCo_b3daea' is clicked on

08-02-2024T13:28:49 - [MESSAGE][PASSED] - Object: 'Object Repository/integration/successful002/Page_Amazon.in Checkout/input_ppw-widgetEventSetPaymentPlanSelectCo_b3daea' is clicked on

08-02-2024T13:28:49 - [TEST_STEP][PASSED] - click(findTestObject("Object Repository/integration/successful002/Page_Amazon.in Checkout/span_No Thanks")): Object: 'Object Repository/integration/successful002/Page_Amazon.in Checkout/span_No Thanks' is clicked on

08-02-2024T13:28:49 - [MESSAGE][PASSED] - Object: 'Object Repository/integration/successful002/Page_Amazon.in Checkout/span_No Thanks' is clicked on

08-02-2024T13:28:49 - [TEST_STEP][PASSED] - closeBrowser(): Browser is closed

08-02-2024T13:28:50 - [MESSAGE][PASSED] - Browser is closed

08-02-2024T13:28:50 - [TEST_STEP][PASSED] - Start listener action : sampleAfterTestCase: Browser is closed

08-02-2024T13:28:50 - [TEST_STEP][PASSED] - closeBrowser(): Browser is closed

08-02-2024T13:28:50 - [MESSAGE][PASSED] - Browser is closed]]></system-out>
         <system-err><![CDATA[]]></system-err>
      </testcase>
      <system-out><![CDATA[08-02-2024T13:23:24 - [TEST_SUITE][FAILED] - integration: Test Cases/integration/successful002 FAILED.
Reason:
com.kms.katalon.core.exception.StepFailedException: Unable to click on object 'Object Repository/integration/successful002/Page_Amazon.in Checkout/input_ppw-instrumentRowSelection'
	at com.kms.katalon.core.webui.keyword.internal.WebUIKeywordMain.stepFailed(WebUIKeywordMain.groovy:64)
	at com.kms.katalon.core.webui.keyword.internal.WebUIKeywordMain.runKeyword(WebUIKeywordMain.groovy:26)
	at com.kms.katalon.core.webui.keyword.builtin.ClickKeyword.click(ClickKeyword.groovy:74)
	at com.kms.katalon.core.webui.keyword.builtin.ClickKeyword.execute(ClickKeyword.groovy:40)
	at com.kms.katalon.core.keyword.internal.KeywordExecutor.executeKeywordForPlatform(KeywordExecutor.groovy:74)
	at com.kms.katalon.core.webui.keyword.WebUiBuiltInKeywords.click(WebUiBuiltInKeywords.groovy:659)
	at successful002.run(successful002:94)
	at com.kms.katalon.core.main.ScriptEngine.run(ScriptEngine.java:194)
	at com.kms.katalon.core.main.ScriptEngine.runScriptAsRawText(ScriptEngine.java:119)
	at com.kms.katalon.core.main.TestCaseExecutor.runScript(TestCaseExecutor.java:448)
	at com.kms.katalon.core.main.TestCaseExecutor.doExecute(TestCaseExecutor.java:439)
	at com.kms.katalon.core.main.TestCaseExecutor.processExecutionPhase(TestCaseExecutor.java:418)
	at com.kms.katalon.core.main.TestCaseExecutor.accessMainPhase(TestCaseExecutor.java:410)
	at com.kms.katalon.core.main.TestCaseExecutor.execute(TestCaseExecutor.java:285)
	at com.kms.katalon.core.common.CommonExecutor.accessTestCaseMainPhase(CommonExecutor.java:65)
	at com.kms.katalon.core.main.TestSuiteExecutor.accessTestSuiteMainPhase(TestSuiteExecutor.java:148)
	at com.kms.katalon.core.main.TestSuiteExecutor.execute(TestSuiteExecutor.java:106)
	at com.kms.katalon.core.main.TestCaseMain.startTestSuite(TestCaseMain.java:180)
	at TempTestSuite1707378472453.run(TempTestSuite1707378472453.groovy:36)
	at java.base/jdk.internal.reflect.NativeMethodAccessorImpl.invoke0(Native Method)
	at java.base/jdk.internal.reflect.NativeMethodAccessorImpl.invoke(NativeMethodAccessorImpl.java:77)
	at java.base/jdk.internal.reflect.DelegatingMethodAccessorImpl.invoke(DelegatingMethodAccessorImpl.java:43)
Caused by: org.openqa.selenium.ElementNotInteractableException: element not interactable
  (Session info: chrome=121.0.6167.160)
Build info: version: '3.141.59', revision: 'e82be7d358', time: '2018-11-14T08:25:53'
System info: host: 'LAPTOP-V2P5S4MK', ip: '192.168.137.1', os.name: 'Windows 10', os.arch: 'amd64', os.version: '10.0', java.version: '17.0.7'
Driver info: com.kms.katalon.selenium.driver.CChromeDriver
Capabilities {acceptInsecureCerts: false, browserName: chrome, browserVersion: 121.0.6167.160, chrome: {chromedriverVersion: 120.0.6099.71 (9729082fe617..., userDataDir: C:\Users\Devil\AppData\Loca...}, fedcm:accounts: true, goog:chromeOptions: {debuggerAddress: localhost:63071}, javascriptEnabled: true, networkConnectionEnabled: false, pageLoadStrategy: normal, platform: WINDOWS, platformName: WINDOWS, proxy: Proxy(), setWindowRect: true, strictFileInteractability: false, timeouts: {implicit: 0, pageLoad: 300000, script: 30000}, unhandledPromptBehavior: dismiss and notify, webauthn:extension:credBlob: true, webauthn:extension:largeBlob: true, webauthn:extension:minPinLength: true, webauthn:extension:prf: true, webauthn:virtualAuthenticators: true}
Session ID: 2222b60e213de47293084f4c3e9e08d8
	at java.base/jdk.internal.reflect.NativeConstructorAccessorImpl.newInstance0(Native Method)
	at java.base/jdk.internal.reflect.NativeConstructorAccessorImpl.newInstance(NativeConstructorAccessorImpl.java:77)
	at java.base/jdk.internal.reflect.DelegatingConstructorAccessorImpl.newInstance(DelegatingConstructorAccessorImpl.java:45)
	at org.openqa.selenium.remote.http.W3CHttpResponseCodec.createException(W3CHttpResponseCodec.java:187)
	at org.openqa.selenium.remote.http.W3CHttpResponseCodec.decode(W3CHttpResponseCodec.java:122)
	at org.openqa.selenium.remote.http.W3CHttpResponseCodec.decode(W3CHttpResponseCodec.java:49)
	at org.openqa.selenium.remote.HttpCommandExecutor.execute(HttpCommandExecutor.java:158)
	at org.openqa.selenium.remote.service.DriverCommandExecutor.execute(DriverCommandExecutor.java:83)
	at org.openqa.selenium.remote.RemoteWebDriver.execute(RemoteWebDriver.java:552)
	at com.kms.katalon.selenium.driver.CChromeDriver.execute(CChromeDriver.java:19)
	at org.openqa.selenium.remote.RemoteWebElement.execute(RemoteWebElement.java:285)
	at org.openqa.selenium.remote.RemoteWebElement.click(RemoteWebElement.java:84)
	at jdk.internal.reflect.GeneratedMethodAccessor13.invoke(Unknown Source)
	at java.base/jdk.internal.reflect.DelegatingMethodAccessorImpl.invoke(DelegatingMethodAccessorImpl.java:43)
	at org.openqa.selenium.support.events.EventFiringWebDriver$EventFiringWebElement.lambda$new$0(EventFiringWebDriver.java:404)
	at jdk.proxy2/jdk.proxy2.$Proxy27.click(Unknown Source)
	at org.openqa.selenium.support.events.EventFiringWebDriver$EventFiringWebElement.click(EventFiringWebDriver.java:417)
	at org.openqa.selenium.WebElement$click.call(Unknown Source)
	at com.kms.katalon.core.webui.keyword.builtin.ClickKeyword.clickUntilSuccessWithTimeout(ClickKeyword.groovy:81)
	at com.kms.katalon.core.webui.keyword.builtin.ClickKeyword.clickUntilSuccessWithTimeout(ClickKeyword.groovy)
	at jdk.internal.reflect.GeneratedMethodAccessor11.invoke(Unknown Source)
	at java.base/jdk.internal.reflect.DelegatingMethodAccessorImpl.invoke(DelegatingMethodAccessorImpl.java:43)
	at com.kms.katalon.core.webui.keyword.builtin.ClickKeyword$_click_closure1.doCall(ClickKeyword.groovy:67)
	at com.kms.katalon.core.webui.keyword.builtin.ClickKeyword$_click_closure1.call(ClickKeyword.groovy)
	at com.kms.katalon.core.webui.keyword.internal.WebUIKeywordMain.runKeyword(WebUIKeywordMain.groovy:20)
	... 20 more]]></system-out>
      <system-err><![CDATA[08-02-2024T13:23:24 - [TEST_SUITE][FAILED] - integration: Test Cases/integration/successful002 FAILED.
Reason:
com.kms.katalon.core.exception.StepFailedException: Unable to click on object 'Object Repository/integration/successful002/Page_Amazon.in Checkout/input_ppw-instrumentRowSelection'
	at com.kms.katalon.core.webui.keyword.internal.WebUIKeywordMain.stepFailed(WebUIKeywordMain.groovy:64)
	at com.kms.katalon.core.webui.keyword.internal.WebUIKeywordMain.runKeyword(WebUIKeywordMain.groovy:26)
	at com.kms.katalon.core.webui.keyword.builtin.ClickKeyword.click(ClickKeyword.groovy:74)
	at com.kms.katalon.core.webui.keyword.builtin.ClickKeyword.execute(ClickKeyword.groovy:40)
	at com.kms.katalon.core.keyword.internal.KeywordExecutor.executeKeywordForPlatform(KeywordExecutor.groovy:74)
	at com.kms.katalon.core.webui.keyword.WebUiBuiltInKeywords.click(WebUiBuiltInKeywords.groovy:659)
	at successful002.run(successful002:94)
	at com.kms.katalon.core.main.ScriptEngine.run(ScriptEngine.java:194)
	at com.kms.katalon.core.main.ScriptEngine.runScriptAsRawText(ScriptEngine.java:119)
	at com.kms.katalon.core.main.TestCaseExecutor.runScript(TestCaseExecutor.java:448)
	at com.kms.katalon.core.main.TestCaseExecutor.doExecute(TestCaseExecutor.java:439)
	at com.kms.katalon.core.main.TestCaseExecutor.processExecutionPhase(TestCaseExecutor.java:418)
	at com.kms.katalon.core.main.TestCaseExecutor.accessMainPhase(TestCaseExecutor.java:410)
	at com.kms.katalon.core.main.TestCaseExecutor.execute(TestCaseExecutor.java:285)
	at com.kms.katalon.core.common.CommonExecutor.accessTestCaseMainPhase(CommonExecutor.java:65)
	at com.kms.katalon.core.main.TestSuiteExecutor.accessTestSuiteMainPhase(TestSuiteExecutor.java:148)
	at com.kms.katalon.core.main.TestSuiteExecutor.execute(TestSuiteExecutor.java:106)
	at com.kms.katalon.core.main.TestCaseMain.startTestSuite(TestCaseMain.java:180)
	at TempTestSuite1707378472453.run(TempTestSuite1707378472453.groovy:36)
	at java.base/jdk.internal.reflect.NativeMethodAccessorImpl.invoke0(Native Method)
	at java.base/jdk.internal.reflect.NativeMethodAccessorImpl.invoke(NativeMethodAccessorImpl.java:77)
	at java.base/jdk.internal.reflect.DelegatingMethodAccessorImpl.invoke(DelegatingMethodAccessorImpl.java:43)
Caused by: org.openqa.selenium.ElementNotInteractableException: element not interactable
  (Session info: chrome=121.0.6167.160)
Build info: version: '3.141.59', revision: 'e82be7d358', time: '2018-11-14T08:25:53'
System info: host: 'LAPTOP-V2P5S4MK', ip: '192.168.137.1', os.name: 'Windows 10', os.arch: 'amd64', os.version: '10.0', java.version: '17.0.7'
Driver info: com.kms.katalon.selenium.driver.CChromeDriver
Capabilities {acceptInsecureCerts: false, browserName: chrome, browserVersion: 121.0.6167.160, chrome: {chromedriverVersion: 120.0.6099.71 (9729082fe617..., userDataDir: C:\Users\Devil\AppData\Loca...}, fedcm:accounts: true, goog:chromeOptions: {debuggerAddress: localhost:63071}, javascriptEnabled: true, networkConnectionEnabled: false, pageLoadStrategy: normal, platform: WINDOWS, platformName: WINDOWS, proxy: Proxy(), setWindowRect: true, strictFileInteractability: false, timeouts: {implicit: 0, pageLoad: 300000, script: 30000}, unhandledPromptBehavior: dismiss and notify, webauthn:extension:credBlob: true, webauthn:extension:largeBlob: true, webauthn:extension:minPinLength: true, webauthn:extension:prf: true, webauthn:virtualAuthenticators: true}
Session ID: 2222b60e213de47293084f4c3e9e08d8
	at java.base/jdk.internal.reflect.NativeConstructorAccessorImpl.newInstance0(Native Method)
	at java.base/jdk.internal.reflect.NativeConstructorAccessorImpl.newInstance(NativeConstructorAccessorImpl.java:77)
	at java.base/jdk.internal.reflect.DelegatingConstructorAccessorImpl.newInstance(DelegatingConstructorAccessorImpl.java:45)
	at org.openqa.selenium.remote.http.W3CHttpResponseCodec.createException(W3CHttpResponseCodec.java:187)
	at org.openqa.selenium.remote.http.W3CHttpResponseCodec.decode(W3CHttpResponseCodec.java:122)
	at org.openqa.selenium.remote.http.W3CHttpResponseCodec.decode(W3CHttpResponseCodec.java:49)
	at org.openqa.selenium.remote.HttpCommandExecutor.execute(HttpCommandExecutor.java:158)
	at org.openqa.selenium.remote.service.DriverCommandExecutor.execute(DriverCommandExecutor.java:83)
	at org.openqa.selenium.remote.RemoteWebDriver.execute(RemoteWebDriver.java:552)
	at com.kms.katalon.selenium.driver.CChromeDriver.execute(CChromeDriver.java:19)
	at org.openqa.selenium.remote.RemoteWebElement.execute(RemoteWebElement.java:285)
	at org.openqa.selenium.remote.RemoteWebElement.click(RemoteWebElement.java:84)
	at jdk.internal.reflect.GeneratedMethodAccessor13.invoke(Unknown Source)
	at java.base/jdk.internal.reflect.DelegatingMethodAccessorImpl.invoke(DelegatingMethodAccessorImpl.java:43)
	at org.openqa.selenium.support.events.EventFiringWebDriver$EventFiringWebElement.lambda$new$0(EventFiringWebDriver.java:404)
	at jdk.proxy2/jdk.proxy2.$Proxy27.click(Unknown Source)
	at org.openqa.selenium.support.events.EventFiringWebDriver$EventFiringWebElement.click(EventFiringWebDriver.java:417)
	at org.openqa.selenium.WebElement$click.call(Unknown Source)
	at com.kms.katalon.core.webui.keyword.builtin.ClickKeyword.clickUntilSuccessWithTimeout(ClickKeyword.groovy:81)
	at com.kms.katalon.core.webui.keyword.builtin.ClickKeyword.clickUntilSuccessWithTimeout(ClickKeyword.groovy)
	at jdk.internal.reflect.GeneratedMethodAccessor11.invoke(Unknown Source)
	at java.base/jdk.internal.reflect.DelegatingMethodAccessorImpl.invoke(DelegatingMethodAccessorImpl.java:43)
	at com.kms.katalon.core.webui.keyword.builtin.ClickKeyword$_click_closure1.doCall(ClickKeyword.groovy:67)
	at com.kms.katalon.core.webui.keyword.builtin.ClickKeyword$_click_closure1.call(ClickKeyword.groovy)
	at com.kms.katalon.core.webui.keyword.internal.WebUIKeywordMain.runKeyword(WebUIKeywordMain.groovy:20)
	... 20 more]]></system-err>
   </testsuite>
   <testsuite name="login_discover001" tests="3" failures="0" errors="0" time="135.846" skipped="0" timestamp="08-02-2024T13:28:56" hostname="Devil - LAPTOP-V2P5S4MK.mshome.net" id="Test Suites/login_discover/login_discover001">
      <properties>
         <property name="deviceName" value=""/>
         <property name="devicePlatform" value=""/>
         <property name="logFolder" value="C:\\Users\\Devil\\git\\SI-GuidedProject-705690-1704903143\\Reports\\20240208_131749\\login_discover\\login_discover001\\20240208_131754"/>
         <property name="logFiles" value="C:\\Users\\Devil\\git\\SI-GuidedProject-705690-1704903143\\Reports\\20240208_131749\\login_discover\\login_discover001\\20240208_131754\\execution0.log"/>
         <property name="attachments" value=""/>
         <property name="hostName" value="Devil - LAPTOP-V2P5S4MK.mshome.net"/>
         <property name="os" value="Windows 10 64bit"/>
         <property name="katalonVersion" value="9.2.0.212"/>
         <property name="browser" value="Chrome 121.0.0.0"/>
         <property name="hostAddress" value="192.168.137.1"/>
         <property name="sessionId" value="1bd755c27f3fce0d2bb8dcc52c196e66"/>
         <property name="seleniumVersion" value="3.141.59"/>
         <property name="proxyInformation" value="ProxyInformation { proxyOption=NO_PROXY, proxyServerType=HTTP, username=, password=********, proxyServerAddress=, proxyServerPort=0, executionList=&quot;&quot;, isApplyToDesiredCapabilities=true }"/>
         <property name="platform" value="Windows 10"/>
      </properties>
      <testcase name="Test Cases/discover/discover007" time="76.918" classname="Test Cases/discover/discover007" status="PASSED">
         <system-out><![CDATA[08-02-2024T13:28:57 - [TEST_CASE][PASSED] - Test Cases/discover/discover007: Test Cases/discover/discover007

08-02-2024T13:28:57 - [TEST_STEP][PASSED] - Start listener action : sampleBeforeTestCase: Navigate to 'https://www.amazon.in/' successfully

08-02-2024T13:28:57 - [TEST_STEP][PASSED] - openBrowser(""): Browser is opened with url: ''

08-02-2024T13:28:57 - [MESSAGE][INFO] - Starting 'Chrome' driver

08-02-2024T13:28:58 - [MESSAGE][INFO] - Action delay is set to 0 milliseconds

08-02-2024T13:28:59 - [MESSAGE][PASSED] - Browser is opened with url: ''

08-02-2024T13:28:59 - [TEST_STEP][PASSED] - navigateToUrl("https://www.amazon.in/"): Navigate to 'https://www.amazon.in/' successfully

08-02-2024T13:29:04 - [MESSAGE][PASSED] - Navigate to 'https://www.amazon.in/' successfully

08-02-2024T13:29:04 - [TEST_STEP][PASSED] - openBrowser(""): Browser is opened with url: ''

08-02-2024T13:29:04 - [MESSAGE][WARNING] - A browser is already opened. Closing browser and opening a new one

08-02-2024T13:29:05 - [MESSAGE][INFO] - Starting 'Chrome' driver

08-02-2024T13:29:05 - [MESSAGE][INFO] - Action delay is set to 0 milliseconds

08-02-2024T13:29:06 - [MESSAGE][PASSED] - Browser is opened with url: ''

08-02-2024T13:29:06 - [TEST_STEP][PASSED] - navigateToUrl("https://www.amazon.in/"): Navigate to 'https://www.amazon.in/' successfully

08-02-2024T13:29:13 - [MESSAGE][PASSED] - Navigate to 'https://www.amazon.in/' successfully

08-02-2024T13:29:13 - [TEST_STEP][PASSED] - click(findTestObject("Object Repository/discover/discover007/Page_Online Shopping site in India Shop Onl_10c5f3/a_Amazon miniTV")): Object: 'Object Repository/discover/discover007/Page_Online Shopping site in India Shop Onl_10c5f3/a_Amazon miniTV' is clicked on

08-02-2024T13:29:44 - [MESSAGE][PASSED] - Object: 'Object Repository/discover/discover007/Page_Online Shopping site in India Shop Onl_10c5f3/a_Amazon miniTV' is clicked on

08-02-2024T13:29:44 - [TEST_STEP][PASSED] - click(findTestObject("Object Repository/discover/discover007/Page_Amazon miniTV - Watch Free Web Series,_86fafa/span_Imported")): Object: 'Object Repository/discover/discover007/Page_Amazon miniTV - Watch Free Web Series,_86fafa/span_Imported' is clicked on

08-02-2024T13:29:44 - [MESSAGE][PASSED] - Object: 'Object Repository/discover/discover007/Page_Amazon miniTV - Watch Free Web Series,_86fafa/span_Imported' is clicked on

08-02-2024T13:29:44 - [TEST_STEP][PASSED] - click(findTestObject("Object Repository/discover/discover007/Page_Watch Dubbed Web Series, Korean Drama,_0fb818/span_Web Series")): Object: 'Object Repository/discover/discover007/Page_Watch Dubbed Web Series, Korean Drama,_0fb818/span_Web Series' is clicked on

08-02-2024T13:29:45 - [MESSAGE][PASSED] - Object: 'Object Repository/discover/discover007/Page_Watch Dubbed Web Series, Korean Drama,_0fb818/span_Web Series' is clicked on

08-02-2024T13:29:45 - [TEST_STEP][PASSED] - click(findTestObject("Object Repository/discover/discover007/Page_Watch Latest Web Series Online for Fre_49d131/span_Movies")): Object: 'Object Repository/discover/discover007/Page_Watch Latest Web Series Online for Fre_49d131/span_Movies' is clicked on

08-02-2024T13:29:49 - [MESSAGE][PASSED] - Object: 'Object Repository/discover/discover007/Page_Watch Latest Web Series Online for Fre_49d131/span_Movies' is clicked on

08-02-2024T13:29:49 - [TEST_STEP][PASSED] - click(findTestObject("Object Repository/discover/discover007/Page_Watch Popular Movies  Short Films Onli_56b9b2/span_Romance")): Object: 'Object Repository/discover/discover007/Page_Watch Popular Movies  Short Films Onli_56b9b2/span_Romance' is clicked on

08-02-2024T13:29:50 - [MESSAGE][PASSED] - Object: 'Object Repository/discover/discover007/Page_Watch Popular Movies  Short Films Onli_56b9b2/span_Romance' is clicked on

08-02-2024T13:29:50 - [TEST_STEP][PASSED] - click(findTestObject("Object Repository/discover/discover007/Page_Watch Trending Romantic Web Series  Mo_a46f5a/span_Comedy")): Object: 'Object Repository/discover/discover007/Page_Watch Trending Romantic Web Series  Mo_a46f5a/span_Comedy' is clicked on

08-02-2024T13:29:52 - [MESSAGE][PASSED] - Object: 'Object Repository/discover/discover007/Page_Watch Trending Romantic Web Series  Mo_a46f5a/span_Comedy' is clicked on

08-02-2024T13:29:52 - [TEST_STEP][PASSED] - click(findTestObject("Object Repository/discover/discover007/Page_Watch Comedy Web Series, Short Films  _4c3a92/img_AppNavbar_mShopIcon__4UsHr")): Object: 'Object Repository/discover/discover007/Page_Watch Comedy Web Series, Short Films  _4c3a92/img_AppNavbar_mShopIcon__4UsHr' is clicked on

08-02-2024T13:29:56 - [MESSAGE][PASSED] - Object: 'Object Repository/discover/discover007/Page_Watch Comedy Web Series, Short Films  _4c3a92/img_AppNavbar_mShopIcon__4UsHr' is clicked on

08-02-2024T13:29:56 - [TEST_STEP][PASSED] - click(findTestObject("Object Repository/discover/discover007/Page_Online Shopping site in India Shop Onl_10c5f3/a_Sell")): Object: 'Object Repository/discover/discover007/Page_Online Shopping site in India Shop Onl_10c5f3/a_Sell' is clicked on

08-02-2024T13:30:05 - [MESSAGE][PASSED] - Object: 'Object Repository/discover/discover007/Page_Online Shopping site in India Shop Onl_10c5f3/a_Sell' is clicked on

08-02-2024T13:30:05 - [TEST_STEP][PASSED] - click(findTestObject("Object Repository/discover/discover007/Page_Amazon.in CrossShop1/a_Mobiles")): Object: 'Object Repository/discover/discover007/Page_Amazon.in CrossShop1/a_Mobiles' is clicked on

08-02-2024T13:30:13 - [MESSAGE][PASSED] - Object: 'Object Repository/discover/discover007/Page_Amazon.in CrossShop1/a_Mobiles' is clicked on

08-02-2024T13:30:13 - [TEST_STEP][PASSED] - closeBrowser(): Browser is closed

08-02-2024T13:30:14 - [MESSAGE][PASSED] - Browser is closed

08-02-2024T13:30:14 - [TEST_STEP][PASSED] - Start listener action : sampleAfterTestCase: Browser is closed

08-02-2024T13:30:14 - [TEST_STEP][PASSED] - closeBrowser(): Browser is closed

08-02-2024T13:30:14 - [MESSAGE][PASSED] - Browser is closed]]></system-out>
         <system-err><![CDATA[]]></system-err>
      </testcase>
      <testcase name="Test Cases/discover/discover_mobiles002" time="26.504" classname="Test Cases/discover/discover_mobiles002" status="PASSED">
         <system-out><![CDATA[08-02-2024T13:30:14 - [TEST_CASE][PASSED] - Test Cases/discover/discover_mobiles002: Test Cases/discover/discover_mobiles002

08-02-2024T13:30:14 - [TEST_STEP][PASSED] - Start listener action : sampleBeforeTestCase: Navigate to 'https://www.amazon.in/' successfully

08-02-2024T13:30:14 - [TEST_STEP][PASSED] - openBrowser(""): Browser is opened with url: ''

08-02-2024T13:30:14 - [MESSAGE][INFO] - Starting 'Chrome' driver

08-02-2024T13:30:14 - [MESSAGE][INFO] - Action delay is set to 0 milliseconds

08-02-2024T13:30:15 - [MESSAGE][PASSED] - Browser is opened with url: ''

08-02-2024T13:30:15 - [TEST_STEP][PASSED] - navigateToUrl("https://www.amazon.in/"): Navigate to 'https://www.amazon.in/' successfully

08-02-2024T13:30:20 - [MESSAGE][PASSED] - Navigate to 'https://www.amazon.in/' successfully

08-02-2024T13:30:20 - [TEST_STEP][PASSED] - openBrowser(""): Browser is opened with url: ''

08-02-2024T13:30:20 - [MESSAGE][WARNING] - A browser is already opened. Closing browser and opening a new one

08-02-2024T13:30:20 - [MESSAGE][INFO] - Starting 'Chrome' driver

08-02-2024T13:30:20 - [MESSAGE][INFO] - Action delay is set to 0 milliseconds

08-02-2024T13:30:21 - [MESSAGE][PASSED] - Browser is opened with url: ''

08-02-2024T13:30:21 - [TEST_STEP][PASSED] - navigateToUrl("https://www.amazon.in/"): Navigate to 'https://www.amazon.in/' successfully

08-02-2024T13:30:25 - [MESSAGE][PASSED] - Navigate to 'https://www.amazon.in/' successfully

08-02-2024T13:30:25 - [TEST_STEP][PASSED] - click(findTestObject("Object Repository/discover/discover_mobiles002/Page_Online Shopping site in India Shop Onl_10c5f3/a_Mobiles")): Object: 'Object Repository/discover/discover_mobiles002/Page_Online Shopping site in India Shop Onl_10c5f3/a_Mobiles' is clicked on

08-02-2024T13:30:33 - [MESSAGE][PASSED] - Object: 'Object Repository/discover/discover_mobiles002/Page_Online Shopping site in India Shop Onl_10c5f3/a_Mobiles' is clicked on

08-02-2024T13:30:33 - [TEST_STEP][PASSED] - click(findTestObject("Object Repository/discover/discover_mobiles002/Page_Mobile Phones Buy New Mobiles Online a_11ca6d/span_Apple")): Object: 'Object Repository/discover/discover_mobiles002/Page_Mobile Phones Buy New Mobiles Online a_11ca6d/span_Apple' is clicked on

08-02-2024T13:30:35 - [MESSAGE][PASSED] - Object: 'Object Repository/discover/discover_mobiles002/Page_Mobile Phones Buy New Mobiles Online a_11ca6d/span_Apple' is clicked on

08-02-2024T13:30:35 - [TEST_STEP][PASSED] - click(findTestObject("Object Repository/discover/discover_mobiles002/Page_Amazon.in/span_Samsung")): Object: 'Object Repository/discover/discover_mobiles002/Page_Amazon.in/span_Samsung' is clicked on

08-02-2024T13:30:40 - [MESSAGE][PASSED] - Object: 'Object Repository/discover/discover_mobiles002/Page_Amazon.in/span_Samsung' is clicked on

08-02-2024T13:30:40 - [TEST_STEP][PASSED] - closeBrowser(): Browser is closed

08-02-2024T13:30:40 - [MESSAGE][PASSED] - Browser is closed

08-02-2024T13:30:40 - [TEST_STEP][PASSED] - Start listener action : sampleAfterTestCase: Browser is closed

08-02-2024T13:30:40 - [TEST_STEP][PASSED] - closeBrowser(): Browser is closed

08-02-2024T13:30:40 - [MESSAGE][PASSED] - Browser is closed]]></system-out>
         <system-err><![CDATA[]]></system-err>
      </testcase>
      <testcase name="Test Cases/login/login_normal002" time="32.019" classname="Test Cases/login/login_normal002" status="PASSED">
         <system-out><![CDATA[08-02-2024T13:30:40 - [TEST_CASE][PASSED] - Test Cases/login/login_normal002: Test Cases/login/login_normal002

08-02-2024T13:30:40 - [TEST_STEP][PASSED] - Start listener action : sampleBeforeTestCase: Navigate to 'https://www.amazon.in/' successfully

08-02-2024T13:30:40 - [TEST_STEP][PASSED] - openBrowser(""): Browser is opened with url: ''

08-02-2024T13:30:40 - [MESSAGE][INFO] - Starting 'Chrome' driver

08-02-2024T13:30:40 - [MESSAGE][INFO] - Action delay is set to 0 milliseconds

08-02-2024T13:30:41 - [MESSAGE][PASSED] - Browser is opened with url: ''

08-02-2024T13:30:41 - [TEST_STEP][PASSED] - navigateToUrl("https://www.amazon.in/"): Navigate to 'https://www.amazon.in/' successfully

08-02-2024T13:30:44 - [MESSAGE][PASSED] - Navigate to 'https://www.amazon.in/' successfully

08-02-2024T13:30:45 - [TEST_STEP][PASSED] - openBrowser(""): Browser is opened with url: ''

08-02-2024T13:30:45 - [MESSAGE][WARNING] - A browser is already opened. Closing browser and opening a new one

08-02-2024T13:30:45 - [MESSAGE][INFO] - Starting 'Chrome' driver

08-02-2024T13:30:45 - [MESSAGE][INFO] - Action delay is set to 0 milliseconds

08-02-2024T13:30:46 - [MESSAGE][PASSED] - Browser is opened with url: ''

08-02-2024T13:30:46 - [TEST_STEP][PASSED] - navigateToUrl("https://www.amazon.in/"): Navigate to 'https://www.amazon.in/' successfully

08-02-2024T13:30:50 - [MESSAGE][PASSED] - Navigate to 'https://www.amazon.in/' successfully

08-02-2024T13:30:50 - [TEST_STEP][PASSED] - click(findTestObject("Object Repository/login/login_normal002/Page_Online Shopping site in India Shop Onl_10c5f3/i_hm-icon nav-sprite")): Object: 'Object Repository/login/login_normal002/Page_Online Shopping site in India Shop Onl_10c5f3/i_hm-icon nav-sprite' is clicked on

08-02-2024T13:30:51 - [MESSAGE][PASSED] - Object: 'Object Repository/login/login_normal002/Page_Online Shopping site in India Shop Onl_10c5f3/i_hm-icon nav-sprite' is clicked on

08-02-2024T13:30:51 - [TEST_STEP][PASSED] - click(findTestObject("Object Repository/login/login_normal002/Page_Online Shopping site in India Shop Onl_10c5f3/b_Hello, sign in")): Object: 'Object Repository/login/login_normal002/Page_Online Shopping site in India Shop Onl_10c5f3/b_Hello, sign in' is clicked on

08-02-2024T13:30:53 - [MESSAGE][PASSED] - Object: 'Object Repository/login/login_normal002/Page_Online Shopping site in India Shop Onl_10c5f3/b_Hello, sign in' is clicked on

08-02-2024T13:30:53 - [TEST_STEP][PASSED] - setText(findTestObject("Object Repository/login/login_normal002/Page_Amazon Sign In/input_email"), "7779970102"): Text '7779970102' is set on object 'Object Repository/login/login_normal002/Page_Amazon Sign In/input_email'

08-02-2024T13:30:56 - [MESSAGE][PASSED] - Text '7779970102' is set on object 'Object Repository/login/login_normal002/Page_Amazon Sign In/input_email'

08-02-2024T13:30:56 - [TEST_STEP][PASSED] - click(findTestObject("Object Repository/login/login_normal002/Page_Amazon Sign In/inputcontinue")): Object: 'Object Repository/login/login_normal002/Page_Amazon Sign In/inputcontinue' is clicked on

08-02-2024T13:30:57 - [MESSAGE][PASSED] - Object: 'Object Repository/login/login_normal002/Page_Amazon Sign In/inputcontinue' is clicked on

08-02-2024T13:30:57 - [TEST_STEP][PASSED] - setEncryptedText(findTestObject("Object Repository/login/login_normal002/Page_Amazon Sign In/input_password"), "eSPcD+aU0jcqZChrJx5wLA=="): Text ****** has been set on object 'Object Repository/login/login_normal002/Page_Amazon Sign In/input_password'

08-02-2024T13:30:58 - [MESSAGE][PASSED] - Text ****** has been set on object 'Object Repository/login/login_normal002/Page_Amazon Sign In/input_password'

08-02-2024T13:30:58 - [TEST_STEP][PASSED] - click(findTestObject("Object Repository/login/login_normal002/Page_Amazon Sign In/inputsignInSubmit")): Object: 'Object Repository/login/login_normal002/Page_Amazon Sign In/inputsignInSubmit' is clicked on

08-02-2024T13:30:59 - [MESSAGE][PASSED] - Object: 'Object Repository/login/login_normal002/Page_Amazon Sign In/inputsignInSubmit' is clicked on

08-02-2024T13:30:59 - [TEST_STEP][PASSED] - click(findTestObject("Object Repository/login/login_normal002/Page_Online Shopping site in India Shop Onl_10c5f3/i_hm-icon nav-sprite")): Object: 'Object Repository/login/login_normal002/Page_Online Shopping site in India Shop Onl_10c5f3/i_hm-icon nav-sprite' is clicked on

08-02-2024T13:31:05 - [MESSAGE][PASSED] - Object: 'Object Repository/login/login_normal002/Page_Online Shopping site in India Shop Onl_10c5f3/i_hm-icon nav-sprite' is clicked on

08-02-2024T13:31:05 - [TEST_STEP][PASSED] - click(findTestObject("Object Repository/login/login_normal002/Page_Online Shopping site in India Shop Onl_10c5f3/div_Help  Settings")): Object: 'Object Repository/login/login_normal002/Page_Online Shopping site in India Shop Onl_10c5f3/div_Help  Settings' is clicked on

08-02-2024T13:31:08 - [MESSAGE][PASSED] - Object: 'Object Repository/login/login_normal002/Page_Online Shopping site in India Shop Onl_10c5f3/div_Help  Settings' is clicked on

08-02-2024T13:31:08 - [TEST_STEP][PASSED] - verifyElementText(findTestObject("Object Repository/login/login_normal002/Page_Online Shopping site in India Shop Onl_10c5f3/div_Help  Settings"), "Help & Settings"): Actual text and expected text of test object 'Object Repository/login/login_normal002/Page_Online Shopping site in India Shop Onl_10c5f3/div_Help  Settings' are matched.

08-02-2024T13:31:09 - [MESSAGE][PASSED] - Actual text and expected text of test object 'Object Repository/login/login_normal002/Page_Online Shopping site in India Shop Onl_10c5f3/div_Help  Settings' are matched.

08-02-2024T13:31:09 - [TEST_STEP][PASSED] - click(findTestObject("Object Repository/login/login_normal002/Page_Online Shopping site in India Shop Onl_10c5f3/a_Sign Out")): Object: 'Object Repository/login/login_normal002/Page_Online Shopping site in India Shop Onl_10c5f3/a_Sign Out' is clicked on

08-02-2024T13:31:11 - [MESSAGE][PASSED] - Object: 'Object Repository/login/login_normal002/Page_Online Shopping site in India Shop Onl_10c5f3/a_Sign Out' is clicked on

08-02-2024T13:31:11 - [TEST_STEP][PASSED] - closeBrowser(): Browser is closed

08-02-2024T13:31:12 - [MESSAGE][PASSED] - Browser is closed

08-02-2024T13:31:12 - [TEST_STEP][PASSED] - Start listener action : sampleAfterTestCase: Browser is closed

08-02-2024T13:31:12 - [TEST_STEP][PASSED] - closeBrowser(): Browser is closed

08-02-2024T13:31:12 - [MESSAGE][PASSED] - Browser is closed]]></system-out>
         <system-err><![CDATA[]]></system-err>
      </testcase>
      <system-out><![CDATA[08-02-2024T13:28:56 - [TEST_SUITE][PASSED] - login_discover001: Test Cases/login/login_normal002]]></system-out>
      <system-err><![CDATA[]]></system-err>
   </testsuite>
   <testsuite name="only_login" tests="1" failures="0" errors="0" time="42.604" skipped="0" timestamp="08-02-2024T13:31:19" hostname="Devil - LAPTOP-V2P5S4MK.mshome.net" id="Test Suites/only_login/only_login">
      <properties>
         <property name="deviceName" value=""/>
         <property name="devicePlatform" value=""/>
         <property name="logFolder" value="C:\\Users\\Devil\\git\\SI-GuidedProject-705690-1704903143\\Reports\\20240208_131749\\only_login\\only_login\\20240208_131756"/>
         <property name="logFiles" value="C:\\Users\\Devil\\git\\SI-GuidedProject-705690-1704903143\\Reports\\20240208_131749\\only_login\\only_login\\20240208_131756\\execution0.log"/>
         <property name="attachments" value=""/>
         <property name="hostName" value="Devil - LAPTOP-V2P5S4MK.mshome.net"/>
         <property name="os" value="Windows 10 64bit"/>
         <property name="katalonVersion" value="9.2.0.212"/>
         <property name="browser" value="Chrome 121.0.0.0"/>
         <property name="hostAddress" value="192.168.137.1"/>
         <property name="sessionId" value="943b440f01d6891e0f74cdf4a8526ea6"/>
         <property name="seleniumVersion" value="3.141.59"/>
         <property name="proxyInformation" value="ProxyInformation { proxyOption=NO_PROXY, proxyServerType=HTTP, username=, password=********, proxyServerAddress=, proxyServerPort=0, executionList=&quot;&quot;, isApplyToDesiredCapabilities=true }"/>
         <property name="platform" value="Windows 10"/>
      </properties>
      <testcase name="Test Cases/login/login_normal002" time="42.248" classname="Test Cases/login/login_normal002" status="PASSED">
         <system-out><![CDATA[08-02-2024T13:31:19 - [TEST_CASE][PASSED] - Test Cases/login/login_normal002: Test Cases/login/login_normal002

08-02-2024T13:31:19 - [TEST_STEP][PASSED] - Start listener action : sampleBeforeTestCase: Navigate to 'https://www.amazon.in/' successfully

08-02-2024T13:31:19 - [TEST_STEP][PASSED] - openBrowser(""): Browser is opened with url: ''

08-02-2024T13:31:20 - [MESSAGE][INFO] - Starting 'Chrome' driver

08-02-2024T13:31:20 - [MESSAGE][INFO] - Action delay is set to 0 milliseconds

08-02-2024T13:31:22 - [MESSAGE][PASSED] - Browser is opened with url: ''

08-02-2024T13:31:22 - [TEST_STEP][PASSED] - navigateToUrl("https://www.amazon.in/"): Navigate to 'https://www.amazon.in/' successfully

08-02-2024T13:31:26 - [MESSAGE][PASSED] - Navigate to 'https://www.amazon.in/' successfully

08-02-2024T13:31:26 - [TEST_STEP][PASSED] - openBrowser(""): Browser is opened with url: ''

08-02-2024T13:31:26 - [MESSAGE][WARNING] - A browser is already opened. Closing browser and opening a new one

08-02-2024T13:31:26 - [MESSAGE][INFO] - Starting 'Chrome' driver

08-02-2024T13:31:26 - [MESSAGE][INFO] - Action delay is set to 0 milliseconds

08-02-2024T13:31:27 - [MESSAGE][PASSED] - Browser is opened with url: ''

08-02-2024T13:31:27 - [TEST_STEP][PASSED] - navigateToUrl("https://www.amazon.in/"): Navigate to 'https://www.amazon.in/' successfully

08-02-2024T13:31:32 - [MESSAGE][PASSED] - Navigate to 'https://www.amazon.in/' successfully

08-02-2024T13:31:32 - [TEST_STEP][PASSED] - click(findTestObject("Object Repository/login/login_normal002/Page_Online Shopping site in India Shop Onl_10c5f3/i_hm-icon nav-sprite")): Object: 'Object Repository/login/login_normal002/Page_Online Shopping site in India Shop Onl_10c5f3/i_hm-icon nav-sprite' is clicked on

08-02-2024T13:31:33 - [MESSAGE][PASSED] - Object: 'Object Repository/login/login_normal002/Page_Online Shopping site in India Shop Onl_10c5f3/i_hm-icon nav-sprite' is clicked on

08-02-2024T13:31:33 - [TEST_STEP][PASSED] - click(findTestObject("Object Repository/login/login_normal002/Page_Online Shopping site in India Shop Onl_10c5f3/b_Hello, sign in")): Object: 'Object Repository/login/login_normal002/Page_Online Shopping site in India Shop Onl_10c5f3/b_Hello, sign in' is clicked on

08-02-2024T13:31:35 - [MESSAGE][PASSED] - Object: 'Object Repository/login/login_normal002/Page_Online Shopping site in India Shop Onl_10c5f3/b_Hello, sign in' is clicked on

08-02-2024T13:31:35 - [TEST_STEP][PASSED] - setText(findTestObject("Object Repository/login/login_normal002/Page_Amazon Sign In/input_email"), "7779970102"): Text '7779970102' is set on object 'Object Repository/login/login_normal002/Page_Amazon Sign In/input_email'

08-02-2024T13:31:37 - [MESSAGE][PASSED] - Text '7779970102' is set on object 'Object Repository/login/login_normal002/Page_Amazon Sign In/input_email'

08-02-2024T13:31:37 - [TEST_STEP][PASSED] - click(findTestObject("Object Repository/login/login_normal002/Page_Amazon Sign In/inputcontinue")): Object: 'Object Repository/login/login_normal002/Page_Amazon Sign In/inputcontinue' is clicked on

08-02-2024T13:31:38 - [MESSAGE][PASSED] - Object: 'Object Repository/login/login_normal002/Page_Amazon Sign In/inputcontinue' is clicked on

08-02-2024T13:31:38 - [TEST_STEP][PASSED] - setEncryptedText(findTestObject("Object Repository/login/login_normal002/Page_Amazon Sign In/input_password"), "eSPcD+aU0jcqZChrJx5wLA=="): Text ****** has been set on object 'Object Repository/login/login_normal002/Page_Amazon Sign In/input_password'

08-02-2024T13:31:39 - [MESSAGE][PASSED] - Text ****** has been set on object 'Object Repository/login/login_normal002/Page_Amazon Sign In/input_password'

08-02-2024T13:31:39 - [TEST_STEP][PASSED] - click(findTestObject("Object Repository/login/login_normal002/Page_Amazon Sign In/inputsignInSubmit")): Object: 'Object Repository/login/login_normal002/Page_Amazon Sign In/inputsignInSubmit' is clicked on

08-02-2024T13:31:39 - [MESSAGE][PASSED] - Object: 'Object Repository/login/login_normal002/Page_Amazon Sign In/inputsignInSubmit' is clicked on

08-02-2024T13:31:39 - [TEST_STEP][PASSED] - click(findTestObject("Object Repository/login/login_normal002/Page_Online Shopping site in India Shop Onl_10c5f3/i_hm-icon nav-sprite")): Object: 'Object Repository/login/login_normal002/Page_Online Shopping site in India Shop Onl_10c5f3/i_hm-icon nav-sprite' is clicked on

08-02-2024T13:31:58 - [MESSAGE][PASSED] - Object: 'Object Repository/login/login_normal002/Page_Online Shopping site in India Shop Onl_10c5f3/i_hm-icon nav-sprite' is clicked on

08-02-2024T13:31:58 - [TEST_STEP][PASSED] - click(findTestObject("Object Repository/login/login_normal002/Page_Online Shopping site in India Shop Onl_10c5f3/div_Help  Settings")): Object: 'Object Repository/login/login_normal002/Page_Online Shopping site in India Shop Onl_10c5f3/div_Help  Settings' is clicked on

08-02-2024T13:31:59 - [MESSAGE][PASSED] - Object: 'Object Repository/login/login_normal002/Page_Online Shopping site in India Shop Onl_10c5f3/div_Help  Settings' is clicked on

08-02-2024T13:31:59 - [TEST_STEP][PASSED] - verifyElementText(findTestObject("Object Repository/login/login_normal002/Page_Online Shopping site in India Shop Onl_10c5f3/div_Help  Settings"), "Help & Settings"): Actual text and expected text of test object 'Object Repository/login/login_normal002/Page_Online Shopping site in India Shop Onl_10c5f3/div_Help  Settings' are matched.

08-02-2024T13:31:59 - [MESSAGE][PASSED] - Actual text and expected text of test object 'Object Repository/login/login_normal002/Page_Online Shopping site in India Shop Onl_10c5f3/div_Help  Settings' are matched.

08-02-2024T13:31:59 - [TEST_STEP][PASSED] - click(findTestObject("Object Repository/login/login_normal002/Page_Online Shopping site in India Shop Onl_10c5f3/a_Sign Out")): Object: 'Object Repository/login/login_normal002/Page_Online Shopping site in India Shop Onl_10c5f3/a_Sign Out' is clicked on

08-02-2024T13:32:01 - [MESSAGE][PASSED] - Object: 'Object Repository/login/login_normal002/Page_Online Shopping site in India Shop Onl_10c5f3/a_Sign Out' is clicked on

08-02-2024T13:32:01 - [TEST_STEP][PASSED] - closeBrowser(): Browser is closed

08-02-2024T13:32:01 - [MESSAGE][PASSED] - Browser is closed

08-02-2024T13:32:01 - [TEST_STEP][PASSED] - Start listener action : sampleAfterTestCase: Browser is closed

08-02-2024T13:32:01 - [TEST_STEP][PASSED] - closeBrowser(): Browser is closed

08-02-2024T13:32:01 - [MESSAGE][PASSED] - Browser is closed]]></system-out>
         <system-err><![CDATA[]]></system-err>
      </testcase>
      <system-out><![CDATA[08-02-2024T13:31:19 - [TEST_SUITE][PASSED] - only_login: Test Cases/login/login_normal002]]></system-out>
      <system-err><![CDATA[]]></system-err>
   </testsuite>
   <testsuite name="successful_login_and_errors" tests="4" failures="1" errors="0" time="225.491" skipped="0" timestamp="08-02-2024T13:32:07" hostname="Devil - LAPTOP-V2P5S4MK.mshome.net" id="Test Suites/successful_login_and_errors/successful_login_and_errors">
      <properties>
         <property name="deviceName" value=""/>
         <property name="devicePlatform" value=""/>
         <property name="logFolder" value="C:\\Users\\Devil\\git\\SI-GuidedProject-705690-1704903143\\Reports\\20240208_131749\\successful_login_and_errors\\successful_login_and_errors\\20240208_131758"/>
         <property name="logFiles" value="C:\\Users\\Devil\\git\\SI-GuidedProject-705690-1704903143\\Reports\\20240208_131749\\successful_login_and_errors\\successful_login_and_errors\\20240208_131758\\execution0.log"/>
         <property name="attachments" value="C:\\Users\\Devil\\git\\SI-GuidedProject-705690-1704903143\\Reports\\20240208_131749\\successful_login_and_errors\\successful_login_and_errors\\20240208_131758\\1707379388707.png, C:\\Users\\Devil\\git\\SI-GuidedProject-705690-1704903143\\Reports\\20240208_131749\\successful_login_and_errors\\successful_login_and_errors\\20240208_131758\\1707379399777.png, C:\\Users\\Devil\\git\\SI-GuidedProject-705690-1704903143\\Reports\\20240208_131749\\successful_login_and_errors\\successful_login_and_errors\\20240208_131758\\1707379412576.png, C:\\Users\\Devil\\git\\SI-GuidedProject-705690-1704903143\\Reports\\20240208_131749\\successful_login_and_errors\\successful_login_and_errors\\20240208_131758\\1707379424189.png"/>
         <property name="hostName" value="Devil - LAPTOP-V2P5S4MK.mshome.net"/>
         <property name="os" value="Windows 10 64bit"/>
         <property name="katalonVersion" value="9.2.0.212"/>
         <property name="browser" value="Chrome 121.0.0.0"/>
         <property name="hostAddress" value="192.168.137.1"/>
         <property name="sessionId" value="c708749c064f4c63415a8ce737988109"/>
         <property name="seleniumVersion" value="3.141.59"/>
         <property name="proxyInformation" value="ProxyInformation { proxyOption=NO_PROXY, proxyServerType=HTTP, username=, password=********, proxyServerAddress=, proxyServerPort=0, executionList=&quot;&quot;, isApplyToDesiredCapabilities=true }"/>
         <property name="platform" value="Windows 10"/>
      </properties>
      <testcase name="Test Cases/login/login_invalid001" time="11.533" classname="Test Cases/login/login_invalid001" status="FAILED">
         <failure type="FAILED" message="Test Cases/login/login_invalid001 FAILED.&#xa;Reason:&#xa;com.kms.katalon.core.exception.StepFailedException: Unable to click on object 'Object Repository/login/login_invalid001/Page_Online Shopping site in India Shop Onl_10c5f3/span_Sign in'&#xa;	at com.kms.katalon.core.webui.keyword.internal.WebUIKeywordMain.stepFailed(WebUIKeywordMain.groovy:64)&#xa;	at com.kms.katalon.core.webui.keyword.internal.WebUIKeywordMain.runKeyword(WebUIKeywordMain.groovy:26)&#xa;	at com.kms.katalon.core.webui.keyword.builtin.ClickKeyword.click(ClickKeyword.groovy:74)&#xa;	at com.kms.katalon.core.webui.keyword.builtin.ClickKeyword.execute(ClickKeyword.groovy:40)&#xa;	at com.kms.katalon.core.keyword.internal.KeywordExecutor.executeKeywordForPlatform(KeywordExecutor.groovy:74)&#xa;	at com.kms.katalon.core.webui.keyword.WebUiBuiltInKeywords.click(WebUiBuiltInKeywords.groovy:659)&#xa;	at login_invalid001.run(login_invalid001:24)&#xa;	at com.kms.katalon.core.main.ScriptEngine.run(ScriptEngine.java:194)&#xa;	at com.kms.katalon.core.main.ScriptEngine.runScriptAsRawText(ScriptEngine.java:119)&#xa;	at com.kms.katalon.core.main.TestCaseExecutor.runScript(TestCaseExecutor.java:448)&#xa;	at com.kms.katalon.core.main.TestCaseExecutor.doExecute(TestCaseExecutor.java:439)&#xa;	at com.kms.katalon.core.main.TestCaseExecutor.processExecutionPhase(TestCaseExecutor.java:418)&#xa;	at com.kms.katalon.core.main.TestCaseExecutor.accessMainPhase(TestCaseExecutor.java:410)&#xa;	at com.kms.katalon.core.main.TestCaseExecutor.execute(TestCaseExecutor.java:285)&#xa;	at com.kms.katalon.core.main.TestCaseExecutor.execute(TestCaseExecutor.java:369)&#xa;	at com.kms.katalon.core.main.TestCaseExecutor.execute(TestCaseExecutor.java:369)&#xa;	at com.kms.katalon.core.main.TestCaseExecutor.execute(TestCaseExecutor.java:369)&#xa;	at com.kms.katalon.core.common.CommonExecutor.accessTestCaseMainPhase(CommonExecutor.java:65)&#xa;	at com.kms.katalon.core.main.TestSuiteExecutor.accessTestSuiteMainPhase(TestSuiteExecutor.java:148)&#xa;	at com.kms.katalon.core.main.TestSuiteExecutor.execute(TestSuiteExecutor.java:106)&#xa;	at com.kms.katalon.core.main.TestCaseMain.startTestSuite(TestCaseMain.java:180)&#xa;	at TempTestSuite1707378478592.run(TempTestSuite1707378478592.groovy:36)&#xa;	at java.base/jdk.internal.reflect.NativeMethodAccessorImpl.invoke0(Native Method)&#xa;	at java.base/jdk.internal.reflect.NativeMethodAccessorImpl.invoke(NativeMethodAccessorImpl.java:77)&#xa;	at java.base/jdk.internal.reflect.DelegatingMethodAccessorImpl.invoke(DelegatingMethodAccessorImpl.java:43)&#xa;Caused by: org.openqa.selenium.ElementNotInteractableException: element not interactable&#xa;  (Session info: chrome=121.0.6167.160)&#xa;Build info: version: '3.141.59', revision: 'e82be7d358', time: '2018-11-14T08:25:53'&#xa;System info: host: 'LAPTOP-V2P5S4MK', ip: '192.168.137.1', os.name: 'Windows 10', os.arch: 'amd64', os.version: '10.0', java.version: '17.0.7'&#xa;Driver info: com.kms.katalon.selenium.driver.CChromeDriver&#xa;Capabilities {acceptInsecureCerts: false, browserName: chrome, browserVersion: 121.0.6167.160, chrome: {chromedriverVersion: 120.0.6099.71 (9729082fe617..., userDataDir: C:\Users\Devil\AppData\Loca...}, fedcm:accounts: true, goog:chromeOptions: {debuggerAddress: localhost:64478}, javascriptEnabled: true, networkConnectionEnabled: false, pageLoadStrategy: normal, platform: WINDOWS, platformName: WINDOWS, proxy: Proxy(), setWindowRect: true, strictFileInteractability: false, timeouts: {implicit: 0, pageLoad: 300000, script: 30000}, unhandledPromptBehavior: dismiss and notify, webauthn:extension:credBlob: true, webauthn:extension:largeBlob: true, webauthn:extension:minPinLength: true, webauthn:extension:prf: true, webauthn:virtualAuthenticators: true}&#xa;Session ID: 1e349fe1f2696542ea1b6c164d873e03&#xa;	at java.base/jdk.internal.reflect.NativeConstructorAccessorImpl.newInstance0(Native Method)&#xa;	at java.base/jdk.internal.reflect.NativeConstructorAccessorImpl.newInstance(NativeConstructorAccessorImpl.java:77)&#xa;	at java.base/jdk.internal.reflect.DelegatingConstructorAccessorImpl.newInstance(DelegatingConstructorAccessorImpl.java:45)&#xa;	at org.openqa.selenium.remote.http.W3CHttpResponseCodec.createException(W3CHttpResponseCodec.java:187)&#xa;	at org.openqa.selenium.remote.http.W3CHttpResponseCodec.decode(W3CHttpResponseCodec.java:122)&#xa;	at org.openqa.selenium.remote.http.W3CHttpResponseCodec.decode(W3CHttpResponseCodec.java:49)&#xa;	at org.openqa.selenium.remote.HttpCommandExecutor.execute(HttpCommandExecutor.java:158)&#xa;	at org.openqa.selenium.remote.service.DriverCommandExecutor.execute(DriverCommandExecutor.java:83)&#xa;	at org.openqa.selenium.remote.RemoteWebDriver.execute(RemoteWebDriver.java:552)&#xa;	at com.kms.katalon.selenium.driver.CChromeDriver.execute(CChromeDriver.java:19)&#xa;	at org.openqa.selenium.remote.RemoteWebElement.execute(RemoteWebElement.java:285)&#xa;	at org.openqa.selenium.remote.RemoteWebElement.click(RemoteWebElement.java:84)&#xa;	at java.base/jdk.internal.reflect.NativeMethodAccessorImpl.invoke0(Native Method)&#xa;	at java.base/jdk.internal.reflect.NativeMethodAccessorImpl.invoke(NativeMethodAccessorImpl.java:77)&#xa;	at java.base/jdk.internal.reflect.DelegatingMethodAccessorImpl.invoke(DelegatingMethodAccessorImpl.java:43)&#xa;	at org.openqa.selenium.support.events.EventFiringWebDriver$EventFiringWebElement.lambda$new$0(EventFiringWebDriver.java:404)&#xa;	at jdk.proxy2/jdk.proxy2.$Proxy27.click(Unknown Source)&#xa;	at org.openqa.selenium.support.events.EventFiringWebDriver$EventFiringWebElement.click(EventFiringWebDriver.java:417)&#xa;	at org.openqa.selenium.WebElement$click.call(Unknown Source)&#xa;	at com.kms.katalon.core.webui.keyword.builtin.ClickKeyword.clickUntilSuccessWithTimeout(ClickKeyword.groovy:81)&#xa;	at com.kms.katalon.core.webui.keyword.builtin.ClickKeyword.clickUntilSuccessWithTimeout(ClickKeyword.groovy)&#xa;	at java.base/jdk.internal.reflect.NativeMethodAccessorImpl.invoke0(Native Method)&#xa;	at java.base/jdk.internal.reflect.NativeMethodAccessorImpl.invoke(NativeMethodAccessorImpl.java:77)&#xa;	at java.base/jdk.internal.reflect.DelegatingMethodAccessorImpl.invoke(DelegatingMethodAccessorImpl.java:43)&#xa;	at com.kms.katalon.core.webui.keyword.builtin.ClickKeyword$_click_closure1.doCall(ClickKeyword.groovy:67)&#xa;	at com.kms.katalon.core.webui.keyword.builtin.ClickKeyword$_click_closure1.call(ClickKeyword.groovy)&#xa;	at com.kms.katalon.core.webui.keyword.internal.WebUIKeywordMain.runKeyword(WebUIKeywordMain.groovy:20)&#xa;	... 23 more&#xa;"/>
         <system-out><![CDATA[08-02-2024T13:33:33 - [TEST_CASE][FAILED] - Test Cases/login/login_invalid001: Test Cases/login/login_invalid001 FAILED.
Reason:
com.kms.katalon.core.exception.StepFailedException: Unable to click on object 'Object Repository/login/login_invalid001/Page_Online Shopping site in India Shop Onl_10c5f3/span_Sign in'
	at com.kms.katalon.core.webui.keyword.internal.WebUIKeywordMain.stepFailed(WebUIKeywordMain.groovy:64)
	at com.kms.katalon.core.webui.keyword.internal.WebUIKeywordMain.runKeyword(WebUIKeywordMain.groovy:26)
	at com.kms.katalon.core.webui.keyword.builtin.ClickKeyword.click(ClickKeyword.groovy:74)
	at com.kms.katalon.core.webui.keyword.builtin.ClickKeyword.execute(ClickKeyword.groovy:40)
	at com.kms.katalon.core.keyword.internal.KeywordExecutor.executeKeywordForPlatform(KeywordExecutor.groovy:74)
	at com.kms.katalon.core.webui.keyword.WebUiBuiltInKeywords.click(WebUiBuiltInKeywords.groovy:659)
	at login_invalid001.run(login_invalid001:24)
	at com.kms.katalon.core.main.ScriptEngine.run(ScriptEngine.java:194)
	at com.kms.katalon.core.main.ScriptEngine.runScriptAsRawText(ScriptEngine.java:119)
	at com.kms.katalon.core.main.TestCaseExecutor.runScript(TestCaseExecutor.java:448)
	at com.kms.katalon.core.main.TestCaseExecutor.doExecute(TestCaseExecutor.java:439)
	at com.kms.katalon.core.main.TestCaseExecutor.processExecutionPhase(TestCaseExecutor.java:418)
	at com.kms.katalon.core.main.TestCaseExecutor.accessMainPhase(TestCaseExecutor.java:410)
	at com.kms.katalon.core.main.TestCaseExecutor.execute(TestCaseExecutor.java:285)
	at com.kms.katalon.core.main.TestCaseExecutor.execute(TestCaseExecutor.java:369)
	at com.kms.katalon.core.main.TestCaseExecutor.execute(TestCaseExecutor.java:369)
	at com.kms.katalon.core.main.TestCaseExecutor.execute(TestCaseExecutor.java:369)
	at com.kms.katalon.core.common.CommonExecutor.accessTestCaseMainPhase(CommonExecutor.java:65)
	at com.kms.katalon.core.main.TestSuiteExecutor.accessTestSuiteMainPhase(TestSuiteExecutor.java:148)
	at com.kms.katalon.core.main.TestSuiteExecutor.execute(TestSuiteExecutor.java:106)
	at com.kms.katalon.core.main.TestCaseMain.startTestSuite(TestCaseMain.java:180)
	at TempTestSuite1707378478592.run(TempTestSuite1707378478592.groovy:36)
	at java.base/jdk.internal.reflect.NativeMethodAccessorImpl.invoke0(Native Method)
	at java.base/jdk.internal.reflect.NativeMethodAccessorImpl.invoke(NativeMethodAccessorImpl.java:77)
	at java.base/jdk.internal.reflect.DelegatingMethodAccessorImpl.invoke(DelegatingMethodAccessorImpl.java:43)
Caused by: org.openqa.selenium.ElementNotInteractableException: element not interactable
  (Session info: chrome=121.0.6167.160)
Build info: version: '3.141.59', revision: 'e82be7d358', time: '2018-11-14T08:25:53'
System info: host: 'LAPTOP-V2P5S4MK', ip: '192.168.137.1', os.name: 'Windows 10', os.arch: 'amd64', os.version: '10.0', java.version: '17.0.7'
Driver info: com.kms.katalon.selenium.driver.CChromeDriver
Capabilities {acceptInsecureCerts: false, browserName: chrome, browserVersion: 121.0.6167.160, chrome: {chromedriverVersion: 120.0.6099.71 (9729082fe617..., userDataDir: C:\Users\Devil\AppData\Loca...}, fedcm:accounts: true, goog:chromeOptions: {debuggerAddress: localhost:64478}, javascriptEnabled: true, networkConnectionEnabled: false, pageLoadStrategy: normal, platform: WINDOWS, platformName: WINDOWS, proxy: Proxy(), setWindowRect: true, strictFileInteractability: false, timeouts: {implicit: 0, pageLoad: 300000, script: 30000}, unhandledPromptBehavior: dismiss and notify, webauthn:extension:credBlob: true, webauthn:extension:largeBlob: true, webauthn:extension:minPinLength: true, webauthn:extension:prf: true, webauthn:virtualAuthenticators: true}
Session ID: 1e349fe1f2696542ea1b6c164d873e03
	at java.base/jdk.internal.reflect.NativeConstructorAccessorImpl.newInstance0(Native Method)
	at java.base/jdk.internal.reflect.NativeConstructorAccessorImpl.newInstance(NativeConstructorAccessorImpl.java:77)
	at java.base/jdk.internal.reflect.DelegatingConstructorAccessorImpl.newInstance(DelegatingConstructorAccessorImpl.java:45)
	at org.openqa.selenium.remote.http.W3CHttpResponseCodec.createException(W3CHttpResponseCodec.java:187)
	at org.openqa.selenium.remote.http.W3CHttpResponseCodec.decode(W3CHttpResponseCodec.java:122)
	at org.openqa.selenium.remote.http.W3CHttpResponseCodec.decode(W3CHttpResponseCodec.java:49)
	at org.openqa.selenium.remote.HttpCommandExecutor.execute(HttpCommandExecutor.java:158)
	at org.openqa.selenium.remote.service.DriverCommandExecutor.execute(DriverCommandExecutor.java:83)
	at org.openqa.selenium.remote.RemoteWebDriver.execute(RemoteWebDriver.java:552)
	at com.kms.katalon.selenium.driver.CChromeDriver.execute(CChromeDriver.java:19)
	at org.openqa.selenium.remote.RemoteWebElement.execute(RemoteWebElement.java:285)
	at org.openqa.selenium.remote.RemoteWebElement.click(RemoteWebElement.java:84)
	at java.base/jdk.internal.reflect.NativeMethodAccessorImpl.invoke0(Native Method)
	at java.base/jdk.internal.reflect.NativeMethodAccessorImpl.invoke(NativeMethodAccessorImpl.java:77)
	at java.base/jdk.internal.reflect.DelegatingMethodAccessorImpl.invoke(DelegatingMethodAccessorImpl.java:43)
	at org.openqa.selenium.support.events.EventFiringWebDriver$EventFiringWebElement.lambda$new$0(EventFiringWebDriver.java:404)
	at jdk.proxy2/jdk.proxy2.$Proxy27.click(Unknown Source)
	at org.openqa.selenium.support.events.EventFiringWebDriver$EventFiringWebElement.click(EventFiringWebDriver.java:417)
	at org.openqa.selenium.WebElement$click.call(Unknown Source)
	at com.kms.katalon.core.webui.keyword.builtin.ClickKeyword.clickUntilSuccessWithTimeout(ClickKeyword.groovy:81)
	at com.kms.katalon.core.webui.keyword.builtin.ClickKeyword.clickUntilSuccessWithTimeout(ClickKeyword.groovy)
	at java.base/jdk.internal.reflect.NativeMethodAccessorImpl.invoke0(Native Method)
	at java.base/jdk.internal.reflect.NativeMethodAccessorImpl.invoke(NativeMethodAccessorImpl.java:77)
	at java.base/jdk.internal.reflect.DelegatingMethodAccessorImpl.invoke(DelegatingMethodAccessorImpl.java:43)
	at com.kms.katalon.core.webui.keyword.builtin.ClickKeyword$_click_closure1.doCall(ClickKeyword.groovy:67)
	at com.kms.katalon.core.webui.keyword.builtin.ClickKeyword$_click_closure1.call(ClickKeyword.groovy)
	at com.kms.katalon.core.webui.keyword.internal.WebUIKeywordMain.runKeyword(WebUIKeywordMain.groovy:20)
	... 23 more


08-02-2024T13:33:33 - [TEST_STEP][PASSED] - Start listener action : sampleBeforeTestCase: Navigate to 'https://www.amazon.in/' successfully

08-02-2024T13:33:33 - [TEST_STEP][PASSED] - openBrowser(""): Browser is opened with url: ''

08-02-2024T13:33:33 - [MESSAGE][INFO] - Starting 'Chrome' driver

08-02-2024T13:33:33 - [MESSAGE][INFO] - Action delay is set to 0 milliseconds

08-02-2024T13:33:34 - [MESSAGE][PASSED] - Browser is opened with url: ''

08-02-2024T13:33:34 - [TEST_STEP][PASSED] - navigateToUrl("https://www.amazon.in/"): Navigate to 'https://www.amazon.in/' successfully

08-02-2024T13:33:37 - [MESSAGE][PASSED] - Navigate to 'https://www.amazon.in/' successfully

08-02-2024T13:33:37 - [TEST_STEP][PASSED] - openBrowser(""): Browser is opened with url: ''

08-02-2024T13:33:37 - [MESSAGE][WARNING] - A browser is already opened. Closing browser and opening a new one

08-02-2024T13:33:37 - [MESSAGE][INFO] - Starting 'Chrome' driver

08-02-2024T13:33:37 - [MESSAGE][INFO] - Action delay is set to 0 milliseconds

08-02-2024T13:33:39 - [MESSAGE][PASSED] - Browser is opened with url: ''

08-02-2024T13:33:39 - [TEST_STEP][PASSED] - navigateToUrl("https://www.amazon.in/"): Navigate to 'https://www.amazon.in/' successfully

08-02-2024T13:33:43 - [MESSAGE][PASSED] - Navigate to 'https://www.amazon.in/' successfully

08-02-2024T13:33:43 - [TEST_STEP][FAILED] - click(findTestObject("Object Repository/login/login_invalid001/Page_Online Shopping site in India Shop Onl_10c5f3/span_Sign in")): Unable to click on object 'Object Repository/login/login_invalid001/Page_Online Shopping site in India Shop Onl_10c5f3/span_Sign in' (Root cause: com.kms.katalon.core.exception.StepFailedException: Unable to click on object 'Object Repository/login/login_invalid001/Page_Online Shopping site in India Shop Onl_10c5f3/span_Sign in'
	at com.kms.katalon.core.webui.keyword.internal.WebUIKeywordMain.stepFailed(WebUIKeywordMain.groovy:64)
	at com.kms.katalon.core.webui.keyword.internal.WebUIKeywordMain.runKeyword(WebUIKeywordMain.groovy:26)
	at com.kms.katalon.core.webui.keyword.builtin.ClickKeyword.click(ClickKeyword.groovy:74)
	at com.kms.katalon.core.webui.keyword.builtin.ClickKeyword.execute(ClickKeyword.groovy:40)
	at com.kms.katalon.core.keyword.internal.KeywordExecutor.executeKeywordForPlatform(KeywordExecutor.groovy:74)
	at com.kms.katalon.core.webui.keyword.WebUiBuiltInKeywords.click(WebUiBuiltInKeywords.groovy:659)
	at login_invalid001.run(login_invalid001:24)
	at com.kms.katalon.core.main.ScriptEngine.run(ScriptEngine.java:194)
	at com.kms.katalon.core.main.ScriptEngine.runScriptAsRawText(ScriptEngine.java:119)
	at com.kms.katalon.core.main.TestCaseExecutor.runScript(TestCaseExecutor.java:448)
	at com.kms.katalon.core.main.TestCaseExecutor.doExecute(TestCaseExecutor.java:439)
	at com.kms.katalon.core.main.TestCaseExecutor.processExecutionPhase(TestCaseExecutor.java:418)
	at com.kms.katalon.core.main.TestCaseExecutor.accessMainPhase(TestCaseExecutor.java:410)
	at com.kms.katalon.core.main.TestCaseExecutor.execute(TestCaseExecutor.java:285)
	at com.kms.katalon.core.main.TestCaseExecutor.execute(TestCaseExecutor.java:369)
	at com.kms.katalon.core.main.TestCaseExecutor.execute(TestCaseExecutor.java:369)
	at com.kms.katalon.core.main.TestCaseExecutor.execute(TestCaseExecutor.java:369)
	at com.kms.katalon.core.common.CommonExecutor.accessTestCaseMainPhase(CommonExecutor.java:65)
	at com.kms.katalon.core.main.TestSuiteExecutor.accessTestSuiteMainPhase(TestSuiteExecutor.java:148)
	at com.kms.katalon.core.main.TestSuiteExecutor.execute(TestSuiteExecutor.java:106)
	at com.kms.katalon.core.main.TestCaseMain.startTestSuite(TestCaseMain.java:180)
	at TempTestSuite1707378478592.run(TempTestSuite1707378478592.groovy:36)
	at java.base/jdk.internal.reflect.NativeMethodAccessorImpl.invoke0(Native Method)
	at java.base/jdk.internal.reflect.NativeMethodAccessorImpl.invoke(NativeMethodAccessorImpl.java:77)
	at java.base/jdk.internal.reflect.DelegatingMethodAccessorImpl.invoke(DelegatingMethodAccessorImpl.java:43)
Caused by: org.openqa.selenium.ElementNotInteractableException: element not interactable
  (Session info: chrome=121.0.6167.160)
Build info: version: '3.141.59', revision: 'e82be7d358', time: '2018-11-14T08:25:53'
System info: host: 'LAPTOP-V2P5S4MK', ip: '192.168.137.1', os.name: 'Windows 10', os.arch: 'amd64', os.version: '10.0', java.version: '17.0.7'
Driver info: com.kms.katalon.selenium.driver.CChromeDriver
Capabilities {acceptInsecureCerts: false, browserName: chrome, browserVersion: 121.0.6167.160, chrome: {chromedriverVersion: 120.0.6099.71 (9729082fe617..., userDataDir: C:\Users\Devil\AppData\Loca...}, fedcm:accounts: true, goog:chromeOptions: {debuggerAddress: localhost:64478}, javascriptEnabled: true, networkConnectionEnabled: false, pageLoadStrategy: normal, platform: WINDOWS, platformName: WINDOWS, proxy: Proxy(), setWindowRect: true, strictFileInteractability: false, timeouts: {implicit: 0, pageLoad: 300000, script: 30000}, unhandledPromptBehavior: dismiss and notify, webauthn:extension:credBlob: true, webauthn:extension:largeBlob: true, webauthn:extension:minPinLength: true, webauthn:extension:prf: true, webauthn:virtualAuthenticators: true}
Session ID: 1e349fe1f2696542ea1b6c164d873e03
	at java.base/jdk.internal.reflect.NativeConstructorAccessorImpl.newInstance0(Native Method)
	at java.base/jdk.internal.reflect.NativeConstructorAccessorImpl.newInstance(NativeConstructorAccessorImpl.java:77)
	at java.base/jdk.internal.reflect.DelegatingConstructorAccessorImpl.newInstance(DelegatingConstructorAccessorImpl.java:45)
	at org.openqa.selenium.remote.http.W3CHttpResponseCodec.createException(W3CHttpResponseCodec.java:187)
	at org.openqa.selenium.remote.http.W3CHttpResponseCodec.decode(W3CHttpResponseCodec.java:122)
	at org.openqa.selenium.remote.http.W3CHttpResponseCodec.decode(W3CHttpResponseCodec.java:49)
	at org.openqa.selenium.remote.HttpCommandExecutor.execute(HttpCommandExecutor.java:158)
	at org.openqa.selenium.remote.service.DriverCommandExecutor.execute(DriverCommandExecutor.java:83)
	at org.openqa.selenium.remote.RemoteWebDriver.execute(RemoteWebDriver.java:552)
	at com.kms.katalon.selenium.driver.CChromeDriver.execute(CChromeDriver.java:19)
	at org.openqa.selenium.remote.RemoteWebElement.execute(RemoteWebElement.java:285)
	at org.openqa.selenium.remote.RemoteWebElement.click(RemoteWebElement.java:84)
	at java.base/jdk.internal.reflect.NativeMethodAccessorImpl.invoke0(Native Method)
	at java.base/jdk.internal.reflect.NativeMethodAccessorImpl.invoke(NativeMethodAccessorImpl.java:77)
	at java.base/jdk.internal.reflect.DelegatingMethodAccessorImpl.invoke(DelegatingMethodAccessorImpl.java:43)
	at org.openqa.selenium.support.events.EventFiringWebDriver$EventFiringWebElement.lambda$new$0(EventFiringWebDriver.java:404)
	at jdk.proxy2/jdk.proxy2.$Proxy27.click(Unknown Source)
	at org.openqa.selenium.support.events.EventFiringWebDriver$EventFiringWebElement.click(EventFiringWebDriver.java:417)
	at org.openqa.selenium.WebElement$click.call(Unknown Source)
	at com.kms.katalon.core.webui.keyword.builtin.ClickKeyword.clickUntilSuccessWithTimeout(ClickKeyword.groovy:81)
	at com.kms.katalon.core.webui.keyword.builtin.ClickKeyword.clickUntilSuccessWithTimeout(ClickKeyword.groovy)
	at java.base/jdk.internal.reflect.NativeMethodAccessorImpl.invoke0(Native Method)
	at java.base/jdk.internal.reflect.NativeMethodAccessorImpl.invoke(NativeMethodAccessorImpl.java:77)
	at java.base/jdk.internal.reflect.DelegatingMethodAccessorImpl.invoke(DelegatingMethodAccessorImpl.java:43)
	at com.kms.katalon.core.webui.keyword.builtin.ClickKeyword$_click_closure1.doCall(ClickKeyword.groovy:67)
	at com.kms.katalon.core.webui.keyword.builtin.ClickKeyword$_click_closure1.call(ClickKeyword.groovy)
	at com.kms.katalon.core.webui.keyword.internal.WebUIKeywordMain.runKeyword(WebUIKeywordMain.groovy:20)
	at com.kms.katalon.core.webui.keyword.builtin.ClickKeyword.click(ClickKeyword.groovy:74)
	at com.kms.katalon.core.webui.keyword.builtin.ClickKeyword.execute(ClickKeyword.groovy:40)
	at com.kms.katalon.core.keyword.internal.KeywordExecutor.executeKeywordForPlatform(KeywordExecutor.groovy:74)
	at com.kms.katalon.core.webui.keyword.WebUiBuiltInKeywords.click(WebUiBuiltInKeywords.groovy:659)
	at Script1707223814736.run(Script1707223814736.groovy:24)
	... 18 more
)

08-02-2024T13:33:44 - [MESSAGE][FAILED] - Unable to click on object 'Object Repository/login/login_invalid001/Page_Online Shopping site in India Shop Onl_10c5f3/span_Sign in' (Root cause: com.kms.katalon.core.exception.StepFailedException: Unable to click on object 'Object Repository/login/login_invalid001/Page_Online Shopping site in India Shop Onl_10c5f3/span_Sign in'
	at com.kms.katalon.core.webui.keyword.internal.WebUIKeywordMain.stepFailed(WebUIKeywordMain.groovy:64)
	at com.kms.katalon.core.webui.keyword.internal.WebUIKeywordMain.runKeyword(WebUIKeywordMain.groovy:26)
	at com.kms.katalon.core.webui.keyword.builtin.ClickKeyword.click(ClickKeyword.groovy:74)
	at com.kms.katalon.core.webui.keyword.builtin.ClickKeyword.execute(ClickKeyword.groovy:40)
	at com.kms.katalon.core.keyword.internal.KeywordExecutor.executeKeywordForPlatform(KeywordExecutor.groovy:74)
	at com.kms.katalon.core.webui.keyword.WebUiBuiltInKeywords.click(WebUiBuiltInKeywords.groovy:659)
	at login_invalid001.run(login_invalid001:24)
	at com.kms.katalon.core.main.ScriptEngine.run(ScriptEngine.java:194)
	at com.kms.katalon.core.main.ScriptEngine.runScriptAsRawText(ScriptEngine.java:119)
	at com.kms.katalon.core.main.TestCaseExecutor.runScript(TestCaseExecutor.java:448)
	at com.kms.katalon.core.main.TestCaseExecutor.doExecute(TestCaseExecutor.java:439)
	at com.kms.katalon.core.main.TestCaseExecutor.processExecutionPhase(TestCaseExecutor.java:418)
	at com.kms.katalon.core.main.TestCaseExecutor.accessMainPhase(TestCaseExecutor.java:410)
	at com.kms.katalon.core.main.TestCaseExecutor.execute(TestCaseExecutor.java:285)
	at com.kms.katalon.core.main.TestCaseExecutor.execute(TestCaseExecutor.java:369)
	at com.kms.katalon.core.main.TestCaseExecutor.execute(TestCaseExecutor.java:369)
	at com.kms.katalon.core.main.TestCaseExecutor.execute(TestCaseExecutor.java:369)
	at com.kms.katalon.core.common.CommonExecutor.accessTestCaseMainPhase(CommonExecutor.java:65)
	at com.kms.katalon.core.main.TestSuiteExecutor.accessTestSuiteMainPhase(TestSuiteExecutor.java:148)
	at com.kms.katalon.core.main.TestSuiteExecutor.execute(TestSuiteExecutor.java:106)
	at com.kms.katalon.core.main.TestCaseMain.startTestSuite(TestCaseMain.java:180)
	at TempTestSuite1707378478592.run(TempTestSuite1707378478592.groovy:36)
	at java.base/jdk.internal.reflect.NativeMethodAccessorImpl.invoke0(Native Method)
	at java.base/jdk.internal.reflect.NativeMethodAccessorImpl.invoke(NativeMethodAccessorImpl.java:77)
	at java.base/jdk.internal.reflect.DelegatingMethodAccessorImpl.invoke(DelegatingMethodAccessorImpl.java:43)
Caused by: org.openqa.selenium.ElementNotInteractableException: element not interactable
  (Session info: chrome=121.0.6167.160)
Build info: version: '3.141.59', revision: 'e82be7d358', time: '2018-11-14T08:25:53'
System info: host: 'LAPTOP-V2P5S4MK', ip: '192.168.137.1', os.name: 'Windows 10', os.arch: 'amd64', os.version: '10.0', java.version: '17.0.7'
Driver info: com.kms.katalon.selenium.driver.CChromeDriver
Capabilities {acceptInsecureCerts: false, browserName: chrome, browserVersion: 121.0.6167.160, chrome: {chromedriverVersion: 120.0.6099.71 (9729082fe617..., userDataDir: C:\Users\Devil\AppData\Loca...}, fedcm:accounts: true, goog:chromeOptions: {debuggerAddress: localhost:64478}, javascriptEnabled: true, networkConnectionEnabled: false, pageLoadStrategy: normal, platform: WINDOWS, platformName: WINDOWS, proxy: Proxy(), setWindowRect: true, strictFileInteractability: false, timeouts: {implicit: 0, pageLoad: 300000, script: 30000}, unhandledPromptBehavior: dismiss and notify, webauthn:extension:credBlob: true, webauthn:extension:largeBlob: true, webauthn:extension:minPinLength: true, webauthn:extension:prf: true, webauthn:virtualAuthenticators: true}
Session ID: 1e349fe1f2696542ea1b6c164d873e03
	at java.base/jdk.internal.reflect.NativeConstructorAccessorImpl.newInstance0(Native Method)
	at java.base/jdk.internal.reflect.NativeConstructorAccessorImpl.newInstance(NativeConstructorAccessorImpl.java:77)
	at java.base/jdk.internal.reflect.DelegatingConstructorAccessorImpl.newInstance(DelegatingConstructorAccessorImpl.java:45)
	at org.openqa.selenium.remote.http.W3CHttpResponseCodec.createException(W3CHttpResponseCodec.java:187)
	at org.openqa.selenium.remote.http.W3CHttpResponseCodec.decode(W3CHttpResponseCodec.java:122)
	at org.openqa.selenium.remote.http.W3CHttpResponseCodec.decode(W3CHttpResponseCodec.java:49)
	at org.openqa.selenium.remote.HttpCommandExecutor.execute(HttpCommandExecutor.java:158)
	at org.openqa.selenium.remote.service.DriverCommandExecutor.execute(DriverCommandExecutor.java:83)
	at org.openqa.selenium.remote.RemoteWebDriver.execute(RemoteWebDriver.java:552)
	at com.kms.katalon.selenium.driver.CChromeDriver.execute(CChromeDriver.java:19)
	at org.openqa.selenium.remote.RemoteWebElement.execute(RemoteWebElement.java:285)
	at org.openqa.selenium.remote.RemoteWebElement.click(RemoteWebElement.java:84)
	at java.base/jdk.internal.reflect.NativeMethodAccessorImpl.invoke0(Native Method)
	at java.base/jdk.internal.reflect.NativeMethodAccessorImpl.invoke(NativeMethodAccessorImpl.java:77)
	at java.base/jdk.internal.reflect.DelegatingMethodAccessorImpl.invoke(DelegatingMethodAccessorImpl.java:43)
	at org.openqa.selenium.support.events.EventFiringWebDriver$EventFiringWebElement.lambda$new$0(EventFiringWebDriver.java:404)
	at jdk.proxy2/jdk.proxy2.$Proxy27.click(Unknown Source)
	at org.openqa.selenium.support.events.EventFiringWebDriver$EventFiringWebElement.click(EventFiringWebDriver.java:417)
	at org.openqa.selenium.WebElement$click.call(Unknown Source)
	at com.kms.katalon.core.webui.keyword.builtin.ClickKeyword.clickUntilSuccessWithTimeout(ClickKeyword.groovy:81)
	at com.kms.katalon.core.webui.keyword.builtin.ClickKeyword.clickUntilSuccessWithTimeout(ClickKeyword.groovy)
	at java.base/jdk.internal.reflect.NativeMethodAccessorImpl.invoke0(Native Method)
	at java.base/jdk.internal.reflect.NativeMethodAccessorImpl.invoke(NativeMethodAccessorImpl.java:77)
	at java.base/jdk.internal.reflect.DelegatingMethodAccessorImpl.invoke(DelegatingMethodAccessorImpl.java:43)
	at com.kms.katalon.core.webui.keyword.builtin.ClickKeyword$_click_closure1.doCall(ClickKeyword.groovy:67)
	at com.kms.katalon.core.webui.keyword.builtin.ClickKeyword$_click_closure1.call(ClickKeyword.groovy)
	at com.kms.katalon.core.webui.keyword.internal.WebUIKeywordMain.runKeyword(WebUIKeywordMain.groovy:20)
	at com.kms.katalon.core.webui.keyword.builtin.ClickKeyword.click(ClickKeyword.groovy:74)
	at com.kms.katalon.core.webui.keyword.builtin.ClickKeyword.execute(ClickKeyword.groovy:40)
	at com.kms.katalon.core.keyword.internal.KeywordExecutor.executeKeywordForPlatform(KeywordExecutor.groovy:74)
	at com.kms.katalon.core.webui.keyword.WebUiBuiltInKeywords.click(WebUiBuiltInKeywords.groovy:659)
	at Script1707223814736.run(Script1707223814736.groovy:24)
	... 18 more
)
[[ATTACHMENT|C:\\Users\\Devil\\git\\SI-GuidedProject-705690-1704903143\\Reports\\20240208_131749\\successful_login_and_errors\\successful_login_and_errors\\20240208_131758\\1707379424189.png]]

08-02-2024T13:33:44 - [TEST_STEP][PASSED] - Start listener action : sampleAfterTestCase: Browser is closed

08-02-2024T13:33:44 - [TEST_STEP][PASSED] - closeBrowser(): Browser is closed

08-02-2024T13:33:44 - [MESSAGE][PASSED] - Browser is closed]]></system-out>
         <system-err><![CDATA[08-02-2024T13:33:33 - [TEST_CASE][FAILED] - Test Cases/login/login_invalid001: Test Cases/login/login_invalid001 FAILED.
Reason:
com.kms.katalon.core.exception.StepFailedException: Unable to click on object 'Object Repository/login/login_invalid001/Page_Online Shopping site in India Shop Onl_10c5f3/span_Sign in'
	at com.kms.katalon.core.webui.keyword.internal.WebUIKeywordMain.stepFailed(WebUIKeywordMain.groovy:64)
	at com.kms.katalon.core.webui.keyword.internal.WebUIKeywordMain.runKeyword(WebUIKeywordMain.groovy:26)
	at com.kms.katalon.core.webui.keyword.builtin.ClickKeyword.click(ClickKeyword.groovy:74)
	at com.kms.katalon.core.webui.keyword.builtin.ClickKeyword.execute(ClickKeyword.groovy:40)
	at com.kms.katalon.core.keyword.internal.KeywordExecutor.executeKeywordForPlatform(KeywordExecutor.groovy:74)
	at com.kms.katalon.core.webui.keyword.WebUiBuiltInKeywords.click(WebUiBuiltInKeywords.groovy:659)
	at login_invalid001.run(login_invalid001:24)
	at com.kms.katalon.core.main.ScriptEngine.run(ScriptEngine.java:194)
	at com.kms.katalon.core.main.ScriptEngine.runScriptAsRawText(ScriptEngine.java:119)
	at com.kms.katalon.core.main.TestCaseExecutor.runScript(TestCaseExecutor.java:448)
	at com.kms.katalon.core.main.TestCaseExecutor.doExecute(TestCaseExecutor.java:439)
	at com.kms.katalon.core.main.TestCaseExecutor.processExecutionPhase(TestCaseExecutor.java:418)
	at com.kms.katalon.core.main.TestCaseExecutor.accessMainPhase(TestCaseExecutor.java:410)
	at com.kms.katalon.core.main.TestCaseExecutor.execute(TestCaseExecutor.java:285)
	at com.kms.katalon.core.main.TestCaseExecutor.execute(TestCaseExecutor.java:369)
	at com.kms.katalon.core.main.TestCaseExecutor.execute(TestCaseExecutor.java:369)
	at com.kms.katalon.core.main.TestCaseExecutor.execute(TestCaseExecutor.java:369)
	at com.kms.katalon.core.common.CommonExecutor.accessTestCaseMainPhase(CommonExecutor.java:65)
	at com.kms.katalon.core.main.TestSuiteExecutor.accessTestSuiteMainPhase(TestSuiteExecutor.java:148)
	at com.kms.katalon.core.main.TestSuiteExecutor.execute(TestSuiteExecutor.java:106)
	at com.kms.katalon.core.main.TestCaseMain.startTestSuite(TestCaseMain.java:180)
	at TempTestSuite1707378478592.run(TempTestSuite1707378478592.groovy:36)
	at java.base/jdk.internal.reflect.NativeMethodAccessorImpl.invoke0(Native Method)
	at java.base/jdk.internal.reflect.NativeMethodAccessorImpl.invoke(NativeMethodAccessorImpl.java:77)
	at java.base/jdk.internal.reflect.DelegatingMethodAccessorImpl.invoke(DelegatingMethodAccessorImpl.java:43)
Caused by: org.openqa.selenium.ElementNotInteractableException: element not interactable
  (Session info: chrome=121.0.6167.160)
Build info: version: '3.141.59', revision: 'e82be7d358', time: '2018-11-14T08:25:53'
System info: host: 'LAPTOP-V2P5S4MK', ip: '192.168.137.1', os.name: 'Windows 10', os.arch: 'amd64', os.version: '10.0', java.version: '17.0.7'
Driver info: com.kms.katalon.selenium.driver.CChromeDriver
Capabilities {acceptInsecureCerts: false, browserName: chrome, browserVersion: 121.0.6167.160, chrome: {chromedriverVersion: 120.0.6099.71 (9729082fe617..., userDataDir: C:\Users\Devil\AppData\Loca...}, fedcm:accounts: true, goog:chromeOptions: {debuggerAddress: localhost:64478}, javascriptEnabled: true, networkConnectionEnabled: false, pageLoadStrategy: normal, platform: WINDOWS, platformName: WINDOWS, proxy: Proxy(), setWindowRect: true, strictFileInteractability: false, timeouts: {implicit: 0, pageLoad: 300000, script: 30000}, unhandledPromptBehavior: dismiss and notify, webauthn:extension:credBlob: true, webauthn:extension:largeBlob: true, webauthn:extension:minPinLength: true, webauthn:extension:prf: true, webauthn:virtualAuthenticators: true}
Session ID: 1e349fe1f2696542ea1b6c164d873e03
	at java.base/jdk.internal.reflect.NativeConstructorAccessorImpl.newInstance0(Native Method)
	at java.base/jdk.internal.reflect.NativeConstructorAccessorImpl.newInstance(NativeConstructorAccessorImpl.java:77)
	at java.base/jdk.internal.reflect.DelegatingConstructorAccessorImpl.newInstance(DelegatingConstructorAccessorImpl.java:45)
	at org.openqa.selenium.remote.http.W3CHttpResponseCodec.createException(W3CHttpResponseCodec.java:187)
	at org.openqa.selenium.remote.http.W3CHttpResponseCodec.decode(W3CHttpResponseCodec.java:122)
	at org.openqa.selenium.remote.http.W3CHttpResponseCodec.decode(W3CHttpResponseCodec.java:49)
	at org.openqa.selenium.remote.HttpCommandExecutor.execute(HttpCommandExecutor.java:158)
	at org.openqa.selenium.remote.service.DriverCommandExecutor.execute(DriverCommandExecutor.java:83)
	at org.openqa.selenium.remote.RemoteWebDriver.execute(RemoteWebDriver.java:552)
	at com.kms.katalon.selenium.driver.CChromeDriver.execute(CChromeDriver.java:19)
	at org.openqa.selenium.remote.RemoteWebElement.execute(RemoteWebElement.java:285)
	at org.openqa.selenium.remote.RemoteWebElement.click(RemoteWebElement.java:84)
	at java.base/jdk.internal.reflect.NativeMethodAccessorImpl.invoke0(Native Method)
	at java.base/jdk.internal.reflect.NativeMethodAccessorImpl.invoke(NativeMethodAccessorImpl.java:77)
	at java.base/jdk.internal.reflect.DelegatingMethodAccessorImpl.invoke(DelegatingMethodAccessorImpl.java:43)
	at org.openqa.selenium.support.events.EventFiringWebDriver$EventFiringWebElement.lambda$new$0(EventFiringWebDriver.java:404)
	at jdk.proxy2/jdk.proxy2.$Proxy27.click(Unknown Source)
	at org.openqa.selenium.support.events.EventFiringWebDriver$EventFiringWebElement.click(EventFiringWebDriver.java:417)
	at org.openqa.selenium.WebElement$click.call(Unknown Source)
	at com.kms.katalon.core.webui.keyword.builtin.ClickKeyword.clickUntilSuccessWithTimeout(ClickKeyword.groovy:81)
	at com.kms.katalon.core.webui.keyword.builtin.ClickKeyword.clickUntilSuccessWithTimeout(ClickKeyword.groovy)
	at java.base/jdk.internal.reflect.NativeMethodAccessorImpl.invoke0(Native Method)
	at java.base/jdk.internal.reflect.NativeMethodAccessorImpl.invoke(NativeMethodAccessorImpl.java:77)
	at java.base/jdk.internal.reflect.DelegatingMethodAccessorImpl.invoke(DelegatingMethodAccessorImpl.java:43)
	at com.kms.katalon.core.webui.keyword.builtin.ClickKeyword$_click_closure1.doCall(ClickKeyword.groovy:67)
	at com.kms.katalon.core.webui.keyword.builtin.ClickKeyword$_click_closure1.call(ClickKeyword.groovy)
	at com.kms.katalon.core.webui.keyword.internal.WebUIKeywordMain.runKeyword(WebUIKeywordMain.groovy:20)
	... 23 more]]></system-err>
      </testcase>
      <testcase name="Test Cases/login/login_invalid003" time="46.981" classname="Test Cases/login/login_invalid003" status="PASSED">
         <system-out><![CDATA[08-02-2024T13:33:44 - [TEST_CASE][PASSED] - Test Cases/login/login_invalid003: Test Cases/login/login_invalid003

08-02-2024T13:33:44 - [TEST_STEP][PASSED] - Start listener action : sampleBeforeTestCase: Navigate to 'https://www.amazon.in/' successfully

08-02-2024T13:33:44 - [TEST_STEP][PASSED] - openBrowser(""): Browser is opened with url: ''

08-02-2024T13:33:44 - [MESSAGE][INFO] - Starting 'Chrome' driver

08-02-2024T13:33:44 - [MESSAGE][INFO] - Action delay is set to 0 milliseconds

08-02-2024T13:33:45 - [MESSAGE][PASSED] - Browser is opened with url: ''

08-02-2024T13:33:45 - [TEST_STEP][PASSED] - navigateToUrl("https://www.amazon.in/"): Navigate to 'https://www.amazon.in/' successfully

08-02-2024T13:33:50 - [MESSAGE][PASSED] - Navigate to 'https://www.amazon.in/' successfully

08-02-2024T13:33:50 - [TEST_STEP][PASSED] - openBrowser(""): Browser is opened with url: ''

08-02-2024T13:33:50 - [MESSAGE][WARNING] - A browser is already opened. Closing browser and opening a new one

08-02-2024T13:33:50 - [MESSAGE][INFO] - Starting 'Chrome' driver

08-02-2024T13:33:50 - [MESSAGE][INFO] - Action delay is set to 0 milliseconds

08-02-2024T13:33:51 - [MESSAGE][PASSED] - Browser is opened with url: ''

08-02-2024T13:33:51 - [TEST_STEP][PASSED] - navigateToUrl("https://www.amazon.in/"): Navigate to 'https://www.amazon.in/' successfully

08-02-2024T13:33:55 - [MESSAGE][PASSED] - Navigate to 'https://www.amazon.in/' successfully

08-02-2024T13:33:55 - [TEST_STEP][PASSED] - click(findTestObject("Object Repository/login/login_invalid003/Page_Online Shopping site in India Shop Onl_10c5f3/i_hm-icon nav-sprite")): Object: 'Object Repository/login/login_invalid003/Page_Online Shopping site in India Shop Onl_10c5f3/i_hm-icon nav-sprite' is clicked on

08-02-2024T13:34:24 - [MESSAGE][PASSED] - Object: 'Object Repository/login/login_invalid003/Page_Online Shopping site in India Shop Onl_10c5f3/i_hm-icon nav-sprite' is clicked on

08-02-2024T13:34:24 - [TEST_STEP][PASSED] - click(findTestObject("Object Repository/login/login_invalid003/Page_Online Shopping site in India Shop Onl_10c5f3/b_Hello, sign in")): Object: 'Object Repository/login/login_invalid003/Page_Online Shopping site in India Shop Onl_10c5f3/b_Hello, sign in' is clicked on

08-02-2024T13:34:31 - [MESSAGE][PASSED] - Object: 'Object Repository/login/login_invalid003/Page_Online Shopping site in India Shop Onl_10c5f3/b_Hello, sign in' is clicked on

08-02-2024T13:34:31 - [TEST_STEP][PASSED] - click(findTestObject("Object Repository/login/login_invalid003/Page_Amazon Sign In/inputcontinue")): Object: 'Object Repository/login/login_invalid003/Page_Amazon Sign In/inputcontinue' is clicked on

08-02-2024T13:34:31 - [MESSAGE][PASSED] - Object: 'Object Repository/login/login_invalid003/Page_Amazon Sign In/inputcontinue' is clicked on

08-02-2024T13:34:31 - [TEST_STEP][PASSED] - closeBrowser(): Browser is closed

08-02-2024T13:34:31 - [MESSAGE][PASSED] - Browser is closed

08-02-2024T13:34:31 - [TEST_STEP][PASSED] - Start listener action : sampleAfterTestCase: Browser is closed

08-02-2024T13:34:31 - [TEST_STEP][PASSED] - closeBrowser(): Browser is closed

08-02-2024T13:34:31 - [MESSAGE][PASSED] - Browser is closed]]></system-out>
         <system-err><![CDATA[]]></system-err>
      </testcase>
      <testcase name="Test Cases/login/login_normal002" time="29.438" classname="Test Cases/login/login_normal002" status="PASSED">
         <system-out><![CDATA[08-02-2024T13:34:31 - [TEST_CASE][PASSED] - Test Cases/login/login_normal002: Test Cases/login/login_normal002

08-02-2024T13:34:31 - [TEST_STEP][PASSED] - Start listener action : sampleBeforeTestCase: Navigate to 'https://www.amazon.in/' successfully

08-02-2024T13:34:31 - [TEST_STEP][PASSED] - openBrowser(""): Browser is opened with url: ''

08-02-2024T13:34:31 - [MESSAGE][INFO] - Starting 'Chrome' driver

08-02-2024T13:34:31 - [MESSAGE][INFO] - Action delay is set to 0 milliseconds

08-02-2024T13:34:32 - [MESSAGE][PASSED] - Browser is opened with url: ''

08-02-2024T13:34:32 - [TEST_STEP][PASSED] - navigateToUrl("https://www.amazon.in/"): Navigate to 'https://www.amazon.in/' successfully

08-02-2024T13:34:37 - [MESSAGE][PASSED] - Navigate to 'https://www.amazon.in/' successfully

08-02-2024T13:34:37 - [TEST_STEP][PASSED] - openBrowser(""): Browser is opened with url: ''

08-02-2024T13:34:37 - [MESSAGE][WARNING] - A browser is already opened. Closing browser and opening a new one

08-02-2024T13:34:37 - [MESSAGE][INFO] - Starting 'Chrome' driver

08-02-2024T13:34:37 - [MESSAGE][INFO] - Action delay is set to 0 milliseconds

08-02-2024T13:34:38 - [MESSAGE][PASSED] - Browser is opened with url: ''

08-02-2024T13:34:38 - [TEST_STEP][PASSED] - navigateToUrl("https://www.amazon.in/"): Navigate to 'https://www.amazon.in/' successfully

08-02-2024T13:34:42 - [MESSAGE][PASSED] - Navigate to 'https://www.amazon.in/' successfully

08-02-2024T13:34:42 - [TEST_STEP][PASSED] - click(findTestObject("Object Repository/login/login_normal002/Page_Online Shopping site in India Shop Onl_10c5f3/i_hm-icon nav-sprite")): Object: 'Object Repository/login/login_normal002/Page_Online Shopping site in India Shop Onl_10c5f3/i_hm-icon nav-sprite' is clicked on

08-02-2024T13:34:44 - [MESSAGE][PASSED] - Object: 'Object Repository/login/login_normal002/Page_Online Shopping site in India Shop Onl_10c5f3/i_hm-icon nav-sprite' is clicked on

08-02-2024T13:34:44 - [TEST_STEP][PASSED] - click(findTestObject("Object Repository/login/login_normal002/Page_Online Shopping site in India Shop Onl_10c5f3/b_Hello, sign in")): Object: 'Object Repository/login/login_normal002/Page_Online Shopping site in India Shop Onl_10c5f3/b_Hello, sign in' is clicked on

08-02-2024T13:34:46 - [MESSAGE][PASSED] - Object: 'Object Repository/login/login_normal002/Page_Online Shopping site in India Shop Onl_10c5f3/b_Hello, sign in' is clicked on

08-02-2024T13:34:46 - [TEST_STEP][PASSED] - setText(findTestObject("Object Repository/login/login_normal002/Page_Amazon Sign In/input_email"), "7779970102"): Text '7779970102' is set on object 'Object Repository/login/login_normal002/Page_Amazon Sign In/input_email'

08-02-2024T13:34:48 - [MESSAGE][PASSED] - Text '7779970102' is set on object 'Object Repository/login/login_normal002/Page_Amazon Sign In/input_email'

08-02-2024T13:34:48 - [TEST_STEP][PASSED] - click(findTestObject("Object Repository/login/login_normal002/Page_Amazon Sign In/inputcontinue")): Object: 'Object Repository/login/login_normal002/Page_Amazon Sign In/inputcontinue' is clicked on

08-02-2024T13:34:49 - [MESSAGE][PASSED] - Object: 'Object Repository/login/login_normal002/Page_Amazon Sign In/inputcontinue' is clicked on

08-02-2024T13:34:49 - [TEST_STEP][PASSED] - setEncryptedText(findTestObject("Object Repository/login/login_normal002/Page_Amazon Sign In/input_password"), "eSPcD+aU0jcqZChrJx5wLA=="): Text ****** has been set on object 'Object Repository/login/login_normal002/Page_Amazon Sign In/input_password'

08-02-2024T13:34:50 - [MESSAGE][PASSED] - Text ****** has been set on object 'Object Repository/login/login_normal002/Page_Amazon Sign In/input_password'

08-02-2024T13:34:50 - [TEST_STEP][PASSED] - click(findTestObject("Object Repository/login/login_normal002/Page_Amazon Sign In/inputsignInSubmit")): Object: 'Object Repository/login/login_normal002/Page_Amazon Sign In/inputsignInSubmit' is clicked on

08-02-2024T13:34:50 - [MESSAGE][PASSED] - Object: 'Object Repository/login/login_normal002/Page_Amazon Sign In/inputsignInSubmit' is clicked on

08-02-2024T13:34:51 - [TEST_STEP][PASSED] - click(findTestObject("Object Repository/login/login_normal002/Page_Online Shopping site in India Shop Onl_10c5f3/i_hm-icon nav-sprite")): Object: 'Object Repository/login/login_normal002/Page_Online Shopping site in India Shop Onl_10c5f3/i_hm-icon nav-sprite' is clicked on

08-02-2024T13:34:57 - [MESSAGE][PASSED] - Object: 'Object Repository/login/login_normal002/Page_Online Shopping site in India Shop Onl_10c5f3/i_hm-icon nav-sprite' is clicked on

08-02-2024T13:34:57 - [TEST_STEP][PASSED] - click(findTestObject("Object Repository/login/login_normal002/Page_Online Shopping site in India Shop Onl_10c5f3/div_Help  Settings")): Object: 'Object Repository/login/login_normal002/Page_Online Shopping site in India Shop Onl_10c5f3/div_Help  Settings' is clicked on

08-02-2024T13:34:58 - [MESSAGE][PASSED] - Object: 'Object Repository/login/login_normal002/Page_Online Shopping site in India Shop Onl_10c5f3/div_Help  Settings' is clicked on

08-02-2024T13:34:58 - [TEST_STEP][PASSED] - verifyElementText(findTestObject("Object Repository/login/login_normal002/Page_Online Shopping site in India Shop Onl_10c5f3/div_Help  Settings"), "Help & Settings"): Actual text and expected text of test object 'Object Repository/login/login_normal002/Page_Online Shopping site in India Shop Onl_10c5f3/div_Help  Settings' are matched.

08-02-2024T13:34:58 - [MESSAGE][PASSED] - Actual text and expected text of test object 'Object Repository/login/login_normal002/Page_Online Shopping site in India Shop Onl_10c5f3/div_Help  Settings' are matched.

08-02-2024T13:34:58 - [TEST_STEP][PASSED] - click(findTestObject("Object Repository/login/login_normal002/Page_Online Shopping site in India Shop Onl_10c5f3/a_Sign Out")): Object: 'Object Repository/login/login_normal002/Page_Online Shopping site in India Shop Onl_10c5f3/a_Sign Out' is clicked on

08-02-2024T13:35:00 - [MESSAGE][PASSED] - Object: 'Object Repository/login/login_normal002/Page_Online Shopping site in India Shop Onl_10c5f3/a_Sign Out' is clicked on

08-02-2024T13:35:00 - [TEST_STEP][PASSED] - closeBrowser(): Browser is closed

08-02-2024T13:35:01 - [MESSAGE][PASSED] - Browser is closed

08-02-2024T13:35:01 - [TEST_STEP][PASSED] - Start listener action : sampleAfterTestCase: Browser is closed

08-02-2024T13:35:01 - [TEST_STEP][PASSED] - closeBrowser(): Browser is closed

08-02-2024T13:35:01 - [MESSAGE][PASSED] - Browser is closed]]></system-out>
         <system-err><![CDATA[]]></system-err>
      </testcase>
      <testcase name="Test Cases/login/login_normal_with_otp" time="52.242" classname="Test Cases/login/login_normal_with_otp" status="PASSED">
         <system-out><![CDATA[08-02-2024T13:35:01 - [TEST_CASE][PASSED] - Test Cases/login/login_normal_with_otp: Test Cases/login/login_normal_with_otp

08-02-2024T13:35:01 - [TEST_STEP][PASSED] - Start listener action : sampleBeforeTestCase: Navigate to 'https://www.amazon.in/' successfully

08-02-2024T13:35:01 - [TEST_STEP][PASSED] - openBrowser(""): Browser is opened with url: ''

08-02-2024T13:35:01 - [MESSAGE][INFO] - Starting 'Chrome' driver

08-02-2024T13:35:01 - [MESSAGE][INFO] - Action delay is set to 0 milliseconds

08-02-2024T13:35:02 - [MESSAGE][PASSED] - Browser is opened with url: ''

08-02-2024T13:35:02 - [TEST_STEP][PASSED] - navigateToUrl("https://www.amazon.in/"): Navigate to 'https://www.amazon.in/' successfully

08-02-2024T13:35:08 - [MESSAGE][PASSED] - Navigate to 'https://www.amazon.in/' successfully

08-02-2024T13:35:08 - [TEST_STEP][PASSED] - openBrowser(""): Browser is opened with url: ''

08-02-2024T13:35:08 - [MESSAGE][WARNING] - A browser is already opened. Closing browser and opening a new one

08-02-2024T13:35:08 - [MESSAGE][INFO] - Starting 'Chrome' driver

08-02-2024T13:35:08 - [MESSAGE][INFO] - Action delay is set to 0 milliseconds

08-02-2024T13:35:09 - [MESSAGE][PASSED] - Browser is opened with url: ''

08-02-2024T13:35:09 - [TEST_STEP][PASSED] - navigateToUrl("https://www.amazon.in/"): Navigate to 'https://www.amazon.in/' successfully

08-02-2024T13:35:14 - [MESSAGE][PASSED] - Navigate to 'https://www.amazon.in/' successfully

08-02-2024T13:35:14 - [TEST_STEP][PASSED] - click(findTestObject("Object Repository/login/login_normal_with_otp/Page_Online Shopping site in India Shop Onl_10c5f3/i_hm-icon nav-sprite")): Object: 'Object Repository/login/login_normal_with_otp/Page_Online Shopping site in India Shop Onl_10c5f3/i_hm-icon nav-sprite' is clicked on

08-02-2024T13:35:15 - [MESSAGE][PASSED] - Object: 'Object Repository/login/login_normal_with_otp/Page_Online Shopping site in India Shop Onl_10c5f3/i_hm-icon nav-sprite' is clicked on

08-02-2024T13:35:15 - [TEST_STEP][PASSED] - click(findTestObject("Object Repository/login/login_normal_with_otp/Page_Online Shopping site in India Shop Onl_10c5f3/b_Hello, sign in")): Object: 'Object Repository/login/login_normal_with_otp/Page_Online Shopping site in India Shop Onl_10c5f3/b_Hello, sign in' is clicked on

08-02-2024T13:35:19 - [MESSAGE][PASSED] - Object: 'Object Repository/login/login_normal_with_otp/Page_Online Shopping site in India Shop Onl_10c5f3/b_Hello, sign in' is clicked on

08-02-2024T13:35:19 - [TEST_STEP][PASSED] - setText(findTestObject("Object Repository/login/login_normal_with_otp/Page_Amazon Sign In/input_email"), "7779970102"): Text '7779970102' is set on object 'Object Repository/login/login_normal_with_otp/Page_Amazon Sign In/input_email'

08-02-2024T13:35:21 - [MESSAGE][PASSED] - Text '7779970102' is set on object 'Object Repository/login/login_normal_with_otp/Page_Amazon Sign In/input_email'

08-02-2024T13:35:21 - [TEST_STEP][PASSED] - click(findTestObject("Object Repository/login/login_normal_with_otp/Page_Amazon Sign In/inputcontinue")): Object: 'Object Repository/login/login_normal_with_otp/Page_Amazon Sign In/inputcontinue' is clicked on

08-02-2024T13:35:22 - [MESSAGE][PASSED] - Object: 'Object Repository/login/login_normal_with_otp/Page_Amazon Sign In/inputcontinue' is clicked on

08-02-2024T13:35:22 - [TEST_STEP][PASSED] - click(findTestObject("Object Repository/login/login_normal_with_otp/Page_Amazon Sign In/h5_or")): Object: 'Object Repository/login/login_normal_with_otp/Page_Amazon Sign In/h5_or' is clicked on

08-02-2024T13:35:23 - [MESSAGE][PASSED] - Object: 'Object Repository/login/login_normal_with_otp/Page_Amazon Sign In/h5_or' is clicked on

08-02-2024T13:35:23 - [TEST_STEP][PASSED] - verifyElementText(findTestObject("Object Repository/login/login_normal_with_otp/Page_Amazon Sign In/h5_or"), "or"): Actual text and expected text of test object 'Object Repository/login/login_normal_with_otp/Page_Amazon Sign In/h5_or' are matched.

08-02-2024T13:35:24 - [MESSAGE][PASSED] - Actual text and expected text of test object 'Object Repository/login/login_normal_with_otp/Page_Amazon Sign In/h5_or' are matched.

08-02-2024T13:35:24 - [TEST_STEP][PASSED] - click(findTestObject("Object Repository/login/login_normal_with_otp/Page_Amazon Sign In/inputcontinue")): Object: 'Object Repository/login/login_normal_with_otp/Page_Amazon Sign In/inputcontinue' is clicked on

08-02-2024T13:35:26 - [MESSAGE][PASSED] - Object: 'Object Repository/login/login_normal_with_otp/Page_Amazon Sign In/inputcontinue' is clicked on

08-02-2024T13:35:26 - [TEST_STEP][PASSED] - setText(findTestObject("Object Repository/login/login_normal_with_otp/Page_Authentication required/input_code"), ""): Text '' is set on object 'Object Repository/login/login_normal_with_otp/Page_Authentication required/input_code'

08-02-2024T13:35:27 - [MESSAGE][PASSED] - Text '' is set on object 'Object Repository/login/login_normal_with_otp/Page_Authentication required/input_code'

08-02-2024T13:35:27 - [TEST_STEP][PASSED] - click(findTestObject("Object Repository/login/login_normal_with_otp/Page_Authentication required/input_a-button-input")): Object: 'Object Repository/login/login_normal_with_otp/Page_Authentication required/input_a-button-input' is clicked on

08-02-2024T13:35:27 - [MESSAGE][PASSED] - Object: 'Object Repository/login/login_normal_with_otp/Page_Authentication required/input_a-button-input' is clicked on

08-02-2024T13:35:27 - [TEST_STEP][PASSED] - click(findTestObject("Object Repository/login/login_normal_with_otp/Page_Online Shopping site in India Shop Onl_10c5f3/i_hm-icon nav-sprite")): Object: 'Object Repository/login/login_normal_with_otp/Page_Online Shopping site in India Shop Onl_10c5f3/i_hm-icon nav-sprite' is clicked on

08-02-2024T13:35:50 - [MESSAGE][PASSED] - Object: 'Object Repository/login/login_normal_with_otp/Page_Online Shopping site in India Shop Onl_10c5f3/i_hm-icon nav-sprite' is clicked on

08-02-2024T13:35:50 - [TEST_STEP][PASSED] - click(findTestObject("Object Repository/login/login_normal_with_otp/Page_Online Shopping site in India Shop Onl_10c5f3/a_Sign Out")): Object: 'Object Repository/login/login_normal_with_otp/Page_Online Shopping site in India Shop Onl_10c5f3/a_Sign Out' is clicked on

08-02-2024T13:35:53 - [MESSAGE][PASSED] - Object: 'Object Repository/login/login_normal_with_otp/Page_Online Shopping site in India Shop Onl_10c5f3/a_Sign Out' is clicked on

08-02-2024T13:35:53 - [TEST_STEP][PASSED] - closeBrowser(): Browser is closed

08-02-2024T13:35:53 - [MESSAGE][PASSED] - Browser is closed

08-02-2024T13:35:53 - [TEST_STEP][PASSED] - Start listener action : sampleAfterTestCase: Browser is closed

08-02-2024T13:35:53 - [TEST_STEP][PASSED] - closeBrowser(): Browser is closed

08-02-2024T13:35:53 - [MESSAGE][PASSED] - Browser is closed]]></system-out>
         <system-err><![CDATA[]]></system-err>
      </testcase>
      <system-out><![CDATA[08-02-2024T13:32:07 - [TEST_SUITE][FAILED] - successful_login_and_errors: Test Cases/login/login_invalid001 FAILED.
Reason:
com.kms.katalon.core.exception.StepFailedException: Unable to click on object 'Object Repository/login/login_invalid001/Page_Online Shopping site in India Shop Onl_10c5f3/span_Sign in'
	at com.kms.katalon.core.webui.keyword.internal.WebUIKeywordMain.stepFailed(WebUIKeywordMain.groovy:64)
	at com.kms.katalon.core.webui.keyword.internal.WebUIKeywordMain.runKeyword(WebUIKeywordMain.groovy:26)
	at com.kms.katalon.core.webui.keyword.builtin.ClickKeyword.click(ClickKeyword.groovy:74)
	at com.kms.katalon.core.webui.keyword.builtin.ClickKeyword.execute(ClickKeyword.groovy:40)
	at com.kms.katalon.core.keyword.internal.KeywordExecutor.executeKeywordForPlatform(KeywordExecutor.groovy:74)
	at com.kms.katalon.core.webui.keyword.WebUiBuiltInKeywords.click(WebUiBuiltInKeywords.groovy:659)
	at login_invalid001.run(login_invalid001:24)
	at com.kms.katalon.core.main.ScriptEngine.run(ScriptEngine.java:194)
	at com.kms.katalon.core.main.ScriptEngine.runScriptAsRawText(ScriptEngine.java:119)
	at com.kms.katalon.core.main.TestCaseExecutor.runScript(TestCaseExecutor.java:448)
	at com.kms.katalon.core.main.TestCaseExecutor.doExecute(TestCaseExecutor.java:439)
	at com.kms.katalon.core.main.TestCaseExecutor.processExecutionPhase(TestCaseExecutor.java:418)
	at com.kms.katalon.core.main.TestCaseExecutor.accessMainPhase(TestCaseExecutor.java:410)
	at com.kms.katalon.core.main.TestCaseExecutor.execute(TestCaseExecutor.java:285)
	at com.kms.katalon.core.common.CommonExecutor.accessTestCaseMainPhase(CommonExecutor.java:65)
	at com.kms.katalon.core.main.TestSuiteExecutor.accessTestSuiteMainPhase(TestSuiteExecutor.java:148)
	at com.kms.katalon.core.main.TestSuiteExecutor.execute(TestSuiteExecutor.java:106)
	at com.kms.katalon.core.main.TestCaseMain.startTestSuite(TestCaseMain.java:180)
	at TempTestSuite1707378478592.run(TempTestSuite1707378478592.groovy:36)
	at java.base/jdk.internal.reflect.NativeMethodAccessorImpl.invoke0(Native Method)
	at java.base/jdk.internal.reflect.NativeMethodAccessorImpl.invoke(NativeMethodAccessorImpl.java:77)
	at java.base/jdk.internal.reflect.DelegatingMethodAccessorImpl.invoke(DelegatingMethodAccessorImpl.java:43)
Caused by: org.openqa.selenium.ElementNotInteractableException: element not interactable
  (Session info: chrome=121.0.6167.160)
Build info: version: '3.141.59', revision: 'e82be7d358', time: '2018-11-14T08:25:53'
System info: host: 'LAPTOP-V2P5S4MK', ip: '192.168.137.1', os.name: 'Windows 10', os.arch: 'amd64', os.version: '10.0', java.version: '17.0.7'
Driver info: com.kms.katalon.selenium.driver.CChromeDriver
Capabilities {acceptInsecureCerts: false, browserName: chrome, browserVersion: 121.0.6167.160, chrome: {chromedriverVersion: 120.0.6099.71 (9729082fe617..., userDataDir: C:\Users\Devil\AppData\Loca...}, fedcm:accounts: true, goog:chromeOptions: {debuggerAddress: localhost:64242}, javascriptEnabled: true, networkConnectionEnabled: false, pageLoadStrategy: normal, platform: WINDOWS, platformName: WINDOWS, proxy: Proxy(), setWindowRect: true, strictFileInteractability: false, timeouts: {implicit: 0, pageLoad: 300000, script: 30000}, unhandledPromptBehavior: dismiss and notify, webauthn:extension:credBlob: true, webauthn:extension:largeBlob: true, webauthn:extension:minPinLength: true, webauthn:extension:prf: true, webauthn:virtualAuthenticators: true}
Session ID: 809e80a9c377f08187d48d5059e9506a
	at java.base/jdk.internal.reflect.NativeConstructorAccessorImpl.newInstance0(Native Method)
	at java.base/jdk.internal.reflect.NativeConstructorAccessorImpl.newInstance(NativeConstructorAccessorImpl.java:77)
	at java.base/jdk.internal.reflect.DelegatingConstructorAccessorImpl.newInstance(DelegatingConstructorAccessorImpl.java:45)
	at org.openqa.selenium.remote.http.W3CHttpResponseCodec.createException(W3CHttpResponseCodec.java:187)
	at org.openqa.selenium.remote.http.W3CHttpResponseCodec.decode(W3CHttpResponseCodec.java:122)
	at org.openqa.selenium.remote.http.W3CHttpResponseCodec.decode(W3CHttpResponseCodec.java:49)
	at org.openqa.selenium.remote.HttpCommandExecutor.execute(HttpCommandExecutor.java:158)
	at org.openqa.selenium.remote.service.DriverCommandExecutor.execute(DriverCommandExecutor.java:83)
	at org.openqa.selenium.remote.RemoteWebDriver.execute(RemoteWebDriver.java:552)
	at com.kms.katalon.selenium.driver.CChromeDriver.execute(CChromeDriver.java:19)
	at org.openqa.selenium.remote.RemoteWebElement.execute(RemoteWebElement.java:285)
	at org.openqa.selenium.remote.RemoteWebElement.click(RemoteWebElement.java:84)
	at java.base/jdk.internal.reflect.NativeMethodAccessorImpl.invoke0(Native Method)
	at java.base/jdk.internal.reflect.NativeMethodAccessorImpl.invoke(NativeMethodAccessorImpl.java:77)
	at java.base/jdk.internal.reflect.DelegatingMethodAccessorImpl.invoke(DelegatingMethodAccessorImpl.java:43)
	at org.openqa.selenium.support.events.EventFiringWebDriver$EventFiringWebElement.lambda$new$0(EventFiringWebDriver.java:404)
	at jdk.proxy2/jdk.proxy2.$Proxy27.click(Unknown Source)
	at org.openqa.selenium.support.events.EventFiringWebDriver$EventFiringWebElement.click(EventFiringWebDriver.java:417)
	at org.openqa.selenium.WebElement$click.call(Unknown Source)
	at com.kms.katalon.core.webui.keyword.builtin.ClickKeyword.clickUntilSuccessWithTimeout(ClickKeyword.groovy:81)
	at com.kms.katalon.core.webui.keyword.builtin.ClickKeyword.clickUntilSuccessWithTimeout(ClickKeyword.groovy)
	at java.base/jdk.internal.reflect.NativeMethodAccessorImpl.invoke0(Native Method)
	at java.base/jdk.internal.reflect.NativeMethodAccessorImpl.invoke(NativeMethodAccessorImpl.java:77)
	at java.base/jdk.internal.reflect.DelegatingMethodAccessorImpl.invoke(DelegatingMethodAccessorImpl.java:43)
	at com.kms.katalon.core.webui.keyword.builtin.ClickKeyword$_click_closure1.doCall(ClickKeyword.groovy:67)
	at com.kms.katalon.core.webui.keyword.builtin.ClickKeyword$_click_closure1.call(ClickKeyword.groovy)
	at com.kms.katalon.core.webui.keyword.internal.WebUIKeywordMain.runKeyword(WebUIKeywordMain.groovy:20)
	... 20 more]]></system-out>
      <system-err><![CDATA[08-02-2024T13:32:07 - [TEST_SUITE][FAILED] - successful_login_and_errors: Test Cases/login/login_invalid001 FAILED.
Reason:
com.kms.katalon.core.exception.StepFailedException: Unable to click on object 'Object Repository/login/login_invalid001/Page_Online Shopping site in India Shop Onl_10c5f3/span_Sign in'
	at com.kms.katalon.core.webui.keyword.internal.WebUIKeywordMain.stepFailed(WebUIKeywordMain.groovy:64)
	at com.kms.katalon.core.webui.keyword.internal.WebUIKeywordMain.runKeyword(WebUIKeywordMain.groovy:26)
	at com.kms.katalon.core.webui.keyword.builtin.ClickKeyword.click(ClickKeyword.groovy:74)
	at com.kms.katalon.core.webui.keyword.builtin.ClickKeyword.execute(ClickKeyword.groovy:40)
	at com.kms.katalon.core.keyword.internal.KeywordExecutor.executeKeywordForPlatform(KeywordExecutor.groovy:74)
	at com.kms.katalon.core.webui.keyword.WebUiBuiltInKeywords.click(WebUiBuiltInKeywords.groovy:659)
	at login_invalid001.run(login_invalid001:24)
	at com.kms.katalon.core.main.ScriptEngine.run(ScriptEngine.java:194)
	at com.kms.katalon.core.main.ScriptEngine.runScriptAsRawText(ScriptEngine.java:119)
	at com.kms.katalon.core.main.TestCaseExecutor.runScript(TestCaseExecutor.java:448)
	at com.kms.katalon.core.main.TestCaseExecutor.doExecute(TestCaseExecutor.java:439)
	at com.kms.katalon.core.main.TestCaseExecutor.processExecutionPhase(TestCaseExecutor.java:418)
	at com.kms.katalon.core.main.TestCaseExecutor.accessMainPhase(TestCaseExecutor.java:410)
	at com.kms.katalon.core.main.TestCaseExecutor.execute(TestCaseExecutor.java:285)
	at com.kms.katalon.core.common.CommonExecutor.accessTestCaseMainPhase(CommonExecutor.java:65)
	at com.kms.katalon.core.main.TestSuiteExecutor.accessTestSuiteMainPhase(TestSuiteExecutor.java:148)
	at com.kms.katalon.core.main.TestSuiteExecutor.execute(TestSuiteExecutor.java:106)
	at com.kms.katalon.core.main.TestCaseMain.startTestSuite(TestCaseMain.java:180)
	at TempTestSuite1707378478592.run(TempTestSuite1707378478592.groovy:36)
	at java.base/jdk.internal.reflect.NativeMethodAccessorImpl.invoke0(Native Method)
	at java.base/jdk.internal.reflect.NativeMethodAccessorImpl.invoke(NativeMethodAccessorImpl.java:77)
	at java.base/jdk.internal.reflect.DelegatingMethodAccessorImpl.invoke(DelegatingMethodAccessorImpl.java:43)
Caused by: org.openqa.selenium.ElementNotInteractableException: element not interactable
  (Session info: chrome=121.0.6167.160)
Build info: version: '3.141.59', revision: 'e82be7d358', time: '2018-11-14T08:25:53'
System info: host: 'LAPTOP-V2P5S4MK', ip: '192.168.137.1', os.name: 'Windows 10', os.arch: 'amd64', os.version: '10.0', java.version: '17.0.7'
Driver info: com.kms.katalon.selenium.driver.CChromeDriver
Capabilities {acceptInsecureCerts: false, browserName: chrome, browserVersion: 121.0.6167.160, chrome: {chromedriverVersion: 120.0.6099.71 (9729082fe617..., userDataDir: C:\Users\Devil\AppData\Loca...}, fedcm:accounts: true, goog:chromeOptions: {debuggerAddress: localhost:64242}, javascriptEnabled: true, networkConnectionEnabled: false, pageLoadStrategy: normal, platform: WINDOWS, platformName: WINDOWS, proxy: Proxy(), setWindowRect: true, strictFileInteractability: false, timeouts: {implicit: 0, pageLoad: 300000, script: 30000}, unhandledPromptBehavior: dismiss and notify, webauthn:extension:credBlob: true, webauthn:extension:largeBlob: true, webauthn:extension:minPinLength: true, webauthn:extension:prf: true, webauthn:virtualAuthenticators: true}
Session ID: 809e80a9c377f08187d48d5059e9506a
	at java.base/jdk.internal.reflect.NativeConstructorAccessorImpl.newInstance0(Native Method)
	at java.base/jdk.internal.reflect.NativeConstructorAccessorImpl.newInstance(NativeConstructorAccessorImpl.java:77)
	at java.base/jdk.internal.reflect.DelegatingConstructorAccessorImpl.newInstance(DelegatingConstructorAccessorImpl.java:45)
	at org.openqa.selenium.remote.http.W3CHttpResponseCodec.createException(W3CHttpResponseCodec.java:187)
	at org.openqa.selenium.remote.http.W3CHttpResponseCodec.decode(W3CHttpResponseCodec.java:122)
	at org.openqa.selenium.remote.http.W3CHttpResponseCodec.decode(W3CHttpResponseCodec.java:49)
	at org.openqa.selenium.remote.HttpCommandExecutor.execute(HttpCommandExecutor.java:158)
	at org.openqa.selenium.remote.service.DriverCommandExecutor.execute(DriverCommandExecutor.java:83)
	at org.openqa.selenium.remote.RemoteWebDriver.execute(RemoteWebDriver.java:552)
	at com.kms.katalon.selenium.driver.CChromeDriver.execute(CChromeDriver.java:19)
	at org.openqa.selenium.remote.RemoteWebElement.execute(RemoteWebElement.java:285)
	at org.openqa.selenium.remote.RemoteWebElement.click(RemoteWebElement.java:84)
	at java.base/jdk.internal.reflect.NativeMethodAccessorImpl.invoke0(Native Method)
	at java.base/jdk.internal.reflect.NativeMethodAccessorImpl.invoke(NativeMethodAccessorImpl.java:77)
	at java.base/jdk.internal.reflect.DelegatingMethodAccessorImpl.invoke(DelegatingMethodAccessorImpl.java:43)
	at org.openqa.selenium.support.events.EventFiringWebDriver$EventFiringWebElement.lambda$new$0(EventFiringWebDriver.java:404)
	at jdk.proxy2/jdk.proxy2.$Proxy27.click(Unknown Source)
	at org.openqa.selenium.support.events.EventFiringWebDriver$EventFiringWebElement.click(EventFiringWebDriver.java:417)
	at org.openqa.selenium.WebElement$click.call(Unknown Source)
	at com.kms.katalon.core.webui.keyword.builtin.ClickKeyword.clickUntilSuccessWithTimeout(ClickKeyword.groovy:81)
	at com.kms.katalon.core.webui.keyword.builtin.ClickKeyword.clickUntilSuccessWithTimeout(ClickKeyword.groovy)
	at java.base/jdk.internal.reflect.NativeMethodAccessorImpl.invoke0(Native Method)
	at java.base/jdk.internal.reflect.NativeMethodAccessorImpl.invoke(NativeMethodAccessorImpl.java:77)
	at java.base/jdk.internal.reflect.DelegatingMethodAccessorImpl.invoke(DelegatingMethodAccessorImpl.java:43)
	at com.kms.katalon.core.webui.keyword.builtin.ClickKeyword$_click_closure1.doCall(ClickKeyword.groovy:67)
	at com.kms.katalon.core.webui.keyword.builtin.ClickKeyword$_click_closure1.call(ClickKeyword.groovy)
	at com.kms.katalon.core.webui.keyword.internal.WebUIKeywordMain.runKeyword(WebUIKeywordMain.groovy:20)
	... 20 more]]></system-err>
   </testsuite>
</testsuites>
